mkdir -p logs
./build/CUDA-DNN-MNIST
=====================================
            Configuration
=====================================
 NumberOfEpochs: 2
 BatchSize: 32
 LearningRate: 1.000000e-06
=====================================

=====================================
         CUDA Configuration
=====================================
 Device name: GeForce GTX 780 Ti
 Memory Clock Rate (KHz): 3500000
 Memory Bus Width (bits): 384
-------------------------------------
 Tensor2DAddBlockSize: 8
 Tensor2DSubtractBlockSize: 8
 Tensor2DScaleBlockSize: 8
 Tensor2DMultiplyBlockSize: 16
 Tensor2DMultiplyBlockNumber: -1
 Tensor2DMultiplySharedMemory: 1
 Tensor2DMeanBlockSize: 8
-------------------------------------
 ReLuBlockSize: 8
-------------------------------------
 CrossEntropyGetMetricBlockSize: 64
 CrossEntropyCalculateBlockSize: 64
=====================================

Epoch 0:
  - [Train] Loss=3.25261
  - [Train] Accuracy=1.24167%
  - [Train] Total Forward Time=304.64803ms
  - [Train] Total Backward Time=683.19427ms
  - [Train] Batch Forward Time=0.16248ms
  - [Train] Batch Backward Time=0.36437ms
  - [Test] Loss=nan
  - [Test] Accuracy=1.73277%

Epoch 1:
  - [Train] Loss=3.19427
  - [Train] Accuracy=1.01833%
  - [Train] Total Forward Time=304.50371ms
  - [Train] Total Backward Time=683.38486ms
  - [Train] Batch Forward Time=0.16240ms
  - [Train] Batch Backward Time=0.36447ms
  - [Test] Loss=nan
  - [Test] Accuracy=1.70272%

