mkdir -p logs
./build/CUDA-DNN-MNIST
=====================================
            Configuration
=====================================
 NumberOfEpochs: 2
 BatchSize: 256
 LearningRate: 1.000000e-06
=====================================

=====================================
         CUDA Configuration
=====================================
 Device name: GeForce GTX 780 Ti
 Memory Clock Rate (KHz): 3500000
 Memory Bus Width (bits): 384
-------------------------------------
 Tensor2DAddBlockSize: 8
 Tensor2DSubtractBlockSize: 8
 Tensor2DScaleBlockSize: 8
 Tensor2DMultiplyBlockSize: 16
 Tensor2DMultiplyBlockNumber: 16
 Tensor2DMultiplySharedMemory: 1
 Tensor2DMeanBlockSize: 8
-------------------------------------
 ReLuBlockSize: 8
-------------------------------------
 CrossEntropyGetMetricBlockSize: 64
 CrossEntropyCalculateBlockSize: 64
=====================================

Epoch 0:
  - [Train] Loss=3.23253
  - [Train] Accuracy=0.99493%
  - [Train] Total Forward Time=157.57718ms
  - [Train] Total Backward Time=406.00013ms
  - [Train] Batch Forward Time=0.67341ms
  - [Train] Batch Backward Time=1.73504ms
  - [Test] Loss=nan
  - [Test] Accuracy=1.62260%

Epoch 1:
  - [Train] Loss=3.18116
  - [Train] Accuracy=0.96488%
  - [Train] Total Forward Time=157.37210ms
  - [Train] Total Backward Time=405.93315ms
  - [Train] Batch Forward Time=0.67253ms
  - [Train] Batch Backward Time=1.73476ms
  - [Test] Loss=nan
  - [Test] Accuracy=1.64263%

