mkdir -p logs
./build/CUDA-DNN-MNIST
=====================================
            Configuration
=====================================
 NumberOfEpochs: 2
 BatchSize: 512
 LearningRate: 1.000000e-06
=====================================

=====================================
         CUDA Configuration
=====================================
 Device name: GeForce GTX 780 Ti
 Memory Clock Rate (KHz): 3500000
 Memory Bus Width (bits): 384
-------------------------------------
 Tensor2DAddBlockSize: 8
 Tensor2DSubtractBlockSize: 8
 Tensor2DScaleBlockSize: 8
 Tensor2DMultiplyBlockSize: 32
 Tensor2DMultiplyBlockNumber: 16
 Tensor2DMultiplySharedMemory: 1
 Tensor2DMeanBlockSize: 8
-------------------------------------
 ReLuBlockSize: 8
-------------------------------------
 CrossEntropyGetMetricBlockSize: 64
 CrossEntropyCalculateBlockSize: 64
=====================================

Epoch 0:
  - [Train] Loss=3.26851
  - [Train] Accuracy=0.46408%
  - [Train] Total Forward Time=138.30371ms
  - [Train] Total Backward Time=824.50442ms
  - [Train] Batch Forward Time=1.18208ms
  - [Train] Batch Backward Time=7.04705ms
  - [Test] Loss=3.30027
  - [Test] Accuracy=0.94572%

Epoch 1:
  - [Train] Loss=3.24175
  - [Train] Accuracy=0.42735%
  - [Train] Total Forward Time=138.31053ms
  - [Train] Total Backward Time=825.18563ms
  - [Train] Batch Forward Time=1.18214ms
  - [Train] Batch Backward Time=7.05287ms
  - [Test] Loss=nan
  - [Test] Accuracy=0.97656%

