mkdir -p logs
./build/CUDA-DNN-MNIST
=====================================
            Configuration
=====================================
 NumberOfEpochs: 2
 BatchSize: 8
 LearningRate: 1.000000e-06
=====================================

=====================================
         CUDA Configuration
=====================================
 Device name: GeForce GTX 780 Ti
 Memory Clock Rate (KHz): 3500000
 Memory Bus Width (bits): 384
-------------------------------------
 Tensor2DAddBlockSize: 8
 Tensor2DSubtractBlockSize: 8
 Tensor2DScaleBlockSize: 8
 Tensor2DMultiplyBlockSize: 16
 Tensor2DMultiplyBlockNumber: -1
 Tensor2DMultiplySharedMemory: 1
 Tensor2DMeanBlockSize: 8
-------------------------------------
 ReLuBlockSize: 8
-------------------------------------
 CrossEntropyGetMetricBlockSize: 64
 CrossEntropyCalculateBlockSize: 64
=====================================

Epoch 0:
  - [Train] Loss=3.26910
  - [Train] Accuracy=0.56167%
  - [Train] Total Forward Time=938.91210ms
  - [Train] Total Backward Time=1588.80410ms
  - [Train] Batch Forward Time=0.12519ms
  - [Train] Batch Backward Time=0.21184ms
  - [Test] Loss=3.34997
  - [Test] Accuracy=0.79000%

Epoch 1:
  - [Train] Loss=3.24832
  - [Train] Accuracy=0.53333%
  - [Train] Total Forward Time=939.56467ms
  - [Train] Total Backward Time=1588.20493ms
  - [Train] Batch Forward Time=0.12528ms
  - [Train] Batch Backward Time=0.21176ms
  - [Test] Loss=3.32196
  - [Test] Accuracy=0.77000%

