mkdir -p logs
./build/CUDA-DNN-MNIST
=====================================
            Configuration
=====================================
 NumberOfEpochs: 2
 BatchSize: 128
 LearningRate: 1.000000e-06
=====================================

=====================================
         CUDA Configuration
=====================================
 Device name: GeForce GTX 780 Ti
 Memory Clock Rate (KHz): 3500000
 Memory Bus Width (bits): 384
-------------------------------------
 Tensor2DAddBlockSize: 8
 Tensor2DSubtractBlockSize: 8
 Tensor2DScaleBlockSize: 8
 Tensor2DMultiplyBlockSize: 32
 Tensor2DMultiplyBlockNumber: 16
 Tensor2DMultiplySharedMemory: 0
 Tensor2DMeanBlockSize: 8
-------------------------------------
 ReLuBlockSize: 8
-------------------------------------
 CrossEntropyGetMetricBlockSize: 64
 CrossEntropyCalculateBlockSize: 64
=====================================

Epoch 0:
  - [Train] Loss=3.25905
  - [Train] Accuracy=1.85130%
  - [Train] Total Forward Time=528.99558ms
  - [Train] Total Backward Time=3150.27104ms
  - [Train] Batch Forward Time=1.13033ms
  - [Train] Batch Backward Time=6.73135ms
  - [Test] Loss=nan
  - [Test] Accuracy=2.40385%

Epoch 1:
  - [Train] Loss=3.17196
  - [Train] Accuracy=1.60757%
  - [Train] Total Forward Time=528.19597ms
  - [Train] Total Backward Time=3150.01555ms
  - [Train] Batch Forward Time=1.12862ms
  - [Train] Batch Backward Time=6.73080ms
  - [Test] Loss=nan
  - [Test] Accuracy=2.41386%

