mkdir -p logs
./build/CUDA-DNN-MNIST
=====================================
            Configuration
=====================================
 NumberOfEpochs: 2
 BatchSize: 128
 LearningRate: 1.000000e-06
=====================================

=====================================
         CUDA Configuration
=====================================
 Device name: GeForce GTX 780 Ti
 Memory Clock Rate (KHz): 3500000
 Memory Bus Width (bits): 384
-------------------------------------
 Tensor2DAddBlockSize: 8
 Tensor2DSubtractBlockSize: 8
 Tensor2DScaleBlockSize: 8
 Tensor2DMultiplyBlockSize: 16
 Tensor2DMultiplyBlockNumber: 32
 Tensor2DMultiplySharedMemory: 1
 Tensor2DMeanBlockSize: 8
-------------------------------------
 ReLuBlockSize: 8
-------------------------------------
 CrossEntropyGetMetricBlockSize: 64
 CrossEntropyCalculateBlockSize: 64
=====================================

Epoch 0:
  - [Train] Loss=3.23749
  - [Train] Accuracy=1.12680%
  - [Train] Total Forward Time=175.15357ms
  - [Train] Total Backward Time=450.53123ms
  - [Train] Batch Forward Time=0.37426ms
  - [Train] Batch Backward Time=0.96267ms
  - [Test] Loss=nan
  - [Test] Accuracy=1.51242%

Epoch 1:
  - [Train] Loss=3.18411
  - [Train] Accuracy=0.93316%
  - [Train] Total Forward Time=175.18573ms
  - [Train] Total Backward Time=450.14010ms
  - [Train] Batch Forward Time=0.37433ms
  - [Train] Batch Backward Time=0.96184ms
  - [Test] Loss=nan
  - [Test] Accuracy=1.51242%

