mkdir -p logs
./build/CUDA-DNN-MNIST
=====================================
            Configuration
=====================================
 NumberOfEpochs: 2
 BatchSize: 512
 LearningRate: 1.000000e-06
=====================================

=====================================
         CUDA Configuration
=====================================
 Device name: GeForce GTX 780 Ti
 Memory Clock Rate (KHz): 3500000
 Memory Bus Width (bits): 384
-------------------------------------
 Tensor2DAddBlockSize: 8
 Tensor2DSubtractBlockSize: 8
 Tensor2DScaleBlockSize: 8
 Tensor2DMultiplyBlockSize: 32
 Tensor2DMultiplyBlockNumber: 32
 Tensor2DMultiplySharedMemory: 1
 Tensor2DMeanBlockSize: 8
-------------------------------------
 ReLuBlockSize: 8
-------------------------------------
 CrossEntropyGetMetricBlockSize: 64
 CrossEntropyCalculateBlockSize: 64
=====================================

Epoch 0:
  - [Train] Loss=3.24542
  - [Train] Accuracy=0.69611%
  - [Train] Total Forward Time=138.26806ms
  - [Train] Total Backward Time=824.43869ms
  - [Train] Batch Forward Time=1.18178ms
  - [Train] Batch Backward Time=7.04648ms
  - [Test] Loss=nan
  - [Test] Accuracy=1.21299%

Epoch 1:
  - [Train] Loss=3.21933
  - [Train] Accuracy=0.65104%
  - [Train] Total Forward Time=138.24077ms
  - [Train] Total Backward Time=824.76797ms
  - [Train] Batch Forward Time=1.18155ms
  - [Train] Batch Backward Time=7.04930ms
  - [Test] Loss=nan
  - [Test] Accuracy=1.24383%

