mkdir -p logs
./build/CUDA-DNN-MNIST
=====================================
            Configuration
=====================================
 NumberOfEpochs: 2
 BatchSize: 128
 LearningRate: 1.000000e-06
=====================================

=====================================
         CUDA Configuration
=====================================
 Device name: GeForce GTX 780 Ti
 Memory Clock Rate (KHz): 3500000
 Memory Bus Width (bits): 384
-------------------------------------
 Tensor2DAddBlockSize: 8
 Tensor2DSubtractBlockSize: 8
 Tensor2DScaleBlockSize: 8
 Tensor2DMultiplyBlockSize: 128
 Tensor2DMultiplyBlockNumber: -1
 Tensor2DMultiplySharedMemory: 0
 Tensor2DMeanBlockSize: 8
-------------------------------------
 ReLuBlockSize: 8
-------------------------------------
 CrossEntropyGetMetricBlockSize: 64
 CrossEntropyCalculateBlockSize: 64
=====================================

Epoch 0:
  - [Train] Loss=3.25082
  - [Train] Accuracy=0.00000%
  - [Train] Total Forward Time=12.08810ms
  - [Train] Total Backward Time=65.58614ms
  - [Train] Batch Forward Time=0.02583ms
  - [Train] Batch Backward Time=0.14014ms
  - [Test] Loss=3.25078
  - [Test] Accuracy=0.00000%

Epoch 1:
  - [Train] Loss=3.25074
  - [Train] Accuracy=0.00000%
  - [Train] Total Forward Time=11.79203ms
  - [Train] Total Backward Time=65.34451ms
  - [Train] Batch Forward Time=0.02520ms
  - [Train] Batch Backward Time=0.13963ms
  - [Test] Loss=3.25066
  - [Test] Accuracy=0.00000%

