mkdir -p logs
./build/CUDA-DNN-MNIST
=====================================
            Configuration
=====================================
 NumberOfEpochs: 2
 BatchSize: 16
 LearningRate: 1.000000e-06
=====================================

=====================================
         CUDA Configuration
=====================================
 Device name: GeForce GTX 780 Ti
 Memory Clock Rate (KHz): 3500000
 Memory Bus Width (bits): 384
-------------------------------------
 Tensor2DAddBlockSize: 8
 Tensor2DSubtractBlockSize: 8
 Tensor2DScaleBlockSize: 8
 Tensor2DMultiplyBlockSize: 16
 Tensor2DMultiplyBlockNumber: -1
 Tensor2DMultiplySharedMemory: 0
 Tensor2DMeanBlockSize: 8
-------------------------------------
 ReLuBlockSize: 8
-------------------------------------
 CrossEntropyGetMetricBlockSize: 64
 CrossEntropyCalculateBlockSize: 64
=====================================

Epoch 0:
  - [Train] Loss=3.26916
  - [Train] Accuracy=0.68333%
  - [Train] Total Forward Time=3014.33853ms
  - [Train] Total Backward Time=2629.28640ms
  - [Train] Batch Forward Time=0.80382ms
  - [Train] Batch Backward Time=0.70114ms
  - [Test] Loss=nan
  - [Test] Accuracy=1.33000%

Epoch 1:
  - [Train] Loss=3.18494
  - [Train] Accuracy=0.59833%
  - [Train] Total Forward Time=3014.14605ms
  - [Train] Total Backward Time=2628.60918ms
  - [Train] Batch Forward Time=0.80377ms
  - [Train] Batch Backward Time=0.70096ms
  - [Test] Loss=nan
  - [Test] Accuracy=1.39000%

