mkdir -p logs
./build/CUDA-DNN-MNIST
=====================================
            Configuration
=====================================
 NumberOfEpochs: 2
 BatchSize: 1
 LearningRate: 1.000000e-06
=====================================

=====================================
         CUDA Configuration
=====================================
 Device name: GeForce GTX 780 Ti
 Memory Clock Rate (KHz): 3500000
 Memory Bus Width (bits): 384
-------------------------------------
 Tensor2DAddBlockSize: 8
 Tensor2DSubtractBlockSize: 8
 Tensor2DScaleBlockSize: 8
 Tensor2DMultiplyBlockSize: 16
 Tensor2DMultiplyBlockNumber: -1
 Tensor2DMultiplySharedMemory: 1
 Tensor2DMeanBlockSize: 8
-------------------------------------
 ReLuBlockSize: 8
-------------------------------------
 CrossEntropyGetMetricBlockSize: 64
 CrossEntropyCalculateBlockSize: 64
=====================================

Epoch 0:
  - [Train] Loss=3.25064
  - [Train] Accuracy=0.00000%
  - [Train] Total Forward Time=6890.05027ms
  - [Train] Total Backward Time=11478.89158ms
  - [Train] Batch Forward Time=0.11483ms
  - [Train] Batch Backward Time=0.19131ms
  - [Test] Loss=3.25083
  - [Test] Accuracy=0.26000%

Epoch 1:
  - [Train] Loss=3.25037
  - [Train] Accuracy=0.00000%
  - [Train] Total Forward Time=6881.64323ms
  - [Train] Total Backward Time=11463.15843ms
  - [Train] Batch Forward Time=0.11469ms
  - [Train] Batch Backward Time=0.19105ms
  - [Test] Loss=3.25050
  - [Test] Accuracy=0.26000%

