mkdir -p logs
./build/CUDA-DNN-MNIST
=====================================
            Configuration
=====================================
 NumberOfEpochs: 2
 BatchSize: 128
 LearningRate: 1.000000e-06
=====================================

=====================================
         CUDA Configuration
=====================================
 Device name: GeForce GTX 780 Ti
 Memory Clock Rate (KHz): 3500000
 Memory Bus Width (bits): 384
-------------------------------------
 Tensor2DAddBlockSize: 8
 Tensor2DSubtractBlockSize: 8
 Tensor2DScaleBlockSize: 8
 Tensor2DMultiplyBlockSize: 16
 Tensor2DMultiplyBlockNumber: 4
 Tensor2DMultiplySharedMemory: 0
 Tensor2DMeanBlockSize: 8
-------------------------------------
 ReLuBlockSize: 8
-------------------------------------
 CrossEntropyGetMetricBlockSize: 64
 CrossEntropyCalculateBlockSize: 64
=====================================

Epoch 0:
  - [Train] Loss=3.26511
  - [Train] Accuracy=1.70439%
  - [Train] Total Forward Time=3305.70844ms
  - [Train] Total Backward Time=4743.54064ms
  - [Train] Batch Forward Time=7.06348ms
  - [Train] Batch Backward Time=10.13577ms
  - [Test] Loss=nan
  - [Test] Accuracy=2.45393%

Epoch 1:
  - [Train] Loss=3.17802
  - [Train] Accuracy=1.57919%
  - [Train] Total Forward Time=3305.17724ms
  - [Train] Total Backward Time=4743.55356ms
  - [Train] Batch Forward Time=7.06234ms
  - [Train] Batch Backward Time=10.13580ms
  - [Test] Loss=nan
  - [Test] Accuracy=2.48397%

