mkdir -p logs
./build/CUDA-DNN-MNIST
=====================================
            Configuration
=====================================
 NumberOfEpochs: 2
 BatchSize: 64
 LearningRate: 1.000000e-06
=====================================

=====================================
         CUDA Configuration
=====================================
 Device name: GeForce GTX 780 Ti
 Memory Clock Rate (KHz): 3500000
 Memory Bus Width (bits): 384
-------------------------------------
 Tensor2DAddBlockSize: 8
 Tensor2DSubtractBlockSize: 8
 Tensor2DScaleBlockSize: 8
 Tensor2DMultiplyBlockSize: 16
 Tensor2DMultiplyBlockNumber: -1
 Tensor2DMultiplySharedMemory: 1
 Tensor2DMeanBlockSize: 8
-------------------------------------
 ReLuBlockSize: 8
-------------------------------------
 CrossEntropyGetMetricBlockSize: 64
 CrossEntropyCalculateBlockSize: 64
=====================================

Epoch 0:
  - [Train] Loss=3.25627
  - [Train] Accuracy=1.33238%
  - [Train] Total Forward Time=207.66451ms
  - [Train] Total Backward Time=531.66355ms
  - [Train] Batch Forward Time=0.22163ms
  - [Train] Batch Backward Time=0.56741ms
  - [Test] Loss=nan
  - [Test] Accuracy=1.71274%

Epoch 1:
  - [Train] Loss=3.20037
  - [Train] Accuracy=1.13561%
  - [Train] Total Forward Time=207.63322ms
  - [Train] Total Backward Time=531.26528ms
  - [Train] Batch Forward Time=0.22159ms
  - [Train] Batch Backward Time=0.56699ms
  - [Test] Loss=nan
  - [Test] Accuracy=1.48237%

