mkdir -p logs
./build/CUDA-DNN-MNIST
=====================================
            Configuration
=====================================
 NumberOfEpochs: 2
 BatchSize: 512
 LearningRate: 1.000000e-06
=====================================

=====================================
         CUDA Configuration
=====================================
 Device name: GeForce GTX 780 Ti
 Memory Clock Rate (KHz): 3500000
 Memory Bus Width (bits): 384
-------------------------------------
 Tensor2DAddBlockSize: 8
 Tensor2DSubtractBlockSize: 8
 Tensor2DScaleBlockSize: 8
 Tensor2DMultiplyBlockSize: 32
 Tensor2DMultiplyBlockNumber: 32
 Tensor2DMultiplySharedMemory: 0
 Tensor2DMeanBlockSize: 8
-------------------------------------
 ReLuBlockSize: 8
-------------------------------------
 CrossEntropyGetMetricBlockSize: 64
 CrossEntropyCalculateBlockSize: 64
=====================================

Epoch 0:
  - [Train] Loss=3.27763
  - [Train] Accuracy=1.93643%
  - [Train] Total Forward Time=326.40608ms
  - [Train] Total Backward Time=3106.43683ms
  - [Train] Batch Forward Time=2.78980ms
  - [Train] Batch Backward Time=26.55074ms
  - [Test] Loss=nan
  - [Test] Accuracy=2.96053%

Epoch 1:
  - [Train] Loss=3.18729
  - [Train] Accuracy=1.79788%
  - [Train] Total Forward Time=326.09674ms
  - [Train] Total Backward Time=3106.65214ms
  - [Train] Batch Forward Time=2.78715ms
  - [Train] Batch Backward Time=26.55258ms
  - [Test] Loss=nan
  - [Test] Accuracy=3.58758%

