mkdir -p logs
./build/CUDA-DNN-MNIST
=====================================
            Configuration
=====================================
 NumberOfEpochs: 2
 BatchSize: 128
 LearningRate: 1.000000e-06
=====================================

=====================================
         CUDA Configuration
=====================================
 Device name: GeForce GTX 780 Ti
 Memory Clock Rate (KHz): 3500000
 Memory Bus Width (bits): 384
-------------------------------------
 Tensor2DAddBlockSize: 8
 Tensor2DSubtractBlockSize: 8
 Tensor2DScaleBlockSize: 8
 Tensor2DMultiplyBlockSize: 16
 Tensor2DMultiplyBlockNumber: 32
 Tensor2DMultiplySharedMemory: 0
 Tensor2DMeanBlockSize: 8
-------------------------------------
 ReLuBlockSize: 8
-------------------------------------
 CrossEntropyGetMetricBlockSize: 64
 CrossEntropyCalculateBlockSize: 64
=====================================

Epoch 0:
  - [Train] Loss=3.29309
  - [Train] Accuracy=2.51235%
  - [Train] Total Forward Time=529.38259ms
  - [Train] Total Backward Time=1976.55254ms
  - [Train] Batch Forward Time=1.13116ms
  - [Train] Batch Backward Time=4.22340ms
  - [Test] Loss=nan
  - [Test] Accuracy=3.28526%

Epoch 1:
  - [Train] Loss=3.20627
  - [Train] Accuracy=2.07165%
  - [Train] Total Forward Time=528.75322ms
  - [Train] Total Backward Time=1976.19549ms
  - [Train] Batch Forward Time=1.12981ms
  - [Train] Batch Backward Time=4.22264ms
  - [Test] Loss=nan
  - [Test] Accuracy=3.03486%

