mkdir -p logs
./build/CUDA-DNN-MNIST
=====================================
            Configuration
=====================================
 NumberOfEpochs: 2
 BatchSize: 1024
 LearningRate: 1.000000e-06
=====================================

=====================================
         CUDA Configuration
=====================================
 Device name: GeForce GTX 780 Ti
 Memory Clock Rate (KHz): 3500000
 Memory Bus Width (bits): 384
-------------------------------------
 Tensor2DAddBlockSize: 8
 Tensor2DSubtractBlockSize: 8
 Tensor2DScaleBlockSize: 8
 Tensor2DMultiplyBlockSize: 16
 Tensor2DMultiplyBlockNumber: -1
 Tensor2DMultiplySharedMemory: 1
 Tensor2DMeanBlockSize: 8
-------------------------------------
 ReLuBlockSize: 8
-------------------------------------
 CrossEntropyGetMetricBlockSize: 64
 CrossEntropyCalculateBlockSize: 64
=====================================

Epoch 0:
  - [Train] Loss=3.24498
  - [Train] Accuracy=1.10621%
  - [Train] Total Forward Time=137.84397ms
  - [Train] Total Backward Time=373.16109ms
  - [Train] Batch Forward Time=2.37662ms
  - [Train] Batch Backward Time=6.43381ms
  - [Test] Loss=nan
  - [Test] Accuracy=1.82292%

Epoch 1:
  - [Train] Loss=3.19619
  - [Train] Accuracy=1.07590%
  - [Train] Total Forward Time=137.76307ms
  - [Train] Total Backward Time=373.14118ms
  - [Train] Batch Forward Time=2.37523ms
  - [Train] Batch Backward Time=6.43347ms
  - [Test] Loss=nan
  - [Test] Accuracy=1.81207%

