mkdir -p logs
./build/CUDA-DNN-MNIST
=====================================
            Configuration
=====================================
 NumberOfEpochs: 2
 BatchSize: 256
 LearningRate: 1.000000e-06
=====================================

=====================================
         CUDA Configuration
=====================================
 Device name: GeForce GTX 780 Ti
 Memory Clock Rate (KHz): 3500000
 Memory Bus Width (bits): 384
-------------------------------------
 Tensor2DAddBlockSize: 8
 Tensor2DSubtractBlockSize: 8
 Tensor2DScaleBlockSize: 8
 Tensor2DMultiplyBlockSize: 16
 Tensor2DMultiplyBlockNumber: 32
 Tensor2DMultiplySharedMemory: 1
 Tensor2DMeanBlockSize: 8
-------------------------------------
 ReLuBlockSize: 8
-------------------------------------
 CrossEntropyGetMetricBlockSize: 64
 CrossEntropyCalculateBlockSize: 64
=====================================

Epoch 0:
  - [Train] Loss=3.26232
  - [Train] Accuracy=1.01329%
  - [Train] Total Forward Time=157.43437ms
  - [Train] Total Backward Time=405.87523ms
  - [Train] Batch Forward Time=0.67280ms
  - [Train] Batch Backward Time=1.73451ms
  - [Test] Loss=nan
  - [Test] Accuracy=1.68269%

Epoch 1:
  - [Train] Loss=3.21026
  - [Train] Accuracy=0.95319%
  - [Train] Total Forward Time=157.24854ms
  - [Train] Total Backward Time=405.85466ms
  - [Train] Batch Forward Time=0.67200ms
  - [Train] Batch Backward Time=1.73442ms
  - [Test] Loss=nan
  - [Test] Accuracy=1.74279%

