mkdir -p logs
./build/CUDA-DNN-MNIST
=====================================
            Configuration
=====================================
 NumberOfEpochs: 2
 BatchSize: 128
 LearningRate: 1.000000e-06
=====================================

=====================================
         CUDA Configuration
=====================================
 Device name: GeForce GTX 780 Ti
 Memory Clock Rate (KHz): 3500000
 Memory Bus Width (bits): 384
-------------------------------------
 Tensor2DAddBlockSize: 8
 Tensor2DSubtractBlockSize: 8
 Tensor2DScaleBlockSize: 8
 Tensor2DMultiplyBlockSize: 2
 Tensor2DMultiplyBlockNumber: -1
 Tensor2DMultiplySharedMemory: 0
 Tensor2DMeanBlockSize: 8
-------------------------------------
 ReLuBlockSize: 8
-------------------------------------
 CrossEntropyGetMetricBlockSize: 64
 CrossEntropyCalculateBlockSize: 64
=====================================

Epoch 0:
  - [Train] Loss=3.24484
  - [Train] Accuracy=1.71942%
  - [Train] Total Forward Time=8565.86384ms
  - [Train] Total Backward Time=20446.33941ms
  - [Train] Batch Forward Time=18.30313ms
  - [Train] Batch Backward Time=43.68876ms
  - [Test] Loss=nan
  - [Test] Accuracy=2.57412%

Epoch 1:
  - [Train] Loss=3.15941
  - [Train] Accuracy=1.63261%
  - [Train] Total Forward Time=8568.67890ms
  - [Train] Total Backward Time=20456.07384ms
  - [Train] Batch Forward Time=18.30914ms
  - [Train] Batch Backward Time=43.70956ms
  - [Test] Loss=nan
  - [Test] Accuracy=2.70433%

