mkdir -p logs
./build/CUDA-DNN-MNIST
=====================================
            Configuration
=====================================
 NumberOfEpochs: 2
 BatchSize: 512
 LearningRate: 1.000000e-06
=====================================

=====================================
         CUDA Configuration
=====================================
 Device name: GeForce GTX 780 Ti
 Memory Clock Rate (KHz): 3500000
 Memory Bus Width (bits): 384
-------------------------------------
 Tensor2DAddBlockSize: 8
 Tensor2DSubtractBlockSize: 8
 Tensor2DScaleBlockSize: 8
 Tensor2DMultiplyBlockSize: 16
 Tensor2DMultiplyBlockNumber: 16
 Tensor2DMultiplySharedMemory: 0
 Tensor2DMeanBlockSize: 8
-------------------------------------
 ReLuBlockSize: 8
-------------------------------------
 CrossEntropyGetMetricBlockSize: 64
 CrossEntropyCalculateBlockSize: 64
=====================================

Epoch 0:
  - [Train] Loss=3.28102
  - [Train] Accuracy=1.68102%
  - [Train] Total Forward Time=613.39709ms
  - [Train] Total Backward Time=2064.71920ms
  - [Train] Batch Forward Time=5.24271ms
  - [Train] Batch Backward Time=17.64717ms
  - [Test] Loss=nan
  - [Test] Accuracy=2.21012%

Epoch 1:
  - [Train] Loss=3.19683
  - [Train] Accuracy=1.50741%
  - [Train] Total Forward Time=612.70659ms
  - [Train] Total Backward Time=2066.29475ms
  - [Train] Batch Forward Time=5.23681ms
  - [Train] Batch Backward Time=17.66064ms
  - [Test] Loss=nan
  - [Test] Accuracy=2.15872%

