mkdir -p logs
./build/CUDA-DNN-MNIST
=====================================
            Configuration
=====================================
 NumberOfEpochs: 2
 BatchSize: 128
 LearningRate: 1.000000e-06
=====================================

=====================================
         CUDA Configuration
=====================================
 Device name: GeForce GTX 780 Ti
 Memory Clock Rate (KHz): 3500000
 Memory Bus Width (bits): 384
-------------------------------------
 Tensor2DAddBlockSize: 8
 Tensor2DSubtractBlockSize: 8
 Tensor2DScaleBlockSize: 8
 Tensor2DMultiplyBlockSize: 32
 Tensor2DMultiplyBlockNumber: 32
 Tensor2DMultiplySharedMemory: 1
 Tensor2DMeanBlockSize: 8
-------------------------------------
 ReLuBlockSize: 8
-------------------------------------
 CrossEntropyGetMetricBlockSize: 64
 CrossEntropyCalculateBlockSize: 64
=====================================

Epoch 0:
  - [Train] Loss=3.25162
  - [Train] Accuracy=0.70947%
  - [Train] Total Forward Time=173.04589ms
  - [Train] Total Backward Time=980.54269ms
  - [Train] Batch Forward Time=0.36976ms
  - [Train] Batch Backward Time=2.09518ms
  - [Test] Loss=3.27532
  - [Test] Accuracy=1.15184%

Epoch 1:
  - [Train] Loss=3.22625
  - [Train] Accuracy=0.69778%
  - [Train] Total Forward Time=173.14566ms
  - [Train] Total Backward Time=980.65696ms
  - [Train] Batch Forward Time=0.36997ms
  - [Train] Batch Backward Time=2.09542ms
  - [Test] Loss=3.25208
  - [Test] Accuracy=1.10176%

