mkdir -p logs
./build/CUDA-DNN-MNIST
=====================================
            Configuration
=====================================
 NumberOfEpochs: 2
 BatchSize: 256
 LearningRate: 1.000000e-06
=====================================

=====================================
         CUDA Configuration
=====================================
 Device name: GeForce GTX 780 Ti
 Memory Clock Rate (KHz): 3500000
 Memory Bus Width (bits): 384
-------------------------------------
 Tensor2DAddBlockSize: 8
 Tensor2DSubtractBlockSize: 8
 Tensor2DScaleBlockSize: 8
 Tensor2DMultiplyBlockSize: 32
 Tensor2DMultiplyBlockNumber: 32
 Tensor2DMultiplySharedMemory: 1
 Tensor2DMeanBlockSize: 8
-------------------------------------
 ReLuBlockSize: 8
-------------------------------------
 CrossEntropyGetMetricBlockSize: 64
 CrossEntropyCalculateBlockSize: 64
=====================================

Epoch 0:
  - [Train] Loss=3.23745
  - [Train] Accuracy=0.55422%
  - [Train] Total Forward Time=154.90307ms
  - [Train] Total Backward Time=870.34202ms
  - [Train] Batch Forward Time=0.66198ms
  - [Train] Batch Backward Time=3.71941ms
  - [Test] Loss=nan
  - [Test] Accuracy=1.38221%

Epoch 1:
  - [Train] Loss=3.21052
  - [Train] Accuracy=0.54087%
  - [Train] Total Forward Time=155.13952ms
  - [Train] Total Backward Time=871.02058ms
  - [Train] Batch Forward Time=0.66299ms
  - [Train] Batch Backward Time=3.72231ms
  - [Test] Loss=3.27885
  - [Test] Accuracy=1.35216%

