mkdir -p logs
./build/CUDA-DNN-MNIST
=====================================
            Configuration
=====================================
 NumberOfEpochs: 2
 BatchSize: 512
 LearningRate: 1.000000e-06
=====================================

=====================================
         CUDA Configuration
=====================================
 Device name: GeForce GTX 780 Ti
 Memory Clock Rate (KHz): 3500000
 Memory Bus Width (bits): 384
-------------------------------------
 Tensor2DAddBlockSize: 8
 Tensor2DSubtractBlockSize: 8
 Tensor2DScaleBlockSize: 8
 Tensor2DMultiplyBlockSize: 16
 Tensor2DMultiplyBlockNumber: 16
 Tensor2DMultiplySharedMemory: 1
 Tensor2DMeanBlockSize: 8
-------------------------------------
 ReLuBlockSize: 8
-------------------------------------
 CrossEntropyGetMetricBlockSize: 64
 CrossEntropyCalculateBlockSize: 64
=====================================

Epoch 0:
  - [Train] Loss=3.25319
  - [Train] Accuracy=1.90638%
  - [Train] Total Forward Time=145.07936ms
  - [Train] Total Backward Time=384.55389ms
  - [Train] Batch Forward Time=1.23999ms
  - [Train] Batch Backward Time=3.28679ms
  - [Test] Loss=nan
  - [Test] Accuracy=2.43627%

Epoch 1:
  - [Train] Loss=3.20077
  - [Train] Accuracy=1.88301%
  - [Train] Total Forward Time=144.78573ms
  - [Train] Total Backward Time=384.49597ms
  - [Train] Batch Forward Time=1.23748ms
  - [Train] Batch Backward Time=3.28629ms
  - [Test] Loss=nan
  - [Test] Accuracy=2.37459%

