mkdir -p logs
./build/CUDA-DNN-MNIST
=====================================
            Configuration
=====================================
 NumberOfEpochs: 2
 BatchSize: 128
 LearningRate: 1.000000e-06
=====================================

=====================================
         CUDA Configuration
=====================================
 Device name: GeForce GTX 780 Ti
 Memory Clock Rate (KHz): 3500000
 Memory Bus Width (bits): 384
-------------------------------------
 Tensor2DAddBlockSize: 8
 Tensor2DSubtractBlockSize: 8
 Tensor2DScaleBlockSize: 8
 Tensor2DMultiplyBlockSize: 16
 Tensor2DMultiplyBlockNumber: -1
 Tensor2DMultiplySharedMemory: 1
 Tensor2DMeanBlockSize: 8
-------------------------------------
 ReLuBlockSize: 8
-------------------------------------
 CrossEntropyGetMetricBlockSize: 64
 CrossEntropyCalculateBlockSize: 64
=====================================

Epoch 0:
  - [Train] Loss=3.21131
  - [Train] Accuracy=1.10009%
  - [Train] Total Forward Time=175.36122ms
  - [Train] Total Backward Time=449.98000ms
  - [Train] Batch Forward Time=0.37470ms
  - [Train] Batch Backward Time=0.96150ms
  - [Test] Loss=nan
  - [Test] Accuracy=1.63261%

Epoch 1:
  - [Train] Loss=3.16452
  - [Train] Accuracy=1.09008%
  - [Train] Total Forward Time=175.67117ms
  - [Train] Total Backward Time=449.51034ms
  - [Train] Batch Forward Time=0.37537ms
  - [Train] Batch Backward Time=0.96049ms
  - [Test] Loss=nan
  - [Test] Accuracy=1.64263%

