mkdir -p logs
./build/CUDA-DNN-MNIST
=====================================
            Configuration
=====================================
 NumberOfEpochs: 2
 BatchSize: 512
 LearningRate: 1.000000e-06
=====================================

=====================================
         CUDA Configuration
=====================================
 Device name: GeForce GTX 780 Ti
 Memory Clock Rate (KHz): 3500000
 Memory Bus Width (bits): 384
-------------------------------------
 Tensor2DAddBlockSize: 8
 Tensor2DSubtractBlockSize: 8
 Tensor2DScaleBlockSize: 8
 Tensor2DMultiplyBlockSize: 16
 Tensor2DMultiplyBlockNumber: 32
 Tensor2DMultiplySharedMemory: 0
 Tensor2DMeanBlockSize: 8
-------------------------------------
 ReLuBlockSize: 8
-------------------------------------
 CrossEntropyGetMetricBlockSize: 64
 CrossEntropyCalculateBlockSize: 64
=====================================

Epoch 0:
  - [Train] Loss=3.26680
  - [Train] Accuracy=1.85296%
  - [Train] Total Forward Time=431.54528ms
  - [Train] Total Backward Time=1768.11392ms
  - [Train] Batch Forward Time=3.68842ms
  - [Train] Batch Backward Time=15.11208ms
  - [Test] Loss=nan
  - [Test] Accuracy=1.94285%

Epoch 1:
  - [Train] Loss=3.17305
  - [Train] Accuracy=1.42228%
  - [Train] Total Forward Time=431.60323ms
  - [Train] Total Backward Time=1769.24316ms
  - [Train] Batch Forward Time=3.68892ms
  - [Train] Batch Backward Time=15.12174ms
  - [Test] Loss=nan
  - [Test] Accuracy=1.77837%

