mkdir -p logs
./build/CUDA-DNN-MNIST
=====================================
            Configuration
=====================================
 NumberOfEpochs: 2
 BatchSize: 128
 LearningRate: 1.000000e-06
=====================================

=====================================
         CUDA Configuration
=====================================
 Device name: GeForce GTX 780 Ti
 Memory Clock Rate (KHz): 3500000
 Memory Bus Width (bits): 384
-------------------------------------
 Tensor2DAddBlockSize: 8
 Tensor2DSubtractBlockSize: 8
 Tensor2DScaleBlockSize: 8
 Tensor2DMultiplyBlockSize: 1
 Tensor2DMultiplyBlockNumber: -1
 Tensor2DMultiplySharedMemory: 0
 Tensor2DMeanBlockSize: 8
-------------------------------------
 ReLuBlockSize: 8
-------------------------------------
 CrossEntropyGetMetricBlockSize: 64
 CrossEntropyCalculateBlockSize: 64
=====================================

Epoch 0:
  - [Train] Loss=3.24805
  - [Train] Accuracy=1.77451%
  - [Train] Total Forward Time=10827.76010ms
  - [Train] Total Backward Time=20615.47667ms
  - [Train] Batch Forward Time=23.13624ms
  - [Train] Batch Backward Time=44.05016ms
  - [Test] Loss=nan
  - [Test] Accuracy=2.38381%

Epoch 1:
  - [Train] Loss=3.17198
  - [Train] Accuracy=1.74613%
  - [Train] Total Forward Time=10853.12816ms
  - [Train] Total Backward Time=20658.79792ms
  - [Train] Batch Forward Time=23.19044ms
  - [Train] Batch Backward Time=44.14273ms
  - [Test] Loss=nan
  - [Test] Accuracy=2.30369%

