mkdir -p logs
./build/CUDA-DNN-MNIST
=====================================
            Configuration
=====================================
 NumberOfEpochs: 2
 BatchSize: 256
 LearningRate: 1.000000e-06
=====================================

=====================================
         CUDA Configuration
=====================================
 Device name: GeForce GTX 780 Ti
 Memory Clock Rate (KHz): 3500000
 Memory Bus Width (bits): 384
-------------------------------------
 Tensor2DAddBlockSize: 8
 Tensor2DSubtractBlockSize: 8
 Tensor2DScaleBlockSize: 8
 Tensor2DMultiplyBlockSize: 16
 Tensor2DMultiplyBlockNumber: 16
 Tensor2DMultiplySharedMemory: 0
 Tensor2DMeanBlockSize: 8
-------------------------------------
 ReLuBlockSize: 8
-------------------------------------
 CrossEntropyGetMetricBlockSize: 64
 CrossEntropyCalculateBlockSize: 64
=====================================

Epoch 0:
  - [Train] Loss=3.23477
  - [Train] Accuracy=1.71274%
  - [Train] Total Forward Time=648.93299ms
  - [Train] Total Backward Time=2079.40666ms
  - [Train] Batch Forward Time=2.77322ms
  - [Train] Batch Backward Time=8.88635ms
  - [Test] Loss=nan
  - [Test] Accuracy=2.33373%

Epoch 1:
  - [Train] Loss=3.15172
  - [Train] Accuracy=1.75781%
  - [Train] Total Forward Time=649.31731ms
  - [Train] Total Backward Time=2079.40529ms
  - [Train] Batch Forward Time=2.77486ms
  - [Train] Batch Backward Time=8.88635ms
  - [Test] Loss=nan
  - [Test] Accuracy=2.26362%

