mkdir -p logs
./build/CUDA-DNN-MNIST
=====================================
            Configuration
=====================================
 NumberOfEpochs: 2
 BatchSize: 128
 LearningRate: 1.000000e-06
=====================================

=====================================
         CUDA Configuration
=====================================
 Device name: GeForce GTX 780 Ti
 Memory Clock Rate (KHz): 3500000
 Memory Bus Width (bits): 384
-------------------------------------
 Tensor2DAddBlockSize: 8
 Tensor2DSubtractBlockSize: 8
 Tensor2DScaleBlockSize: 8
 Tensor2DMultiplyBlockSize: 8
 Tensor2DMultiplyBlockNumber: -1
 Tensor2DMultiplySharedMemory: 0
 Tensor2DMeanBlockSize: 8
-------------------------------------
 ReLuBlockSize: 8
-------------------------------------
 CrossEntropyGetMetricBlockSize: 64
 CrossEntropyCalculateBlockSize: 64
=====================================

Epoch 0:
  - [Train] Loss=3.20952
  - [Train] Accuracy=1.57585%
  - [Train] Total Forward Time=2157.87021ms
  - [Train] Total Backward Time=3552.89645ms
  - [Train] Batch Forward Time=4.61083ms
  - [Train] Batch Backward Time=7.59166ms
  - [Test] Loss=nan
  - [Test] Accuracy=2.18349%

Epoch 1:
  - [Train] Loss=3.12954
  - [Train] Accuracy=1.59923%
  - [Train] Total Forward Time=2157.24650ms
  - [Train] Total Backward Time=3553.53888ms
  - [Train] Batch Forward Time=4.60950ms
  - [Train] Batch Backward Time=7.59303ms
  - [Test] Loss=nan
  - [Test] Accuracy=2.32372%

