mkdir -p logs
./build/CUDA-DNN-MNIST
=====================================
            Configuration
=====================================
 NumberOfEpochs: 2
 BatchSize: 256
 LearningRate: 1.000000e-06
=====================================

=====================================
         CUDA Configuration
=====================================
 Device name: GeForce GTX 780 Ti
 Memory Clock Rate (KHz): 3500000
 Memory Bus Width (bits): 384
-------------------------------------
 Tensor2DAddBlockSize: 8
 Tensor2DSubtractBlockSize: 8
 Tensor2DScaleBlockSize: 8
 Tensor2DMultiplyBlockSize: 16
 Tensor2DMultiplyBlockNumber: 32
 Tensor2DMultiplySharedMemory: 0
 Tensor2DMeanBlockSize: 8
-------------------------------------
 ReLuBlockSize: 8
-------------------------------------
 CrossEntropyGetMetricBlockSize: 64
 CrossEntropyCalculateBlockSize: 64
=====================================

Epoch 0:
  - [Train] Loss=3.25364
  - [Train] Accuracy=3.03486%
  - [Train] Total Forward Time=462.08397ms
  - [Train] Total Backward Time=1860.01139ms
  - [Train] Batch Forward Time=1.97472ms
  - [Train] Batch Backward Time=7.94877ms
  - [Test] Loss=nan
  - [Test] Accuracy=3.08494%

Epoch 1:
  - [Train] Loss=3.17052
  - [Train] Accuracy=2.81283%
  - [Train] Total Forward Time=463.94317ms
  - [Train] Total Backward Time=1873.36246ms
  - [Train] Batch Forward Time=1.98266ms
  - [Train] Batch Backward Time=8.00582ms
  - [Test] Loss=nan
  - [Test] Accuracy=2.97476%

