mkdir -p logs
./build/CUDA-DNN-MNIST
=====================================
            Configuration
=====================================
 NumberOfEpochs: 2
 BatchSize: 512
 LearningRate: 1.000000e-06
=====================================

=====================================
         CUDA Configuration
=====================================
 Device name: GeForce GTX 780 Ti
 Memory Clock Rate (KHz): 3500000
 Memory Bus Width (bits): 384
-------------------------------------
 Tensor2DAddBlockSize: 8
 Tensor2DSubtractBlockSize: 8
 Tensor2DScaleBlockSize: 8
 Tensor2DMultiplyBlockSize: 16
 Tensor2DMultiplyBlockNumber: 32
 Tensor2DMultiplySharedMemory: 1
 Tensor2DMeanBlockSize: 8
-------------------------------------
 ReLuBlockSize: 8
-------------------------------------
 CrossEntropyGetMetricBlockSize: 64
 CrossEntropyCalculateBlockSize: 64
=====================================

Epoch 0:
  - [Train] Loss=3.26275
  - [Train] Accuracy=1.27871%
  - [Train] Total Forward Time=145.07347ms
  - [Train] Total Backward Time=384.34070ms
  - [Train] Batch Forward Time=1.23994ms
  - [Train] Batch Backward Time=3.28496ms
  - [Test] Loss=nan
  - [Test] Accuracy=1.84005%

Epoch 1:
  - [Train] Loss=3.21195
  - [Train] Accuracy=1.29207%
  - [Train] Total Forward Time=145.06042ms
  - [Train] Total Backward Time=384.09661ms
  - [Train] Batch Forward Time=1.23983ms
  - [Train] Batch Backward Time=3.28288ms
  - [Test] Loss=nan
  - [Test] Accuracy=1.87089%

