mkdir -p logs
./build/CUDA-DNN-MNIST
=====================================
            Configuration
=====================================
 NumberOfEpochs: 2
 BatchSize: 256
 LearningRate: 1.000000e-06
=====================================

=====================================
         CUDA Configuration
=====================================
 Device name: GeForce GTX 780 Ti
 Memory Clock Rate (KHz): 3500000
 Memory Bus Width (bits): 384
-------------------------------------
 Tensor2DAddBlockSize: 8
 Tensor2DSubtractBlockSize: 8
 Tensor2DScaleBlockSize: 8
 Tensor2DMultiplyBlockSize: 32
 Tensor2DMultiplyBlockNumber: 16
 Tensor2DMultiplySharedMemory: 0
 Tensor2DMeanBlockSize: 8
-------------------------------------
 ReLuBlockSize: 8
-------------------------------------
 CrossEntropyGetMetricBlockSize: 64
 CrossEntropyCalculateBlockSize: 64
=====================================

Epoch 0:
  - [Train] Loss=3.24407
  - [Train] Accuracy=0.98825%
  - [Train] Total Forward Time=456.74243ms
  - [Train] Total Backward Time=2970.50756ms
  - [Train] Batch Forward Time=1.95189ms
  - [Train] Batch Backward Time=12.69448ms
  - [Test] Loss=nan
  - [Test] Accuracy=1.64263%

Epoch 1:
  - [Train] Loss=3.16144
  - [Train] Accuracy=0.78292%
  - [Train] Total Forward Time=456.88451ms
  - [Train] Total Backward Time=2969.63238ms
  - [Train] Batch Forward Time=1.95250ms
  - [Train] Batch Backward Time=12.69074ms
  - [Test] Loss=nan
  - [Test] Accuracy=1.71274%

