mkdir -p logs
./build/CUDA-DNN-MNIST
=====================================
            Configuration
=====================================
 NumberOfEpochs: 2
 BatchSize: 256
 LearningRate: 1.000000e-06
=====================================

=====================================
         CUDA Configuration
=====================================
 Device name: GeForce GTX 780 Ti
 Memory Clock Rate (KHz): 3500000
 Memory Bus Width (bits): 384
-------------------------------------
 Tensor2DAddBlockSize: 8
 Tensor2DSubtractBlockSize: 8
 Tensor2DScaleBlockSize: 8
 Tensor2DMultiplyBlockSize: 16
 Tensor2DMultiplyBlockNumber: -1
 Tensor2DMultiplySharedMemory: 0
 Tensor2DMeanBlockSize: 8
-------------------------------------
 ReLuBlockSize: 8
-------------------------------------
 CrossEntropyGetMetricBlockSize: 64
 CrossEntropyCalculateBlockSize: 64
=====================================

Epoch 0:
  - [Train] Loss=3.25492
  - [Train] Accuracy=2.14176%
  - [Train] Total Forward Time=807.80138ms
  - [Train] Total Backward Time=1969.94087ms
  - [Train] Batch Forward Time=3.45214ms
  - [Train] Batch Backward Time=8.41855ms
  - [Test] Loss=nan
  - [Test] Accuracy=3.28526%

Epoch 1:
  - [Train] Loss=3.16618
  - [Train] Accuracy=2.07833%
  - [Train] Total Forward Time=829.26406ms
  - [Train] Total Backward Time=2029.08352ms
  - [Train] Batch Forward Time=3.54386ms
  - [Train] Batch Backward Time=8.67130ms
  - [Test] Loss=nan
  - [Test] Accuracy=3.50561%

