mkdir -p logs
./build/CUDA-DNN-MNIST
=====================================
            Configuration
=====================================
 NumberOfEpochs: 2
 BatchSize: 128
 LearningRate: 1.000000e-06
=====================================

=====================================
         CUDA Configuration
=====================================
 Device name: GeForce GTX 780 Ti
 Memory Clock Rate (KHz): 3500000
 Memory Bus Width (bits): 384
-------------------------------------
 Tensor2DAddBlockSize: 8
 Tensor2DSubtractBlockSize: 8
 Tensor2DScaleBlockSize: 8
 Tensor2DMultiplyBlockSize: 16
 Tensor2DMultiplyBlockNumber: 128
 Tensor2DMultiplySharedMemory: 0
 Tensor2DMeanBlockSize: 8
-------------------------------------
 ReLuBlockSize: 8
-------------------------------------
 CrossEntropyGetMetricBlockSize: 64
 CrossEntropyCalculateBlockSize: 64
=====================================

Epoch 0:
  - [Train] Loss=3.22161
  - [Train] Accuracy=1.42561%
  - [Train] Total Forward Time=985.58138ms
  - [Train] Total Backward Time=2638.77606ms
  - [Train] Batch Forward Time=2.10594ms
  - [Train] Batch Backward Time=5.63841ms
  - [Test] Loss=nan
  - [Test] Accuracy=2.40385%

Epoch 1:
  - [Train] Loss=3.13999
  - [Train] Accuracy=1.44398%
  - [Train] Total Forward Time=1000.50515ms
  - [Train] Total Backward Time=2680.51053ms
  - [Train] Batch Forward Time=2.13783ms
  - [Train] Batch Backward Time=5.72759ms
  - [Test] Loss=nan
  - [Test] Accuracy=2.45393%

