mkdir -p logs
./build/CUDA-DNN-MNIST
=====================================
            Configuration
=====================================
 NumberOfEpochs: 2
 BatchSize: 128
 LearningRate: 1.000000e-06
=====================================

=====================================
         CUDA Configuration
=====================================
 Device name: GeForce GTX 780 Ti
 Memory Clock Rate (KHz): 3500000
 Memory Bus Width (bits): 384
-------------------------------------
 Tensor2DAddBlockSize: 8
 Tensor2DSubtractBlockSize: 8
 Tensor2DScaleBlockSize: 8
 Tensor2DMultiplyBlockSize: 32
 Tensor2DMultiplyBlockNumber: -1
 Tensor2DMultiplySharedMemory: 0
 Tensor2DMeanBlockSize: 8
-------------------------------------
 ReLuBlockSize: 8
-------------------------------------
 CrossEntropyGetMetricBlockSize: 64
 CrossEntropyCalculateBlockSize: 64
=====================================

Epoch 0:
  - [Train] Loss=3.25623
  - [Train] Accuracy=1.57252%
  - [Train] Total Forward Time=945.83085ms
  - [Train] Total Backward Time=3313.03130ms
  - [Train] Batch Forward Time=2.02101ms
  - [Train] Batch Backward Time=7.07913ms
  - [Test] Loss=nan
  - [Test] Accuracy=2.45393%

Epoch 1:
  - [Train] Loss=3.17183
  - [Train] Accuracy=1.38054%
  - [Train] Total Forward Time=944.95511ms
  - [Train] Total Backward Time=3317.62080ms
  - [Train] Batch Forward Time=2.01913ms
  - [Train] Batch Backward Time=7.08893ms
  - [Test] Loss=nan
  - [Test] Accuracy=2.36378%

