mkdir -p logs
./build/CUDA-DNN-MNIST
=====================================
            Configuration
=====================================
 NumberOfEpochs: 2
 BatchSize: 256
 LearningRate: 1.000000e-06
=====================================

=====================================
         CUDA Configuration
=====================================
 Device name: GeForce GTX 780 Ti
 Memory Clock Rate (KHz): 3500000
 Memory Bus Width (bits): 384
-------------------------------------
 Tensor2DAddBlockSize: 8
 Tensor2DSubtractBlockSize: 8
 Tensor2DScaleBlockSize: 8
 Tensor2DMultiplyBlockSize: 16
 Tensor2DMultiplyBlockNumber: -1
 Tensor2DMultiplySharedMemory: 1
 Tensor2DMeanBlockSize: 8
-------------------------------------
 ReLuBlockSize: 8
-------------------------------------
 CrossEntropyGetMetricBlockSize: 64
 CrossEntropyCalculateBlockSize: 64
=====================================

Epoch 0:
  - [Train] Loss=3.22815
  - [Train] Accuracy=1.18022%
  - [Train] Total Forward Time=157.68051ms
  - [Train] Total Backward Time=405.25386ms
  - [Train] Batch Forward Time=0.67385ms
  - [Train] Batch Backward Time=1.73185ms
  - [Test] Loss=nan
  - [Test] Accuracy=1.76282%

Epoch 1:
  - [Train] Loss=3.17861
  - [Train] Accuracy=1.10343%
  - [Train] Total Forward Time=157.45366ms
  - [Train] Total Backward Time=405.13318ms
  - [Train] Batch Forward Time=0.67288ms
  - [Train] Batch Backward Time=1.73134ms
  - [Test] Loss=nan
  - [Test] Accuracy=1.77284%

