mkdir -p logs
./build/CUDA-DNN-MNIST
=====================================
            Configuration
=====================================
 NumberOfEpochs: 2
 BatchSize: 4
 LearningRate: 1.000000e-06
=====================================

=====================================
         CUDA Configuration
=====================================
 Device name: GeForce GTX 780 Ti
 Memory Clock Rate (KHz): 3500000
 Memory Bus Width (bits): 384
-------------------------------------
 Tensor2DAddBlockSize: 8
 Tensor2DSubtractBlockSize: 8
 Tensor2DScaleBlockSize: 8
 Tensor2DMultiplyBlockSize: 16
 Tensor2DMultiplyBlockNumber: -1
 Tensor2DMultiplySharedMemory: 0
 Tensor2DMeanBlockSize: 8
-------------------------------------
 ReLuBlockSize: 8
-------------------------------------
 CrossEntropyGetMetricBlockSize: 64
 CrossEntropyCalculateBlockSize: 64
=====================================

Epoch 0:
  - [Train] Loss=3.25188
  - [Train] Accuracy=1.79000%
  - [Train] Total Forward Time=11881.29340ms
  - [Train] Total Backward Time=4691.10425ms
  - [Train] Batch Forward Time=0.79209ms
  - [Train] Batch Backward Time=0.31274ms
  - [Test] Loss=nan
  - [Test] Accuracy=2.83000%

Epoch 1:
  - [Train] Loss=3.16503
  - [Train] Accuracy=1.57667%
  - [Train] Total Forward Time=11879.76777ms
  - [Train] Total Backward Time=4686.93254ms
  - [Train] Batch Forward Time=0.79198ms
  - [Train] Batch Backward Time=0.31246ms
  - [Test] Loss=nan
  - [Test] Accuracy=2.52000%

