mkdir -p logs
./build/CUDA-DNN-MNIST
=====================================
            Configuration
=====================================
 NumberOfEpochs: 2
 BatchSize: 128
 LearningRate: 1.000000e-06
=====================================

=====================================
         CUDA Configuration
=====================================
 Device name: GeForce GTX 780 Ti
 Memory Clock Rate (KHz): 3500000
 Memory Bus Width (bits): 384
-------------------------------------
 Tensor2DAddBlockSize: 8
 Tensor2DSubtractBlockSize: 8
 Tensor2DScaleBlockSize: 8
 Tensor2DMultiplyBlockSize: 16
 Tensor2DMultiplyBlockNumber: 1
 Tensor2DMultiplySharedMemory: 0
 Tensor2DMeanBlockSize: 8
-------------------------------------
 ReLuBlockSize: 8
-------------------------------------
 CrossEntropyGetMetricBlockSize: 64
 CrossEntropyCalculateBlockSize: 64
=====================================

Epoch 0:
  - [Train] Loss=3.26209
  - [Train] Accuracy=1.28539%
  - [Train] Total Forward Time=35982.84651ms
  - [Train] Total Backward Time=45684.69694ms
  - [Train] Batch Forward Time=76.88642ms
  - [Train] Batch Backward Time=97.61687ms
  - [Test] Loss=nan
  - [Test] Accuracy=1.86298%

Epoch 1:
  - [Train] Loss=3.17772
  - [Train] Accuracy=1.17354%
  - [Train] Total Forward Time=35693.31811ms
  - [Train] Total Backward Time=45319.63804ms
  - [Train] Batch Forward Time=76.26777ms
  - [Train] Batch Backward Time=96.83683ms
  - [Test] Loss=nan
  - [Test] Accuracy=2.43389%

