mkdir -p logs
./build/CUDA-DNN-MNIST
=====================================
            Configuration
=====================================
 NumberOfEpochs: 2
 BatchSize: 256
 LearningRate: 1.000000e-06
=====================================

=====================================
         CUDA Configuration
=====================================
 Device name: GeForce GTX 780 Ti
 Memory Clock Rate (KHz): 3500000
 Memory Bus Width (bits): 384
-------------------------------------
 Tensor2DAddBlockSize: 8
 Tensor2DSubtractBlockSize: 8
 Tensor2DScaleBlockSize: 8
 Tensor2DMultiplyBlockSize: 32
 Tensor2DMultiplyBlockNumber: 16
 Tensor2DMultiplySharedMemory: 1
 Tensor2DMeanBlockSize: 8
-------------------------------------
 ReLuBlockSize: 8
-------------------------------------
 CrossEntropyGetMetricBlockSize: 64
 CrossEntropyCalculateBlockSize: 64
=====================================

Epoch 0:
  - [Train] Loss=3.24627
  - [Train] Accuracy=0.77123%
  - [Train] Total Forward Time=154.80275ms
  - [Train] Total Backward Time=870.35485ms
  - [Train] Batch Forward Time=0.66155ms
  - [Train] Batch Backward Time=3.71947ms
  - [Test] Loss=nan
  - [Test] Accuracy=1.48237%

Epoch 1:
  - [Train] Loss=3.21913
  - [Train] Accuracy=0.73451%
  - [Train] Total Forward Time=154.88870ms
  - [Train] Total Backward Time=870.57974ms
  - [Train] Batch Forward Time=0.66192ms
  - [Train] Batch Backward Time=3.72043ms
  - [Test] Loss=3.22844
  - [Test] Accuracy=1.51242%

