mkdir -p logs
./build/CUDA-DNN-MNIST
=====================================
            Configuration
=====================================
 NumberOfEpochs: 2
 BatchSize: 128
 LearningRate: 1.000000e-06
=====================================

=====================================
         CUDA Configuration
=====================================
 Device name: GeForce GTX 780 Ti
 Memory Clock Rate (KHz): 3500000
 Memory Bus Width (bits): 384
-------------------------------------
 Tensor2DAddBlockSize: 8
 Tensor2DSubtractBlockSize: 8
 Tensor2DScaleBlockSize: 8
 Tensor2DMultiplyBlockSize: 16
 Tensor2DMultiplyBlockNumber: 256
 Tensor2DMultiplySharedMemory: 0
 Tensor2DMeanBlockSize: 8
-------------------------------------
 ReLuBlockSize: 8
-------------------------------------
 CrossEntropyGetMetricBlockSize: 64
 CrossEntropyCalculateBlockSize: 64
=====================================

Epoch 0:
  - [Train] Loss=3.26839
  - [Train] Accuracy=2.28532%
  - [Train] Total Forward Time=2890.41369ms
  - [Train] Total Backward Time=5676.79566ms
  - [Train] Batch Forward Time=6.17610ms
  - [Train] Batch Backward Time=12.12991ms
  - [Test] Loss=nan
  - [Test] Accuracy=3.30529%

Epoch 1:
  - [Train] Loss=3.18214
  - [Train] Accuracy=2.07332%
  - [Train] Total Forward Time=2923.14979ms
  - [Train] Total Backward Time=5740.47178ms
  - [Train] Batch Forward Time=6.24605ms
  - [Train] Batch Backward Time=12.26597ms
  - [Test] Loss=nan
  - [Test] Accuracy=3.25521%

