mkdir -p logs
./build/CUDA-DNN-MNIST
=====================================
            Configuration
=====================================
 NumberOfEpochs: 2
 BatchSize: 1
 LearningRate: 1.000000e-06
=====================================

=====================================
         CUDA Configuration
=====================================
 Device name: GeForce GTX 780 Ti
 Memory Clock Rate (KHz): 3500000
 Memory Bus Width (bits): 384
-------------------------------------
 Tensor2DAddBlockSize: 8
 Tensor2DSubtractBlockSize: 8
 Tensor2DScaleBlockSize: 8
 Tensor2DMultiplyBlockSize: 16
 Tensor2DMultiplyBlockNumber: -1
 Tensor2DMultiplySharedMemory: 0
 Tensor2DMeanBlockSize: 8
-------------------------------------
 ReLuBlockSize: 8
-------------------------------------
 CrossEntropyGetMetricBlockSize: 64
 CrossEntropyCalculateBlockSize: 64
=====================================

Epoch 0:
  - [Train] Loss=3.22181
  - [Train] Accuracy=1.55000%
  - [Train] Total Forward Time=42123.00226ms
  - [Train] Total Backward Time=16148.19280ms
  - [Train] Batch Forward Time=0.70205ms
  - [Train] Batch Backward Time=0.26914ms
  - [Test] Loss=nan
  - [Test] Accuracy=2.66000%

Epoch 1:
  - [Train] Loss=3.14066
  - [Train] Accuracy=1.64500%
  - [Train] Total Forward Time=42480.31191ms
  - [Train] Total Backward Time=16269.08541ms
  - [Train] Batch Forward Time=0.70801ms
  - [Train] Batch Backward Time=0.27115ms
  - [Test] Loss=nan
  - [Test] Accuracy=2.90000%

