mkdir -p logs
./build/CUDA-DNN-MNIST
=====================================
            Configuration
=====================================
 NumberOfEpochs: 2
 BatchSize: 512
 LearningRate: 1.000000e-06
=====================================

=====================================
         CUDA Configuration
=====================================
 Device name: GeForce GTX 780 Ti
 Memory Clock Rate (KHz): 3500000
 Memory Bus Width (bits): 384
-------------------------------------
 Tensor2DAddBlockSize: 8
 Tensor2DSubtractBlockSize: 8
 Tensor2DScaleBlockSize: 8
 Tensor2DMultiplyBlockSize: 16
 Tensor2DMultiplyBlockNumber: -1
 Tensor2DMultiplySharedMemory: 1
 Tensor2DMeanBlockSize: 8
-------------------------------------
 ReLuBlockSize: 8
-------------------------------------
 CrossEntropyGetMetricBlockSize: 64
 CrossEntropyCalculateBlockSize: 64
=====================================

Epoch 0:
  - [Train] Loss=3.26456
  - [Train] Accuracy=1.27037%
  - [Train] Total Forward Time=145.16739ms
  - [Train] Total Backward Time=384.08416ms
  - [Train] Batch Forward Time=1.24075ms
  - [Train] Batch Backward Time=3.28277ms
  - [Test] Loss=nan
  - [Test] Accuracy=1.91201%

Epoch 1:
  - [Train] Loss=3.21492
  - [Train] Accuracy=1.19191%
  - [Train] Total Forward Time=144.92182ms
  - [Train] Total Backward Time=384.04406ms
  - [Train] Batch Forward Time=1.23865ms
  - [Train] Batch Backward Time=3.28243ms
  - [Test] Loss=nan
  - [Test] Accuracy=1.82977%

