mkdir -p logs
./build/CUDA-DNN-MNIST
=====================================
            Configuration
=====================================
 NumberOfEpochs: 2
 BatchSize: 128
 LearningRate: 1.000000e-06
=====================================

=====================================
         CUDA Configuration
=====================================
 Device name: GeForce GTX 780 Ti
 Memory Clock Rate (KHz): 3500000
 Memory Bus Width (bits): 384
-------------------------------------
 Tensor2DAddBlockSize: 8
 Tensor2DSubtractBlockSize: 8
 Tensor2DScaleBlockSize: 8
 Tensor2DMultiplyBlockSize: 16
 Tensor2DMultiplyBlockNumber: 64
 Tensor2DMultiplySharedMemory: 0
 Tensor2DMeanBlockSize: 8
-------------------------------------
 ReLuBlockSize: 8
-------------------------------------
 CrossEntropyGetMetricBlockSize: 64
 CrossEntropyCalculateBlockSize: 64
=====================================

Epoch 0:
  - [Train] Loss=3.21654
  - [Train] Accuracy=1.50574%
  - [Train] Total Forward Time=511.41200ms
  - [Train] Total Backward Time=2409.94195ms
  - [Train] Batch Forward Time=1.09276ms
  - [Train] Batch Backward Time=5.14945ms
  - [Test] Loss=nan
  - [Test] Accuracy=2.26362%

Epoch 1:
  - [Train] Loss=3.12821
  - [Train] Accuracy=1.52744%
  - [Train] Total Forward Time=524.96746ms
  - [Train] Total Backward Time=2478.37536ms
  - [Train] Batch Forward Time=1.12173ms
  - [Train] Batch Backward Time=5.29567ms
  - [Test] Loss=nan
  - [Test] Accuracy=2.95473%

