mkdir -p logs
./build/CUDA-DNN-MNIST
=====================================
            Configuration
=====================================
 NumberOfEpochs: 2
 BatchSize: 32
 LearningRate: 1.000000e-06
=====================================

=====================================
         CUDA Configuration
=====================================
 Device name: GeForce GTX 780 Ti
 Memory Clock Rate (KHz): 3500000
 Memory Bus Width (bits): 384
-------------------------------------
 Tensor2DAddBlockSize: 8
 Tensor2DSubtractBlockSize: 8
 Tensor2DScaleBlockSize: 8
 Tensor2DMultiplyBlockSize: 16
 Tensor2DMultiplyBlockNumber: -1
 Tensor2DMultiplySharedMemory: 0
 Tensor2DMeanBlockSize: 8
-------------------------------------
 ReLuBlockSize: 8
-------------------------------------
 CrossEntropyGetMetricBlockSize: 64
 CrossEntropyCalculateBlockSize: 64
=====================================

Epoch 0:
  - [Train] Loss=3.20118
  - [Train] Accuracy=1.90833%
  - [Train] Total Forward Time=1562.92083ms
  - [Train] Total Backward Time=2811.05347ms
  - [Train] Batch Forward Time=0.83356ms
  - [Train] Batch Backward Time=1.49923ms
  - [Test] Loss=nan
  - [Test] Accuracy=2.54407%

Epoch 1:
  - [Train] Loss=3.12483
  - [Train] Accuracy=2.08333%
  - [Train] Total Forward Time=1563.25405ms
  - [Train] Total Backward Time=2814.93283ms
  - [Train] Batch Forward Time=0.83374ms
  - [Train] Batch Backward Time=1.50130ms
  - [Test] Loss=nan
  - [Test] Accuracy=2.71434%

