mkdir -p logs
./build/CUDA-DNN-MNIST
=====================================
            Configuration
=====================================
 NumberOfEpochs: 2
 BatchSize: 128
 LearningRate: 1.000000e-06
=====================================

=====================================
         CUDA Configuration
=====================================
 Device name: GeForce GTX TITAN X
 Memory Clock Rate (KHz): 3505000
 Memory Bus Width (bits): 384
-------------------------------------
 Tensor2DAddBlockSize: 8
 Tensor2DSubtractBlockSize: 8
 Tensor2DScaleBlockSize: 8
 Tensor2DMultiplyBlockSize: 16
 Tensor2DMultiplyBlockNumber: -1
 Tensor2DMultiplySharedMemory: 1
 Tensor2DMeanBlockSize: 8
-------------------------------------
 ReLuBlockSize: 8
-------------------------------------
 CrossEntropyGetMetricBlockSize: 64
 CrossEntropyCalculateBlockSize: 64
=====================================

Epoch 0:
  - [Train] Loss=3.25965
  - [Train] Accuracy=1.23197%
  - [Train] Total Forward Time=61.37472ms
  - [Train] Total Backward Time=201.08266ms
  - [Train] Batch Forward Time=0.13114ms
  - [Train] Batch Backward Time=0.42966ms
  - [Test] Loss=nan
  - [Test] Accuracy=1.97316%

Epoch 1:
  - [Train] Loss=3.21916
  - [Train] Accuracy=1.21862%
  - [Train] Total Forward Time=61.24128ms
  - [Train] Total Backward Time=201.05744ms
  - [Train] Batch Forward Time=0.13086ms
  - [Train] Batch Backward Time=0.42961ms
  - [Test] Loss=nan
  - [Test] Accuracy=1.93309%

