mkdir -p logs
./build/CUDA-DNN-MNIST
=====================================
            Configuration
=====================================
 NumberOfEpochs: 2
 BatchSize: 128
 LearningRate: 1.000000e-06
=====================================

=====================================
         CUDA Configuration
=====================================
 Device name: GeForce GTX TITAN X
 Memory Clock Rate (KHz): 3505000
 Memory Bus Width (bits): 384
-------------------------------------
 Tensor2DAddBlockSize: 8
 Tensor2DSubtractBlockSize: 8
 Tensor2DScaleBlockSize: 8
 Tensor2DMultiplyBlockSize: 16
 Tensor2DMultiplyBlockNumber: 32
 Tensor2DMultiplySharedMemory: 1
 Tensor2DMeanBlockSize: 8
-------------------------------------
 ReLuBlockSize: 8
-------------------------------------
 CrossEntropyGetMetricBlockSize: 64
 CrossEntropyCalculateBlockSize: 64
=====================================

Epoch 0:
  - [Train] Loss=3.23884
  - [Train] Accuracy=1.19858%
  - [Train] Total Forward Time=61.85696ms
  - [Train] Total Backward Time=201.26570ms
  - [Train] Batch Forward Time=0.13217ms
  - [Train] Batch Backward Time=0.43005ms
  - [Test] Loss=nan
  - [Test] Accuracy=1.89303%

Epoch 1:
  - [Train] Loss=3.19771
  - [Train] Accuracy=1.15685%
  - [Train] Total Forward Time=61.13226ms
  - [Train] Total Backward Time=201.13110ms
  - [Train] Batch Forward Time=0.13062ms
  - [Train] Batch Backward Time=0.42977ms
  - [Test] Loss=nan
  - [Test] Accuracy=1.94311%

