mkdir -p logs
./build/CUDA-DNN-MNIST
=====================================
            Configuration
=====================================
 NumberOfEpochs: 2
 BatchSize: 128
 LearningRate: 1.000000e-06
=====================================

=====================================
         CUDA Configuration
=====================================
 Device name: GeForce GTX TITAN X
 Memory Clock Rate (KHz): 3505000
 Memory Bus Width (bits): 384
-------------------------------------
 Tensor2DAddBlockSize: 8
 Tensor2DSubtractBlockSize: 8
 Tensor2DScaleBlockSize: 8
 Tensor2DMultiplyBlockSize: 8
 Tensor2DMultiplyBlockNumber: -1
 Tensor2DMultiplySharedMemory: 0
 Tensor2DMeanBlockSize: 8
-------------------------------------
 ReLuBlockSize: 8
-------------------------------------
 CrossEntropyGetMetricBlockSize: 64
 CrossEntropyCalculateBlockSize: 64
=====================================

Epoch 0:
  - [Train] Loss=3.27777
  - [Train] Accuracy=2.94805%
  - [Train] Total Forward Time=436.61837ms
  - [Train] Total Backward Time=612.79136ms
  - [Train] Batch Forward Time=0.93295ms
  - [Train] Batch Backward Time=1.30938ms
  - [Test] Loss=nan
  - [Test] Accuracy=3.92628%

Epoch 1:
  - [Train] Loss=3.20676
  - [Train] Accuracy=2.74940%
  - [Train] Total Forward Time=431.57200ms
  - [Train] Total Backward Time=604.61658ms
  - [Train] Batch Forward Time=0.92216ms
  - [Train] Batch Backward Time=1.29192ms
  - [Test] Loss=nan
  - [Test] Accuracy=4.10657%

