mkdir -p logs
./build/CUDA-DNN-MNIST
=====================================
            Configuration
=====================================
 NumberOfEpochs: 2
 BatchSize: 128
 LearningRate: 1.000000e-06
=====================================

=====================================
         CUDA Configuration
=====================================
 Device name: GeForce GTX TITAN X
 Memory Clock Rate (KHz): 3505000
 Memory Bus Width (bits): 384
-------------------------------------
 Tensor2DAddBlockSize: 8
 Tensor2DSubtractBlockSize: 8
 Tensor2DScaleBlockSize: 8
 Tensor2DMultiplyBlockSize: 16
 Tensor2DMultiplyBlockNumber: 16
 Tensor2DMultiplySharedMemory: 1
 Tensor2DMeanBlockSize: 8
-------------------------------------
 ReLuBlockSize: 8
-------------------------------------
 CrossEntropyGetMetricBlockSize: 64
 CrossEntropyCalculateBlockSize: 64
=====================================

Epoch 0:
  - [Train] Loss=3.24934
  - [Train] Accuracy=1.33213%
  - [Train] Total Forward Time=61.40352ms
  - [Train] Total Backward Time=200.89280ms
  - [Train] Batch Forward Time=0.13120ms
  - [Train] Batch Backward Time=0.42926ms
  - [Test] Loss=nan
  - [Test] Accuracy=2.45393%

Epoch 1:
  - [Train] Loss=3.20855
  - [Train] Accuracy=1.27037%
  - [Train] Total Forward Time=61.38842ms
  - [Train] Total Backward Time=202.17891ms
  - [Train] Batch Forward Time=0.13117ms
  - [Train] Batch Backward Time=0.43201ms
  - [Test] Loss=nan
  - [Test] Accuracy=2.48397%

