mkdir -p logs
./build/CUDA-DNN-MNIST
=====================================
            Configuration
=====================================
 NumberOfEpochs: 2
 BatchSize: 128
 LearningRate: 1.000000e-06
=====================================

=====================================
         CUDA Configuration
=====================================
 Device name: GeForce GTX TITAN X
 Memory Clock Rate (KHz): 3505000
 Memory Bus Width (bits): 384
-------------------------------------
 Tensor2DAddBlockSize: 8
 Tensor2DSubtractBlockSize: 8
 Tensor2DScaleBlockSize: 8
 Tensor2DMultiplyBlockSize: 16
 Tensor2DMultiplyBlockNumber: 8
 Tensor2DMultiplySharedMemory: 0
 Tensor2DMeanBlockSize: 8
-------------------------------------
 ReLuBlockSize: 8
-------------------------------------
 CrossEntropyGetMetricBlockSize: 64
 CrossEntropyCalculateBlockSize: 64
=====================================

Epoch 0:
  - [Train] Loss=3.23012
  - [Train] Accuracy=1.22696%
  - [Train] Total Forward Time=557.70358ms
  - [Train] Total Backward Time=524.95344ms
  - [Train] Batch Forward Time=1.19167ms
  - [Train] Batch Backward Time=1.12170ms
  - [Test] Loss=nan
  - [Test] Accuracy=2.27364%

Epoch 1:
  - [Train] Loss=3.16635
  - [Train] Accuracy=1.18523%
  - [Train] Total Forward Time=557.47120ms
  - [Train] Total Backward Time=524.85430ms
  - [Train] Batch Forward Time=1.19118ms
  - [Train] Batch Backward Time=1.12148ms
  - [Test] Loss=nan
  - [Test] Accuracy=2.31370%

