mkdir -p logs
./build/CUDA-DNN-MNIST
=====================================
            Configuration
=====================================
 NumberOfEpochs: 2
 BatchSize: 1024
 LearningRate: 1.000000e-06
=====================================

=====================================
         CUDA Configuration
=====================================
 Device name: GeForce GTX TITAN X
 Memory Clock Rate (KHz): 3505000
 Memory Bus Width (bits): 384
-------------------------------------
 Tensor2DAddBlockSize: 8
 Tensor2DSubtractBlockSize: 8
 Tensor2DScaleBlockSize: 8
 Tensor2DMultiplyBlockSize: 16
 Tensor2DMultiplyBlockNumber: -1
 Tensor2DMultiplySharedMemory: 0
 Tensor2DMeanBlockSize: 8
-------------------------------------
 ReLuBlockSize: 8
-------------------------------------
 CrossEntropyGetMetricBlockSize: 64
 CrossEntropyCalculateBlockSize: 64
=====================================

Epoch 0:
  - [Train] Loss=3.22693
  - [Train] Accuracy=1.46484%
  - [Train] Total Forward Time=195.54237ms
  - [Train] Total Backward Time=433.72835ms
  - [Train] Batch Forward Time=3.37142ms
  - [Train] Batch Backward Time=7.47808ms
  - [Test] Loss=nan
  - [Test] Accuracy=2.35460%

Epoch 1:
  - [Train] Loss=3.15884
  - [Train] Accuracy=1.32846%
  - [Train] Total Forward Time=195.17622ms
  - [Train] Total Backward Time=433.60720ms
  - [Train] Batch Forward Time=3.36511ms
  - [Train] Batch Backward Time=7.47599ms
  - [Test] Loss=nan
  - [Test] Accuracy=2.17014%

