mkdir -p logs
./build/CUDA-DNN-MNIST
=====================================
            Configuration
=====================================
 NumberOfEpochs: 2
 BatchSize: 64
 LearningRate: 1.000000e-06
=====================================

=====================================
         CUDA Configuration
=====================================
 Device name: GeForce GTX TITAN X
 Memory Clock Rate (KHz): 3505000
 Memory Bus Width (bits): 384
-------------------------------------
 Tensor2DAddBlockSize: 8
 Tensor2DSubtractBlockSize: 8
 Tensor2DScaleBlockSize: 8
 Tensor2DMultiplyBlockSize: 16
 Tensor2DMultiplyBlockNumber: -1
 Tensor2DMultiplySharedMemory: 1
 Tensor2DMeanBlockSize: 8
-------------------------------------
 ReLuBlockSize: 8
-------------------------------------
 CrossEntropyGetMetricBlockSize: 64
 CrossEntropyCalculateBlockSize: 64
=====================================

Epoch 0:
  - [Train] Loss=3.25303
  - [Train] Accuracy=1.19731%
  - [Train] Total Forward Time=100.55546ms
  - [Train] Total Backward Time=254.24147ms
  - [Train] Batch Forward Time=0.10732ms
  - [Train] Batch Backward Time=0.27134ms
  - [Test] Loss=nan
  - [Test] Accuracy=1.86298%

Epoch 1:
  - [Train] Loss=3.21082
  - [Train] Accuracy=1.15061%
  - [Train] Total Forward Time=100.82669ms
  - [Train] Total Backward Time=254.15750ms
  - [Train] Batch Forward Time=0.10761ms
  - [Train] Batch Backward Time=0.27125ms
  - [Test] Loss=nan
  - [Test] Accuracy=1.81290%

