mkdir -p logs
./build/CUDA-DNN-MNIST
=====================================
            Configuration
=====================================
 NumberOfEpochs: 2
 BatchSize: 2
 LearningRate: 1.000000e-06
=====================================

=====================================
         CUDA Configuration
=====================================
 Device name: GeForce GTX TITAN X
 Memory Clock Rate (KHz): 3505000
 Memory Bus Width (bits): 384
-------------------------------------
 Tensor2DAddBlockSize: 8
 Tensor2DSubtractBlockSize: 8
 Tensor2DScaleBlockSize: 8
 Tensor2DMultiplyBlockSize: 16
 Tensor2DMultiplyBlockNumber: -1
 Tensor2DMultiplySharedMemory: 1
 Tensor2DMeanBlockSize: 8
-------------------------------------
 ReLuBlockSize: 8
-------------------------------------
 CrossEntropyGetMetricBlockSize: 64
 CrossEntropyCalculateBlockSize: 64
=====================================

Epoch 0:
  - [Train] Loss=3.24615
  - [Train] Accuracy=0.00000%
  - [Train] Total Forward Time=2520.11590ms
  - [Train] Total Backward Time=3226.06441ms
  - [Train] Batch Forward Time=0.08400ms
  - [Train] Batch Backward Time=0.10754ms
  - [Test] Loss=3.34723
  - [Test] Accuracy=0.28000%

Epoch 1:
  - [Train] Loss=3.24504
  - [Train] Accuracy=0.00000%
  - [Train] Total Forward Time=2521.39926ms
  - [Train] Total Backward Time=3229.65378ms
  - [Train] Batch Forward Time=0.08405ms
  - [Train] Batch Backward Time=0.10766ms
  - [Test] Loss=inf
  - [Test] Accuracy=0.28000%

