mkdir -p logs
./build/CUDA-DNN-MNIST
=====================================
            Configuration
=====================================
 NumberOfEpochs: 2
 BatchSize: 128
 LearningRate: 1.000000e-06
=====================================

=====================================
         CUDA Configuration
=====================================
 Device name: GeForce GTX TITAN X
 Memory Clock Rate (KHz): 3505000
 Memory Bus Width (bits): 384
-------------------------------------
 Tensor2DAddBlockSize: 8
 Tensor2DSubtractBlockSize: 8
 Tensor2DScaleBlockSize: 8
 Tensor2DMultiplyBlockSize: 16
 Tensor2DMultiplyBlockNumber: 16
 Tensor2DMultiplySharedMemory: 0
 Tensor2DMeanBlockSize: 8
-------------------------------------
 ReLuBlockSize: 8
-------------------------------------
 CrossEntropyGetMetricBlockSize: 64
 CrossEntropyCalculateBlockSize: 64
=====================================

Epoch 0:
  - [Train] Loss=3.22970
  - [Train] Accuracy=1.74279%
  - [Train] Total Forward Time=252.14144ms
  - [Train] Total Backward Time=754.10186ms
  - [Train] Batch Forward Time=0.53876ms
  - [Train] Batch Backward Time=1.61133ms
  - [Test] Loss=nan
  - [Test] Accuracy=2.26362%

Epoch 1:
  - [Train] Loss=3.16831
  - [Train] Accuracy=1.75447%
  - [Train] Total Forward Time=247.87901ms
  - [Train] Total Backward Time=734.33600ms
  - [Train] Batch Forward Time=0.52966ms
  - [Train] Batch Backward Time=1.56909ms
  - [Test] Loss=nan
  - [Test] Accuracy=2.39383%

