mkdir -p logs
./build/CUDA-DNN-MNIST
=====================================
            Configuration
=====================================
 NumberOfEpochs: 2
 BatchSize: 128
 LearningRate: 1.000000e-06
=====================================

=====================================
         CUDA Configuration
=====================================
 Device name: GeForce GTX TITAN X
 Memory Clock Rate (KHz): 3505000
 Memory Bus Width (bits): 384
-------------------------------------
 Tensor2DAddBlockSize: 8
 Tensor2DSubtractBlockSize: 8
 Tensor2DScaleBlockSize: 8
 Tensor2DMultiplyBlockSize: 16
 Tensor2DMultiplyBlockNumber: 64
 Tensor2DMultiplySharedMemory: 0
 Tensor2DMeanBlockSize: 8
-------------------------------------
 ReLuBlockSize: 8
-------------------------------------
 CrossEntropyGetMetricBlockSize: 64
 CrossEntropyCalculateBlockSize: 64
=====================================

Epoch 0:
  - [Train] Loss=3.26137
  - [Train] Accuracy=2.26195%
  - [Train] Total Forward Time=154.59258ms
  - [Train] Total Backward Time=627.99974ms
  - [Train] Batch Forward Time=0.33033ms
  - [Train] Batch Backward Time=1.34188ms
  - [Test] Loss=nan
  - [Test] Accuracy=2.98478%

Epoch 1:
  - [Train] Loss=3.19366
  - [Train] Accuracy=2.12340%
  - [Train] Total Forward Time=154.46186ms
  - [Train] Total Backward Time=628.14362ms
  - [Train] Batch Forward Time=0.33005ms
  - [Train] Batch Backward Time=1.34219ms
  - [Test] Loss=nan
  - [Test] Accuracy=2.98478%

