mkdir -p logs
./build/CUDA-DNN-MNIST
=====================================
            Configuration
=====================================
 NumberOfEpochs: 2
 BatchSize: 2
 LearningRate: 1.000000e-06
=====================================

=====================================
         CUDA Configuration
=====================================
 Device name: GeForce GTX TITAN X
 Memory Clock Rate (KHz): 3505000
 Memory Bus Width (bits): 384
-------------------------------------
 Tensor2DAddBlockSize: 8
 Tensor2DSubtractBlockSize: 8
 Tensor2DScaleBlockSize: 8
 Tensor2DMultiplyBlockSize: 16
 Tensor2DMultiplyBlockNumber: -1
 Tensor2DMultiplySharedMemory: 0
 Tensor2DMeanBlockSize: 8
-------------------------------------
 ReLuBlockSize: 8
-------------------------------------
 CrossEntropyGetMetricBlockSize: 64
 CrossEntropyCalculateBlockSize: 64
=====================================

Epoch 0:
  - [Train] Loss=3.27898
  - [Train] Accuracy=1.68833%
  - [Train] Total Forward Time=13485.28431ms
  - [Train] Total Backward Time=4602.60487ms
  - [Train] Batch Forward Time=0.44951ms
  - [Train] Batch Backward Time=0.15342ms
  - [Test] Loss=nan
  - [Test] Accuracy=1.85000%

Epoch 1:
  - [Train] Loss=3.20693
  - [Train] Accuracy=1.61000%
  - [Train] Total Forward Time=13502.75260ms
  - [Train] Total Backward Time=4602.54458ms
  - [Train] Batch Forward Time=0.45009ms
  - [Train] Batch Backward Time=0.15342ms
  - [Test] Loss=nan
  - [Test] Accuracy=1.81000%

