mkdir -p logs
./build/CUDA-DNN-MNIST
=====================================
            Configuration
=====================================
 NumberOfEpochs: 2
 BatchSize: 1
 LearningRate: 1.000000e-06
=====================================

=====================================
         CUDA Configuration
=====================================
 Device name: GeForce GTX TITAN X
 Memory Clock Rate (KHz): 3505000
 Memory Bus Width (bits): 384
-------------------------------------
 Tensor2DAddBlockSize: 8
 Tensor2DSubtractBlockSize: 8
 Tensor2DScaleBlockSize: 8
 Tensor2DMultiplyBlockSize: 16
 Tensor2DMultiplyBlockNumber: -1
 Tensor2DMultiplySharedMemory: 0
 Tensor2DMeanBlockSize: 8
-------------------------------------
 ReLuBlockSize: 8
-------------------------------------
 CrossEntropyGetMetricBlockSize: 64
 CrossEntropyCalculateBlockSize: 64
=====================================

Epoch 0:
  - [Train] Loss=3.30299
  - [Train] Accuracy=1.31833%
  - [Train] Total Forward Time=25769.48421ms
  - [Train] Total Backward Time=8304.59021ms
  - [Train] Batch Forward Time=0.42949ms
  - [Train] Batch Backward Time=0.13841ms
  - [Test] Loss=nan
  - [Test] Accuracy=2.07000%

Epoch 1:
  - [Train] Loss=3.23415
  - [Train] Accuracy=1.13000%
  - [Train] Total Forward Time=25811.03414ms
  - [Train] Total Backward Time=8325.70470ms
  - [Train] Batch Forward Time=0.43018ms
  - [Train] Batch Backward Time=0.13876ms
  - [Test] Loss=nan
  - [Test] Accuracy=2.00000%

