mkdir -p logs
./build/CUDA-DNN-MNIST
=====================================
            Configuration
=====================================
 NumberOfEpochs: 2
 BatchSize: 256
 LearningRate: 1.000000e-06
=====================================

=====================================
         CUDA Configuration
=====================================
 Device name: GeForce GTX TITAN X
 Memory Clock Rate (KHz): 3505000
 Memory Bus Width (bits): 384
-------------------------------------
 Tensor2DAddBlockSize: 8
 Tensor2DSubtractBlockSize: 8
 Tensor2DScaleBlockSize: 8
 Tensor2DMultiplyBlockSize: 16
 Tensor2DMultiplyBlockNumber: 32
 Tensor2DMultiplySharedMemory: 0
 Tensor2DMeanBlockSize: 8
-------------------------------------
 ReLuBlockSize: 8
-------------------------------------
 CrossEntropyGetMetricBlockSize: 64
 CrossEntropyCalculateBlockSize: 64
=====================================

Epoch 0:
  - [Train] Loss=3.27003
  - [Train] Accuracy=1.79454%
  - [Train] Total Forward Time=137.38774ms
  - [Train] Total Backward Time=502.16336ms
  - [Train] Batch Forward Time=0.58713ms
  - [Train] Batch Backward Time=2.14600ms
  - [Test] Loss=nan
  - [Test] Accuracy=2.12340%

Epoch 1:
  - [Train] Loss=3.19963
  - [Train] Accuracy=1.61926%
  - [Train] Total Forward Time=137.10205ms
  - [Train] Total Backward Time=501.57277ms
  - [Train] Batch Forward Time=0.58591ms
  - [Train] Batch Backward Time=2.14347ms
  - [Test] Loss=nan
  - [Test] Accuracy=2.13341%

