mkdir -p logs
./build/CUDA-DNN-MNIST
=====================================
            Configuration
=====================================
 NumberOfEpochs: 2
 BatchSize: 1
 LearningRate: 1.000000e-06
=====================================

=====================================
         CUDA Configuration
=====================================
 Device name: GeForce GTX TITAN X
 Memory Clock Rate (KHz): 3505000
 Memory Bus Width (bits): 384
-------------------------------------
 Tensor2DAddBlockSize: 8
 Tensor2DSubtractBlockSize: 8
 Tensor2DScaleBlockSize: 8
 Tensor2DMultiplyBlockSize: 16
 Tensor2DMultiplyBlockNumber: -1
 Tensor2DMultiplySharedMemory: 1
 Tensor2DMeanBlockSize: 8
-------------------------------------
 ReLuBlockSize: 8
-------------------------------------
 CrossEntropyGetMetricBlockSize: 64
 CrossEntropyCalculateBlockSize: 64
=====================================

Epoch 0:
  - [Train] Loss=3.25130
  - [Train] Accuracy=0.00000%
  - [Train] Total Forward Time=5121.63639ms
  - [Train] Total Backward Time=6513.36183ms
  - [Train] Batch Forward Time=0.08536ms
  - [Train] Batch Backward Time=0.10856ms
  - [Test] Loss=3.26498
  - [Test] Accuracy=0.25000%

Epoch 1:
  - [Train] Loss=3.25105
  - [Train] Accuracy=0.00000%
  - [Train] Total Forward Time=5086.70346ms
  - [Train] Total Backward Time=6477.68589ms
  - [Train] Batch Forward Time=0.08478ms
  - [Train] Batch Backward Time=0.10796ms
  - [Test] Loss=3.26471
  - [Test] Accuracy=0.25000%

