mkdir -p logs
./build/CUDA-DNN-MNIST
=====================================
            Configuration
=====================================
 NumberOfEpochs: 2
 BatchSize: 128
 LearningRate: 1.000000e-06
=====================================

=====================================
         CUDA Configuration
=====================================
 Device name: GeForce GTX TITAN X
 Memory Clock Rate (KHz): 3505000
 Memory Bus Width (bits): 384
-------------------------------------
 Tensor2DAddBlockSize: 8
 Tensor2DSubtractBlockSize: 8
 Tensor2DScaleBlockSize: 8
 Tensor2DMultiplyBlockSize: 1
 Tensor2DMultiplyBlockNumber: -1
 Tensor2DMultiplySharedMemory: 0
 Tensor2DMeanBlockSize: 8
-------------------------------------
 ReLuBlockSize: 8
-------------------------------------
 CrossEntropyGetMetricBlockSize: 64
 CrossEntropyCalculateBlockSize: 64
=====================================

Epoch 0:
  - [Train] Loss=3.25826
  - [Train] Accuracy=1.47069%
  - [Train] Total Forward Time=1628.10234ms
  - [Train] Total Backward Time=7050.70099ms
  - [Train] Batch Forward Time=3.47885ms
  - [Train] Batch Backward Time=15.06560ms
  - [Test] Loss=nan
  - [Test] Accuracy=2.66426%

Epoch 1:
  - [Train] Loss=3.19238
  - [Train] Accuracy=1.38221%
  - [Train] Total Forward Time=1651.39574ms
  - [Train] Total Backward Time=7126.51139ms
  - [Train] Batch Forward Time=3.52862ms
  - [Train] Batch Backward Time=15.22759ms
  - [Test] Loss=nan
  - [Test] Accuracy=2.56410%

