mkdir -p logs
./build/CUDA-DNN-MNIST
=====================================
            Configuration
=====================================
 NumberOfEpochs: 2
 BatchSize: 512
 LearningRate: 1.000000e-06
=====================================

=====================================
         CUDA Configuration
=====================================
 Device name: GeForce GTX TITAN X
 Memory Clock Rate (KHz): 3505000
 Memory Bus Width (bits): 384
-------------------------------------
 Tensor2DAddBlockSize: 8
 Tensor2DSubtractBlockSize: 8
 Tensor2DScaleBlockSize: 8
 Tensor2DMultiplyBlockSize: 16
 Tensor2DMultiplyBlockNumber: 32
 Tensor2DMultiplySharedMemory: 0
 Tensor2DMeanBlockSize: 8
-------------------------------------
 ReLuBlockSize: 8
-------------------------------------
 CrossEntropyGetMetricBlockSize: 64
 CrossEntropyCalculateBlockSize: 64
=====================================

Epoch 0:
  - [Train] Loss=3.18446
  - [Train] Accuracy=1.01162%
  - [Train] Total Forward Time=144.59501ms
  - [Train] Total Backward Time=459.64746ms
  - [Train] Batch Forward Time=1.23585ms
  - [Train] Batch Backward Time=3.92861ms
  - [Test] Loss=nan
  - [Test] Accuracy=1.57278%

Epoch 1:
  - [Train] Loss=3.11738
  - [Train] Accuracy=0.90478%
  - [Train] Total Forward Time=144.48102ms
  - [Train] Total Backward Time=459.43117ms
  - [Train] Batch Forward Time=1.23488ms
  - [Train] Batch Backward Time=3.92676ms
  - [Test] Loss=nan
  - [Test] Accuracy=1.55222%

