mkdir -p logs
./build/CUDA-DNN-MNIST
=====================================
            Configuration
=====================================
 NumberOfEpochs: 2
 BatchSize: 128
 LearningRate: 1.000000e-06
=====================================

=====================================
         CUDA Configuration
=====================================
 Device name: GeForce GTX TITAN X
 Memory Clock Rate (KHz): 3505000
 Memory Bus Width (bits): 384
-------------------------------------
 Tensor2DAddBlockSize: 8
 Tensor2DSubtractBlockSize: 8
 Tensor2DScaleBlockSize: 8
 Tensor2DMultiplyBlockSize: 32
 Tensor2DMultiplyBlockNumber: 16
 Tensor2DMultiplySharedMemory: 0
 Tensor2DMeanBlockSize: 8
-------------------------------------
 ReLuBlockSize: 8
-------------------------------------
 CrossEntropyGetMetricBlockSize: 64
 CrossEntropyCalculateBlockSize: 64
=====================================

Epoch 0:
  - [Train] Loss=3.27601
  - [Train] Accuracy=2.35210%
  - [Train] Total Forward Time=226.90262ms
  - [Train] Total Backward Time=736.92077ms
  - [Train] Batch Forward Time=0.48483ms
  - [Train] Batch Backward Time=1.57462ms
  - [Test] Loss=nan
  - [Test] Accuracy=3.42548%

Epoch 1:
  - [Train] Loss=3.20319
  - [Train] Accuracy=2.16847%
  - [Train] Total Forward Time=226.48333ms
  - [Train] Total Backward Time=737.32736ms
  - [Train] Batch Forward Time=0.48394ms
  - [Train] Batch Backward Time=1.57549ms
  - [Test] Loss=nan
  - [Test] Accuracy=3.23518%

