mkdir -p logs
./build/CUDA-DNN-MNIST
=====================================
            Configuration
=====================================
 NumberOfEpochs: 2
 BatchSize: 256
 LearningRate: 1.000000e-06
=====================================

=====================================
         CUDA Configuration
=====================================
 Device name: GeForce GTX TITAN X
 Memory Clock Rate (KHz): 3505000
 Memory Bus Width (bits): 384
-------------------------------------
 Tensor2DAddBlockSize: 8
 Tensor2DSubtractBlockSize: 8
 Tensor2DScaleBlockSize: 8
 Tensor2DMultiplyBlockSize: 16
 Tensor2DMultiplyBlockNumber: 16
 Tensor2DMultiplySharedMemory: 1
 Tensor2DMeanBlockSize: 8
-------------------------------------
 ReLuBlockSize: 8
-------------------------------------
 CrossEntropyGetMetricBlockSize: 64
 CrossEntropyCalculateBlockSize: 64
=====================================

Epoch 0:
  - [Train] Loss=3.23670
  - [Train] Accuracy=0.86639%
  - [Train] Total Forward Time=50.89731ms
  - [Train] Total Backward Time=176.63277ms
  - [Train] Batch Forward Time=0.21751ms
  - [Train] Batch Backward Time=0.75484ms
  - [Test] Loss=nan
  - [Test] Accuracy=1.29207%

Epoch 1:
  - [Train] Loss=3.19419
  - [Train] Accuracy=0.85971%
  - [Train] Total Forward Time=50.51718ms
  - [Train] Total Backward Time=176.41875ms
  - [Train] Batch Forward Time=0.21589ms
  - [Train] Batch Backward Time=0.75393ms
  - [Test] Loss=nan
  - [Test] Accuracy=1.26202%

