mkdir -p logs
./build/CUDA-DNN-MNIST
=====================================
            Configuration
=====================================
 NumberOfEpochs: 2
 BatchSize: 32
 LearningRate: 1.000000e-06
=====================================

=====================================
         CUDA Configuration
=====================================
 Device name: GeForce GTX TITAN X
 Memory Clock Rate (KHz): 3505000
 Memory Bus Width (bits): 384
-------------------------------------
 Tensor2DAddBlockSize: 8
 Tensor2DSubtractBlockSize: 8
 Tensor2DScaleBlockSize: 8
 Tensor2DMultiplyBlockSize: 16
 Tensor2DMultiplyBlockNumber: -1
 Tensor2DMultiplySharedMemory: 0
 Tensor2DMeanBlockSize: 8
-------------------------------------
 ReLuBlockSize: 8
-------------------------------------
 CrossEntropyGetMetricBlockSize: 64
 CrossEntropyCalculateBlockSize: 64
=====================================

Epoch 0:
  - [Train] Loss=3.25976
  - [Train] Accuracy=2.91667%
  - [Train] Total Forward Time=952.29590ms
  - [Train] Total Backward Time=668.36390ms
  - [Train] Batch Forward Time=0.50789ms
  - [Train] Batch Backward Time=0.35646ms
  - [Test] Loss=nan
  - [Test] Accuracy=3.43550%

Epoch 1:
  - [Train] Loss=3.19249
  - [Train] Accuracy=2.71833%
  - [Train] Total Forward Time=952.07642ms
  - [Train] Total Backward Time=668.36016ms
  - [Train] Batch Forward Time=0.50777ms
  - [Train] Batch Backward Time=0.35646ms
  - [Test] Loss=nan
  - [Test] Accuracy=3.42548%

