mkdir -p logs
./build/CUDA-DNN-MNIST
=====================================
            Configuration
=====================================
 NumberOfEpochs: 2
 BatchSize: 512
 LearningRate: 1.000000e-06
=====================================

=====================================
         CUDA Configuration
=====================================
 Device name: GeForce GTX TITAN X
 Memory Clock Rate (KHz): 3505000
 Memory Bus Width (bits): 384
-------------------------------------
 Tensor2DAddBlockSize: 8
 Tensor2DSubtractBlockSize: 8
 Tensor2DScaleBlockSize: 8
 Tensor2DMultiplyBlockSize: 16
 Tensor2DMultiplyBlockNumber: 16
 Tensor2DMultiplySharedMemory: 0
 Tensor2DMeanBlockSize: 8
-------------------------------------
 ReLuBlockSize: 8
-------------------------------------
 CrossEntropyGetMetricBlockSize: 64
 CrossEntropyCalculateBlockSize: 64
=====================================

Epoch 0:
  - [Train] Loss=3.22103
  - [Train] Accuracy=2.10170%
  - [Train] Total Forward Time=240.11165ms
  - [Train] Total Backward Time=636.57392ms
  - [Train] Batch Forward Time=2.05224ms
  - [Train] Batch Backward Time=5.44080ms
  - [Test] Loss=nan
  - [Test] Accuracy=3.01192%

Epoch 1:
  - [Train] Loss=3.15954
  - [Train] Accuracy=2.39216%
  - [Train] Total Forward Time=240.44666ms
  - [Train] Total Backward Time=637.83997ms
  - [Train] Batch Forward Time=2.05510ms
  - [Train] Batch Backward Time=5.45162ms
  - [Test] Loss=nan
  - [Test] Accuracy=3.26891%

