mkdir -p logs
./build/CUDA-DNN-MNIST
=====================================
            Configuration
=====================================
 NumberOfEpochs: 2
 BatchSize: 256
 LearningRate: 1.000000e-06
=====================================

=====================================
         CUDA Configuration
=====================================
 Device name: GeForce GTX TITAN X
 Memory Clock Rate (KHz): 3505000
 Memory Bus Width (bits): 384
-------------------------------------
 Tensor2DAddBlockSize: 8
 Tensor2DSubtractBlockSize: 8
 Tensor2DScaleBlockSize: 8
 Tensor2DMultiplyBlockSize: 32
 Tensor2DMultiplyBlockNumber: 16
 Tensor2DMultiplySharedMemory: 0
 Tensor2DMeanBlockSize: 8
-------------------------------------
 ReLuBlockSize: 8
-------------------------------------
 CrossEntropyGetMetricBlockSize: 64
 CrossEntropyCalculateBlockSize: 64
=====================================

Epoch 0:
  - [Train] Loss=3.21518
  - [Train] Accuracy=3.01315%
  - [Train] Total Forward Time=193.74365ms
  - [Train] Total Backward Time=693.74256ms
  - [Train] Batch Forward Time=0.82796ms
  - [Train] Batch Backward Time=2.96471ms
  - [Test] Loss=nan
  - [Test] Accuracy=4.61739%

Epoch 1:
  - [Train] Loss=3.14605
  - [Train] Accuracy=2.93970%
  - [Train] Total Forward Time=191.91050ms
  - [Train] Total Backward Time=693.60387ms
  - [Train] Batch Forward Time=0.82013ms
  - [Train] Batch Backward Time=2.96412ms
  - [Test] Loss=nan
  - [Test] Accuracy=5.54888%

