mkdir -p logs
./build/CUDA-DNN-MNIST
=====================================
            Configuration
=====================================
 NumberOfEpochs: 2
 BatchSize: 128
 LearningRate: 1.000000e-06
=====================================

=====================================
         CUDA Configuration
=====================================
 Device name: GeForce GTX TITAN X
 Memory Clock Rate (KHz): 3505000
 Memory Bus Width (bits): 384
-------------------------------------
 Tensor2DAddBlockSize: 8
 Tensor2DSubtractBlockSize: 8
 Tensor2DScaleBlockSize: 8
 Tensor2DMultiplyBlockSize: 32
 Tensor2DMultiplyBlockNumber: 32
 Tensor2DMultiplySharedMemory: 0
 Tensor2DMeanBlockSize: 8
-------------------------------------
 ReLuBlockSize: 8
-------------------------------------
 CrossEntropyGetMetricBlockSize: 64
 CrossEntropyCalculateBlockSize: 64
=====================================

Epoch 0:
  - [Train] Loss=3.25691
  - [Train] Accuracy=2.15011%
  - [Train] Total Forward Time=197.21878ms
  - [Train] Total Backward Time=804.59955ms
  - [Train] Batch Forward Time=0.42141ms
  - [Train] Batch Backward Time=1.71923ms
  - [Test] Loss=nan
  - [Test] Accuracy=3.14503%

Epoch 1:
  - [Train] Loss=3.18980
  - [Train] Accuracy=2.06831%
  - [Train] Total Forward Time=197.17126ms
  - [Train] Total Backward Time=804.71558ms
  - [Train] Batch Forward Time=0.42131ms
  - [Train] Batch Backward Time=1.71948ms
  - [Test] Loss=nan
  - [Test] Accuracy=3.41546%

