mkdir -p logs
./build/CUDA-DNN-MNIST
=====================================
            Configuration
=====================================
 NumberOfEpochs: 2
 BatchSize: 256
 LearningRate: 1.000000e-06
=====================================

=====================================
         CUDA Configuration
=====================================
 Device name: GeForce GTX TITAN X
 Memory Clock Rate (KHz): 3505000
 Memory Bus Width (bits): 384
-------------------------------------
 Tensor2DAddBlockSize: 8
 Tensor2DSubtractBlockSize: 8
 Tensor2DScaleBlockSize: 8
 Tensor2DMultiplyBlockSize: 16
 Tensor2DMultiplyBlockNumber: -1
 Tensor2DMultiplySharedMemory: 1
 Tensor2DMeanBlockSize: 8
-------------------------------------
 ReLuBlockSize: 8
-------------------------------------
 CrossEntropyGetMetricBlockSize: 64
 CrossEntropyCalculateBlockSize: 64
=====================================

Epoch 0:
  - [Train] Loss=3.27286
  - [Train] Accuracy=1.28038%
  - [Train] Total Forward Time=50.86915ms
  - [Train] Total Backward Time=176.96851ms
  - [Train] Batch Forward Time=0.21739ms
  - [Train] Batch Backward Time=0.75628ms
  - [Test] Loss=nan
  - [Test] Accuracy=1.81290%

Epoch 1:
  - [Train] Loss=3.23066
  - [Train] Accuracy=1.21361%
  - [Train] Total Forward Time=50.76246ms
  - [Train] Total Backward Time=176.74291ms
  - [Train] Batch Forward Time=0.21693ms
  - [Train] Batch Backward Time=0.75531ms
  - [Test] Loss=nan
  - [Test] Accuracy=1.86298%

