mkdir -p logs
./build/CUDA-DNN-MNIST
=====================================
            Configuration
=====================================
 NumberOfEpochs: 2
 BatchSize: 1024
 LearningRate: 1.000000e-06
=====================================

=====================================
         CUDA Configuration
=====================================
 Device name: GeForce GTX TITAN X
 Memory Clock Rate (KHz): 3505000
 Memory Bus Width (bits): 384
-------------------------------------
 Tensor2DAddBlockSize: 8
 Tensor2DSubtractBlockSize: 8
 Tensor2DScaleBlockSize: 8
 Tensor2DMultiplyBlockSize: 16
 Tensor2DMultiplyBlockNumber: -1
 Tensor2DMultiplySharedMemory: 1
 Tensor2DMeanBlockSize: 8
-------------------------------------
 ReLuBlockSize: 8
-------------------------------------
 CrossEntropyGetMetricBlockSize: 64
 CrossEntropyCalculateBlockSize: 64
=====================================

Epoch 0:
  - [Train] Loss=3.26012
  - [Train] Accuracy=1.75613%
  - [Train] Total Forward Time=38.83827ms
  - [Train] Total Backward Time=156.53110ms
  - [Train] Batch Forward Time=0.66963ms
  - [Train] Batch Backward Time=2.69881ms
  - [Test] Loss=nan
  - [Test] Accuracy=2.17014%

Epoch 1:
  - [Train] Loss=3.21810
  - [Train] Accuracy=1.55408%
  - [Train] Total Forward Time=38.72058ms
  - [Train] Total Backward Time=156.46851ms
  - [Train] Batch Forward Time=0.66760ms
  - [Train] Batch Backward Time=2.69773ms
  - [Test] Loss=nan
  - [Test] Accuracy=2.25694%

