mkdir -p logs
./build/CUDA-DNN-MNIST
=====================================
            Configuration
=====================================
 NumberOfEpochs: 2
 BatchSize: 128
 LearningRate: 1.000000e-06
=====================================

=====================================
         CUDA Configuration
=====================================
 Device name: GeForce GTX TITAN X
 Memory Clock Rate (KHz): 3505000
 Memory Bus Width (bits): 384
-------------------------------------
 Tensor2DAddBlockSize: 8
 Tensor2DSubtractBlockSize: 8
 Tensor2DScaleBlockSize: 8
 Tensor2DMultiplyBlockSize: 4
 Tensor2DMultiplyBlockNumber: -1
 Tensor2DMultiplySharedMemory: 0
 Tensor2DMeanBlockSize: 8
-------------------------------------
 ReLuBlockSize: 8
-------------------------------------
 CrossEntropyGetMetricBlockSize: 64
 CrossEntropyCalculateBlockSize: 64
=====================================

Epoch 0:
  - [Train] Loss=3.23879
  - [Train] Accuracy=2.41386%
  - [Train] Total Forward Time=632.47971ms
  - [Train] Total Backward Time=1393.67849ms
  - [Train] Batch Forward Time=1.35145ms
  - [Train] Batch Backward Time=2.97795ms
  - [Test] Loss=nan
  - [Test] Accuracy=2.65425%

Epoch 1:
  - [Train] Loss=3.17195
  - [Train] Accuracy=2.28699%
  - [Train] Total Forward Time=622.68483ms
  - [Train] Total Backward Time=1372.76003ms
  - [Train] Batch Forward Time=1.33052ms
  - [Train] Batch Backward Time=2.93325ms
  - [Test] Loss=nan
  - [Test] Accuracy=2.63421%

