mkdir -p logs
./build/CUDA-DNN-MNIST
=====================================
            Configuration
=====================================
 NumberOfEpochs: 2
 BatchSize: 4
 LearningRate: 1.000000e-06
=====================================

=====================================
         CUDA Configuration
=====================================
 Device name: GeForce GTX TITAN X
 Memory Clock Rate (KHz): 3505000
 Memory Bus Width (bits): 384
-------------------------------------
 Tensor2DAddBlockSize: 8
 Tensor2DSubtractBlockSize: 8
 Tensor2DScaleBlockSize: 8
 Tensor2DMultiplyBlockSize: 16
 Tensor2DMultiplyBlockNumber: -1
 Tensor2DMultiplySharedMemory: 0
 Tensor2DMeanBlockSize: 8
-------------------------------------
 ReLuBlockSize: 8
-------------------------------------
 CrossEntropyGetMetricBlockSize: 64
 CrossEntropyCalculateBlockSize: 64
=====================================

Epoch 0:
  - [Train] Loss=3.28524
  - [Train] Accuracy=2.14667%
  - [Train] Total Forward Time=6854.72090ms
  - [Train] Total Backward Time=2351.04729ms
  - [Train] Batch Forward Time=0.45698ms
  - [Train] Batch Backward Time=0.15674ms
  - [Test] Loss=nan
  - [Test] Accuracy=2.96000%

Epoch 1:
  - [Train] Loss=3.21345
  - [Train] Accuracy=1.87667%
  - [Train] Total Forward Time=6855.02825ms
  - [Train] Total Backward Time=2349.60083ms
  - [Train] Batch Forward Time=0.45700ms
  - [Train] Batch Backward Time=0.15664ms
  - [Test] Loss=nan
  - [Test] Accuracy=2.89000%

