mkdir -p logs
./build/CUDA-DNN-MNIST
=====================================
            Configuration
=====================================
 NumberOfEpochs: 2
 BatchSize: 512
 LearningRate: 1.000000e-06
=====================================

=====================================
         CUDA Configuration
=====================================
 Device name: GeForce GTX TITAN X
 Memory Clock Rate (KHz): 3505000
 Memory Bus Width (bits): 384
-------------------------------------
 Tensor2DAddBlockSize: 8
 Tensor2DSubtractBlockSize: 8
 Tensor2DScaleBlockSize: 8
 Tensor2DMultiplyBlockSize: 32
 Tensor2DMultiplyBlockNumber: 16
 Tensor2DMultiplySharedMemory: 0
 Tensor2DMeanBlockSize: 8
-------------------------------------
 ReLuBlockSize: 8
-------------------------------------
 CrossEntropyGetMetricBlockSize: 64
 CrossEntropyCalculateBlockSize: 64
=====================================

Epoch 0:
  - [Train] Loss=3.23535
  - [Train] Accuracy=1.97483%
  - [Train] Total Forward Time=180.74579ms
  - [Train] Total Backward Time=664.48368ms
  - [Train] Batch Forward Time=1.54484ms
  - [Train] Batch Backward Time=5.67935ms
  - [Test] Loss=nan
  - [Test] Accuracy=2.13816%

Epoch 1:
  - [Train] Loss=3.16921
  - [Train] Accuracy=1.80288%
  - [Train] Total Forward Time=183.53789ms
  - [Train] Total Backward Time=667.71043ms
  - [Train] Batch Forward Time=1.56870ms
  - [Train] Batch Backward Time=5.70693ms
  - [Test] Loss=nan
  - [Test] Accuracy=2.13816%

