mkdir -p logs
./build/CUDA-DNN-MNIST
=====================================
            Configuration
=====================================
 NumberOfEpochs: 2
 BatchSize: 128
 LearningRate: 1.000000e-06
=====================================

=====================================
         CUDA Configuration
=====================================
 Device name: GeForce GTX TITAN X
 Memory Clock Rate (KHz): 3505000
 Memory Bus Width (bits): 384
-------------------------------------
 Tensor2DAddBlockSize: 8
 Tensor2DSubtractBlockSize: 8
 Tensor2DScaleBlockSize: 8
 Tensor2DMultiplyBlockSize: 32
 Tensor2DMultiplyBlockNumber: 16
 Tensor2DMultiplySharedMemory: 1
 Tensor2DMeanBlockSize: 8
-------------------------------------
 ReLuBlockSize: 8
-------------------------------------
 CrossEntropyGetMetricBlockSize: 64
 CrossEntropyCalculateBlockSize: 64
=====================================

Epoch 0:
  - [Train] Loss=3.24953
  - [Train] Accuracy=0.52918%
  - [Train] Total Forward Time=78.93331ms
  - [Train] Total Backward Time=605.30467ms
  - [Train] Batch Forward Time=0.16866ms
  - [Train] Batch Backward Time=1.29339ms
  - [Test] Loss=nan
  - [Test] Accuracy=1.11178%

Epoch 1:
  - [Train] Loss=3.22997
  - [Train] Accuracy=0.49579%
  - [Train] Total Forward Time=78.97997ms
  - [Train] Total Backward Time=605.20560ms
  - [Train] Batch Forward Time=0.16876ms
  - [Train] Batch Backward Time=1.29317ms
  - [Test] Loss=nan
  - [Test] Accuracy=1.12179%

