mkdir -p logs
./build/CUDA-DNN-MNIST
=====================================
            Configuration
=====================================
 NumberOfEpochs: 2
 BatchSize: 8
 LearningRate: 1.000000e-06
=====================================

=====================================
         CUDA Configuration
=====================================
 Device name: GeForce GTX TITAN X
 Memory Clock Rate (KHz): 3505000
 Memory Bus Width (bits): 384
-------------------------------------
 Tensor2DAddBlockSize: 8
 Tensor2DSubtractBlockSize: 8
 Tensor2DScaleBlockSize: 8
 Tensor2DMultiplyBlockSize: 16
 Tensor2DMultiplyBlockNumber: -1
 Tensor2DMultiplySharedMemory: 1
 Tensor2DMeanBlockSize: 8
-------------------------------------
 ReLuBlockSize: 8
-------------------------------------
 CrossEntropyGetMetricBlockSize: 64
 CrossEntropyCalculateBlockSize: 64
=====================================

Epoch 0:
  - [Train] Loss=3.23720
  - [Train] Accuracy=0.41667%
  - [Train] Total Forward Time=643.06753ms
  - [Train] Total Backward Time=901.99520ms
  - [Train] Batch Forward Time=0.08574ms
  - [Train] Batch Backward Time=0.12027ms
  - [Test] Loss=nan
  - [Test] Accuracy=0.72000%

Epoch 1:
  - [Train] Loss=3.21984
  - [Train] Accuracy=0.41667%
  - [Train] Total Forward Time=642.76452ms
  - [Train] Total Backward Time=901.26595ms
  - [Train] Batch Forward Time=0.08570ms
  - [Train] Batch Backward Time=0.12017ms
  - [Test] Loss=nan
  - [Test] Accuracy=0.72000%

