mkdir -p logs
./build/CUDA-DNN-MNIST
=====================================
            Configuration
=====================================
 NumberOfEpochs: 2
 BatchSize: 64
 LearningRate: 1.000000e-06
=====================================

=====================================
         CUDA Configuration
=====================================
 Device name: GeForce GTX TITAN X
 Memory Clock Rate (KHz): 3505000
 Memory Bus Width (bits): 384
-------------------------------------
 Tensor2DAddBlockSize: 8
 Tensor2DSubtractBlockSize: 8
 Tensor2DScaleBlockSize: 8
 Tensor2DMultiplyBlockSize: 16
 Tensor2DMultiplyBlockNumber: -1
 Tensor2DMultiplySharedMemory: 0
 Tensor2DMeanBlockSize: 8
-------------------------------------
 ReLuBlockSize: 8
-------------------------------------
 CrossEntropyGetMetricBlockSize: 64
 CrossEntropyCalculateBlockSize: 64
=====================================

Epoch 0:
  - [Train] Loss=3.25397
  - [Train] Accuracy=1.42743%
  - [Train] Total Forward Time=536.74678ms
  - [Train] Total Backward Time=661.93046ms
  - [Train] Batch Forward Time=0.57284ms
  - [Train] Batch Backward Time=0.70644ms
  - [Test] Loss=nan
  - [Test] Accuracy=2.19351%

Epoch 1:
  - [Train] Loss=3.18876
  - [Train] Accuracy=1.35072%
  - [Train] Total Forward Time=536.15648ms
  - [Train] Total Backward Time=661.44198ms
  - [Train] Batch Forward Time=0.57221ms
  - [Train] Batch Backward Time=0.70591ms
  - [Test] Loss=nan
  - [Test] Accuracy=2.27364%

