mkdir -p logs
./build/CUDA-DNN-MNIST
=====================================
            Configuration
=====================================
 NumberOfEpochs: 2
 BatchSize: 256
 LearningRate: 1.000000e-06
=====================================

=====================================
         CUDA Configuration
=====================================
 Device name: GeForce GTX TITAN X
 Memory Clock Rate (KHz): 3505000
 Memory Bus Width (bits): 384
-------------------------------------
 Tensor2DAddBlockSize: 8
 Tensor2DSubtractBlockSize: 8
 Tensor2DScaleBlockSize: 8
 Tensor2DMultiplyBlockSize: 16
 Tensor2DMultiplyBlockNumber: -1
 Tensor2DMultiplySharedMemory: 0
 Tensor2DMeanBlockSize: 8
-------------------------------------
 ReLuBlockSize: 8
-------------------------------------
 CrossEntropyGetMetricBlockSize: 64
 CrossEntropyCalculateBlockSize: 64
=====================================

Epoch 0:
  - [Train] Loss=3.21675
  - [Train] Accuracy=0.81798%
  - [Train] Total Forward Time=264.64365ms
  - [Train] Total Backward Time=459.31312ms
  - [Train] Batch Forward Time=1.13096ms
  - [Train] Batch Backward Time=1.96288ms
  - [Test] Loss=nan
  - [Test] Accuracy=1.36218%

Epoch 1:
  - [Train] Loss=3.15108
  - [Train] Accuracy=0.82298%
  - [Train] Total Forward Time=263.22678ms
  - [Train] Total Backward Time=459.43517ms
  - [Train] Batch Forward Time=1.12490ms
  - [Train] Batch Backward Time=1.96340ms
  - [Test] Loss=nan
  - [Test] Accuracy=1.41226%

