mkdir -p logs
./build/CUDA-DNN-MNIST
=====================================
            Configuration
=====================================
 NumberOfEpochs: 2
 BatchSize: 128
 LearningRate: 1.000000e-06
=====================================

=====================================
         CUDA Configuration
=====================================
 Device name: GeForce GTX TITAN X
 Memory Clock Rate (KHz): 3505000
 Memory Bus Width (bits): 384
-------------------------------------
 Tensor2DAddBlockSize: 8
 Tensor2DSubtractBlockSize: 8
 Tensor2DScaleBlockSize: 8
 Tensor2DMultiplyBlockSize: 32
 Tensor2DMultiplyBlockNumber: -1
 Tensor2DMultiplySharedMemory: 0
 Tensor2DMeanBlockSize: 8
-------------------------------------
 ReLuBlockSize: 8
-------------------------------------
 CrossEntropyGetMetricBlockSize: 64
 CrossEntropyCalculateBlockSize: 64
=====================================

Epoch 0:
  - [Train] Loss=3.28561
  - [Train] Accuracy=2.36211%
  - [Train] Total Forward Time=422.87645ms
  - [Train] Total Backward Time=731.99344ms
  - [Train] Batch Forward Time=0.90358ms
  - [Train] Batch Backward Time=1.56409ms
  - [Test] Loss=inf
  - [Test] Accuracy=2.20353%

Epoch 1:
  - [Train] Loss=3.21262
  - [Train] Accuracy=2.11505%
  - [Train] Total Forward Time=422.89328ms
  - [Train] Total Backward Time=731.50733ms
  - [Train] Batch Forward Time=0.90362ms
  - [Train] Batch Backward Time=1.56305ms
  - [Test] Loss=3.28803
  - [Test] Accuracy=2.11338%

