mkdir -p logs
./build/CUDA-DNN-MNIST
=====================================
            Configuration
=====================================
 NumberOfEpochs: 2
 BatchSize: 128
 LearningRate: 1.000000e-06
=====================================

=====================================
         CUDA Configuration
=====================================
 Device name: GeForce GTX TITAN X
 Memory Clock Rate (KHz): 3505000
 Memory Bus Width (bits): 384
-------------------------------------
 Tensor2DAddBlockSize: 8
 Tensor2DSubtractBlockSize: 8
 Tensor2DScaleBlockSize: 8
 Tensor2DMultiplyBlockSize: 16
 Tensor2DMultiplyBlockNumber: 32
 Tensor2DMultiplySharedMemory: 0
 Tensor2DMeanBlockSize: 8
-------------------------------------
 ReLuBlockSize: 8
-------------------------------------
 CrossEntropyGetMetricBlockSize: 64
 CrossEntropyCalculateBlockSize: 64
=====================================

Epoch 0:
  - [Train] Loss=3.27899
  - [Train] Accuracy=1.83961%
  - [Train] Total Forward Time=167.21990ms
  - [Train] Total Backward Time=549.31283ms
  - [Train] Batch Forward Time=0.35731ms
  - [Train] Batch Backward Time=1.17375ms
  - [Test] Loss=nan
  - [Test] Accuracy=2.19351%

Epoch 1:
  - [Train] Loss=3.21076
  - [Train] Accuracy=1.70106%
  - [Train] Total Forward Time=167.06752ms
  - [Train] Total Backward Time=549.46438ms
  - [Train] Batch Forward Time=0.35698ms
  - [Train] Batch Backward Time=1.17407ms
  - [Test] Loss=nan
  - [Test] Accuracy=2.06330%

