mkdir -p logs
./build/CUDA-DNN-MNIST
=====================================
            Configuration
=====================================
 NumberOfEpochs: 2
 BatchSize: 128
 LearningRate: 1.000000e-06
=====================================

=====================================
         CUDA Configuration
=====================================
 Device name: GeForce GTX TITAN X
 Memory Clock Rate (KHz): 3505000
 Memory Bus Width (bits): 384
-------------------------------------
 Tensor2DAddBlockSize: 8
 Tensor2DSubtractBlockSize: 8
 Tensor2DScaleBlockSize: 8
 Tensor2DMultiplyBlockSize: 16
 Tensor2DMultiplyBlockNumber: 1
 Tensor2DMultiplySharedMemory: 0
 Tensor2DMeanBlockSize: 8
-------------------------------------
 ReLuBlockSize: 8
-------------------------------------
 CrossEntropyGetMetricBlockSize: 64
 CrossEntropyCalculateBlockSize: 64
=====================================

Epoch 0:
  - [Train] Loss=3.27664
  - [Train] Accuracy=1.91807%
  - [Train] Total Forward Time=14774.14225ms
  - [Train] Total Backward Time=9981.25905ms
  - [Train] Batch Forward Time=31.56868ms
  - [Train] Batch Backward Time=21.32748ms
  - [Test] Loss=nan
  - [Test] Accuracy=2.08333%

Epoch 1:
  - [Train] Loss=3.20650
  - [Train] Accuracy=1.67935%
  - [Train] Total Forward Time=14636.68772ms
  - [Train] Total Backward Time=9909.48633ms
  - [Train] Batch Forward Time=31.27497ms
  - [Train] Batch Backward Time=21.17412ms
  - [Test] Loss=nan
  - [Test] Accuracy=2.04327%

