mkdir -p logs
./build/CUDA-DNN-MNIST
=====================================
            Configuration
=====================================
 NumberOfEpochs: 2
 BatchSize: 256
 LearningRate: 1.000000e-06
=====================================

=====================================
         CUDA Configuration
=====================================
 Device name: GeForce GTX TITAN X
 Memory Clock Rate (KHz): 3505000
 Memory Bus Width (bits): 384
-------------------------------------
 Tensor2DAddBlockSize: 8
 Tensor2DSubtractBlockSize: 8
 Tensor2DScaleBlockSize: 8
 Tensor2DMultiplyBlockSize: 16
 Tensor2DMultiplyBlockNumber: 16
 Tensor2DMultiplySharedMemory: 0
 Tensor2DMeanBlockSize: 8
-------------------------------------
 ReLuBlockSize: 8
-------------------------------------
 CrossEntropyGetMetricBlockSize: 64
 CrossEntropyCalculateBlockSize: 64
=====================================

Epoch 0:
  - [Train] Loss=3.25088
  - [Train] Accuracy=1.12680%
  - [Train] Total Forward Time=226.49702ms
  - [Train] Total Backward Time=677.69882ms
  - [Train] Batch Forward Time=0.96794ms
  - [Train] Batch Backward Time=2.89615ms
  - [Test] Loss=nan
  - [Test] Accuracy=1.36218%

Epoch 1:
  - [Train] Loss=3.18351
  - [Train] Accuracy=1.04167%
  - [Train] Total Forward Time=224.23690ms
  - [Train] Total Backward Time=678.25107ms
  - [Train] Batch Forward Time=0.95828ms
  - [Train] Batch Backward Time=2.89851ms
  - [Test] Loss=nan
  - [Test] Accuracy=1.38221%

