mkdir -p logs
./build/CUDA-DNN-MNIST
=====================================
            Configuration
=====================================
 NumberOfEpochs: 2
 BatchSize: 512
 LearningRate: 1.000000e-06
=====================================

=====================================
         CUDA Configuration
=====================================
 Device name: GeForce GTX TITAN X
 Memory Clock Rate (KHz): 3505000
 Memory Bus Width (bits): 384
-------------------------------------
 Tensor2DAddBlockSize: 8
 Tensor2DSubtractBlockSize: 8
 Tensor2DScaleBlockSize: 8
 Tensor2DMultiplyBlockSize: 32
 Tensor2DMultiplyBlockNumber: 16
 Tensor2DMultiplySharedMemory: 1
 Tensor2DMeanBlockSize: 8
-------------------------------------
 ReLuBlockSize: 8
-------------------------------------
 CrossEntropyGetMetricBlockSize: 64
 CrossEntropyCalculateBlockSize: 64
=====================================

Epoch 0:
  - [Train] Loss=3.27178
  - [Train] Accuracy=0.72449%
  - [Train] Total Forward Time=44.16797ms
  - [Train] Total Backward Time=490.03434ms
  - [Train] Batch Forward Time=0.37750ms
  - [Train] Batch Backward Time=4.18833ms
  - [Test] Loss=nan
  - [Test] Accuracy=0.96628%

Epoch 1:
  - [Train] Loss=3.24924
  - [Train] Accuracy=0.68944%
  - [Train] Total Forward Time=44.17286ms
  - [Train] Total Backward Time=490.77277ms
  - [Train] Batch Forward Time=0.37755ms
  - [Train] Batch Backward Time=4.19464ms
  - [Test] Loss=nan
  - [Test] Accuracy=0.96628%

