mkdir -p logs
./build/CUDA-DNN-MNIST
=====================================
            Configuration
=====================================
 NumberOfEpochs: 2
 BatchSize: 32
 LearningRate: 1.000000e-06
=====================================

=====================================
         CUDA Configuration
=====================================
 Device name: GeForce GTX TITAN X
 Memory Clock Rate (KHz): 3505000
 Memory Bus Width (bits): 384
-------------------------------------
 Tensor2DAddBlockSize: 8
 Tensor2DSubtractBlockSize: 8
 Tensor2DScaleBlockSize: 8
 Tensor2DMultiplyBlockSize: 16
 Tensor2DMultiplyBlockNumber: -1
 Tensor2DMultiplySharedMemory: 1
 Tensor2DMeanBlockSize: 8
-------------------------------------
 ReLuBlockSize: 8
-------------------------------------
 CrossEntropyGetMetricBlockSize: 64
 CrossEntropyCalculateBlockSize: 64
=====================================

Epoch 0:
  - [Train] Loss=3.25463
  - [Train] Accuracy=1.02000%
  - [Train] Total Forward Time=182.19101ms
  - [Train] Total Backward Time=353.46579ms
  - [Train] Batch Forward Time=0.09717ms
  - [Train] Batch Backward Time=0.18852ms
  - [Test] Loss=nan
  - [Test] Accuracy=1.63261%

Epoch 1:
  - [Train] Loss=3.21180
  - [Train] Accuracy=0.91167%
  - [Train] Total Forward Time=182.40464ms
  - [Train] Total Backward Time=353.30608ms
  - [Train] Batch Forward Time=0.09728ms
  - [Train] Batch Backward Time=0.18843ms
  - [Test] Loss=nan
  - [Test] Accuracy=1.43229%

