mkdir -p logs
./build/CUDA-DNN-MNIST
=====================================
            Configuration
=====================================
 NumberOfEpochs: 2
 BatchSize: 512
 LearningRate: 1.000000e-06
=====================================

=====================================
         CUDA Configuration
=====================================
 Device name: GeForce GTX TITAN X
 Memory Clock Rate (KHz): 3505000
 Memory Bus Width (bits): 384
-------------------------------------
 Tensor2DAddBlockSize: 8
 Tensor2DSubtractBlockSize: 8
 Tensor2DScaleBlockSize: 8
 Tensor2DMultiplyBlockSize: 16
 Tensor2DMultiplyBlockNumber: -1
 Tensor2DMultiplySharedMemory: 1
 Tensor2DMeanBlockSize: 8
-------------------------------------
 ReLuBlockSize: 8
-------------------------------------
 CrossEntropyGetMetricBlockSize: 64
 CrossEntropyCalculateBlockSize: 64
=====================================

Epoch 0:
  - [Train] Loss=3.24610
  - [Train] Accuracy=1.48404%
  - [Train] Total Forward Time=43.13725ms
  - [Train] Total Backward Time=164.03347ms
  - [Train] Batch Forward Time=0.36869ms
  - [Train] Batch Backward Time=1.40200ms
  - [Test] Loss=3.27319
  - [Test] Accuracy=2.05592%

Epoch 1:
  - [Train] Loss=3.20494
  - [Train] Accuracy=1.42728%
  - [Train] Total Forward Time=43.13062ms
  - [Train] Total Backward Time=163.94752ms
  - [Train] Batch Forward Time=0.36864ms
  - [Train] Batch Backward Time=1.40126ms
  - [Test] Loss=3.23114
  - [Test] Accuracy=2.09704%

