mkdir -p logs
./build/CUDA-DNN-MNIST
=====================================
            Configuration
=====================================
 NumberOfEpochs: 2
 BatchSize: 4
 LearningRate: 1.000000e-06
=====================================

=====================================
         CUDA Configuration
=====================================
 Device name: GeForce GTX TITAN X
 Memory Clock Rate (KHz): 3505000
 Memory Bus Width (bits): 384
-------------------------------------
 Tensor2DAddBlockSize: 8
 Tensor2DSubtractBlockSize: 8
 Tensor2DScaleBlockSize: 8
 Tensor2DMultiplyBlockSize: 16
 Tensor2DMultiplyBlockNumber: -1
 Tensor2DMultiplySharedMemory: 1
 Tensor2DMeanBlockSize: 8
-------------------------------------
 ReLuBlockSize: 8
-------------------------------------
 CrossEntropyGetMetricBlockSize: 64
 CrossEntropyCalculateBlockSize: 64
=====================================

Epoch 0:
  - [Train] Loss=3.24925
  - [Train] Accuracy=0.08000%
  - [Train] Total Forward Time=1272.74825ms
  - [Train] Total Backward Time=1683.47337ms
  - [Train] Batch Forward Time=0.08485ms
  - [Train] Batch Backward Time=0.11223ms
  - [Test] Loss=nan
  - [Test] Accuracy=0.52000%

Epoch 1:
  - [Train] Loss=3.24487
  - [Train] Accuracy=0.08333%
  - [Train] Total Forward Time=1273.13407ms
  - [Train] Total Backward Time=1683.67161ms
  - [Train] Batch Forward Time=0.08488ms
  - [Train] Batch Backward Time=0.11224ms
  - [Test] Loss=nan
  - [Test] Accuracy=0.52000%

