mkdir -p logs
./build/CUDA-DNN-MNIST
=====================================
            Configuration
=====================================
 NumberOfEpochs: 2
 BatchSize: 128
 LearningRate: 1.000000e-06
=====================================

=====================================
         CUDA Configuration
=====================================
 Device name: GeForce GTX TITAN X
 Memory Clock Rate (KHz): 3505000
 Memory Bus Width (bits): 384
-------------------------------------
 Tensor2DAddBlockSize: 8
 Tensor2DSubtractBlockSize: 8
 Tensor2DScaleBlockSize: 8
 Tensor2DMultiplyBlockSize: 2
 Tensor2DMultiplyBlockNumber: -1
 Tensor2DMultiplySharedMemory: 0
 Tensor2DMeanBlockSize: 8
-------------------------------------
 ReLuBlockSize: 8
-------------------------------------
 CrossEntropyGetMetricBlockSize: 64
 CrossEntropyCalculateBlockSize: 64
=====================================

Epoch 0:
  - [Train] Loss=3.22556
  - [Train] Accuracy=2.26529%
  - [Train] Total Forward Time=1389.76045ms
  - [Train] Total Backward Time=4736.04957ms
  - [Train] Batch Forward Time=2.96957ms
  - [Train] Batch Backward Time=10.11976ms
  - [Test] Loss=nan
  - [Test] Accuracy=3.04487%

Epoch 1:
  - [Train] Loss=3.16508
  - [Train] Accuracy=2.22523%
  - [Train] Total Forward Time=1535.75274ms
  - [Train] Total Backward Time=5248.79738ms
  - [Train] Batch Forward Time=3.28152ms
  - [Train] Batch Backward Time=11.21538ms
  - [Test] Loss=nan
  - [Test] Accuracy=2.98478%

