mkdir -p logs
./build/CUDA-DNN-MNIST
=====================================
            Configuration
=====================================
 NumberOfEpochs: 2
 BatchSize: 256
 LearningRate: 1.000000e-06
=====================================

=====================================
         CUDA Configuration
=====================================
 Device name: GeForce GTX TITAN X
 Memory Clock Rate (KHz): 3505000
 Memory Bus Width (bits): 384
-------------------------------------
 Tensor2DAddBlockSize: 8
 Tensor2DSubtractBlockSize: 8
 Tensor2DScaleBlockSize: 8
 Tensor2DMultiplyBlockSize: 16
 Tensor2DMultiplyBlockNumber: 32
 Tensor2DMultiplySharedMemory: 1
 Tensor2DMeanBlockSize: 8
-------------------------------------
 ReLuBlockSize: 8
-------------------------------------
 CrossEntropyGetMetricBlockSize: 64
 CrossEntropyCalculateBlockSize: 64
=====================================

Epoch 0:
  - [Train] Loss=3.25576
  - [Train] Accuracy=1.36051%
  - [Train] Total Forward Time=50.83802ms
  - [Train] Total Backward Time=176.84109ms
  - [Train] Batch Forward Time=0.21726ms
  - [Train] Batch Backward Time=0.75573ms
  - [Test] Loss=nan
  - [Test] Accuracy=2.26362%

Epoch 1:
  - [Train] Loss=3.21488
  - [Train] Accuracy=1.30542%
  - [Train] Total Forward Time=50.78765ms
  - [Train] Total Backward Time=176.65734ms
  - [Train] Batch Forward Time=0.21704ms
  - [Train] Batch Backward Time=0.75495ms
  - [Test] Loss=nan
  - [Test] Accuracy=2.30369%

