mkdir -p logs
./build/CUDA-DNN-MNIST
=====================================
            Configuration
=====================================
 NumberOfEpochs: 2
 BatchSize: 128
 LearningRate: 1.000000e-06
=====================================

=====================================
         CUDA Configuration
=====================================
 Device name: GeForce GTX TITAN X
 Memory Clock Rate (KHz): 3505000
 Memory Bus Width (bits): 384
-------------------------------------
 Tensor2DAddBlockSize: 8
 Tensor2DSubtractBlockSize: 8
 Tensor2DScaleBlockSize: 8
 Tensor2DMultiplyBlockSize: 16
 Tensor2DMultiplyBlockNumber: 4
 Tensor2DMultiplySharedMemory: 0
 Tensor2DMeanBlockSize: 8
-------------------------------------
 ReLuBlockSize: 8
-------------------------------------
 CrossEntropyGetMetricBlockSize: 64
 CrossEntropyCalculateBlockSize: 64
=====================================

Epoch 0:
  - [Train] Loss=3.23659
  - [Train] Accuracy=1.44732%
  - [Train] Total Forward Time=1468.41043ms
  - [Train] Total Backward Time=885.48195ms
  - [Train] Batch Forward Time=3.13763ms
  - [Train] Batch Backward Time=1.89206ms
  - [Test] Loss=nan
  - [Test] Accuracy=3.53566%

Epoch 1:
  - [Train] Loss=3.17191
  - [Train] Accuracy=1.42561%
  - [Train] Total Forward Time=1468.43424ms
  - [Train] Total Backward Time=885.77760ms
  - [Train] Batch Forward Time=3.13768ms
  - [Train] Batch Backward Time=1.89269ms
  - [Test] Loss=nan
  - [Test] Accuracy=4.07652%

