mkdir -p logs
./build/CUDA-DNN-MNIST
=====================================
            Configuration
=====================================
 NumberOfEpochs: 2
 BatchSize: 256
 LearningRate: 1.000000e-06
=====================================

=====================================
         CUDA Configuration
=====================================
 Device name: GeForce GTX TITAN X
 Memory Clock Rate (KHz): 3505000
 Memory Bus Width (bits): 384
-------------------------------------
 Tensor2DAddBlockSize: 8
 Tensor2DSubtractBlockSize: 8
 Tensor2DScaleBlockSize: 8
 Tensor2DMultiplyBlockSize: 32
 Tensor2DMultiplyBlockNumber: 32
 Tensor2DMultiplySharedMemory: 0
 Tensor2DMeanBlockSize: 8
-------------------------------------
 ReLuBlockSize: 8
-------------------------------------
 CrossEntropyGetMetricBlockSize: 64
 CrossEntropyCalculateBlockSize: 64
=====================================

Epoch 0:
  - [Train] Loss=3.27051
  - [Train] Accuracy=1.31711%
  - [Train] Total Forward Time=125.28202ms
  - [Train] Total Backward Time=758.40458ms
  - [Train] Batch Forward Time=0.53539ms
  - [Train] Batch Backward Time=3.24105ms
  - [Test] Loss=inf
  - [Test] Accuracy=2.27364%

Epoch 1:
  - [Train] Loss=3.20455
  - [Train] Accuracy=1.27537%
  - [Train] Total Forward Time=125.35062ms
  - [Train] Total Backward Time=758.93654ms
  - [Train] Batch Forward Time=0.53569ms
  - [Train] Batch Backward Time=3.24332ms
  - [Test] Loss=inf
  - [Test] Accuracy=2.24359%

