mkdir -p logs
./build/CUDA-DNN-MNIST
=====================================
            Configuration
=====================================
 NumberOfEpochs: 2
 BatchSize: 256
 LearningRate: 1.000000e-06
=====================================

=====================================
         CUDA Configuration
=====================================
 Device name: GeForce GTX TITAN X
 Memory Clock Rate (KHz): 3505000
 Memory Bus Width (bits): 384
-------------------------------------
 Tensor2DAddBlockSize: 8
 Tensor2DSubtractBlockSize: 8
 Tensor2DScaleBlockSize: 8
 Tensor2DMultiplyBlockSize: 32
 Tensor2DMultiplyBlockNumber: 32
 Tensor2DMultiplySharedMemory: 1
 Tensor2DMeanBlockSize: 8
-------------------------------------
 ReLuBlockSize: 8
-------------------------------------
 CrossEntropyGetMetricBlockSize: 64
 CrossEntropyCalculateBlockSize: 64
=====================================

Epoch 0:
  - [Train] Loss=3.24741
  - [Train] Accuracy=0.78793%
  - [Train] Total Forward Time=57.31178ms
  - [Train] Total Backward Time=528.92173ms
  - [Train] Batch Forward Time=0.24492ms
  - [Train] Batch Backward Time=2.26035ms
  - [Test] Loss=nan
  - [Test] Accuracy=1.04167%

Epoch 1:
  - [Train] Loss=3.22624
  - [Train] Accuracy=0.77958%
  - [Train] Total Forward Time=56.81773ms
  - [Train] Total Backward Time=529.71312ms
  - [Train] Batch Forward Time=0.24281ms
  - [Train] Batch Backward Time=2.26373ms
  - [Test] Loss=nan
  - [Test] Accuracy=1.04167%

