mkdir -p logs
./build/CUDA-DNN-MNIST
=====================================
            Configuration
=====================================
 NumberOfEpochs: 2
 BatchSize: 256
 LearningRate: 1.000000e-06
=====================================

=====================================
         CUDA Configuration
=====================================
 Device name: GeForce GTX TITAN X
 Memory Clock Rate (KHz): 3505000
 Memory Bus Width (bits): 384
-------------------------------------
 Tensor2DAddBlockSize: 8
 Tensor2DSubtractBlockSize: 8
 Tensor2DScaleBlockSize: 8
 Tensor2DMultiplyBlockSize: 16
 Tensor2DMultiplyBlockNumber: 32
 Tensor2DMultiplySharedMemory: 0
 Tensor2DMeanBlockSize: 8
-------------------------------------
 ReLuBlockSize: 8
-------------------------------------
 CrossEntropyGetMetricBlockSize: 64
 CrossEntropyCalculateBlockSize: 64
=====================================

Epoch 0:
  - [Train] Loss=3.24890
  - [Train] Accuracy=2.40885%
  - [Train] Total Forward Time=88.50730ms
  - [Train] Total Backward Time=304.46250ms
  - [Train] Batch Forward Time=0.37824ms
  - [Train] Batch Backward Time=1.30112ms
  - [Test] Loss=nan
  - [Test] Accuracy=3.27524%

Epoch 1:
  - [Train] Loss=3.19061
  - [Train] Accuracy=2.33040%
  - [Train] Total Forward Time=88.54800ms
  - [Train] Total Backward Time=304.41235ms
  - [Train] Batch Forward Time=0.37841ms
  - [Train] Batch Backward Time=1.30091ms
  - [Test] Loss=nan
  - [Test] Accuracy=3.41546%

