mkdir -p logs
./build/CUDA-DNN-MNIST
=====================================
            Configuration
=====================================
 NumberOfEpochs: 2
 BatchSize: 128
 LearningRate: 1.000000e-06
=====================================

=====================================
         CUDA Configuration
=====================================
 Device name: GeForce GTX TITAN X
 Memory Clock Rate (KHz): 3505000
 Memory Bus Width (bits): 384
-------------------------------------
 Tensor2DAddBlockSize: 8
 Tensor2DSubtractBlockSize: 8
 Tensor2DScaleBlockSize: 8
 Tensor2DMultiplyBlockSize: 1
 Tensor2DMultiplyBlockNumber: -1
 Tensor2DMultiplySharedMemory: 0
 Tensor2DMeanBlockSize: 8
-------------------------------------
 ReLuBlockSize: 8
-------------------------------------
 CrossEntropyGetMetricBlockSize: 64
 CrossEntropyCalculateBlockSize: 64
=====================================

Epoch 0:
  - [Train] Loss=3.26073
  - [Train] Accuracy=1.49907%
  - [Train] Total Forward Time=1025.88743ms
  - [Train] Total Backward Time=4001.60818ms
  - [Train] Batch Forward Time=2.19207ms
  - [Train] Batch Backward Time=8.55044ms
  - [Test] Loss=nan
  - [Test] Accuracy=2.86458%

Epoch 1:
  - [Train] Loss=3.20284
  - [Train] Accuracy=1.53746%
  - [Train] Total Forward Time=1025.46567ms
  - [Train] Total Backward Time=3997.28952ms
  - [Train] Batch Forward Time=2.19117ms
  - [Train] Batch Backward Time=8.54122ms
  - [Test] Loss=nan
  - [Test] Accuracy=2.93470%

