mkdir -p logs
./build/CUDA-DNN-MNIST
=====================================
            Configuration
=====================================
 NumberOfEpochs: 2
 BatchSize: 128
 LearningRate: 1.000000e-06
=====================================

=====================================
         CUDA Configuration
=====================================
 Device name: GeForce GTX TITAN X
 Memory Clock Rate (KHz): 3505000
 Memory Bus Width (bits): 384
-------------------------------------
 Tensor2DAddBlockSize: 8
 Tensor2DSubtractBlockSize: 8
 Tensor2DScaleBlockSize: 8
 Tensor2DMultiplyBlockSize: 16
 Tensor2DMultiplyBlockNumber: -1
 Tensor2DMultiplySharedMemory: 1
 Tensor2DMeanBlockSize: 8
-------------------------------------
 ReLuBlockSize: 8
-------------------------------------
 CrossEntropyGetMetricBlockSize: 64
 CrossEntropyCalculateBlockSize: 64
=====================================

Epoch 0:
  - [Train] Loss=3.27702
  - [Train] Accuracy=1.20025%
  - [Train] Total Forward Time=47.19600ms
  - [Train] Total Backward Time=130.57629ms
  - [Train] Batch Forward Time=0.10085ms
  - [Train] Batch Backward Time=0.27901ms
  - [Test] Loss=nan
  - [Test] Accuracy=2.00321%

Epoch 1:
  - [Train] Loss=3.23655
  - [Train] Accuracy=1.11512%
  - [Train] Total Forward Time=47.00208ms
  - [Train] Total Backward Time=130.45091ms
  - [Train] Batch Forward Time=0.10043ms
  - [Train] Batch Backward Time=0.27874ms
  - [Test] Loss=nan
  - [Test] Accuracy=1.99319%

