mkdir -p logs
./build/CUDA-DNN-MNIST
=====================================
            Configuration
=====================================
 NumberOfEpochs: 2
 BatchSize: 32
 LearningRate: 1.000000e-06
=====================================

=====================================
         CUDA Configuration
=====================================
 Device name: GeForce GTX TITAN X
 Memory Clock Rate (KHz): 3505000
 Memory Bus Width (bits): 384
-------------------------------------
 Tensor2DAddBlockSize: 8
 Tensor2DSubtractBlockSize: 8
 Tensor2DScaleBlockSize: 8
 Tensor2DMultiplyBlockSize: 16
 Tensor2DMultiplyBlockNumber: -1
 Tensor2DMultiplySharedMemory: 1
 Tensor2DMeanBlockSize: 8
-------------------------------------
 ReLuBlockSize: 8
-------------------------------------
 CrossEntropyGetMetricBlockSize: 64
 CrossEntropyCalculateBlockSize: 64
=====================================

Epoch 0:
  - [Train] Loss=3.25685
  - [Train] Accuracy=2.24667%
  - [Train] Total Forward Time=161.00781ms
  - [Train] Total Backward Time=259.01290ms
  - [Train] Batch Forward Time=0.08587ms
  - [Train] Batch Backward Time=0.13814ms
  - [Test] Loss=nan
  - [Test] Accuracy=2.75441%

Epoch 1:
  - [Train] Loss=3.21673
  - [Train] Accuracy=2.11000%
  - [Train] Total Forward Time=160.71206ms
  - [Train] Total Backward Time=258.85270ms
  - [Train] Batch Forward Time=0.08571ms
  - [Train] Batch Backward Time=0.13805ms
  - [Test] Loss=nan
  - [Test] Accuracy=2.66426%

