mkdir -p logs
./build/CUDA-DNN-MNIST
=====================================
            Configuration
=====================================
 NumberOfEpochs: 2
 BatchSize: 256
 LearningRate: 1.000000e-06
=====================================

=====================================
         CUDA Configuration
=====================================
 Device name: GeForce GTX TITAN X
 Memory Clock Rate (KHz): 3505000
 Memory Bus Width (bits): 384
-------------------------------------
 Tensor2DAddBlockSize: 8
 Tensor2DSubtractBlockSize: 8
 Tensor2DScaleBlockSize: 8
 Tensor2DMultiplyBlockSize: 16
 Tensor2DMultiplyBlockNumber: -1
 Tensor2DMultiplySharedMemory: 0
 Tensor2DMeanBlockSize: 8
-------------------------------------
 ReLuBlockSize: 8
-------------------------------------
 CrossEntropyGetMetricBlockSize: 64
 CrossEntropyCalculateBlockSize: 64
=====================================

Epoch 0:
  - [Train] Loss=3.21855
  - [Train] Accuracy=1.96481%
  - [Train] Total Forward Time=313.55312ms
  - [Train] Total Backward Time=232.59165ms
  - [Train] Batch Forward Time=1.33997ms
  - [Train] Batch Backward Time=0.99398ms
  - [Test] Loss=nan
  - [Test] Accuracy=3.27524%

Epoch 1:
  - [Train] Loss=3.15939
  - [Train] Accuracy=1.92975%
  - [Train] Total Forward Time=313.45568ms
  - [Train] Total Backward Time=232.59677ms
  - [Train] Batch Forward Time=1.33955ms
  - [Train] Batch Backward Time=0.99400ms
  - [Test] Loss=nan
  - [Test] Accuracy=3.45553%

