mkdir -p logs
./build/CUDA-DNN-MNIST
=====================================
            Configuration
=====================================
 NumberOfEpochs: 2
 BatchSize: 64
 LearningRate: 1.000000e-06
=====================================

=====================================
         CUDA Configuration
=====================================
 Device name: GeForce GTX TITAN X
 Memory Clock Rate (KHz): 3505000
 Memory Bus Width (bits): 384
-------------------------------------
 Tensor2DAddBlockSize: 8
 Tensor2DSubtractBlockSize: 8
 Tensor2DScaleBlockSize: 8
 Tensor2DMultiplyBlockSize: 16
 Tensor2DMultiplyBlockNumber: -1
 Tensor2DMultiplySharedMemory: 1
 Tensor2DMeanBlockSize: 8
-------------------------------------
 ReLuBlockSize: 8
-------------------------------------
 CrossEntropyGetMetricBlockSize: 64
 CrossEntropyCalculateBlockSize: 64
=====================================

Epoch 0:
  - [Train] Loss=3.26411
  - [Train] Accuracy=1.02555%
  - [Train] Total Forward Time=86.13408ms
  - [Train] Total Backward Time=174.58598ms
  - [Train] Batch Forward Time=0.09193ms
  - [Train] Batch Backward Time=0.18632ms
  - [Test] Loss=nan
  - [Test] Accuracy=2.10337%

Epoch 1:
  - [Train] Loss=3.22710
  - [Train] Accuracy=0.97052%
  - [Train] Total Forward Time=86.28326ms
  - [Train] Total Backward Time=174.68832ms
  - [Train] Batch Forward Time=0.09208ms
  - [Train] Batch Backward Time=0.18643ms
  - [Test] Loss=nan
  - [Test] Accuracy=2.10337%

