mkdir -p logs
./build/CUDA-DNN-MNIST
=====================================
            Configuration
=====================================
 NumberOfEpochs: 2
 BatchSize: 2
 LearningRate: 1.000000e-06
=====================================

=====================================
         CUDA Configuration
=====================================
 Device name: GeForce GTX TITAN X
 Memory Clock Rate (KHz): 3505000
 Memory Bus Width (bits): 384
-------------------------------------
 Tensor2DAddBlockSize: 8
 Tensor2DSubtractBlockSize: 8
 Tensor2DScaleBlockSize: 8
 Tensor2DMultiplyBlockSize: 16
 Tensor2DMultiplyBlockNumber: -1
 Tensor2DMultiplySharedMemory: 0
 Tensor2DMeanBlockSize: 8
-------------------------------------
 ReLuBlockSize: 8
-------------------------------------
 CrossEntropyGetMetricBlockSize: 64
 CrossEntropyCalculateBlockSize: 64
=====================================

Epoch 0:
  - [Train] Loss=3.25733
  - [Train] Accuracy=1.21333%
  - [Train] Total Forward Time=17564.15685ms
  - [Train] Total Backward Time=3386.05300ms
  - [Train] Batch Forward Time=0.58547ms
  - [Train] Batch Backward Time=0.11287ms
  - [Test] Loss=nan
  - [Test] Accuracy=2.36000%

Epoch 1:
  - [Train] Loss=3.19395
  - [Train] Accuracy=1.08833%
  - [Train] Total Forward Time=17606.48622ms
  - [Train] Total Backward Time=3386.46100ms
  - [Train] Batch Forward Time=0.58688ms
  - [Train] Batch Backward Time=0.11288ms
  - [Test] Loss=nan
  - [Test] Accuracy=2.21000%

