mkdir -p logs
./build/CUDA-DNN-MNIST
=====================================
            Configuration
=====================================
 NumberOfEpochs: 2
 BatchSize: 128
 LearningRate: 1.000000e-06
=====================================

=====================================
         CUDA Configuration
=====================================
 Device name: GeForce GTX TITAN X
 Memory Clock Rate (KHz): 3505000
 Memory Bus Width (bits): 384
-------------------------------------
 Tensor2DAddBlockSize: 8
 Tensor2DSubtractBlockSize: 8
 Tensor2DScaleBlockSize: 8
 Tensor2DMultiplyBlockSize: 16
 Tensor2DMultiplyBlockNumber: 2
 Tensor2DMultiplySharedMemory: 0
 Tensor2DMeanBlockSize: 8
-------------------------------------
 ReLuBlockSize: 8
-------------------------------------
 CrossEntropyGetMetricBlockSize: 64
 CrossEntropyCalculateBlockSize: 64
=====================================

Epoch 0:
  - [Train] Loss=3.24494
  - [Train] Accuracy=1.69438%
  - [Train] Total Forward Time=3933.95377ms
  - [Train] Total Backward Time=1418.24099ms
  - [Train] Batch Forward Time=8.40588ms
  - [Train] Batch Backward Time=3.03043ms
  - [Test] Loss=nan
  - [Test] Accuracy=2.42388%

Epoch 1:
  - [Train] Loss=3.18684
  - [Train] Accuracy=1.70773%
  - [Train] Total Forward Time=3929.48067ms
  - [Train] Total Backward Time=1417.58851ms
  - [Train] Batch Forward Time=8.39633ms
  - [Train] Batch Backward Time=3.02904ms
  - [Test] Loss=nan
  - [Test] Accuracy=2.66426%

