mkdir -p logs
./build/CUDA-DNN-MNIST
=====================================
            Configuration
=====================================
 NumberOfEpochs: 2
 BatchSize: 256
 LearningRate: 1.000000e-06
=====================================

=====================================
         CUDA Configuration
=====================================
 Device name: GeForce GTX TITAN X
 Memory Clock Rate (KHz): 3505000
 Memory Bus Width (bits): 384
-------------------------------------
 Tensor2DAddBlockSize: 8
 Tensor2DSubtractBlockSize: 8
 Tensor2DScaleBlockSize: 8
 Tensor2DMultiplyBlockSize: 16
 Tensor2DMultiplyBlockNumber: 32
 Tensor2DMultiplySharedMemory: 1
 Tensor2DMeanBlockSize: 8
-------------------------------------
 ReLuBlockSize: 8
-------------------------------------
 CrossEntropyGetMetricBlockSize: 64
 CrossEntropyCalculateBlockSize: 64
=====================================

Epoch 0:
  - [Train] Loss=3.27629
  - [Train] Accuracy=1.10844%
  - [Train] Total Forward Time=29.34947ms
  - [Train] Total Backward Time=108.01949ms
  - [Train] Batch Forward Time=0.12543ms
  - [Train] Batch Backward Time=0.46162ms
  - [Test] Loss=nan
  - [Test] Accuracy=2.13341%

Epoch 1:
  - [Train] Loss=3.24249
  - [Train] Accuracy=1.03165%
  - [Train] Total Forward Time=30.99738ms
  - [Train] Total Backward Time=108.10922ms
  - [Train] Batch Forward Time=0.13247ms
  - [Train] Batch Backward Time=0.46201ms
  - [Test] Loss=nan
  - [Test] Accuracy=2.14343%

