mkdir -p logs
./build/CUDA-DNN-MNIST
=====================================
            Configuration
=====================================
 NumberOfEpochs: 2
 BatchSize: 256
 LearningRate: 1.000000e-06
=====================================

=====================================
         CUDA Configuration
=====================================
 Device name: GeForce GTX TITAN X
 Memory Clock Rate (KHz): 3505000
 Memory Bus Width (bits): 384
-------------------------------------
 Tensor2DAddBlockSize: 8
 Tensor2DSubtractBlockSize: 8
 Tensor2DScaleBlockSize: 8
 Tensor2DMultiplyBlockSize: 32
 Tensor2DMultiplyBlockNumber: 16
 Tensor2DMultiplySharedMemory: 1
 Tensor2DMeanBlockSize: 8
-------------------------------------
 ReLuBlockSize: 8
-------------------------------------
 CrossEntropyGetMetricBlockSize: 64
 CrossEntropyCalculateBlockSize: 64
=====================================

Epoch 0:
  - [Train] Loss=3.27897
  - [Train] Accuracy=0.41066%
  - [Train] Total Forward Time=37.59955ms
  - [Train] Total Backward Time=314.67562ms
  - [Train] Batch Forward Time=0.16068ms
  - [Train] Batch Backward Time=1.34477ms
  - [Test] Loss=nan
  - [Test] Accuracy=0.93149%

Epoch 1:
  - [Train] Loss=3.26040
  - [Train] Accuracy=0.38061%
  - [Train] Total Forward Time=37.42720ms
  - [Train] Total Backward Time=314.77786ms
  - [Train] Batch Forward Time=0.15995ms
  - [Train] Batch Backward Time=1.34520ms
  - [Test] Loss=nan
  - [Test] Accuracy=0.93149%

