mkdir -p logs
./build/CUDA-DNN-MNIST
=====================================
            Configuration
=====================================
 NumberOfEpochs: 2
 BatchSize: 32
 LearningRate: 1.000000e-06
=====================================

=====================================
         CUDA Configuration
=====================================
 Device name: GeForce GTX TITAN X
 Memory Clock Rate (KHz): 3505000
 Memory Bus Width (bits): 384
-------------------------------------
 Tensor2DAddBlockSize: 8
 Tensor2DSubtractBlockSize: 8
 Tensor2DScaleBlockSize: 8
 Tensor2DMultiplyBlockSize: 16
 Tensor2DMultiplyBlockNumber: -1
 Tensor2DMultiplySharedMemory: 0
 Tensor2DMeanBlockSize: 8
-------------------------------------
 ReLuBlockSize: 8
-------------------------------------
 CrossEntropyGetMetricBlockSize: 64
 CrossEntropyCalculateBlockSize: 64
=====================================

Epoch 0:
  - [Train] Loss=3.26221
  - [Train] Accuracy=2.30167%
  - [Train] Total Forward Time=1254.54723ms
  - [Train] Total Backward Time=413.85699ms
  - [Train] Batch Forward Time=0.66909ms
  - [Train] Batch Backward Time=0.22072ms
  - [Test] Loss=nan
  - [Test] Accuracy=2.99479%

Epoch 1:
  - [Train] Loss=3.20452
  - [Train] Accuracy=2.18833%
  - [Train] Total Forward Time=1254.72903ms
  - [Train] Total Backward Time=413.86691ms
  - [Train] Batch Forward Time=0.66919ms
  - [Train] Batch Backward Time=0.22073ms
  - [Test] Loss=nan
  - [Test] Accuracy=2.98478%

