mkdir -p logs
./build/CUDA-DNN-MNIST
=====================================
            Configuration
=====================================
 NumberOfEpochs: 2
 BatchSize: 128
 LearningRate: 1.000000e-06
=====================================

=====================================
         CUDA Configuration
=====================================
 Device name: GeForce GTX TITAN X
 Memory Clock Rate (KHz): 3505000
 Memory Bus Width (bits): 384
-------------------------------------
 Tensor2DAddBlockSize: 8
 Tensor2DSubtractBlockSize: 8
 Tensor2DScaleBlockSize: 8
 Tensor2DMultiplyBlockSize: 16
 Tensor2DMultiplyBlockNumber: -1
 Tensor2DMultiplySharedMemory: 0
 Tensor2DMeanBlockSize: 8
-------------------------------------
 ReLuBlockSize: 8
-------------------------------------
 CrossEntropyGetMetricBlockSize: 64
 CrossEntropyCalculateBlockSize: 64
=====================================

Epoch 0:
  - [Train] Loss=inf
  - [Train] Accuracy=2.49065%
  - [Train] Total Forward Time=336.03120ms
  - [Train] Total Backward Time=302.28314ms
  - [Train] Batch Forward Time=0.71802ms
  - [Train] Batch Backward Time=0.64590ms
  - [Test] Loss=nan
  - [Test] Accuracy=2.96474%

Epoch 1:
  - [Train] Loss=inf
  - [Train] Accuracy=2.33540%
  - [Train] Total Forward Time=335.45155ms
  - [Train] Total Backward Time=302.12195ms
  - [Train] Batch Forward Time=0.71678ms
  - [Train] Batch Backward Time=0.64556ms
  - [Test] Loss=nan
  - [Test] Accuracy=3.00481%

