mkdir -p logs
./build/CUDA-DNN-MNIST
=====================================
            Configuration
=====================================
 NumberOfEpochs: 2
 BatchSize: 128
 LearningRate: 1.000000e-06
=====================================

=====================================
         CUDA Configuration
=====================================
 Device name: GeForce GTX TITAN X
 Memory Clock Rate (KHz): 3505000
 Memory Bus Width (bits): 384
-------------------------------------
 Tensor2DAddBlockSize: 8
 Tensor2DSubtractBlockSize: 8
 Tensor2DScaleBlockSize: 8
 Tensor2DMultiplyBlockSize: 16
 Tensor2DMultiplyBlockNumber: 512
 Tensor2DMultiplySharedMemory: 0
 Tensor2DMeanBlockSize: 8
-------------------------------------
 ReLuBlockSize: 8
-------------------------------------
 CrossEntropyGetMetricBlockSize: 64
 CrossEntropyCalculateBlockSize: 64
=====================================

Epoch 0:
  - [Train] Loss=3.22918
  - [Train] Accuracy=1.86131%
  - [Train] Total Forward Time=980.93194ms
  - [Train] Total Backward Time=3089.20301ms
  - [Train] Batch Forward Time=2.09601ms
  - [Train] Batch Backward Time=6.60086ms
  - [Test] Loss=nan
  - [Test] Accuracy=2.32372%

Epoch 1:
  - [Train] Loss=3.17528
  - [Train] Accuracy=1.80956%
  - [Train] Total Forward Time=1042.74093ms
  - [Train] Total Backward Time=3284.92336ms
  - [Train] Batch Forward Time=2.22808ms
  - [Train] Batch Backward Time=7.01907ms
  - [Test] Loss=nan
  - [Test] Accuracy=2.37380%

