mkdir -p logs
./build/CUDA-DNN-MNIST
=====================================
            Configuration
=====================================
 NumberOfEpochs: 2
 BatchSize: 128
 LearningRate: 1.000000e-06
=====================================

=====================================
         CUDA Configuration
=====================================
 Device name: GeForce GTX TITAN X
 Memory Clock Rate (KHz): 3505000
 Memory Bus Width (bits): 384
-------------------------------------
 Tensor2DAddBlockSize: 8
 Tensor2DSubtractBlockSize: 8
 Tensor2DScaleBlockSize: 8
 Tensor2DMultiplyBlockSize: 16
 Tensor2DMultiplyBlockNumber: 128
 Tensor2DMultiplySharedMemory: 0
 Tensor2DMeanBlockSize: 8
-------------------------------------
 ReLuBlockSize: 8
-------------------------------------
 CrossEntropyGetMetricBlockSize: 64
 CrossEntropyCalculateBlockSize: 64
=====================================

Epoch 0:
  - [Train] Loss=3.23946
  - [Train] Accuracy=2.56911%
  - [Train] Total Forward Time=140.54467ms
  - [Train] Total Backward Time=775.65802ms
  - [Train] Batch Forward Time=0.30031ms
  - [Train] Batch Backward Time=1.65739ms
  - [Test] Loss=nan
  - [Test] Accuracy=3.23518%

Epoch 1:
  - [Train] Loss=3.18067
  - [Train] Accuracy=2.42889%
  - [Train] Total Forward Time=140.34227ms
  - [Train] Total Backward Time=775.94170ms
  - [Train] Batch Forward Time=0.29988ms
  - [Train] Batch Backward Time=1.65800ms
  - [Test] Loss=nan
  - [Test] Accuracy=3.19511%

