mkdir -p logs
./build/CUDA-DNN-MNIST
=====================================
            Configuration
=====================================
 NumberOfEpochs: 2
 BatchSize: 4
 LearningRate: 1.000000e-06
=====================================

=====================================
         CUDA Configuration
=====================================
 Device name: GeForce GTX TITAN X
 Memory Clock Rate (KHz): 3505000
 Memory Bus Width (bits): 384
-------------------------------------
 Tensor2DAddBlockSize: 8
 Tensor2DSubtractBlockSize: 8
 Tensor2DScaleBlockSize: 8
 Tensor2DMultiplyBlockSize: 16
 Tensor2DMultiplyBlockNumber: -1
 Tensor2DMultiplySharedMemory: 0
 Tensor2DMeanBlockSize: 8
-------------------------------------
 ReLuBlockSize: 8
-------------------------------------
 CrossEntropyGetMetricBlockSize: 64
 CrossEntropyCalculateBlockSize: 64
=====================================

Epoch 0:
  - [Train] Loss=3.25848
  - [Train] Accuracy=3.58833%
  - [Train] Total Forward Time=9173.43936ms
  - [Train] Total Backward Time=1748.54611ms
  - [Train] Batch Forward Time=0.61156ms
  - [Train] Batch Backward Time=0.11657ms
  - [Test] Loss=nan
  - [Test] Accuracy=4.13000%

Epoch 1:
  - [Train] Loss=3.20304
  - [Train] Accuracy=3.65667%
  - [Train] Total Forward Time=9180.71593ms
  - [Train] Total Backward Time=1747.64416ms
  - [Train] Batch Forward Time=0.61205ms
  - [Train] Batch Backward Time=0.11651ms
  - [Test] Loss=nan
  - [Test] Accuracy=4.64000%

