mkdir -p logs
./build/CUDA-DNN-MNIST
=====================================
            Configuration
=====================================
 NumberOfEpochs: 2
 BatchSize: 512
 LearningRate: 1.000000e-06
=====================================

=====================================
         CUDA Configuration
=====================================
 Device name: GeForce GTX TITAN X
 Memory Clock Rate (KHz): 3505000
 Memory Bus Width (bits): 384
-------------------------------------
 Tensor2DAddBlockSize: 8
 Tensor2DSubtractBlockSize: 8
 Tensor2DScaleBlockSize: 8
 Tensor2DMultiplyBlockSize: 32
 Tensor2DMultiplyBlockNumber: 16
 Tensor2DMultiplySharedMemory: 0
 Tensor2DMeanBlockSize: 8
-------------------------------------
 ReLuBlockSize: 8
-------------------------------------
 CrossEntropyGetMetricBlockSize: 64
 CrossEntropyCalculateBlockSize: 64
=====================================

Epoch 0:
  - [Train] Loss=3.24414
  - [Train] Accuracy=1.43897%
  - [Train] Total Forward Time=96.06058ms
  - [Train] Total Backward Time=399.33939ms
  - [Train] Batch Forward Time=0.82103ms
  - [Train] Batch Backward Time=3.41316ms
  - [Test] Loss=nan
  - [Test] Accuracy=2.23067%

Epoch 1:
  - [Train] Loss=3.18440
  - [Train] Accuracy=1.33213%
  - [Train] Total Forward Time=93.95408ms
  - [Train] Total Backward Time=398.57226ms
  - [Train] Batch Forward Time=0.80303ms
  - [Train] Batch Backward Time=3.40660ms
  - [Test] Loss=nan
  - [Test] Accuracy=2.26151%

