mkdir -p logs
./build/CUDA-DNN-MNIST
=====================================
            Configuration
=====================================
 NumberOfEpochs: 2
 BatchSize: 16
 LearningRate: 1.000000e-06
=====================================

=====================================
         CUDA Configuration
=====================================
 Device name: GeForce GTX TITAN X
 Memory Clock Rate (KHz): 3505000
 Memory Bus Width (bits): 384
-------------------------------------
 Tensor2DAddBlockSize: 8
 Tensor2DSubtractBlockSize: 8
 Tensor2DScaleBlockSize: 8
 Tensor2DMultiplyBlockSize: 16
 Tensor2DMultiplyBlockNumber: -1
 Tensor2DMultiplySharedMemory: 1
 Tensor2DMeanBlockSize: 8
-------------------------------------
 ReLuBlockSize: 8
-------------------------------------
 CrossEntropyGetMetricBlockSize: 64
 CrossEntropyCalculateBlockSize: 64
=====================================

Epoch 0:
  - [Train] Loss=3.26411
  - [Train] Accuracy=1.19833%
  - [Train] Total Forward Time=319.56915ms
  - [Train] Total Backward Time=430.62922ms
  - [Train] Batch Forward Time=0.08522ms
  - [Train] Batch Backward Time=0.11483ms
  - [Test] Loss=nan
  - [Test] Accuracy=1.64000%

Epoch 1:
  - [Train] Loss=3.22676
  - [Train] Accuracy=1.08667%
  - [Train] Total Forward Time=319.46179ms
  - [Train] Total Backward Time=430.75645ms
  - [Train] Batch Forward Time=0.08519ms
  - [Train] Batch Backward Time=0.11487ms
  - [Test] Loss=nan
  - [Test] Accuracy=1.59000%

