mkdir -p logs
./build/CUDA-DNN-MNIST
=====================================
            Configuration
=====================================
 NumberOfEpochs: 2
 BatchSize: 64
 LearningRate: 1.000000e-06
=====================================

=====================================
         CUDA Configuration
=====================================
 Device name: GeForce GTX TITAN X
 Memory Clock Rate (KHz): 3505000
 Memory Bus Width (bits): 384
-------------------------------------
 Tensor2DAddBlockSize: 8
 Tensor2DSubtractBlockSize: 8
 Tensor2DScaleBlockSize: 8
 Tensor2DMultiplyBlockSize: 16
 Tensor2DMultiplyBlockNumber: -1
 Tensor2DMultiplySharedMemory: 0
 Tensor2DMeanBlockSize: 8
-------------------------------------
 ReLuBlockSize: 8
-------------------------------------
 CrossEntropyGetMetricBlockSize: 64
 CrossEntropyCalculateBlockSize: 64
=====================================

Epoch 0:
  - [Train] Loss=3.22217
  - [Train] Accuracy=2.83818%
  - [Train] Total Forward Time=636.91392ms
  - [Train] Total Backward Time=368.25600ms
  - [Train] Batch Forward Time=0.67974ms
  - [Train] Batch Backward Time=0.39302ms
  - [Test] Loss=nan
  - [Test] Accuracy=3.73598%

Epoch 1:
  - [Train] Loss=3.16885
  - [Train] Accuracy=2.93323%
  - [Train] Total Forward Time=637.13664ms
  - [Train] Total Backward Time=368.14525ms
  - [Train] Batch Forward Time=0.67998ms
  - [Train] Batch Backward Time=0.39290ms
  - [Test] Loss=nan
  - [Test] Accuracy=4.38702%

