mkdir -p logs
./build/CUDA-DNN-MNIST
=====================================
            Configuration
=====================================
 NumberOfEpochs: 2
 BatchSize: 128
 LearningRate: 1.000000e-06
=====================================

=====================================
         CUDA Configuration
=====================================
 Device name: GeForce GTX TITAN X
 Memory Clock Rate (KHz): 3505000
 Memory Bus Width (bits): 384
-------------------------------------
 Tensor2DAddBlockSize: 8
 Tensor2DSubtractBlockSize: 8
 Tensor2DScaleBlockSize: 8
 Tensor2DMultiplyBlockSize: 32
 Tensor2DMultiplyBlockNumber: 32
 Tensor2DMultiplySharedMemory: 0
 Tensor2DMeanBlockSize: 8
-------------------------------------
 ReLuBlockSize: 8
-------------------------------------
 CrossEntropyGetMetricBlockSize: 64
 CrossEntropyCalculateBlockSize: 64
=====================================

Epoch 0:
  - [Train] Loss=3.29448
  - [Train] Accuracy=1.73444%
  - [Train] Total Forward Time=124.08387ms
  - [Train] Total Backward Time=533.28874ms
  - [Train] Batch Forward Time=0.26514ms
  - [Train] Batch Backward Time=1.13951ms
  - [Test] Loss=nan
  - [Test] Accuracy=2.28365%

Epoch 1:
  - [Train] Loss=3.23482
  - [Train] Accuracy=1.62260%
  - [Train] Total Forward Time=124.07805ms
  - [Train] Total Backward Time=533.43622ms
  - [Train] Batch Forward Time=0.26512ms
  - [Train] Batch Backward Time=1.13982ms
  - [Test] Loss=nan
  - [Test] Accuracy=2.30369%

