mkdir -p logs
./build/CUDA-DNN-MNIST
=====================================
            Configuration
=====================================
 NumberOfEpochs: 2
 BatchSize: 8
 LearningRate: 1.000000e-06
=====================================

=====================================
         CUDA Configuration
=====================================
 Device name: GeForce GTX TITAN X
 Memory Clock Rate (KHz): 3505000
 Memory Bus Width (bits): 384
-------------------------------------
 Tensor2DAddBlockSize: 8
 Tensor2DSubtractBlockSize: 8
 Tensor2DScaleBlockSize: 8
 Tensor2DMultiplyBlockSize: 16
 Tensor2DMultiplyBlockNumber: -1
 Tensor2DMultiplySharedMemory: 0
 Tensor2DMeanBlockSize: 8
-------------------------------------
 ReLuBlockSize: 8
-------------------------------------
 CrossEntropyGetMetricBlockSize: 64
 CrossEntropyCalculateBlockSize: 64
=====================================

Epoch 0:
  - [Train] Loss=3.24108
  - [Train] Accuracy=2.14667%
  - [Train] Total Forward Time=4793.31452ms
  - [Train] Total Backward Time=954.57184ms
  - [Train] Batch Forward Time=0.63911ms
  - [Train] Batch Backward Time=0.12728ms
  - [Test] Loss=nan
  - [Test] Accuracy=2.68000%

Epoch 1:
  - [Train] Loss=3.17862
  - [Train] Accuracy=2.02667%
  - [Train] Total Forward Time=4793.10899ms
  - [Train] Total Backward Time=954.07459ms
  - [Train] Batch Forward Time=0.63908ms
  - [Train] Batch Backward Time=0.12721ms
  - [Test] Loss=nan
  - [Test] Accuracy=2.74000%

