mkdir -p logs
./build/CUDA-DNN-MNIST
=====================================
            Configuration
=====================================
 NumberOfEpochs: 2
 BatchSize: 128
 LearningRate: 1.000000e-06
=====================================

=====================================
         CUDA Configuration
=====================================
 Device name: GeForce GTX TITAN X
 Memory Clock Rate (KHz): 3505000
 Memory Bus Width (bits): 384
-------------------------------------
 Tensor2DAddBlockSize: 8
 Tensor2DSubtractBlockSize: 8
 Tensor2DScaleBlockSize: 8
 Tensor2DMultiplyBlockSize: 16
 Tensor2DMultiplyBlockNumber: 256
 Tensor2DMultiplySharedMemory: 0
 Tensor2DMeanBlockSize: 8
-------------------------------------
 ReLuBlockSize: 8
-------------------------------------
 CrossEntropyGetMetricBlockSize: 64
 CrossEntropyCalculateBlockSize: 64
=====================================

Epoch 0:
  - [Train] Loss=3.27253
  - [Train] Accuracy=1.70106%
  - [Train] Total Forward Time=367.86720ms
  - [Train] Total Backward Time=1400.04381ms
  - [Train] Batch Forward Time=0.78604ms
  - [Train] Batch Backward Time=2.99155ms
  - [Test] Loss=nan
  - [Test] Accuracy=2.74439%

Epoch 1:
  - [Train] Loss=3.21557
  - [Train] Accuracy=1.63762%
  - [Train] Total Forward Time=368.47629ms
  - [Train] Total Backward Time=1402.98867ms
  - [Train] Batch Forward Time=0.78734ms
  - [Train] Batch Backward Time=2.99784ms
  - [Test] Loss=nan
  - [Test] Accuracy=2.69431%

