mkdir -p logs
./build/CUDA-DNN-MNIST
=====================================
            Configuration
=====================================
 NumberOfEpochs: 2
 BatchSize: 512
 LearningRate: 1.000000e-06
=====================================

=====================================
         CUDA Configuration
=====================================
 Device name: GeForce GTX TITAN X
 Memory Clock Rate (KHz): 3505000
 Memory Bus Width (bits): 384
-------------------------------------
 Tensor2DAddBlockSize: 8
 Tensor2DSubtractBlockSize: 8
 Tensor2DScaleBlockSize: 8
 Tensor2DMultiplyBlockSize: 16
 Tensor2DMultiplyBlockNumber: -1
 Tensor2DMultiplySharedMemory: 0
 Tensor2DMeanBlockSize: 8
-------------------------------------
 ReLuBlockSize: 8
-------------------------------------
 CrossEntropyGetMetricBlockSize: 64
 CrossEntropyCalculateBlockSize: 64
=====================================

Epoch 0:
  - [Train] Loss=3.28348
  - [Train] Accuracy=1.73444%
  - [Train] Total Forward Time=192.17782ms
  - [Train] Total Backward Time=218.37443ms
  - [Train] Batch Forward Time=1.64255ms
  - [Train] Batch Backward Time=1.86645ms
  - [Test] Loss=nan
  - [Test] Accuracy=2.46711%

Epoch 1:
  - [Train] Loss=3.22587
  - [Train] Accuracy=1.69939%
  - [Train] Total Forward Time=190.60598ms
  - [Train] Total Backward Time=218.15632ms
  - [Train] Batch Forward Time=1.62911ms
  - [Train] Batch Backward Time=1.86458ms
  - [Test] Loss=nan
  - [Test] Accuracy=2.44655%

