mkdir -p logs
./build/CUDA-DNN-MNIST
=====================================
            Configuration
=====================================
 NumberOfEpochs: 2
 BatchSize: 256
 LearningRate: 1.000000e-06
=====================================

=====================================
         CUDA Configuration
=====================================
 Device name: GeForce GTX TITAN X
 Memory Clock Rate (KHz): 3505000
 Memory Bus Width (bits): 384
-------------------------------------
 Tensor2DAddBlockSize: 8
 Tensor2DSubtractBlockSize: 8
 Tensor2DScaleBlockSize: 8
 Tensor2DMultiplyBlockSize: 16
 Tensor2DMultiplyBlockNumber: 16
 Tensor2DMultiplySharedMemory: 0
 Tensor2DMeanBlockSize: 8
-------------------------------------
 ReLuBlockSize: 8
-------------------------------------
 CrossEntropyGetMetricBlockSize: 64
 CrossEntropyCalculateBlockSize: 64
=====================================

Epoch 0:
  - [Train] Loss=3.25646
  - [Train] Accuracy=1.40391%
  - [Train] Total Forward Time=169.80755ms
  - [Train] Total Backward Time=352.71434ms
  - [Train] Batch Forward Time=0.72567ms
  - [Train] Batch Backward Time=1.50733ms
  - [Test] Loss=nan
  - [Test] Accuracy=2.32372%

Epoch 1:
  - [Train] Loss=3.20057
  - [Train] Accuracy=1.42061%
  - [Train] Total Forward Time=170.87210ms
  - [Train] Total Backward Time=352.91978ms
  - [Train] Batch Forward Time=0.73022ms
  - [Train] Batch Backward Time=1.50820ms
  - [Test] Loss=nan
  - [Test] Accuracy=2.44391%

