mkdir -p logs
./build/CUDA-DNN-MNIST
=====================================
            Configuration
=====================================
 NumberOfEpochs: 2
 BatchSize: 256
 LearningRate: 1.000000e-06
=====================================

=====================================
         CUDA Configuration
=====================================
 Device name: GeForce GTX TITAN X
 Memory Clock Rate (KHz): 3505000
 Memory Bus Width (bits): 384
-------------------------------------
 Tensor2DAddBlockSize: 8
 Tensor2DSubtractBlockSize: 8
 Tensor2DScaleBlockSize: 8
 Tensor2DMultiplyBlockSize: 32
 Tensor2DMultiplyBlockNumber: 32
 Tensor2DMultiplySharedMemory: 0
 Tensor2DMeanBlockSize: 8
-------------------------------------
 ReLuBlockSize: 8
-------------------------------------
 CrossEntropyGetMetricBlockSize: 64
 CrossEntropyCalculateBlockSize: 64
=====================================

Epoch 0:
  - [Train] Loss=3.19604
  - [Train] Accuracy=3.15839%
  - [Train] Total Forward Time=79.09338ms
  - [Train] Total Backward Time=492.62835ms
  - [Train] Batch Forward Time=0.33801ms
  - [Train] Batch Backward Time=2.10525ms
  - [Test] Loss=nan
  - [Test] Accuracy=4.63742%

Epoch 1:
  - [Train] Loss=3.13878
  - [Train] Accuracy=3.10330%
  - [Train] Total Forward Time=76.73712ms
  - [Train] Total Backward Time=492.67283ms
  - [Train] Batch Forward Time=0.32794ms
  - [Train] Batch Backward Time=2.10544ms
  - [Test] Loss=nan
  - [Test] Accuracy=4.96795%

