mkdir -p logs
./build/CUDA-DNN-MNIST
=====================================
            Configuration
=====================================
 NumberOfEpochs: 2
 BatchSize: 512
 LearningRate: 1.000000e-06
=====================================

=====================================
         CUDA Configuration
=====================================
 Device name: GeForce GTX TITAN X
 Memory Clock Rate (KHz): 3505000
 Memory Bus Width (bits): 384
-------------------------------------
 Tensor2DAddBlockSize: 8
 Tensor2DSubtractBlockSize: 8
 Tensor2DScaleBlockSize: 8
 Tensor2DMultiplyBlockSize: 32
 Tensor2DMultiplyBlockNumber: 32
 Tensor2DMultiplySharedMemory: 1
 Tensor2DMeanBlockSize: 8
-------------------------------------
 ReLuBlockSize: 8
-------------------------------------
 CrossEntropyGetMetricBlockSize: 64
 CrossEntropyCalculateBlockSize: 64
=====================================

Epoch 0:
  - [Train] Loss=3.26318
  - [Train] Accuracy=0.79627%
  - [Train] Total Forward Time=28.10861ms
  - [Train] Total Backward Time=287.73722ms
  - [Train] Batch Forward Time=0.24024ms
  - [Train] Batch Backward Time=2.45929ms
  - [Test] Loss=nan
  - [Test] Accuracy=2.04564%

Epoch 1:
  - [Train] Loss=3.24465
  - [Train] Accuracy=0.73785%
  - [Train] Total Forward Time=27.81008ms
  - [Train] Total Backward Time=288.14099ms
  - [Train] Batch Forward Time=0.23769ms
  - [Train] Batch Backward Time=2.46274ms
  - [Test] Loss=nan
  - [Test] Accuracy=2.06620%

