mkdir -p logs
./build/CUDA-DNN-MNIST
=====================================
            Configuration
=====================================
 NumberOfEpochs: 2
 BatchSize: 256
 LearningRate: 1.000000e-06
=====================================

=====================================
         CUDA Configuration
=====================================
 Device name: GeForce GTX TITAN X
 Memory Clock Rate (KHz): 3505000
 Memory Bus Width (bits): 384
-------------------------------------
 Tensor2DAddBlockSize: 8
 Tensor2DSubtractBlockSize: 8
 Tensor2DScaleBlockSize: 8
 Tensor2DMultiplyBlockSize: 16
 Tensor2DMultiplyBlockNumber: -1
 Tensor2DMultiplySharedMemory: 1
 Tensor2DMeanBlockSize: 8
-------------------------------------
 ReLuBlockSize: 8
-------------------------------------
 CrossEntropyGetMetricBlockSize: 64
 CrossEntropyCalculateBlockSize: 64
=====================================

Epoch 0:
  - [Train] Loss=3.23908
  - [Train] Accuracy=1.78118%
  - [Train] Total Forward Time=29.59549ms
  - [Train] Total Backward Time=109.05312ms
  - [Train] Batch Forward Time=0.12648ms
  - [Train] Batch Backward Time=0.46604ms
  - [Test] Loss=nan
  - [Test] Accuracy=2.77444%

Epoch 1:
  - [Train] Loss=3.19931
  - [Train] Accuracy=1.76950%
  - [Train] Total Forward Time=29.55946ms
  - [Train] Total Backward Time=109.07869ms
  - [Train] Batch Forward Time=0.12632ms
  - [Train] Batch Backward Time=0.46615ms
  - [Test] Loss=nan
  - [Test] Accuracy=2.75441%

