mkdir -p logs
./build/CUDA-DNN-MNIST
=====================================
            Configuration
=====================================
 NumberOfEpochs: 2
 BatchSize: 512
 LearningRate: 1.000000e-06
=====================================

=====================================
         CUDA Configuration
=====================================
 Device name: GeForce GTX TITAN X
 Memory Clock Rate (KHz): 3505000
 Memory Bus Width (bits): 384
-------------------------------------
 Tensor2DAddBlockSize: 8
 Tensor2DSubtractBlockSize: 8
 Tensor2DScaleBlockSize: 8
 Tensor2DMultiplyBlockSize: 16
 Tensor2DMultiplyBlockNumber: 16
 Tensor2DMultiplySharedMemory: 1
 Tensor2DMeanBlockSize: 8
-------------------------------------
 ReLuBlockSize: 8
-------------------------------------
 CrossEntropyGetMetricBlockSize: 64
 CrossEntropyCalculateBlockSize: 64
=====================================

Epoch 0:
  - [Train] Loss=3.25422
  - [Train] Accuracy=1.29708%
  - [Train] Total Forward Time=26.31066ms
  - [Train] Total Backward Time=97.73485ms
  - [Train] Batch Forward Time=0.22488ms
  - [Train] Batch Backward Time=0.83534ms
  - [Test] Loss=nan
  - [Test] Accuracy=1.74753%

Epoch 1:
  - [Train] Loss=3.22157
  - [Train] Accuracy=1.22863%
  - [Train] Total Forward Time=26.07034ms
  - [Train] Total Backward Time=97.62611ms
  - [Train] Batch Forward Time=0.22282ms
  - [Train] Batch Backward Time=0.83441ms
  - [Test] Loss=nan
  - [Test] Accuracy=1.73725%

