mkdir -p logs
./build/CUDA-DNN-MNIST
=====================================
            Configuration
=====================================
 NumberOfEpochs: 2
 BatchSize: 128
 LearningRate: 1.000000e-06
=====================================

=====================================
         CUDA Configuration
=====================================
 Device name: GeForce GTX TITAN X
 Memory Clock Rate (KHz): 3505000
 Memory Bus Width (bits): 384
-------------------------------------
 Tensor2DAddBlockSize: 8
 Tensor2DSubtractBlockSize: 8
 Tensor2DScaleBlockSize: 8
 Tensor2DMultiplyBlockSize: 16
 Tensor2DMultiplyBlockNumber: 64
 Tensor2DMultiplySharedMemory: 0
 Tensor2DMeanBlockSize: 8
-------------------------------------
 ReLuBlockSize: 8
-------------------------------------
 CrossEntropyGetMetricBlockSize: 64
 CrossEntropyCalculateBlockSize: 64
=====================================

Epoch 0:
  - [Train] Loss=3.27122
  - [Train] Accuracy=1.59255%
  - [Train] Total Forward Time=86.05507ms
  - [Train] Total Backward Time=460.47981ms
  - [Train] Batch Forward Time=0.18388ms
  - [Train] Batch Backward Time=0.98393ms
  - [Test] Loss=nan
  - [Test] Accuracy=2.00321%

Epoch 1:
  - [Train] Loss=3.21342
  - [Train] Accuracy=1.57585%
  - [Train] Total Forward Time=85.86854ms
  - [Train] Total Backward Time=460.51766ms
  - [Train] Batch Forward Time=0.18348ms
  - [Train] Batch Backward Time=0.98401ms
  - [Test] Loss=nan
  - [Test] Accuracy=2.04327%

