mkdir -p logs
./build/CUDA-DNN-MNIST
=====================================
            Configuration
=====================================
 NumberOfEpochs: 2
 BatchSize: 512
 LearningRate: 1.000000e-06
=====================================

=====================================
         CUDA Configuration
=====================================
 Device name: GeForce GTX TITAN X
 Memory Clock Rate (KHz): 3505000
 Memory Bus Width (bits): 384
-------------------------------------
 Tensor2DAddBlockSize: 8
 Tensor2DSubtractBlockSize: 8
 Tensor2DScaleBlockSize: 8
 Tensor2DMultiplyBlockSize: 32
 Tensor2DMultiplyBlockNumber: 32
 Tensor2DMultiplySharedMemory: 0
 Tensor2DMeanBlockSize: 8
-------------------------------------
 ReLuBlockSize: 8
-------------------------------------
 CrossEntropyGetMetricBlockSize: 64
 CrossEntropyCalculateBlockSize: 64
=====================================

Epoch 0:
  - [Train] Loss=3.25087
  - [Train] Accuracy=1.41560%
  - [Train] Total Forward Time=64.73286ms
  - [Train] Total Backward Time=473.79782ms
  - [Train] Batch Forward Time=0.55327ms
  - [Train] Batch Backward Time=4.04955ms
  - [Test] Loss=nan
  - [Test] Accuracy=1.93257%

Epoch 1:
  - [Train] Loss=3.19549
  - [Train] Accuracy=1.40391%
  - [Train] Total Forward Time=62.40339ms
  - [Train] Total Backward Time=473.88851ms
  - [Train] Batch Forward Time=0.53336ms
  - [Train] Batch Backward Time=4.05033ms
  - [Test] Loss=nan
  - [Test] Accuracy=1.92229%

