mkdir -p logs
./build/CUDA-DNN-MNIST
=====================================
            Configuration
=====================================
 NumberOfEpochs: 2
 BatchSize: 16
 LearningRate: 1.000000e-06
=====================================

=====================================
         CUDA Configuration
=====================================
 Device name: GeForce GTX TITAN X
 Memory Clock Rate (KHz): 3505000
 Memory Bus Width (bits): 384
-------------------------------------
 Tensor2DAddBlockSize: 8
 Tensor2DSubtractBlockSize: 8
 Tensor2DScaleBlockSize: 8
 Tensor2DMultiplyBlockSize: 16
 Tensor2DMultiplyBlockNumber: -1
 Tensor2DMultiplySharedMemory: 0
 Tensor2DMeanBlockSize: 8
-------------------------------------
 ReLuBlockSize: 8
-------------------------------------
 CrossEntropyGetMetricBlockSize: 64
 CrossEntropyCalculateBlockSize: 64
=====================================

Epoch 0:
  - [Train] Loss=3.24420
  - [Train] Accuracy=1.79833%
  - [Train] Total Forward Time=2446.19757ms
  - [Train] Total Backward Time=574.61037ms
  - [Train] Batch Forward Time=0.65232ms
  - [Train] Batch Backward Time=0.15323ms
  - [Test] Loss=nan
  - [Test] Accuracy=2.81000%

Epoch 1:
  - [Train] Loss=3.18996
  - [Train] Accuracy=1.74333%
  - [Train] Total Forward Time=2446.55664ms
  - [Train] Total Backward Time=574.66957ms
  - [Train] Batch Forward Time=0.65242ms
  - [Train] Batch Backward Time=0.15325ms
  - [Test] Loss=nan
  - [Test] Accuracy=3.31000%

