mkdir -p logs
./build/CUDA-DNN-MNIST
=====================================
            Configuration
=====================================
 NumberOfEpochs: 2
 BatchSize: 128
 LearningRate: 1.000000e-06
=====================================

=====================================
         CUDA Configuration
=====================================
 Device name: GeForce GTX TITAN X
 Memory Clock Rate (KHz): 3505000
 Memory Bus Width (bits): 384
-------------------------------------
 Tensor2DAddBlockSize: 8
 Tensor2DSubtractBlockSize: 8
 Tensor2DScaleBlockSize: 8
 Tensor2DMultiplyBlockSize: 32
 Tensor2DMultiplyBlockNumber: 32
 Tensor2DMultiplySharedMemory: 1
 Tensor2DMeanBlockSize: 8
-------------------------------------
 ReLuBlockSize: 8
-------------------------------------
 CrossEntropyGetMetricBlockSize: 64
 CrossEntropyCalculateBlockSize: 64
=====================================

Epoch 0:
  - [Train] Loss=3.25716
  - [Train] Accuracy=1.15685%
  - [Train] Total Forward Time=49.49117ms
  - [Train] Total Backward Time=362.31814ms
  - [Train] Batch Forward Time=0.10575ms
  - [Train] Batch Backward Time=0.77418ms
  - [Test] Loss=3.34430
  - [Test] Accuracy=2.09335%

Epoch 1:
  - [Train] Loss=3.23995
  - [Train] Accuracy=1.09175%
  - [Train] Total Forward Time=49.51571ms
  - [Train] Total Backward Time=362.18349ms
  - [Train] Batch Forward Time=0.10580ms
  - [Train] Batch Backward Time=0.77390ms
  - [Test] Loss=3.32604
  - [Test] Accuracy=2.09335%

