mkdir -p logs
./build/CUDA-DNN-MNIST
=====================================
            Configuration
=====================================
 NumberOfEpochs: 2
 BatchSize: 1
 LearningRate: 1.000000e-06
=====================================

=====================================
         CUDA Configuration
=====================================
 Device name: GeForce GTX TITAN X
 Memory Clock Rate (KHz): 3505000
 Memory Bus Width (bits): 384
-------------------------------------
 Tensor2DAddBlockSize: 8
 Tensor2DSubtractBlockSize: 8
 Tensor2DScaleBlockSize: 8
 Tensor2DMultiplyBlockSize: 16
 Tensor2DMultiplyBlockNumber: -1
 Tensor2DMultiplySharedMemory: 0
 Tensor2DMeanBlockSize: 8
-------------------------------------
 ReLuBlockSize: 8
-------------------------------------
 CrossEntropyGetMetricBlockSize: 64
 CrossEntropyCalculateBlockSize: 64
=====================================

Epoch 0:
  - [Train] Loss=3.24263
  - [Train] Accuracy=2.04500%
  - [Train] Total Forward Time=34559.54582ms
  - [Train] Total Backward Time=6260.63510ms
  - [Train] Batch Forward Time=0.57599ms
  - [Train] Batch Backward Time=0.10434ms
  - [Test] Loss=nan
  - [Test] Accuracy=2.86000%

Epoch 1:
  - [Train] Loss=3.18346
  - [Train] Accuracy=1.96167%
  - [Train] Total Forward Time=34753.26970ms
  - [Train] Total Backward Time=6291.58358ms
  - [Train] Batch Forward Time=0.57922ms
  - [Train] Batch Backward Time=0.10486ms
  - [Test] Loss=nan
  - [Test] Accuracy=2.85000%

