mkdir -p logs
./build/CUDA-DNN-MNIST
=====================================
            Configuration
=====================================
 NumberOfEpochs: 2
 BatchSize: 256
 LearningRate: 1.000000e-06
=====================================

=====================================
         CUDA Configuration
=====================================
 Device name: GeForce GTX TITAN X
 Memory Clock Rate (KHz): 3505000
 Memory Bus Width (bits): 384
-------------------------------------
 Tensor2DAddBlockSize: 8
 Tensor2DSubtractBlockSize: 8
 Tensor2DScaleBlockSize: 8
 Tensor2DMultiplyBlockSize: 32
 Tensor2DMultiplyBlockNumber: 32
 Tensor2DMultiplySharedMemory: 1
 Tensor2DMeanBlockSize: 8
-------------------------------------
 ReLuBlockSize: 8
-------------------------------------
 CrossEntropyGetMetricBlockSize: 64
 CrossEntropyCalculateBlockSize: 64
=====================================

Epoch 0:
  - [Train] Loss=3.26202
  - [Train] Accuracy=0.68276%
  - [Train] Total Forward Time=38.46765ms
  - [Train] Total Backward Time=314.91178ms
  - [Train] Batch Forward Time=0.16439ms
  - [Train] Batch Backward Time=1.34578ms
  - [Test] Loss=nan
  - [Test] Accuracy=1.25200%

Epoch 1:
  - [Train] Loss=3.24153
  - [Train] Accuracy=0.65271%
  - [Train] Total Forward Time=37.34714ms
  - [Train] Total Backward Time=315.10278ms
  - [Train] Batch Forward Time=0.15960ms
  - [Train] Batch Backward Time=1.34659ms
  - [Test] Loss=nan
  - [Test] Accuracy=1.24199%

