mkdir -p logs
./build/CUDA-DNN-MNIST
=====================================
            Configuration
=====================================
 NumberOfEpochs: 2
 BatchSize: 128
 LearningRate: 1.000000e-06
=====================================

=====================================
         CUDA Configuration
=====================================
 Device name: GeForce GTX TITAN X
 Memory Clock Rate (KHz): 3505000
 Memory Bus Width (bits): 384
-------------------------------------
 Tensor2DAddBlockSize: 8
 Tensor2DSubtractBlockSize: 8
 Tensor2DScaleBlockSize: 8
 Tensor2DMultiplyBlockSize: 4
 Tensor2DMultiplyBlockNumber: -1
 Tensor2DMultiplySharedMemory: 0
 Tensor2DMeanBlockSize: 8
-------------------------------------
 ReLuBlockSize: 8
-------------------------------------
 CrossEntropyGetMetricBlockSize: 64
 CrossEntropyCalculateBlockSize: 64
=====================================

Epoch 0:
  - [Train] Loss=3.23775
  - [Train] Accuracy=1.52077%
  - [Train] Total Forward Time=670.03923ms
  - [Train] Total Backward Time=893.30538ms
  - [Train] Batch Forward Time=1.43171ms
  - [Train] Batch Backward Time=1.90877ms
  - [Test] Loss=nan
  - [Test] Accuracy=2.43389%

Epoch 1:
  - [Train] Loss=3.18261
  - [Train] Accuracy=1.42728%
  - [Train] Total Forward Time=668.75616ms
  - [Train] Total Backward Time=891.51913ms
  - [Train] Batch Forward Time=1.42897ms
  - [Train] Batch Backward Time=1.90496ms
  - [Test] Loss=nan
  - [Test] Accuracy=2.43389%

