mkdir -p logs
./build/CUDA-DNN-MNIST
=====================================
            Configuration
=====================================
 NumberOfEpochs: 2
 BatchSize: 256
 LearningRate: 1.000000e-06
=====================================

=====================================
         CUDA Configuration
=====================================
 Device name: GeForce GTX TITAN X
 Memory Clock Rate (KHz): 3505000
 Memory Bus Width (bits): 384
-------------------------------------
 Tensor2DAddBlockSize: 8
 Tensor2DSubtractBlockSize: 8
 Tensor2DScaleBlockSize: 8
 Tensor2DMultiplyBlockSize: 16
 Tensor2DMultiplyBlockNumber: 16
 Tensor2DMultiplySharedMemory: 1
 Tensor2DMeanBlockSize: 8
-------------------------------------
 ReLuBlockSize: 8
-------------------------------------
 CrossEntropyGetMetricBlockSize: 64
 CrossEntropyCalculateBlockSize: 64
=====================================

Epoch 0:
  - [Train] Loss=3.27014
  - [Train] Accuracy=1.30709%
  - [Train] Total Forward Time=29.35776ms
  - [Train] Total Backward Time=107.96320ms
  - [Train] Batch Forward Time=0.12546ms
  - [Train] Batch Backward Time=0.46138ms
  - [Test] Loss=nan
  - [Test] Accuracy=2.12340%

Epoch 1:
  - [Train] Loss=3.23309
  - [Train] Accuracy=1.23531%
  - [Train] Total Forward Time=29.27370ms
  - [Train] Total Backward Time=108.03018ms
  - [Train] Batch Forward Time=0.12510ms
  - [Train] Batch Backward Time=0.46167ms
  - [Test] Loss=nan
  - [Test] Accuracy=2.15345%

