mkdir -p logs
./build/CUDA-DNN-MNIST
=====================================
            Configuration
=====================================
 NumberOfEpochs: 2
 BatchSize: 512
 LearningRate: 1.000000e-06
=====================================

=====================================
         CUDA Configuration
=====================================
 Device name: GeForce GTX TITAN X
 Memory Clock Rate (KHz): 3505000
 Memory Bus Width (bits): 384
-------------------------------------
 Tensor2DAddBlockSize: 8
 Tensor2DSubtractBlockSize: 8
 Tensor2DScaleBlockSize: 8
 Tensor2DMultiplyBlockSize: 32
 Tensor2DMultiplyBlockNumber: 16
 Tensor2DMultiplySharedMemory: 1
 Tensor2DMeanBlockSize: 8
-------------------------------------
 ReLuBlockSize: 8
-------------------------------------
 CrossEntropyGetMetricBlockSize: 64
 CrossEntropyCalculateBlockSize: 64
=====================================

Epoch 0:
  - [Train] Loss=3.26988
  - [Train] Accuracy=0.80796%
  - [Train] Total Forward Time=28.27011ms
  - [Train] Total Backward Time=287.70157ms
  - [Train] Batch Forward Time=0.24162ms
  - [Train] Batch Backward Time=2.45899ms
  - [Test] Loss=nan
  - [Test] Accuracy=1.12048%

Epoch 1:
  - [Train] Loss=3.25128
  - [Train] Accuracy=0.73451%
  - [Train] Total Forward Time=27.83162ms
  - [Train] Total Backward Time=287.72381ms
  - [Train] Batch Forward Time=0.23788ms
  - [Train] Batch Backward Time=2.45918ms
  - [Test] Loss=nan
  - [Test] Accuracy=1.09992%

