mkdir -p logs
./build/CUDA-DNN-MNIST
=====================================
            Configuration
=====================================
 NumberOfEpochs: 2
 BatchSize: 1024
 LearningRate: 1.000000e-06
=====================================

=====================================
         CUDA Configuration
=====================================
 Device name: GeForce GTX TITAN X
 Memory Clock Rate (KHz): 3505000
 Memory Bus Width (bits): 384
-------------------------------------
 Tensor2DAddBlockSize: 8
 Tensor2DSubtractBlockSize: 8
 Tensor2DScaleBlockSize: 8
 Tensor2DMultiplyBlockSize: 16
 Tensor2DMultiplyBlockNumber: -1
 Tensor2DMultiplySharedMemory: 1
 Tensor2DMeanBlockSize: 8
-------------------------------------
 ReLuBlockSize: 8
-------------------------------------
 CrossEntropyGetMetricBlockSize: 64
 CrossEntropyCalculateBlockSize: 64
=====================================

Epoch 0:
  - [Train] Loss=3.25356
  - [Train] Accuracy=0.87217%
  - [Train] Total Forward Time=22.62080ms
  - [Train] Total Backward Time=91.95578ms
  - [Train] Batch Forward Time=0.39001ms
  - [Train] Batch Backward Time=1.58544ms
  - [Test] Loss=inf
  - [Test] Accuracy=1.23698%

Epoch 1:
  - [Train] Loss=3.22063
  - [Train] Accuracy=0.78967%
  - [Train] Total Forward Time=22.55206ms
  - [Train] Total Backward Time=91.97616ms
  - [Train] Batch Forward Time=0.38883ms
  - [Train] Batch Backward Time=1.58580ms
  - [Test] Loss=inf
  - [Test] Accuracy=1.25868%

