mkdir -p logs
./build/CUDA-DNN-MNIST
=====================================
            Configuration
=====================================
 NumberOfEpochs: 2
 BatchSize: 128
 LearningRate: 1.000000e-06
=====================================

=====================================
         CUDA Configuration
=====================================
 Device name: GeForce GTX TITAN X
 Memory Clock Rate (KHz): 3505000
 Memory Bus Width (bits): 384
-------------------------------------
 Tensor2DAddBlockSize: 8
 Tensor2DSubtractBlockSize: 8
 Tensor2DScaleBlockSize: 8
 Tensor2DMultiplyBlockSize: 16
 Tensor2DMultiplyBlockNumber: 32
 Tensor2DMultiplySharedMemory: 1
 Tensor2DMeanBlockSize: 8
-------------------------------------
 ReLuBlockSize: 8
-------------------------------------
 CrossEntropyGetMetricBlockSize: 64
 CrossEntropyCalculateBlockSize: 64
=====================================

Epoch 0:
  - [Train] Loss=3.25730
  - [Train] Accuracy=1.13849%
  - [Train] Total Forward Time=46.49949ms
  - [Train] Total Backward Time=129.09814ms
  - [Train] Batch Forward Time=0.09936ms
  - [Train] Batch Backward Time=0.27585ms
  - [Test] Loss=nan
  - [Test] Accuracy=2.08333%

Epoch 1:
  - [Train] Loss=3.22171
  - [Train] Accuracy=1.12346%
  - [Train] Total Forward Time=46.56115ms
  - [Train] Total Backward Time=128.98467ms
  - [Train] Batch Forward Time=0.09949ms
  - [Train] Batch Backward Time=0.27561ms
  - [Test] Loss=nan
  - [Test] Accuracy=2.10337%

