mkdir -p logs
./build/CUDA-DNN-MNIST
=====================================
            Configuration
=====================================
 NumberOfEpochs: 2
 BatchSize: 1
 LearningRate: 1.000000e-06
=====================================

=====================================
         CUDA Configuration
=====================================
 Device name: GeForce GTX TITAN X
 Memory Clock Rate (KHz): 3505000
 Memory Bus Width (bits): 384
-------------------------------------
 Tensor2DAddBlockSize: 8
 Tensor2DSubtractBlockSize: 8
 Tensor2DScaleBlockSize: 8
 Tensor2DMultiplyBlockSize: 16
 Tensor2DMultiplyBlockNumber: -1
 Tensor2DMultiplySharedMemory: 1
 Tensor2DMeanBlockSize: 8
-------------------------------------
 ReLuBlockSize: 8
-------------------------------------
 CrossEntropyGetMetricBlockSize: 64
 CrossEntropyCalculateBlockSize: 64
=====================================

Epoch 0:
  - [Train] Loss=3.25185
  - [Train] Accuracy=0.00000%
  - [Train] Total Forward Time=4800.89686ms
  - [Train] Total Backward Time=5560.88436ms
  - [Train] Batch Forward Time=0.08001ms
  - [Train] Batch Backward Time=0.09268ms
  - [Test] Loss=3.27799
  - [Test] Accuracy=0.26000%

Epoch 1:
  - [Train] Loss=3.25161
  - [Train] Accuracy=0.00000%
  - [Train] Total Forward Time=4736.35975ms
  - [Train] Total Backward Time=5486.55098ms
  - [Train] Batch Forward Time=0.07894ms
  - [Train] Batch Backward Time=0.09144ms
  - [Test] Loss=3.27758
  - [Test] Accuracy=0.26000%

