mkdir -p logs
./build/CUDA-DNN-MNIST
=====================================
            Configuration
=====================================
 NumberOfEpochs: 2
 BatchSize: 512
 LearningRate: 1.000000e-06
=====================================

=====================================
         CUDA Configuration
=====================================
 Device name: GeForce GTX TITAN X
 Memory Clock Rate (KHz): 3505000
 Memory Bus Width (bits): 384
-------------------------------------
 Tensor2DAddBlockSize: 8
 Tensor2DSubtractBlockSize: 8
 Tensor2DScaleBlockSize: 8
 Tensor2DMultiplyBlockSize: 16
 Tensor2DMultiplyBlockNumber: -1
 Tensor2DMultiplySharedMemory: 1
 Tensor2DMeanBlockSize: 8
-------------------------------------
 ReLuBlockSize: 8
-------------------------------------
 CrossEntropyGetMetricBlockSize: 64
 CrossEntropyCalculateBlockSize: 64
=====================================

Epoch 0:
  - [Train] Loss=3.27183
  - [Train] Accuracy=1.68269%
  - [Train] Total Forward Time=26.62502ms
  - [Train] Total Backward Time=98.72266ms
  - [Train] Batch Forward Time=0.22756ms
  - [Train] Batch Backward Time=0.84378ms
  - [Test] Loss=nan
  - [Test] Accuracy=2.44655%

Epoch 1:
  - [Train] Loss=3.23882
  - [Train] Accuracy=1.54748%
  - [Train] Total Forward Time=26.37395ms
  - [Train] Total Backward Time=98.68592ms
  - [Train] Batch Forward Time=0.22542ms
  - [Train] Batch Backward Time=0.84347ms
  - [Test] Loss=nan
  - [Test] Accuracy=2.40543%

