mkdir -p logs
./build/CUDA-DNN-MNIST
=====================================
            Configuration
=====================================
 NumberOfEpochs: 2
 BatchSize: 128
 LearningRate: 1.000000e-06
=====================================

=====================================
         CUDA Configuration
=====================================
 Device name: GeForce GTX TITAN X
 Memory Clock Rate (KHz): 3505000
 Memory Bus Width (bits): 384
-------------------------------------
 Tensor2DAddBlockSize: 8
 Tensor2DSubtractBlockSize: 8
 Tensor2DScaleBlockSize: 8
 Tensor2DMultiplyBlockSize: 32
 Tensor2DMultiplyBlockNumber: 16
 Tensor2DMultiplySharedMemory: 1
 Tensor2DMeanBlockSize: 8
-------------------------------------
 ReLuBlockSize: 8
-------------------------------------
 CrossEntropyGetMetricBlockSize: 64
 CrossEntropyCalculateBlockSize: 64
=====================================

Epoch 0:
  - [Train] Loss=3.24510
  - [Train] Accuracy=0.42401%
  - [Train] Total Forward Time=49.67872ms
  - [Train] Total Backward Time=362.29306ms
  - [Train] Batch Forward Time=0.10615ms
  - [Train] Batch Backward Time=0.77413ms
  - [Test] Loss=nan
  - [Test] Accuracy=1.03165%

Epoch 1:
  - [Train] Loss=3.22636
  - [Train] Accuracy=0.37059%
  - [Train] Total Forward Time=49.72998ms
  - [Train] Total Backward Time=362.47325ms
  - [Train] Batch Forward Time=0.10626ms
  - [Train] Batch Backward Time=0.77452ms
  - [Test] Loss=nan
  - [Test] Accuracy=1.02163%

