mkdir -p logs
./build/CUDA-DNN-MNIST
=====================================
            Configuration
=====================================
 NumberOfEpochs: 2
 BatchSize: 2
 LearningRate: 1.000000e-06
=====================================

=====================================
         CUDA Configuration
=====================================
 Device name: GeForce GTX TITAN X
 Memory Clock Rate (KHz): 3505000
 Memory Bus Width (bits): 384
-------------------------------------
 Tensor2DAddBlockSize: 8
 Tensor2DSubtractBlockSize: 8
 Tensor2DScaleBlockSize: 8
 Tensor2DMultiplyBlockSize: 16
 Tensor2DMultiplyBlockNumber: -1
 Tensor2DMultiplySharedMemory: 1
 Tensor2DMeanBlockSize: 8
-------------------------------------
 ReLuBlockSize: 8
-------------------------------------
 CrossEntropyGetMetricBlockSize: 64
 CrossEntropyCalculateBlockSize: 64
=====================================

Epoch 0:
  - [Train] Loss=3.25083
  - [Train] Accuracy=0.00000%
  - [Train] Total Forward Time=2359.05307ms
  - [Train] Total Backward Time=2738.75504ms
  - [Train] Batch Forward Time=0.07864ms
  - [Train] Batch Backward Time=0.09129ms
  - [Test] Loss=3.30996
  - [Test] Accuracy=0.26000%

Epoch 1:
  - [Train] Loss=3.25001
  - [Train] Accuracy=0.00000%
  - [Train] Total Forward Time=2358.23490ms
  - [Train] Total Backward Time=2739.33337ms
  - [Train] Batch Forward Time=0.07861ms
  - [Train] Batch Backward Time=0.09131ms
  - [Test] Loss=3.30902
  - [Test] Accuracy=0.26000%

