mkdir -p logs
./build/CUDA-DNN-MNIST
=====================================
            Configuration
=====================================
 NumberOfEpochs: 2
 BatchSize: 128
 LearningRate: 1.000000e-06
=====================================

=====================================
         CUDA Configuration
=====================================
 Device name: GeForce GTX TITAN X
 Memory Clock Rate (KHz): 3505000
 Memory Bus Width (bits): 384
-------------------------------------
 Tensor2DAddBlockSize: 8
 Tensor2DSubtractBlockSize: 8
 Tensor2DScaleBlockSize: 8
 Tensor2DMultiplyBlockSize: 16
 Tensor2DMultiplyBlockNumber: 16
 Tensor2DMultiplySharedMemory: 0
 Tensor2DMeanBlockSize: 8
-------------------------------------
 ReLuBlockSize: 8
-------------------------------------
 CrossEntropyGetMetricBlockSize: 64
 CrossEntropyCalculateBlockSize: 64
=====================================

Epoch 0:
  - [Train] Loss=3.28243
  - [Train] Accuracy=2.50735%
  - [Train] Total Forward Time=202.52294ms
  - [Train] Total Backward Time=417.06352ms
  - [Train] Batch Forward Time=0.43274ms
  - [Train] Batch Backward Time=0.89116ms
  - [Test] Loss=nan
  - [Test] Accuracy=3.14503%

Epoch 1:
  - [Train] Loss=3.22180
  - [Train] Accuracy=2.37881%
  - [Train] Total Forward Time=194.80051ms
  - [Train] Total Backward Time=399.73811ms
  - [Train] Batch Forward Time=0.41624ms
  - [Train] Batch Backward Time=0.85414ms
  - [Test] Loss=nan
  - [Test] Accuracy=3.08494%

