mkdir -p logs
./build/CUDA-DNN-MNIST
=====================================
            Configuration
=====================================
 NumberOfEpochs: 2
 BatchSize: 8
 LearningRate: 1.000000e-06
=====================================

=====================================
         CUDA Configuration
=====================================
 Device name: GeForce GTX TITAN X
 Memory Clock Rate (KHz): 3505000
 Memory Bus Width (bits): 384
-------------------------------------
 Tensor2DAddBlockSize: 8
 Tensor2DSubtractBlockSize: 8
 Tensor2DScaleBlockSize: 8
 Tensor2DMultiplyBlockSize: 16
 Tensor2DMultiplyBlockNumber: -1
 Tensor2DMultiplySharedMemory: 1
 Tensor2DMeanBlockSize: 8
-------------------------------------
 ReLuBlockSize: 8
-------------------------------------
 CrossEntropyGetMetricBlockSize: 64
 CrossEntropyCalculateBlockSize: 64
=====================================

Epoch 0:
  - [Train] Loss=3.25597
  - [Train] Accuracy=0.34667%
  - [Train] Total Forward Time=593.90482ms
  - [Train] Total Backward Time=727.09802ms
  - [Train] Batch Forward Time=0.07919ms
  - [Train] Batch Backward Time=0.09695ms
  - [Test] Loss=nan
  - [Test] Accuracy=0.70000%

Epoch 1:
  - [Train] Loss=3.23934
  - [Train] Accuracy=0.34667%
  - [Train] Total Forward Time=594.20524ms
  - [Train] Total Backward Time=727.74086ms
  - [Train] Batch Forward Time=0.07923ms
  - [Train] Batch Backward Time=0.09703ms
  - [Test] Loss=nan
  - [Test] Accuracy=0.70000%

