mkdir -p logs
./build/CUDA-DNN-MNIST
=====================================
            Configuration
=====================================
 NumberOfEpochs: 2
 BatchSize: 128
 LearningRate: 1.000000e-06
=====================================

=====================================
         CUDA Configuration
=====================================
 Device name: GeForce GTX TITAN X
 Memory Clock Rate (KHz): 3505000
 Memory Bus Width (bits): 384
-------------------------------------
 Tensor2DAddBlockSize: 8
 Tensor2DSubtractBlockSize: 8
 Tensor2DScaleBlockSize: 8
 Tensor2DMultiplyBlockSize: 16
 Tensor2DMultiplyBlockNumber: 16
 Tensor2DMultiplySharedMemory: 1
 Tensor2DMeanBlockSize: 8
-------------------------------------
 ReLuBlockSize: 8
-------------------------------------
 CrossEntropyGetMetricBlockSize: 64
 CrossEntropyCalculateBlockSize: 64
=====================================

Epoch 0:
  - [Train] Loss=3.27968
  - [Train] Accuracy=0.77457%
  - [Train] Total Forward Time=46.38016ms
  - [Train] Total Backward Time=128.73232ms
  - [Train] Batch Forward Time=0.09910ms
  - [Train] Batch Backward Time=0.27507ms
  - [Test] Loss=nan
  - [Test] Accuracy=1.22196%

Epoch 1:
  - [Train] Loss=3.24363
  - [Train] Accuracy=0.71782%
  - [Train] Total Forward Time=46.41456ms
  - [Train] Total Backward Time=128.55818ms
  - [Train] Batch Forward Time=0.09918ms
  - [Train] Batch Backward Time=0.27470ms
  - [Test] Loss=nan
  - [Test] Accuracy=1.21194%

