mkdir -p logs
./build/CUDA-DNN-MNIST
=====================================
            Configuration
=====================================
 NumberOfEpochs: 2
 BatchSize: 512
 LearningRate: 1.000000e-06
=====================================

=====================================
         CUDA Configuration
=====================================
 Device name: GeForce GTX 1060 6GB
 Memory Clock Rate (KHz): 4004000
 Memory Bus Width (bits): 192
-------------------------------------
 Tensor2DAddBlockSize: 8
 Tensor2DSubtractBlockSize: 8
 Tensor2DScaleBlockSize: 8
 Tensor2DMultiplyBlockSize: 16
 Tensor2DMultiplyBlockNumber: -1
 Tensor2DMultiplySharedMemory: 0
 Tensor2DMeanBlockSize: 8
-------------------------------------
 ReLuBlockSize: 8
-------------------------------------
 CrossEntropyGetMetricBlockSize: 64
 CrossEntropyCalculateBlockSize: 64
=====================================

Epoch 0:
  - [Train] Loss=3.26334
  - [Train] Accuracy=1.49907%
  - [Train] Total Forward Time=145.65872ms
  - [Train] Total Backward Time=213.61456ms
  - [Train] Batch Forward Time=1.24495ms
  - [Train] Batch Backward Time=1.82577ms
  - [Test] Loss=nan
  - [Test] Accuracy=2.08676%

Epoch 1:
  - [Train] Loss=3.20583
  - [Train] Accuracy=1.41226%
  - [Train] Total Forward Time=143.98413ms
  - [Train] Total Backward Time=213.71456ms
  - [Train] Batch Forward Time=1.23063ms
  - [Train] Batch Backward Time=1.82662ms
  - [Test] Loss=nan
  - [Test] Accuracy=2.05592%

