mkdir -p logs
./build/CUDA-DNN-MNIST
=====================================
            Configuration
=====================================
 NumberOfEpochs: 2
 BatchSize: 8
 LearningRate: 1.000000e-06
=====================================

=====================================
         CUDA Configuration
=====================================
 Device name: GeForce GTX 1060 6GB
 Memory Clock Rate (KHz): 4004000
 Memory Bus Width (bits): 192
-------------------------------------
 Tensor2DAddBlockSize: 8
 Tensor2DSubtractBlockSize: 8
 Tensor2DScaleBlockSize: 8
 Tensor2DMultiplyBlockSize: 16
 Tensor2DMultiplyBlockNumber: -1
 Tensor2DMultiplySharedMemory: 1
 Tensor2DMeanBlockSize: 8
-------------------------------------
 ReLuBlockSize: 8
-------------------------------------
 CrossEntropyGetMetricBlockSize: 64
 CrossEntropyCalculateBlockSize: 64
=====================================

Epoch 0:
  - [Train] Loss=3.27088
  - [Train] Accuracy=0.37000%
  - [Train] Total Forward Time=253.37319ms
  - [Train] Total Backward Time=442.13309ms
  - [Train] Batch Forward Time=0.03378ms
  - [Train] Batch Backward Time=0.05895ms
  - [Test] Loss=nan
  - [Test] Accuracy=0.72000%

Epoch 1:
  - [Train] Loss=3.25469
  - [Train] Accuracy=0.35500%
  - [Train] Total Forward Time=254.29539ms
  - [Train] Total Backward Time=442.22746ms
  - [Train] Batch Forward Time=0.03391ms
  - [Train] Batch Backward Time=0.05896ms
  - [Test] Loss=nan
  - [Test] Accuracy=0.72000%

