mkdir -p logs
./build/CUDA-DNN-MNIST
=====================================
            Configuration
=====================================
 NumberOfEpochs: 2
 BatchSize: 128
 LearningRate: 1.000000e-06
=====================================

=====================================
         CUDA Configuration
=====================================
 Device name: GeForce GTX 1060 6GB
 Memory Clock Rate (KHz): 4004000
 Memory Bus Width (bits): 192
-------------------------------------
 Tensor2DAddBlockSize: 8
 Tensor2DSubtractBlockSize: 8
 Tensor2DScaleBlockSize: 8
 Tensor2DMultiplyBlockSize: 16
 Tensor2DMultiplyBlockNumber: 1
 Tensor2DMultiplySharedMemory: 0
 Tensor2DMeanBlockSize: 8
-------------------------------------
 ReLuBlockSize: 8
-------------------------------------
 CrossEntropyGetMetricBlockSize: 64
 CrossEntropyCalculateBlockSize: 64
=====================================

Epoch 0:
  - [Train] Loss=3.25784
  - [Train] Accuracy=1.45566%
  - [Train] Total Forward Time=5737.04526ms
  - [Train] Total Backward Time=2426.12195ms
  - [Train] Batch Forward Time=12.25864ms
  - [Train] Batch Backward Time=5.18402ms
  - [Test] Loss=nan
  - [Test] Accuracy=2.18349%

Epoch 1:
  - [Train] Loss=3.20364
  - [Train] Accuracy=1.37720%
  - [Train] Total Forward Time=5737.20650ms
  - [Train] Total Backward Time=2425.69152ms
  - [Train] Batch Forward Time=12.25899ms
  - [Train] Batch Backward Time=5.18310ms
  - [Test] Loss=nan
  - [Test] Accuracy=2.21354%

