mkdir -p logs
./build/CUDA-DNN-MNIST
=====================================
            Configuration
=====================================
 NumberOfEpochs: 2
 BatchSize: 128
 LearningRate: 1.000000e-06
=====================================

=====================================
         CUDA Configuration
=====================================
 Device name: GeForce GTX 1060 6GB
 Memory Clock Rate (KHz): 4004000
 Memory Bus Width (bits): 192
-------------------------------------
 Tensor2DAddBlockSize: 8
 Tensor2DSubtractBlockSize: 8
 Tensor2DScaleBlockSize: 8
 Tensor2DMultiplyBlockSize: 8
 Tensor2DMultiplyBlockNumber: -1
 Tensor2DMultiplySharedMemory: 0
 Tensor2DMeanBlockSize: 8
-------------------------------------
 ReLuBlockSize: 8
-------------------------------------
 CrossEntropyGetMetricBlockSize: 64
 CrossEntropyCalculateBlockSize: 64
=====================================

Epoch 0:
  - [Train] Loss=3.25104
  - [Train] Accuracy=2.41052%
  - [Train] Total Forward Time=243.29802ms
  - [Train] Total Backward Time=264.78672ms
  - [Train] Batch Forward Time=0.51987ms
  - [Train] Batch Backward Time=0.56578ms
  - [Test] Loss=nan
  - [Test] Accuracy=3.42548%

Epoch 1:
  - [Train] Loss=3.19218
  - [Train] Accuracy=2.47897%
  - [Train] Total Forward Time=243.18663ms
  - [Train] Total Backward Time=264.85920ms
  - [Train] Batch Forward Time=0.51963ms
  - [Train] Batch Backward Time=0.56594ms
  - [Test] Loss=nan
  - [Test] Accuracy=3.62580%

