mkdir -p logs
./build/CUDA-DNN-MNIST
=====================================
            Configuration
=====================================
 NumberOfEpochs: 2
 BatchSize: 4
 LearningRate: 1.000000e-06
=====================================

=====================================
         CUDA Configuration
=====================================
 Device name: GeForce GTX 1060 6GB
 Memory Clock Rate (KHz): 4004000
 Memory Bus Width (bits): 192
-------------------------------------
 Tensor2DAddBlockSize: 8
 Tensor2DSubtractBlockSize: 8
 Tensor2DScaleBlockSize: 8
 Tensor2DMultiplyBlockSize: 16
 Tensor2DMultiplyBlockNumber: -1
 Tensor2DMultiplySharedMemory: 1
 Tensor2DMeanBlockSize: 8
-------------------------------------
 ReLuBlockSize: 8
-------------------------------------
 CrossEntropyGetMetricBlockSize: 64
 CrossEntropyCalculateBlockSize: 64
=====================================

Epoch 0:
  - [Train] Loss=3.24890
  - [Train] Accuracy=0.06833%
  - [Train] Total Forward Time=498.29504ms
  - [Train] Total Backward Time=814.17302ms
  - [Train] Batch Forward Time=0.03322ms
  - [Train] Batch Backward Time=0.05428ms
  - [Test] Loss=nan
  - [Test] Accuracy=0.43000%

Epoch 1:
  - [Train] Loss=3.24519
  - [Train] Accuracy=0.06500%
  - [Train] Total Forward Time=498.05082ms
  - [Train] Total Backward Time=814.31254ms
  - [Train] Batch Forward Time=0.03320ms
  - [Train] Batch Backward Time=0.05429ms
  - [Test] Loss=nan
  - [Test] Accuracy=0.43000%

