mkdir -p logs
./build/CUDA-DNN-MNIST
=====================================
            Configuration
=====================================
 NumberOfEpochs: 2
 BatchSize: 128
 LearningRate: 1.000000e-06
=====================================

=====================================
         CUDA Configuration
=====================================
 Device name: GeForce GTX 1060 6GB
 Memory Clock Rate (KHz): 4004000
 Memory Bus Width (bits): 192
-------------------------------------
 Tensor2DAddBlockSize: 8
 Tensor2DSubtractBlockSize: 8
 Tensor2DScaleBlockSize: 8
 Tensor2DMultiplyBlockSize: 2
 Tensor2DMultiplyBlockNumber: -1
 Tensor2DMultiplySharedMemory: 0
 Tensor2DMeanBlockSize: 8
-------------------------------------
 ReLuBlockSize: 8
-------------------------------------
 CrossEntropyGetMetricBlockSize: 64
 CrossEntropyCalculateBlockSize: 64
=====================================

Epoch 0:
  - [Train] Loss=3.25671
  - [Train] Accuracy=2.32038%
  - [Train] Total Forward Time=816.20250ms
  - [Train] Total Backward Time=2661.58048ms
  - [Train] Batch Forward Time=1.74402ms
  - [Train] Batch Backward Time=5.68714ms
  - [Test] Loss=nan
  - [Test] Accuracy=2.70433%

Epoch 1:
  - [Train] Loss=3.19804
  - [Train] Accuracy=2.06163%
  - [Train] Total Forward Time=814.24784ms
  - [Train] Total Backward Time=2661.78086ms
  - [Train] Batch Forward Time=1.73985ms
  - [Train] Batch Backward Time=5.68757ms
  - [Test] Loss=nan
  - [Test] Accuracy=2.79447%

