mkdir -p logs
./build/CUDA-DNN-MNIST
=====================================
            Configuration
=====================================
 NumberOfEpochs: 2
 BatchSize: 256
 LearningRate: 1.000000e-06
=====================================

=====================================
         CUDA Configuration
=====================================
 Device name: GeForce GTX 1060 6GB
 Memory Clock Rate (KHz): 4004000
 Memory Bus Width (bits): 192
-------------------------------------
 Tensor2DAddBlockSize: 8
 Tensor2DSubtractBlockSize: 8
 Tensor2DScaleBlockSize: 8
 Tensor2DMultiplyBlockSize: 16
 Tensor2DMultiplyBlockNumber: 32
 Tensor2DMultiplySharedMemory: 1
 Tensor2DMeanBlockSize: 8
-------------------------------------
 ReLuBlockSize: 8
-------------------------------------
 CrossEntropyGetMetricBlockSize: 64
 CrossEntropyCalculateBlockSize: 64
=====================================

Epoch 0:
  - [Train] Loss=3.26496
  - [Train] Accuracy=1.59589%
  - [Train] Total Forward Time=30.19402ms
  - [Train] Total Backward Time=122.47283ms
  - [Train] Batch Forward Time=0.12903ms
  - [Train] Batch Backward Time=0.52339ms
  - [Test] Loss=nan
  - [Test] Accuracy=2.40385%

Epoch 1:
  - [Train] Loss=3.22763
  - [Train] Accuracy=1.54581%
  - [Train] Total Forward Time=30.03597ms
  - [Train] Total Backward Time=122.42938ms
  - [Train] Batch Forward Time=0.12836ms
  - [Train] Batch Backward Time=0.52320ms
  - [Test] Loss=nan
  - [Test] Accuracy=2.42388%

