mkdir -p logs
./build/CUDA-DNN-MNIST
=====================================
            Configuration
=====================================
 NumberOfEpochs: 2
 BatchSize: 128
 LearningRate: 1.000000e-06
=====================================

=====================================
         CUDA Configuration
=====================================
 Device name: GeForce GTX 1060 6GB
 Memory Clock Rate (KHz): 4004000
 Memory Bus Width (bits): 192
-------------------------------------
 Tensor2DAddBlockSize: 8
 Tensor2DSubtractBlockSize: 8
 Tensor2DScaleBlockSize: 8
 Tensor2DMultiplyBlockSize: 16
 Tensor2DMultiplyBlockNumber: 64
 Tensor2DMultiplySharedMemory: 0
 Tensor2DMeanBlockSize: 8
-------------------------------------
 ReLuBlockSize: 8
-------------------------------------
 CrossEntropyGetMetricBlockSize: 64
 CrossEntropyCalculateBlockSize: 64
=====================================

Epoch 0:
  - [Train] Loss=3.22806
  - [Train] Accuracy=3.44217%
  - [Train] Total Forward Time=82.58480ms
  - [Train] Total Backward Time=505.09632ms
  - [Train] Batch Forward Time=0.17646ms
  - [Train] Batch Backward Time=1.07927ms
  - [Test] Loss=nan
  - [Test] Accuracy=5.95954%

Epoch 1:
  - [Train] Loss=3.17094
  - [Train] Accuracy=4.18503%
  - [Train] Total Forward Time=82.54493ms
  - [Train] Total Backward Time=506.07626ms
  - [Train] Batch Forward Time=0.17638ms
  - [Train] Batch Backward Time=1.08136ms
  - [Test] Loss=nan
  - [Test] Accuracy=6.94111%

