mkdir -p logs
./build/CUDA-DNN-MNIST
=====================================
            Configuration
=====================================
 NumberOfEpochs: 2
 BatchSize: 1024
 LearningRate: 1.000000e-06
=====================================

=====================================
         CUDA Configuration
=====================================
 Device name: GeForce GTX 1060 6GB
 Memory Clock Rate (KHz): 4004000
 Memory Bus Width (bits): 192
-------------------------------------
 Tensor2DAddBlockSize: 8
 Tensor2DSubtractBlockSize: 8
 Tensor2DScaleBlockSize: 8
 Tensor2DMultiplyBlockSize: 16
 Tensor2DMultiplyBlockNumber: -1
 Tensor2DMultiplySharedMemory: 1
 Tensor2DMeanBlockSize: 8
-------------------------------------
 ReLuBlockSize: 8
-------------------------------------
 CrossEntropyGetMetricBlockSize: 64
 CrossEntropyCalculateBlockSize: 64
=====================================

Epoch 0:
  - [Train] Loss=3.25248
  - [Train] Accuracy=1.03886%
  - [Train] Total Forward Time=25.76077ms
  - [Train] Total Backward Time=112.47075ms
  - [Train] Batch Forward Time=0.44415ms
  - [Train] Batch Backward Time=1.93915ms
  - [Test] Loss=nan
  - [Test] Accuracy=1.34549%

Epoch 1:
  - [Train] Loss=3.21990
  - [Train] Accuracy=1.00013%
  - [Train] Total Forward Time=25.74746ms
  - [Train] Total Backward Time=112.47914ms
  - [Train] Batch Forward Time=0.44392ms
  - [Train] Batch Backward Time=1.93930ms
  - [Test] Loss=nan
  - [Test] Accuracy=1.33464%

