mkdir -p logs
./build/CUDA-DNN-MNIST
=====================================
            Configuration
=====================================
 NumberOfEpochs: 2
 BatchSize: 128
 LearningRate: 1.000000e-06
=====================================

=====================================
         CUDA Configuration
=====================================
 Device name: GeForce GTX 1060 6GB
 Memory Clock Rate (KHz): 4004000
 Memory Bus Width (bits): 192
-------------------------------------
 Tensor2DAddBlockSize: 8
 Tensor2DSubtractBlockSize: 8
 Tensor2DScaleBlockSize: 8
 Tensor2DMultiplyBlockSize: 16
 Tensor2DMultiplyBlockNumber: 512
 Tensor2DMultiplySharedMemory: 0
 Tensor2DMeanBlockSize: 8
-------------------------------------
 ReLuBlockSize: 8
-------------------------------------
 CrossEntropyGetMetricBlockSize: 64
 CrossEntropyCalculateBlockSize: 64
=====================================

Epoch 0:
  - [Train] Loss=3.24543
  - [Train] Accuracy=2.36879%
  - [Train] Total Forward Time=1146.89272ms
  - [Train] Total Backward Time=3381.60080ms
  - [Train] Batch Forward Time=2.45063ms
  - [Train] Batch Backward Time=7.22564ms
  - [Test] Loss=nan
  - [Test] Accuracy=3.06490%

Epoch 1:
  - [Train] Loss=3.18684
  - [Train] Accuracy=2.20686%
  - [Train] Total Forward Time=1147.01054ms
  - [Train] Total Backward Time=3381.07209ms
  - [Train] Batch Forward Time=2.45088ms
  - [Train] Batch Backward Time=7.22451ms
  - [Test] Loss=nan
  - [Test] Accuracy=2.94471%

