mkdir -p logs
./build/CUDA-DNN-MNIST
=====================================
            Configuration
=====================================
 NumberOfEpochs: 2
 BatchSize: 128
 LearningRate: 1.000000e-06
=====================================

=====================================
         CUDA Configuration
=====================================
 Device name: GeForce GTX 1060 6GB
 Memory Clock Rate (KHz): 4004000
 Memory Bus Width (bits): 192
-------------------------------------
 Tensor2DAddBlockSize: 8
 Tensor2DSubtractBlockSize: 8
 Tensor2DScaleBlockSize: 8
 Tensor2DMultiplyBlockSize: 16
 Tensor2DMultiplyBlockNumber: 32
 Tensor2DMultiplySharedMemory: 0
 Tensor2DMeanBlockSize: 8
-------------------------------------
 ReLuBlockSize: 8
-------------------------------------
 CrossEntropyGetMetricBlockSize: 64
 CrossEntropyCalculateBlockSize: 64
=====================================

Epoch 0:
  - [Train] Loss=3.30714
  - [Train] Accuracy=2.18850%
  - [Train] Total Forward Time=79.94278ms
  - [Train] Total Backward Time=339.50147ms
  - [Train] Batch Forward Time=0.17082ms
  - [Train] Batch Backward Time=0.72543ms
  - [Test] Loss=nan
  - [Test] Accuracy=2.86458%

Epoch 1:
  - [Train] Loss=3.24295
  - [Train] Accuracy=2.01489%
  - [Train] Total Forward Time=80.03859ms
  - [Train] Total Backward Time=339.45994ms
  - [Train] Batch Forward Time=0.17102ms
  - [Train] Batch Backward Time=0.72534ms
  - [Test] Loss=nan
  - [Test] Accuracy=2.74439%

