mkdir -p logs
./build/CUDA-DNN-MNIST
=====================================
            Configuration
=====================================
 NumberOfEpochs: 2
 BatchSize: 64
 LearningRate: 1.000000e-06
=====================================

=====================================
         CUDA Configuration
=====================================
 Device name: GeForce GTX 1060 6GB
 Memory Clock Rate (KHz): 4004000
 Memory Bus Width (bits): 192
-------------------------------------
 Tensor2DAddBlockSize: 8
 Tensor2DSubtractBlockSize: 8
 Tensor2DScaleBlockSize: 8
 Tensor2DMultiplyBlockSize: 16
 Tensor2DMultiplyBlockNumber: -1
 Tensor2DMultiplySharedMemory: 0
 Tensor2DMeanBlockSize: 8
-------------------------------------
 ReLuBlockSize: 8
-------------------------------------
 CrossEntropyGetMetricBlockSize: 64
 CrossEntropyCalculateBlockSize: 64
=====================================

Epoch 0:
  - [Train] Loss=3.27211
  - [Train] Accuracy=1.27068%
  - [Train] Total Forward Time=270.12960ms
  - [Train] Total Backward Time=247.68554ms
  - [Train] Batch Forward Time=0.28829ms
  - [Train] Batch Backward Time=0.26434ms
  - [Test] Loss=nan
  - [Test] Accuracy=1.73277%

Epoch 1:
  - [Train] Loss=3.21673
  - [Train] Accuracy=1.18563%
  - [Train] Total Forward Time=269.94314ms
  - [Train] Total Backward Time=247.72688ms
  - [Train] Batch Forward Time=0.28809ms
  - [Train] Batch Backward Time=0.26438ms
  - [Test] Loss=nan
  - [Test] Accuracy=1.68269%

