mkdir -p logs
./build/CUDA-DNN-MNIST
=====================================
            Configuration
=====================================
 NumberOfEpochs: 2
 BatchSize: 128
 LearningRate: 1.000000e-06
=====================================

=====================================
         CUDA Configuration
=====================================
 Device name: GeForce GTX 1060 6GB
 Memory Clock Rate (KHz): 4004000
 Memory Bus Width (bits): 192
-------------------------------------
 Tensor2DAddBlockSize: 8
 Tensor2DSubtractBlockSize: 8
 Tensor2DScaleBlockSize: 8
 Tensor2DMultiplyBlockSize: 32
 Tensor2DMultiplyBlockNumber: -1
 Tensor2DMultiplySharedMemory: 0
 Tensor2DMeanBlockSize: 8
-------------------------------------
 ReLuBlockSize: 8
-------------------------------------
 CrossEntropyGetMetricBlockSize: 64
 CrossEntropyCalculateBlockSize: 64
=====================================

Epoch 0:
  - [Train] Loss=3.27063
  - [Train] Accuracy=1.45733%
  - [Train] Total Forward Time=352.53885ms
  - [Train] Total Backward Time=348.10061ms
  - [Train] Batch Forward Time=0.75329ms
  - [Train] Batch Backward Time=0.74380ms
  - [Test] Loss=nan
  - [Test] Accuracy=2.57412%

Epoch 1:
  - [Train] Loss=3.21606
  - [Train] Accuracy=1.41560%
  - [Train] Total Forward Time=352.46009ms
  - [Train] Total Backward Time=348.06746ms
  - [Train] Batch Forward Time=0.75312ms
  - [Train] Batch Backward Time=0.74373ms
  - [Test] Loss=nan
  - [Test] Accuracy=2.57412%

