mkdir -p logs
./build/CUDA-DNN-MNIST
=====================================
            Configuration
=====================================
 NumberOfEpochs: 2
 BatchSize: 2
 LearningRate: 1.000000e-06
=====================================

=====================================
         CUDA Configuration
=====================================
 Device name: GeForce GTX 1060 6GB
 Memory Clock Rate (KHz): 4004000
 Memory Bus Width (bits): 192
-------------------------------------
 Tensor2DAddBlockSize: 8
 Tensor2DSubtractBlockSize: 8
 Tensor2DScaleBlockSize: 8
 Tensor2DMultiplyBlockSize: 16
 Tensor2DMultiplyBlockNumber: -1
 Tensor2DMultiplySharedMemory: 0
 Tensor2DMeanBlockSize: 8
-------------------------------------
 ReLuBlockSize: 8
-------------------------------------
 CrossEntropyGetMetricBlockSize: 64
 CrossEntropyCalculateBlockSize: 64
=====================================

Epoch 0:
  - [Train] Loss=3.22791
  - [Train] Accuracy=2.12333%
  - [Train] Total Forward Time=7777.47351ms
  - [Train] Total Backward Time=1644.22099ms
  - [Train] Batch Forward Time=0.25925ms
  - [Train] Batch Backward Time=0.05481ms
  - [Test] Loss=nan
  - [Test] Accuracy=3.71000%

Epoch 1:
  - [Train] Loss=3.17287
  - [Train] Accuracy=2.13333%
  - [Train] Total Forward Time=7778.85845ms
  - [Train] Total Backward Time=1642.33977ms
  - [Train] Batch Forward Time=0.25930ms
  - [Train] Batch Backward Time=0.05474ms
  - [Test] Loss=nan
  - [Test] Accuracy=3.75000%

