mkdir -p logs
./build/CUDA-DNN-MNIST
=====================================
            Configuration
=====================================
 NumberOfEpochs: 2
 BatchSize: 512
 LearningRate: 1.000000e-06
=====================================

=====================================
         CUDA Configuration
=====================================
 Device name: GeForce GTX 1060 6GB
 Memory Clock Rate (KHz): 4004000
 Memory Bus Width (bits): 192
-------------------------------------
 Tensor2DAddBlockSize: 8
 Tensor2DSubtractBlockSize: 8
 Tensor2DScaleBlockSize: 8
 Tensor2DMultiplyBlockSize: 16
 Tensor2DMultiplyBlockNumber: 32
 Tensor2DMultiplySharedMemory: 1
 Tensor2DMeanBlockSize: 8
-------------------------------------
 ReLuBlockSize: 8
-------------------------------------
 CrossEntropyGetMetricBlockSize: 64
 CrossEntropyCalculateBlockSize: 64
=====================================

Epoch 0:
  - [Train] Loss=3.25556
  - [Train] Accuracy=1.66099%
  - [Train] Total Forward Time=27.27226ms
  - [Train] Total Backward Time=116.14045ms
  - [Train] Batch Forward Time=0.23310ms
  - [Train] Batch Backward Time=0.99265ms
  - [Test] Loss=nan
  - [Test] Accuracy=2.15872%

Epoch 1:
  - [Train] Loss=3.22295
  - [Train] Accuracy=1.53412%
  - [Train] Total Forward Time=27.12346ms
  - [Train] Total Backward Time=116.08032ms
  - [Train] Batch Forward Time=0.23182ms
  - [Train] Batch Backward Time=0.99214ms
  - [Test] Loss=nan
  - [Test] Accuracy=2.16900%

