mkdir -p logs
./build/CUDA-DNN-MNIST
=====================================
            Configuration
=====================================
 NumberOfEpochs: 2
 BatchSize: 8
 LearningRate: 1.000000e-06
=====================================

=====================================
         CUDA Configuration
=====================================
 Device name: GeForce GTX 1060 6GB
 Memory Clock Rate (KHz): 4004000
 Memory Bus Width (bits): 192
-------------------------------------
 Tensor2DAddBlockSize: 8
 Tensor2DSubtractBlockSize: 8
 Tensor2DScaleBlockSize: 8
 Tensor2DMultiplyBlockSize: 16
 Tensor2DMultiplyBlockNumber: -1
 Tensor2DMultiplySharedMemory: 0
 Tensor2DMeanBlockSize: 8
-------------------------------------
 ReLuBlockSize: 8
-------------------------------------
 CrossEntropyGetMetricBlockSize: 64
 CrossEntropyCalculateBlockSize: 64
=====================================

Epoch 0:
  - [Train] Loss=3.23616
  - [Train] Accuracy=2.38000%
  - [Train] Total Forward Time=1987.14816ms
  - [Train] Total Backward Time=545.48345ms
  - [Train] Batch Forward Time=0.26495ms
  - [Train] Batch Backward Time=0.07273ms
  - [Test] Loss=nan
  - [Test] Accuracy=3.58000%

Epoch 1:
  - [Train] Loss=3.17200
  - [Train] Accuracy=2.42833%
  - [Train] Total Forward Time=1987.08163ms
  - [Train] Total Backward Time=545.08992ms
  - [Train] Batch Forward Time=0.26494ms
  - [Train] Batch Backward Time=0.07268ms
  - [Test] Loss=nan
  - [Test] Accuracy=4.41000%

