mkdir -p logs
./build/CUDA-DNN-MNIST
=====================================
            Configuration
=====================================
 NumberOfEpochs: 2
 BatchSize: 128
 LearningRate: 1.000000e-06
=====================================

=====================================
         CUDA Configuration
=====================================
 Device name: GeForce GTX 1060 6GB
 Memory Clock Rate (KHz): 4004000
 Memory Bus Width (bits): 192
-------------------------------------
 Tensor2DAddBlockSize: 8
 Tensor2DSubtractBlockSize: 8
 Tensor2DScaleBlockSize: 8
 Tensor2DMultiplyBlockSize: 1
 Tensor2DMultiplyBlockNumber: -1
 Tensor2DMultiplySharedMemory: 0
 Tensor2DMeanBlockSize: 8
-------------------------------------
 ReLuBlockSize: 8
-------------------------------------
 CrossEntropyGetMetricBlockSize: 64
 CrossEntropyCalculateBlockSize: 64
=====================================

Epoch 0:
  - [Train] Loss=3.28095
  - [Train] Accuracy=1.54748%
  - [Train] Total Forward Time=1097.91405ms
  - [Train] Total Backward Time=3093.27033ms
  - [Train] Batch Forward Time=2.34597ms
  - [Train] Batch Backward Time=6.60955ms
  - [Test] Loss=nan
  - [Test] Accuracy=2.28365%

Epoch 1:
  - [Train] Loss=3.22510
  - [Train] Accuracy=1.45900%
  - [Train] Total Forward Time=1096.94960ms
  - [Train] Total Backward Time=3093.56269ms
  - [Train] Batch Forward Time=2.34391ms
  - [Train] Batch Backward Time=6.61018ms
  - [Test] Loss=nan
  - [Test] Accuracy=2.36378%

