mkdir -p logs
./build/CUDA-DNN-MNIST
=====================================
            Configuration
=====================================
 NumberOfEpochs: 2
 BatchSize: 16
 LearningRate: 1.000000e-06
=====================================

=====================================
         CUDA Configuration
=====================================
 Device name: GeForce GTX 1060 6GB
 Memory Clock Rate (KHz): 4004000
 Memory Bus Width (bits): 192
-------------------------------------
 Tensor2DAddBlockSize: 8
 Tensor2DSubtractBlockSize: 8
 Tensor2DScaleBlockSize: 8
 Tensor2DMultiplyBlockSize: 16
 Tensor2DMultiplyBlockNumber: -1
 Tensor2DMultiplySharedMemory: 0
 Tensor2DMeanBlockSize: 8
-------------------------------------
 ReLuBlockSize: 8
-------------------------------------
 CrossEntropyGetMetricBlockSize: 64
 CrossEntropyCalculateBlockSize: 64
=====================================

Epoch 0:
  - [Train] Loss=3.27727
  - [Train] Accuracy=2.41833%
  - [Train] Total Forward Time=998.43981ms
  - [Train] Total Backward Time=444.26896ms
  - [Train] Batch Forward Time=0.26625ms
  - [Train] Batch Backward Time=0.11847ms
  - [Test] Loss=nan
  - [Test] Accuracy=3.70000%

Epoch 1:
  - [Train] Loss=3.21905
  - [Train] Accuracy=2.29167%
  - [Train] Total Forward Time=998.32550ms
  - [Train] Total Backward Time=444.20525ms
  - [Train] Batch Forward Time=0.26622ms
  - [Train] Batch Backward Time=0.11845ms
  - [Test] Loss=nan
  - [Test] Accuracy=3.81000%

