mkdir -p logs
./build/CUDA-DNN-MNIST
=====================================
            Configuration
=====================================
 NumberOfEpochs: 2
 BatchSize: 256
 LearningRate: 1.000000e-06
=====================================

=====================================
         CUDA Configuration
=====================================
 Device name: GeForce GTX 1060 6GB
 Memory Clock Rate (KHz): 4004000
 Memory Bus Width (bits): 192
-------------------------------------
 Tensor2DAddBlockSize: 8
 Tensor2DSubtractBlockSize: 8
 Tensor2DScaleBlockSize: 8
 Tensor2DMultiplyBlockSize: 16
 Tensor2DMultiplyBlockNumber: 16
 Tensor2DMultiplySharedMemory: 0
 Tensor2DMeanBlockSize: 8
-------------------------------------
 ReLuBlockSize: 8
-------------------------------------
 CrossEntropyGetMetricBlockSize: 64
 CrossEntropyCalculateBlockSize: 64
=====================================

Epoch 0:
  - [Train] Loss=3.26390
  - [Train] Accuracy=1.74780%
  - [Train] Total Forward Time=127.96771ms
  - [Train] Total Backward Time=293.15459ms
  - [Train] Batch Forward Time=0.54687ms
  - [Train] Batch Backward Time=1.25280ms
  - [Test] Loss=nan
  - [Test] Accuracy=2.36378%

Epoch 1:
  - [Train] Loss=3.20127
  - [Train] Accuracy=1.64096%
  - [Train] Total Forward Time=127.76141ms
  - [Train] Total Backward Time=292.63133ms
  - [Train] Batch Forward Time=0.54599ms
  - [Train] Batch Backward Time=1.25056ms
  - [Test] Loss=nan
  - [Test] Accuracy=2.30369%

