mkdir -p logs
./build/CUDA-DNN-MNIST
=====================================
            Configuration
=====================================
 NumberOfEpochs: 2
 BatchSize: 128
 LearningRate: 1.000000e-06
=====================================

=====================================
         CUDA Configuration
=====================================
 Device name: GeForce GTX 1060 6GB
 Memory Clock Rate (KHz): 4004000
 Memory Bus Width (bits): 192
-------------------------------------
 Tensor2DAddBlockSize: 8
 Tensor2DSubtractBlockSize: 8
 Tensor2DScaleBlockSize: 8
 Tensor2DMultiplyBlockSize: 16
 Tensor2DMultiplyBlockNumber: 2
 Tensor2DMultiplySharedMemory: 0
 Tensor2DMeanBlockSize: 8
-------------------------------------
 ReLuBlockSize: 8
-------------------------------------
 CrossEntropyGetMetricBlockSize: 64
 CrossEntropyCalculateBlockSize: 64
=====================================

Epoch 0:
  - [Train] Loss=3.26700
  - [Train] Accuracy=2.63255%
  - [Train] Total Forward Time=1619.78333ms
  - [Train] Total Backward Time=669.79254ms
  - [Train] Batch Forward Time=3.46108ms
  - [Train] Batch Backward Time=1.43118ms
  - [Test] Loss=nan
  - [Test] Accuracy=3.16506%

Epoch 1:
  - [Train] Loss=3.20441
  - [Train] Accuracy=2.32205%
  - [Train] Total Forward Time=1619.56410ms
  - [Train] Total Backward Time=669.73955ms
  - [Train] Batch Forward Time=3.46061ms
  - [Train] Batch Backward Time=1.43107ms
  - [Test] Loss=nan
  - [Test] Accuracy=3.21514%

