mkdir -p logs
./build/CUDA-DNN-MNIST
=====================================
            Configuration
=====================================
 NumberOfEpochs: 2
 BatchSize: 512
 LearningRate: 1.000000e-06
=====================================

=====================================
         CUDA Configuration
=====================================
 Device name: GeForce GTX 1060 6GB
 Memory Clock Rate (KHz): 4004000
 Memory Bus Width (bits): 192
-------------------------------------
 Tensor2DAddBlockSize: 8
 Tensor2DSubtractBlockSize: 8
 Tensor2DScaleBlockSize: 8
 Tensor2DMultiplyBlockSize: 16
 Tensor2DMultiplyBlockNumber: 32
 Tensor2DMultiplySharedMemory: 0
 Tensor2DMeanBlockSize: 8
-------------------------------------
 ReLuBlockSize: 8
-------------------------------------
 CrossEntropyGetMetricBlockSize: 64
 CrossEntropyCalculateBlockSize: 64
=====================================

Epoch 0:
  - [Train] Loss=3.25173
  - [Train] Accuracy=3.88789%
  - [Train] Total Forward Time=80.67379ms
  - [Train] Total Backward Time=298.18954ms
  - [Train] Batch Forward Time=0.68952ms
  - [Train] Batch Backward Time=2.54863ms
  - [Test] Loss=nan
  - [Test] Accuracy=5.18092%

Epoch 1:
  - [Train] Loss=3.18884
  - [Train] Accuracy=3.82278%
  - [Train] Total Forward Time=81.20934ms
  - [Train] Total Backward Time=299.26598ms
  - [Train] Batch Forward Time=0.69410ms
  - [Train] Batch Backward Time=2.55783ms
  - [Test] Loss=nan
  - [Test] Accuracy=5.28372%

