mkdir -p logs
./build/CUDA-DNN-MNIST
=====================================
            Configuration
=====================================
 NumberOfEpochs: 2
 BatchSize: 128
 LearningRate: 1.000000e-06
=====================================

=====================================
         CUDA Configuration
=====================================
 Device name: GeForce GTX 1060 6GB
 Memory Clock Rate (KHz): 4004000
 Memory Bus Width (bits): 192
-------------------------------------
 Tensor2DAddBlockSize: 8
 Tensor2DSubtractBlockSize: 8
 Tensor2DScaleBlockSize: 8
 Tensor2DMultiplyBlockSize: 32
 Tensor2DMultiplyBlockNumber: 16
 Tensor2DMultiplySharedMemory: 0
 Tensor2DMeanBlockSize: 8
-------------------------------------
 ReLuBlockSize: 8
-------------------------------------
 CrossEntropyGetMetricBlockSize: 64
 CrossEntropyCalculateBlockSize: 64
=====================================

Epoch 0:
  - [Train] Loss=3.29582
  - [Train] Accuracy=1.48738%
  - [Train] Total Forward Time=87.85270ms
  - [Train] Total Backward Time=455.98966ms
  - [Train] Batch Forward Time=0.18772ms
  - [Train] Batch Backward Time=0.97434ms
  - [Test] Loss=nan
  - [Test] Accuracy=2.31370%

Epoch 1:
  - [Train] Loss=3.23317
  - [Train] Accuracy=1.39223%
  - [Train] Total Forward Time=88.03408ms
  - [Train] Total Backward Time=455.95274ms
  - [Train] Batch Forward Time=0.18811ms
  - [Train] Batch Backward Time=0.97426ms
  - [Test] Loss=nan
  - [Test] Accuracy=2.34375%

