mkdir -p logs
./build/CUDA-DNN-MNIST
=====================================
            Configuration
=====================================
 NumberOfEpochs: 2
 BatchSize: 32
 LearningRate: 1.000000e-06
=====================================

=====================================
         CUDA Configuration
=====================================
 Device name: GeForce GTX 1060 6GB
 Memory Clock Rate (KHz): 4004000
 Memory Bus Width (bits): 192
-------------------------------------
 Tensor2DAddBlockSize: 8
 Tensor2DSubtractBlockSize: 8
 Tensor2DScaleBlockSize: 8
 Tensor2DMultiplyBlockSize: 16
 Tensor2DMultiplyBlockNumber: -1
 Tensor2DMultiplySharedMemory: 0
 Tensor2DMeanBlockSize: 8
-------------------------------------
 ReLuBlockSize: 8
-------------------------------------
 CrossEntropyGetMetricBlockSize: 64
 CrossEntropyCalculateBlockSize: 64
=====================================

Epoch 0:
  - [Train] Loss=3.28801
  - [Train] Accuracy=2.63833%
  - [Train] Total Forward Time=512.22480ms
  - [Train] Total Backward Time=301.26061ms
  - [Train] Batch Forward Time=0.27319ms
  - [Train] Batch Backward Time=0.16067ms
  - [Test] Loss=nan
  - [Test] Accuracy=3.34535%

Epoch 1:
  - [Train] Loss=3.23083
  - [Train] Accuracy=2.53333%
  - [Train] Total Forward Time=511.95725ms
  - [Train] Total Backward Time=301.02832ms
  - [Train] Batch Forward Time=0.27304ms
  - [Train] Batch Backward Time=0.16055ms
  - [Test] Loss=nan
  - [Test] Accuracy=3.40545%

