mkdir -p logs
./build/CUDA-DNN-MNIST
=====================================
            Configuration
=====================================
 NumberOfEpochs: 2
 BatchSize: 128
 LearningRate: 1.000000e-06
=====================================

=====================================
         CUDA Configuration
=====================================
 Device name: GeForce GTX 1060 6GB
 Memory Clock Rate (KHz): 4004000
 Memory Bus Width (bits): 192
-------------------------------------
 Tensor2DAddBlockSize: 8
 Tensor2DSubtractBlockSize: 8
 Tensor2DScaleBlockSize: 8
 Tensor2DMultiplyBlockSize: 16
 Tensor2DMultiplyBlockNumber: -1
 Tensor2DMultiplySharedMemory: 1
 Tensor2DMeanBlockSize: 8
-------------------------------------
 ReLuBlockSize: 8
-------------------------------------
 CrossEntropyGetMetricBlockSize: 64
 CrossEntropyCalculateBlockSize: 64
=====================================

Epoch 0:
  - [Train] Loss=3.26545
  - [Train] Accuracy=1.42728%
  - [Train] Total Forward Time=34.96471ms
  - [Train] Total Backward Time=136.41555ms
  - [Train] Batch Forward Time=0.07471ms
  - [Train] Batch Backward Time=0.29149ms
  - [Test] Loss=nan
  - [Test] Accuracy=1.67268%

Epoch 1:
  - [Train] Loss=3.22316
  - [Train] Accuracy=1.36218%
  - [Train] Total Forward Time=34.71120ms
  - [Train] Total Backward Time=136.44448ms
  - [Train] Batch Forward Time=0.07417ms
  - [Train] Batch Backward Time=0.29155ms
  - [Test] Loss=nan
  - [Test] Accuracy=1.70272%

