mkdir -p logs
./build/CUDA-DNN-MNIST
=====================================
            Configuration
=====================================
 NumberOfEpochs: 2
 BatchSize: 4
 LearningRate: 1.000000e-06
=====================================

=====================================
         CUDA Configuration
=====================================
 Device name: GeForce GTX 1060 6GB
 Memory Clock Rate (KHz): 4004000
 Memory Bus Width (bits): 192
-------------------------------------
 Tensor2DAddBlockSize: 8
 Tensor2DSubtractBlockSize: 8
 Tensor2DScaleBlockSize: 8
 Tensor2DMultiplyBlockSize: 16
 Tensor2DMultiplyBlockNumber: -1
 Tensor2DMultiplySharedMemory: 0
 Tensor2DMeanBlockSize: 8
-------------------------------------
 ReLuBlockSize: 8
-------------------------------------
 CrossEntropyGetMetricBlockSize: 64
 CrossEntropyCalculateBlockSize: 64
=====================================

Epoch 0:
  - [Train] Loss=3.22210
  - [Train] Accuracy=2.42500%
  - [Train] Total Forward Time=3931.08403ms
  - [Train] Total Backward Time=896.92230ms
  - [Train] Batch Forward Time=0.26207ms
  - [Train] Batch Backward Time=0.05979ms
  - [Test] Loss=nan
  - [Test] Accuracy=4.09000%

Epoch 1:
  - [Train] Loss=3.16704
  - [Train] Accuracy=2.42333%
  - [Train] Total Forward Time=3929.79550ms
  - [Train] Total Backward Time=896.57344ms
  - [Train] Batch Forward Time=0.26199ms
  - [Train] Batch Backward Time=0.05977ms
  - [Test] Loss=nan
  - [Test] Accuracy=4.89000%

