mkdir -p logs
./build/CUDA-DNN-MNIST
=====================================
            Configuration
=====================================
 NumberOfEpochs: 2
 BatchSize: 1
 LearningRate: 1.000000e-06
=====================================

=====================================
         CUDA Configuration
=====================================
 Device name: GeForce GTX 1060 6GB
 Memory Clock Rate (KHz): 4004000
 Memory Bus Width (bits): 192
-------------------------------------
 Tensor2DAddBlockSize: 8
 Tensor2DSubtractBlockSize: 8
 Tensor2DScaleBlockSize: 8
 Tensor2DMultiplyBlockSize: 16
 Tensor2DMultiplyBlockNumber: -1
 Tensor2DMultiplySharedMemory: 1
 Tensor2DMeanBlockSize: 8
-------------------------------------
 ReLuBlockSize: 8
-------------------------------------
 CrossEntropyGetMetricBlockSize: 64
 CrossEntropyCalculateBlockSize: 64
=====================================

Epoch 0:
  - [Train] Loss=3.25055
  - [Train] Accuracy=0.00000%
  - [Train] Total Forward Time=1953.68313ms
  - [Train] Total Backward Time=3100.37395ms
  - [Train] Batch Forward Time=0.03256ms
  - [Train] Batch Backward Time=0.05167ms
  - [Test] Loss=3.24740
  - [Test] Accuracy=0.31000%

Epoch 1:
  - [Train] Loss=3.25026
  - [Train] Accuracy=0.00000%
  - [Train] Total Forward Time=1940.27653ms
  - [Train] Total Backward Time=3068.86307ms
  - [Train] Batch Forward Time=0.03234ms
  - [Train] Batch Backward Time=0.05115ms
  - [Test] Loss=3.24709
  - [Test] Accuracy=0.31000%

