mkdir -p logs
./build/CUDA-DNN-MNIST
=====================================
            Configuration
=====================================
 NumberOfEpochs: 2
 BatchSize: 256
 LearningRate: 1.000000e-06
=====================================

=====================================
         CUDA Configuration
=====================================
 Device name: GeForce GTX 1060 6GB
 Memory Clock Rate (KHz): 4004000
 Memory Bus Width (bits): 192
-------------------------------------
 Tensor2DAddBlockSize: 8
 Tensor2DSubtractBlockSize: 8
 Tensor2DScaleBlockSize: 8
 Tensor2DMultiplyBlockSize: 16
 Tensor2DMultiplyBlockNumber: -1
 Tensor2DMultiplySharedMemory: 1
 Tensor2DMeanBlockSize: 8
-------------------------------------
 ReLuBlockSize: 8
-------------------------------------
 CrossEntropyGetMetricBlockSize: 64
 CrossEntropyCalculateBlockSize: 64
=====================================

Epoch 0:
  - [Train] Loss=3.28630
  - [Train] Accuracy=1.25367%
  - [Train] Total Forward Time=30.44851ms
  - [Train] Total Backward Time=123.60186ms
  - [Train] Batch Forward Time=0.13012ms
  - [Train] Batch Backward Time=0.52821ms
  - [Test] Loss=nan
  - [Test] Accuracy=2.19351%

Epoch 1:
  - [Train] Loss=3.25247
  - [Train] Accuracy=1.19358%
  - [Train] Total Forward Time=30.29709ms
  - [Train] Total Backward Time=123.58781ms
  - [Train] Batch Forward Time=0.12947ms
  - [Train] Batch Backward Time=0.52815ms
  - [Test] Loss=nan
  - [Test] Accuracy=2.19351%

