mkdir -p logs
./build/CUDA-DNN-MNIST
=====================================
            Configuration
=====================================
 NumberOfEpochs: 2
 BatchSize: 16
 LearningRate: 1.000000e-06
=====================================

=====================================
         CUDA Configuration
=====================================
 Device name: GeForce GTX 1060 6GB
 Memory Clock Rate (KHz): 4004000
 Memory Bus Width (bits): 192
-------------------------------------
 Tensor2DAddBlockSize: 8
 Tensor2DSubtractBlockSize: 8
 Tensor2DScaleBlockSize: 8
 Tensor2DMultiplyBlockSize: 16
 Tensor2DMultiplyBlockNumber: -1
 Tensor2DMultiplySharedMemory: 1
 Tensor2DMeanBlockSize: 8
-------------------------------------
 ReLuBlockSize: 8
-------------------------------------
 CrossEntropyGetMetricBlockSize: 64
 CrossEntropyCalculateBlockSize: 64
=====================================

Epoch 0:
  - [Train] Loss=3.25411
  - [Train] Accuracy=1.47167%
  - [Train] Total Forward Time=144.16093ms
  - [Train] Total Backward Time=286.96323ms
  - [Train] Batch Forward Time=0.03844ms
  - [Train] Batch Backward Time=0.07652ms
  - [Test] Loss=nan
  - [Test] Accuracy=1.83000%

Epoch 1:
  - [Train] Loss=3.21178
  - [Train] Accuracy=1.36500%
  - [Train] Total Forward Time=144.09143ms
  - [Train] Total Backward Time=286.70022ms
  - [Train] Batch Forward Time=0.03842ms
  - [Train] Batch Backward Time=0.07645ms
  - [Test] Loss=nan
  - [Test] Accuracy=1.83000%

