mkdir -p logs
./build/CUDA-DNN-MNIST
=====================================
            Configuration
=====================================
 NumberOfEpochs: 2
 BatchSize: 256
 LearningRate: 1.000000e-06
=====================================

=====================================
         CUDA Configuration
=====================================
 Device name: GeForce GTX 1060 6GB
 Memory Clock Rate (KHz): 4004000
 Memory Bus Width (bits): 192
-------------------------------------
 Tensor2DAddBlockSize: 8
 Tensor2DSubtractBlockSize: 8
 Tensor2DScaleBlockSize: 8
 Tensor2DMultiplyBlockSize: 32
 Tensor2DMultiplyBlockNumber: 32
 Tensor2DMultiplySharedMemory: 0
 Tensor2DMeanBlockSize: 8
-------------------------------------
 ReLuBlockSize: 8
-------------------------------------
 CrossEntropyGetMetricBlockSize: 64
 CrossEntropyCalculateBlockSize: 64
=====================================

Epoch 0:
  - [Train] Loss=3.28291
  - [Train] Accuracy=1.48738%
  - [Train] Total Forward Time=65.57798ms
  - [Train] Total Backward Time=560.48870ms
  - [Train] Batch Forward Time=0.28025ms
  - [Train] Batch Backward Time=2.39525ms
  - [Test] Loss=nan
  - [Test] Accuracy=2.47396%

Epoch 1:
  - [Train] Loss=3.22012
  - [Train] Accuracy=1.43563%
  - [Train] Total Forward Time=65.59437ms
  - [Train] Total Backward Time=561.50272ms
  - [Train] Batch Forward Time=0.28032ms
  - [Train] Batch Backward Time=2.39958ms
  - [Test] Loss=nan
  - [Test] Accuracy=2.46394%

