mkdir -p logs
./build/CUDA-DNN-MNIST
=====================================
            Configuration
=====================================
 NumberOfEpochs: 2
 BatchSize: 32
 LearningRate: 1.000000e-06
=====================================

=====================================
         CUDA Configuration
=====================================
 Device name: GeForce GTX 1060 6GB
 Memory Clock Rate (KHz): 4004000
 Memory Bus Width (bits): 192
-------------------------------------
 Tensor2DAddBlockSize: 8
 Tensor2DSubtractBlockSize: 8
 Tensor2DScaleBlockSize: 8
 Tensor2DMultiplyBlockSize: 16
 Tensor2DMultiplyBlockNumber: -1
 Tensor2DMultiplySharedMemory: 1
 Tensor2DMeanBlockSize: 8
-------------------------------------
 ReLuBlockSize: 8
-------------------------------------
 CrossEntropyGetMetricBlockSize: 64
 CrossEntropyCalculateBlockSize: 64
=====================================

Epoch 0:
  - [Train] Loss=3.26851
  - [Train] Accuracy=1.51667%
  - [Train] Total Forward Time=79.52755ms
  - [Train] Total Backward Time=206.10064ms
  - [Train] Batch Forward Time=0.04241ms
  - [Train] Batch Backward Time=0.10992ms
  - [Test] Loss=nan
  - [Test] Accuracy=1.98317%

Epoch 1:
  - [Train] Loss=3.23413
  - [Train] Accuracy=1.43500%
  - [Train] Total Forward Time=79.37997ms
  - [Train] Total Backward Time=206.29923ms
  - [Train] Batch Forward Time=0.04234ms
  - [Train] Batch Backward Time=0.11003ms
  - [Test] Loss=nan
  - [Test] Accuracy=1.96314%

