mkdir -p logs
./build/CUDA-DNN-MNIST
=====================================
            Configuration
=====================================
 NumberOfEpochs: 2
 BatchSize: 128
 LearningRate: 1.000000e-06
=====================================

=====================================
         CUDA Configuration
=====================================
 Device name: GeForce GTX 1060 6GB
 Memory Clock Rate (KHz): 4004000
 Memory Bus Width (bits): 192
-------------------------------------
 Tensor2DAddBlockSize: 8
 Tensor2DSubtractBlockSize: 8
 Tensor2DScaleBlockSize: 8
 Tensor2DMultiplyBlockSize: 16
 Tensor2DMultiplyBlockNumber: 4
 Tensor2DMultiplySharedMemory: 0
 Tensor2DMeanBlockSize: 8
-------------------------------------
 ReLuBlockSize: 8
-------------------------------------
 CrossEntropyGetMetricBlockSize: 64
 CrossEntropyCalculateBlockSize: 64
=====================================

Epoch 0:
  - [Train] Loss=3.25226
  - [Train] Accuracy=3.47222%
  - [Train] Total Forward Time=532.39284ms
  - [Train] Total Backward Time=314.64195ms
  - [Train] Batch Forward Time=1.13759ms
  - [Train] Batch Backward Time=0.67231ms
  - [Test] Loss=nan
  - [Test] Accuracy=4.93790%

Epoch 1:
  - [Train] Loss=3.19083
  - [Train] Accuracy=3.21514%
  - [Train] Total Forward Time=532.46817ms
  - [Train] Total Backward Time=314.62842ms
  - [Train] Batch Forward Time=1.13775ms
  - [Train] Batch Backward Time=0.67228ms
  - [Test] Loss=nan
  - [Test] Accuracy=4.97796%

