mkdir -p logs
./build/CUDA-DNN-MNIST
=====================================
            Configuration
=====================================
 NumberOfEpochs: 2
 BatchSize: 128
 LearningRate: 1.000000e-06
=====================================

=====================================
         CUDA Configuration
=====================================
 Device name: GeForce GTX 1060 6GB
 Memory Clock Rate (KHz): 4004000
 Memory Bus Width (bits): 192
-------------------------------------
 Tensor2DAddBlockSize: 8
 Tensor2DSubtractBlockSize: 8
 Tensor2DScaleBlockSize: 8
 Tensor2DMultiplyBlockSize: 4
 Tensor2DMultiplyBlockNumber: -1
 Tensor2DMultiplySharedMemory: 0
 Tensor2DMeanBlockSize: 8
-------------------------------------
 ReLuBlockSize: 8
-------------------------------------
 CrossEntropyGetMetricBlockSize: 64
 CrossEntropyCalculateBlockSize: 64
=====================================

Epoch 0:
  - [Train] Loss=3.25176
  - [Train] Accuracy=1.97149%
  - [Train] Total Forward Time=278.85181ms
  - [Train] Total Backward Time=753.71338ms
  - [Train] Batch Forward Time=0.59584ms
  - [Train] Batch Backward Time=1.61050ms
  - [Test] Loss=nan
  - [Test] Accuracy=2.75441%

Epoch 1:
  - [Train] Loss=3.18636
  - [Train] Accuracy=1.91640%
  - [Train] Total Forward Time=279.21306ms
  - [Train] Total Backward Time=753.87533ms
  - [Train] Batch Forward Time=0.59661ms
  - [Train] Batch Backward Time=1.61084ms
  - [Test] Loss=nan
  - [Test] Accuracy=2.90465%

