mkdir -p logs
./build/CUDA-DNN-MNIST
=====================================
            Configuration
=====================================
 NumberOfEpochs: 2
 BatchSize: 128
 LearningRate: 1.000000e-06
=====================================

=====================================
         CUDA Configuration
=====================================
 Device name: GeForce GTX 1060 6GB
 Memory Clock Rate (KHz): 4004000
 Memory Bus Width (bits): 192
-------------------------------------
 Tensor2DAddBlockSize: 8
 Tensor2DSubtractBlockSize: 8
 Tensor2DScaleBlockSize: 8
 Tensor2DMultiplyBlockSize: 16
 Tensor2DMultiplyBlockNumber: 16
 Tensor2DMultiplySharedMemory: 0
 Tensor2DMeanBlockSize: 8
-------------------------------------
 ReLuBlockSize: 8
-------------------------------------
 CrossEntropyGetMetricBlockSize: 64
 CrossEntropyCalculateBlockSize: 64
=====================================

Epoch 0:
  - [Train] Loss=3.24695
  - [Train] Accuracy=2.30702%
  - [Train] Total Forward Time=146.46698ms
  - [Train] Total Backward Time=338.99277ms
  - [Train] Batch Forward Time=0.31296ms
  - [Train] Batch Backward Time=0.72434ms
  - [Test] Loss=nan
  - [Test] Accuracy=3.04487%

Epoch 1:
  - [Train] Loss=3.18628
  - [Train] Accuracy=2.21354%
  - [Train] Total Forward Time=134.05181ms
  - [Train] Total Backward Time=311.32829ms
  - [Train] Batch Forward Time=0.28644ms
  - [Train] Batch Backward Time=0.66523ms
  - [Test] Loss=nan
  - [Test] Accuracy=3.08494%

