mkdir -p logs
./build/CUDA-DNN-MNIST
=====================================
            Configuration
=====================================
 NumberOfEpochs: 2
 BatchSize: 128
 LearningRate: 1.000000e-06
=====================================

=====================================
         CUDA Configuration
=====================================
 Device name: GeForce GTX 1060 6GB
 Memory Clock Rate (KHz): 4004000
 Memory Bus Width (bits): 192
-------------------------------------
 Tensor2DAddBlockSize: 8
 Tensor2DSubtractBlockSize: 8
 Tensor2DScaleBlockSize: 8
 Tensor2DMultiplyBlockSize: 16
 Tensor2DMultiplyBlockNumber: -1
 Tensor2DMultiplySharedMemory: 0
 Tensor2DMeanBlockSize: 8
-------------------------------------
 ReLuBlockSize: 8
-------------------------------------
 CrossEntropyGetMetricBlockSize: 64
 CrossEntropyCalculateBlockSize: 64
=====================================

Epoch 0:
  - [Train] Loss=3.22610
  - [Train] Accuracy=0.86305%
  - [Train] Total Forward Time=159.74445ms
  - [Train] Total Backward Time=232.40675ms
  - [Train] Batch Forward Time=0.34133ms
  - [Train] Batch Backward Time=0.49660ms
  - [Test] Loss=nan
  - [Test] Accuracy=1.80288%

Epoch 1:
  - [Train] Loss=3.17127
  - [Train] Accuracy=0.81964%
  - [Train] Total Forward Time=159.79926ms
  - [Train] Total Backward Time=232.54730ms
  - [Train] Batch Forward Time=0.34145ms
  - [Train] Batch Backward Time=0.49690ms
  - [Test] Loss=nan
  - [Test] Accuracy=1.84295%

