mkdir -p logs
./build/CUDA-DNN-MNIST
=====================================
            Configuration
=====================================
 NumberOfEpochs: 2
 BatchSize: 512
 LearningRate: 1.000000e-06
=====================================

=====================================
         CUDA Configuration
=====================================
 Device name: GeForce GTX 1060 6GB
 Memory Clock Rate (KHz): 4004000
 Memory Bus Width (bits): 192
-------------------------------------
 Tensor2DAddBlockSize: 8
 Tensor2DSubtractBlockSize: 8
 Tensor2DScaleBlockSize: 8
 Tensor2DMultiplyBlockSize: 16
 Tensor2DMultiplyBlockNumber: 16
 Tensor2DMultiplySharedMemory: 1
 Tensor2DMeanBlockSize: 8
-------------------------------------
 ReLuBlockSize: 8
-------------------------------------
 CrossEntropyGetMetricBlockSize: 64
 CrossEntropyCalculateBlockSize: 64
=====================================

Epoch 0:
  - [Train] Loss=3.25198
  - [Train] Accuracy=1.05335%
  - [Train] Total Forward Time=27.27834ms
  - [Train] Total Backward Time=116.04477ms
  - [Train] Batch Forward Time=0.23315ms
  - [Train] Batch Backward Time=0.99184ms
  - [Test] Loss=nan
  - [Test] Accuracy=1.77837%

Epoch 1:
  - [Train] Loss=3.21744
  - [Train] Accuracy=1.02664%
  - [Train] Total Forward Time=27.11757ms
  - [Train] Total Backward Time=115.94813ms
  - [Train] Batch Forward Time=0.23177ms
  - [Train] Batch Backward Time=0.99101ms
  - [Test] Loss=nan
  - [Test] Accuracy=1.75781%

