mkdir -p logs
./build/CUDA-DNN-MNIST
=====================================
            Configuration
=====================================
 NumberOfEpochs: 2
 BatchSize: 256
 LearningRate: 1.000000e-06
=====================================

=====================================
         CUDA Configuration
=====================================
 Device name: GeForce GTX 1060 6GB
 Memory Clock Rate (KHz): 4004000
 Memory Bus Width (bits): 192
-------------------------------------
 Tensor2DAddBlockSize: 8
 Tensor2DSubtractBlockSize: 8
 Tensor2DScaleBlockSize: 8
 Tensor2DMultiplyBlockSize: 32
 Tensor2DMultiplyBlockNumber: 16
 Tensor2DMultiplySharedMemory: 0
 Tensor2DMeanBlockSize: 8
-------------------------------------
 ReLuBlockSize: 8
-------------------------------------
 CrossEntropyGetMetricBlockSize: 64
 CrossEntropyCalculateBlockSize: 64
=====================================

Epoch 0:
  - [Train] Loss=3.29313
  - [Train] Accuracy=2.32372%
  - [Train] Total Forward Time=76.62429ms
  - [Train] Total Backward Time=444.72278ms
  - [Train] Batch Forward Time=0.32745ms
  - [Train] Batch Backward Time=1.90052ms
  - [Test] Loss=nan
  - [Test] Accuracy=2.65425%

Epoch 1:
  - [Train] Loss=3.22931
  - [Train] Accuracy=2.02991%
  - [Train] Total Forward Time=76.73242ms
  - [Train] Total Backward Time=444.77638ms
  - [Train] Batch Forward Time=0.32792ms
  - [Train] Batch Backward Time=1.90075ms
  - [Test] Loss=nan
  - [Test] Accuracy=2.76442%

