mkdir -p logs
./build/CUDA-DNN-MNIST
=====================================
            Configuration
=====================================
 NumberOfEpochs: 2
 BatchSize: 128
 LearningRate: 1.000000e-06
=====================================

=====================================
         CUDA Configuration
=====================================
 Device name: GeForce GTX 1060 6GB
 Memory Clock Rate (KHz): 4004000
 Memory Bus Width (bits): 192
-------------------------------------
 Tensor2DAddBlockSize: 8
 Tensor2DSubtractBlockSize: 8
 Tensor2DScaleBlockSize: 8
 Tensor2DMultiplyBlockSize: 32
 Tensor2DMultiplyBlockNumber: 32
 Tensor2DMultiplySharedMemory: 1
 Tensor2DMeanBlockSize: 8
-------------------------------------
 ReLuBlockSize: 8
-------------------------------------
 CrossEntropyGetMetricBlockSize: 64
 CrossEntropyCalculateBlockSize: 64
=====================================

Epoch 0:
  - [Train] Loss=3.25379
  - [Train] Accuracy=0.64937%
  - [Train] Total Forward Time=41.52176ms
  - [Train] Total Backward Time=411.60067ms
  - [Train] Batch Forward Time=0.08872ms
  - [Train] Batch Backward Time=0.87949ms
  - [Test] Loss=nan
  - [Test] Accuracy=1.33213%

Epoch 1:
  - [Train] Loss=3.23788
  - [Train] Accuracy=0.64436%
  - [Train] Total Forward Time=41.44045ms
  - [Train] Total Backward Time=411.43942ms
  - [Train] Batch Forward Time=0.08855ms
  - [Train] Batch Backward Time=0.87914ms
  - [Test] Loss=nan
  - [Test] Accuracy=1.37220%

