mkdir -p logs
./build/CUDA-DNN-MNIST
=====================================
            Configuration
=====================================
 NumberOfEpochs: 2
 BatchSize: 128
 LearningRate: 1.000000e-06
=====================================

=====================================
         CUDA Configuration
=====================================
 Device name: GeForce GTX 1060 6GB
 Memory Clock Rate (KHz): 4004000
 Memory Bus Width (bits): 192
-------------------------------------
 Tensor2DAddBlockSize: 8
 Tensor2DSubtractBlockSize: 8
 Tensor2DScaleBlockSize: 8
 Tensor2DMultiplyBlockSize: 16
 Tensor2DMultiplyBlockNumber: 128
 Tensor2DMultiplySharedMemory: 0
 Tensor2DMeanBlockSize: 8
-------------------------------------
 ReLuBlockSize: 8
-------------------------------------
 CrossEntropyGetMetricBlockSize: 64
 CrossEntropyCalculateBlockSize: 64
=====================================

Epoch 0:
  - [Train] Loss=3.25114
  - [Train] Accuracy=1.89136%
  - [Train] Total Forward Time=123.95747ms
  - [Train] Total Backward Time=921.50467ms
  - [Train] Batch Forward Time=0.26487ms
  - [Train] Batch Backward Time=1.96903ms
  - [Test] Loss=nan
  - [Test] Accuracy=2.36378%

Epoch 1:
  - [Train] Loss=3.19023
  - [Train] Accuracy=1.85630%
  - [Train] Total Forward Time=123.89434ms
  - [Train] Total Backward Time=921.48803ms
  - [Train] Batch Forward Time=0.26473ms
  - [Train] Batch Backward Time=1.96899ms
  - [Test] Loss=nan
  - [Test] Accuracy=2.36378%

