mkdir -p logs
./build/CUDA-DNN-MNIST
=====================================
            Configuration
=====================================
 NumberOfEpochs: 2
 BatchSize: 512
 LearningRate: 1.000000e-06
=====================================

=====================================
         CUDA Configuration
=====================================
 Device name: GeForce GTX 1060 6GB
 Memory Clock Rate (KHz): 4004000
 Memory Bus Width (bits): 192
-------------------------------------
 Tensor2DAddBlockSize: 8
 Tensor2DSubtractBlockSize: 8
 Tensor2DScaleBlockSize: 8
 Tensor2DMultiplyBlockSize: 32
 Tensor2DMultiplyBlockNumber: 32
 Tensor2DMultiplySharedMemory: 0
 Tensor2DMeanBlockSize: 8
-------------------------------------
 ReLuBlockSize: 8
-------------------------------------
 CrossEntropyGetMetricBlockSize: 64
 CrossEntropyCalculateBlockSize: 64
=====================================

Epoch 0:
  - [Train] Loss=3.24213
  - [Train] Accuracy=1.92808%
  - [Train] Total Forward Time=61.60810ms
  - [Train] Total Backward Time=549.92579ms
  - [Train] Batch Forward Time=0.52656ms
  - [Train] Batch Backward Time=4.70022ms
  - [Test] Loss=nan
  - [Test] Accuracy=2.80633%

Epoch 1:
  - [Train] Loss=3.18721
  - [Train] Accuracy=1.89804%
  - [Train] Total Forward Time=61.44090ms
  - [Train] Total Backward Time=550.24137ms
  - [Train] Batch Forward Time=0.52514ms
  - [Train] Batch Backward Time=4.70292ms
  - [Test] Loss=nan
  - [Test] Accuracy=2.88857%

