mkdir -p logs
./build/CUDA-DNN-MNIST
=====================================
            Configuration
=====================================
 NumberOfEpochs: 2
 BatchSize: 256
 LearningRate: 1.000000e-06
=====================================

=====================================
         CUDA Configuration
=====================================
 Device name: GeForce GTX 1060 6GB
 Memory Clock Rate (KHz): 4004000
 Memory Bus Width (bits): 192
-------------------------------------
 Tensor2DAddBlockSize: 8
 Tensor2DSubtractBlockSize: 8
 Tensor2DScaleBlockSize: 8
 Tensor2DMultiplyBlockSize: 16
 Tensor2DMultiplyBlockNumber: -1
 Tensor2DMultiplySharedMemory: 0
 Tensor2DMeanBlockSize: 8
-------------------------------------
 ReLuBlockSize: 8
-------------------------------------
 CrossEntropyGetMetricBlockSize: 64
 CrossEntropyCalculateBlockSize: 64
=====================================

Epoch 0:
  - [Train] Loss=3.30745
  - [Train] Accuracy=1.84963%
  - [Train] Total Forward Time=167.55021ms
  - [Train] Total Backward Time=218.44554ms
  - [Train] Batch Forward Time=0.71603ms
  - [Train] Batch Backward Time=0.93353ms
  - [Test] Loss=nan
  - [Test] Accuracy=3.16506%

Epoch 1:
  - [Train] Loss=3.24535
  - [Train] Accuracy=1.76115%
  - [Train] Total Forward Time=166.87245ms
  - [Train] Total Backward Time=218.20755ms
  - [Train] Batch Forward Time=0.71313ms
  - [Train] Batch Backward Time=0.93251ms
  - [Test] Loss=nan
  - [Test] Accuracy=3.15505%

