mkdir -p logs
./build/CUDA-DNN-MNIST
=====================================
            Configuration
=====================================
 NumberOfEpochs: 2
 BatchSize: 64
 LearningRate: 1.000000e-06
=====================================

=====================================
         CUDA Configuration
=====================================
 Device name: GeForce GTX 1060 6GB
 Memory Clock Rate (KHz): 4004000
 Memory Bus Width (bits): 192
-------------------------------------
 Tensor2DAddBlockSize: 8
 Tensor2DSubtractBlockSize: 8
 Tensor2DScaleBlockSize: 8
 Tensor2DMultiplyBlockSize: 16
 Tensor2DMultiplyBlockNumber: -1
 Tensor2DMultiplySharedMemory: 1
 Tensor2DMeanBlockSize: 8
-------------------------------------
 ReLuBlockSize: 8
-------------------------------------
 CrossEntropyGetMetricBlockSize: 64
 CrossEntropyCalculateBlockSize: 64
=====================================

Epoch 0:
  - [Train] Loss=3.31830
  - [Train] Accuracy=2.10779%
  - [Train] Total Forward Time=45.16359ms
  - [Train] Total Backward Time=157.27187ms
  - [Train] Batch Forward Time=0.04820ms
  - [Train] Batch Backward Time=0.16785ms
  - [Test] Loss=nan
  - [Test] Accuracy=2.79447%

Epoch 1:
  - [Train] Loss=3.27799
  - [Train] Accuracy=1.84098%
  - [Train] Total Forward Time=44.99152ms
  - [Train] Total Backward Time=157.29206ms
  - [Train] Batch Forward Time=0.04802ms
  - [Train] Batch Backward Time=0.16787ms
  - [Test] Loss=nan
  - [Test] Accuracy=2.69431%

