mkdir -p logs
./build/CUDA-DNN-MNIST
=====================================
            Configuration
=====================================
 NumberOfEpochs: 2
 BatchSize: 256
 LearningRate: 1.000000e-06
=====================================

=====================================
         CUDA Configuration
=====================================
 Device name: GeForce GTX 1060 6GB
 Memory Clock Rate (KHz): 4004000
 Memory Bus Width (bits): 192
-------------------------------------
 Tensor2DAddBlockSize: 8
 Tensor2DSubtractBlockSize: 8
 Tensor2DScaleBlockSize: 8
 Tensor2DMultiplyBlockSize: 32
 Tensor2DMultiplyBlockNumber: 32
 Tensor2DMultiplySharedMemory: 1
 Tensor2DMeanBlockSize: 8
-------------------------------------
 ReLuBlockSize: 8
-------------------------------------
 CrossEntropyGetMetricBlockSize: 64
 CrossEntropyCalculateBlockSize: 64
=====================================

Epoch 0:
  - [Train] Loss=3.26269
  - [Train] Accuracy=0.63769%
  - [Train] Total Forward Time=37.56534ms
  - [Train] Total Backward Time=403.20138ms
  - [Train] Batch Forward Time=0.16054ms
  - [Train] Batch Backward Time=1.72308ms
  - [Test] Loss=nan
  - [Test] Accuracy=1.32212%

Epoch 1:
  - [Train] Loss=3.24535
  - [Train] Accuracy=0.62600%
  - [Train] Total Forward Time=37.47635ms
  - [Train] Total Backward Time=403.18806ms
  - [Train] Batch Forward Time=0.16016ms
  - [Train] Batch Backward Time=1.72303ms
  - [Test] Loss=nan
  - [Test] Accuracy=1.32212%

