mkdir -p logs
./build/CUDA-DNN-MNIST
=====================================
            Configuration
=====================================
 NumberOfEpochs: 2
 BatchSize: 128
 LearningRate: 1.000000e-06
=====================================

=====================================
         CUDA Configuration
=====================================
 Device name: GeForce GTX 1060 6GB
 Memory Clock Rate (KHz): 4004000
 Memory Bus Width (bits): 192
-------------------------------------
 Tensor2DAddBlockSize: 8
 Tensor2DSubtractBlockSize: 8
 Tensor2DScaleBlockSize: 8
 Tensor2DMultiplyBlockSize: 16
 Tensor2DMultiplyBlockNumber: 32
 Tensor2DMultiplySharedMemory: 1
 Tensor2DMeanBlockSize: 8
-------------------------------------
 ReLuBlockSize: 8
-------------------------------------
 CrossEntropyGetMetricBlockSize: 64
 CrossEntropyCalculateBlockSize: 64
=====================================

Epoch 0:
  - [Train] Loss=3.25360
  - [Train] Accuracy=0.77290%
  - [Train] Total Forward Time=34.48493ms
  - [Train] Total Backward Time=135.58896ms
  - [Train] Batch Forward Time=0.07369ms
  - [Train] Batch Backward Time=0.28972ms
  - [Test] Loss=nan
  - [Test] Accuracy=1.38221%

Epoch 1:
  - [Train] Loss=3.21565
  - [Train] Accuracy=0.77791%
  - [Train] Total Forward Time=34.34135ms
  - [Train] Total Backward Time=135.53555ms
  - [Train] Batch Forward Time=0.07338ms
  - [Train] Batch Backward Time=0.28961ms
  - [Test] Loss=nan
  - [Test] Accuracy=1.43229%

