mkdir -p logs
./build/CUDA-DNN-MNIST
=====================================
            Configuration
=====================================
 NumberOfEpochs: 2
 BatchSize: 256
 LearningRate: 1.000000e-06
=====================================

=====================================
         CUDA Configuration
=====================================
 Device name: GeForce GTX 1060 6GB
 Memory Clock Rate (KHz): 4004000
 Memory Bus Width (bits): 192
-------------------------------------
 Tensor2DAddBlockSize: 8
 Tensor2DSubtractBlockSize: 8
 Tensor2DScaleBlockSize: 8
 Tensor2DMultiplyBlockSize: 16
 Tensor2DMultiplyBlockNumber: 32
 Tensor2DMultiplySharedMemory: 0
 Tensor2DMeanBlockSize: 8
-------------------------------------
 ReLuBlockSize: 8
-------------------------------------
 CrossEntropyGetMetricBlockSize: 64
 CrossEntropyCalculateBlockSize: 64
=====================================

Epoch 0:
  - [Train] Loss=3.20807
  - [Train] Accuracy=2.38882%
  - [Train] Total Forward Time=79.55914ms
  - [Train] Total Backward Time=310.19885ms
  - [Train] Batch Forward Time=0.34000ms
  - [Train] Batch Backward Time=1.32564ms
  - [Test] Loss=nan
  - [Test] Accuracy=3.21514%

Epoch 1:
  - [Train] Loss=3.14907
  - [Train] Accuracy=2.36545%
  - [Train] Total Forward Time=78.33600ms
  - [Train] Total Backward Time=310.14528ms
  - [Train] Batch Forward Time=0.33477ms
  - [Train] Batch Backward Time=1.32541ms
  - [Test] Loss=nan
  - [Test] Accuracy=3.34535%

