mkdir -p logs
./build/CUDA-DNN-MNIST
=====================================
            Configuration
=====================================
 NumberOfEpochs: 2
 BatchSize: 256
 LearningRate: 1.000000e-06
=====================================

=====================================
         CUDA Configuration
=====================================
 Device name: GeForce GTX 1060 6GB
 Memory Clock Rate (KHz): 4004000
 Memory Bus Width (bits): 192
-------------------------------------
 Tensor2DAddBlockSize: 8
 Tensor2DSubtractBlockSize: 8
 Tensor2DScaleBlockSize: 8
 Tensor2DMultiplyBlockSize: 16
 Tensor2DMultiplyBlockNumber: 16
 Tensor2DMultiplySharedMemory: 1
 Tensor2DMeanBlockSize: 8
-------------------------------------
 ReLuBlockSize: 8
-------------------------------------
 CrossEntropyGetMetricBlockSize: 64
 CrossEntropyCalculateBlockSize: 64
=====================================

Epoch 0:
  - [Train] Loss=3.22024
  - [Train] Accuracy=1.20860%
  - [Train] Total Forward Time=30.16090ms
  - [Train] Total Backward Time=122.46378ms
  - [Train] Batch Forward Time=0.12889ms
  - [Train] Batch Backward Time=0.52335ms
  - [Test] Loss=nan
  - [Test] Accuracy=1.68269%

Epoch 1:
  - [Train] Loss=3.18674
  - [Train] Accuracy=1.17188%
  - [Train] Total Forward Time=30.06976ms
  - [Train] Total Backward Time=122.42397ms
  - [Train] Batch Forward Time=0.12850ms
  - [Train] Batch Backward Time=0.52318ms
  - [Test] Loss=nan
  - [Test] Accuracy=1.69271%

