mkdir -p logs
./build/CUDA-DNN-MNIST
=====================================
            Configuration
=====================================
 NumberOfEpochs: 2
 BatchSize: 128
 LearningRate: 1.000000e-06
=====================================

=====================================
         CUDA Configuration
=====================================
 Device name: GeForce GTX 1060 6GB
 Memory Clock Rate (KHz): 4004000
 Memory Bus Width (bits): 192
-------------------------------------
 Tensor2DAddBlockSize: 8
 Tensor2DSubtractBlockSize: 8
 Tensor2DScaleBlockSize: 8
 Tensor2DMultiplyBlockSize: 16
 Tensor2DMultiplyBlockNumber: 16
 Tensor2DMultiplySharedMemory: 1
 Tensor2DMeanBlockSize: 8
-------------------------------------
 ReLuBlockSize: 8
-------------------------------------
 CrossEntropyGetMetricBlockSize: 64
 CrossEntropyCalculateBlockSize: 64
=====================================

Epoch 0:
  - [Train] Loss=3.26190
  - [Train] Accuracy=1.99987%
  - [Train] Total Forward Time=34.43495ms
  - [Train] Total Backward Time=135.09619ms
  - [Train] Batch Forward Time=0.07358ms
  - [Train] Batch Backward Time=0.28867ms
  - [Test] Loss=nan
  - [Test] Accuracy=2.80449%

Epoch 1:
  - [Train] Loss=3.22360
  - [Train] Accuracy=1.83961%
  - [Train] Total Forward Time=34.32631ms
  - [Train] Total Backward Time=135.07430ms
  - [Train] Batch Forward Time=0.07335ms
  - [Train] Batch Backward Time=0.28862ms
  - [Test] Loss=nan
  - [Test] Accuracy=2.69431%

