mkdir -p logs
./build/CUDA-DNN-MNIST
=====================================
            Configuration
=====================================
 NumberOfEpochs: 2
 BatchSize: 128
 LearningRate: 1.000000e-06
=====================================

=====================================
         CUDA Configuration
=====================================
 Device name: GeForce GTX 1060 6GB
 Memory Clock Rate (KHz): 4004000
 Memory Bus Width (bits): 192
-------------------------------------
 Tensor2DAddBlockSize: 8
 Tensor2DSubtractBlockSize: 8
 Tensor2DScaleBlockSize: 8
 Tensor2DMultiplyBlockSize: 16
 Tensor2DMultiplyBlockNumber: 256
 Tensor2DMultiplySharedMemory: 0
 Tensor2DMeanBlockSize: 8
-------------------------------------
 ReLuBlockSize: 8
-------------------------------------
 CrossEntropyGetMetricBlockSize: 64
 CrossEntropyCalculateBlockSize: 64
=====================================

Epoch 0:
  - [Train] Loss=3.26731
  - [Train] Accuracy=2.43389%
  - [Train] Total Forward Time=405.90189ms
  - [Train] Total Backward Time=1451.42496ms
  - [Train] Batch Forward Time=0.86731ms
  - [Train] Batch Backward Time=3.10134ms
  - [Test] Loss=nan
  - [Test] Accuracy=2.99479%

Epoch 1:
  - [Train] Loss=3.20286
  - [Train] Accuracy=2.36545%
  - [Train] Total Forward Time=405.82106ms
  - [Train] Total Backward Time=1451.34201ms
  - [Train] Batch Forward Time=0.86714ms
  - [Train] Batch Backward Time=3.10116ms
  - [Test] Loss=nan
  - [Test] Accuracy=2.94471%

