mkdir -p logs
./build/CUDA-DNN-MNIST
=====================================
            Configuration
=====================================
 NumberOfEpochs: 2
 BatchSize: 512
 LearningRate: 1.000000e-06
=====================================

=====================================
         CUDA Configuration
=====================================
 Device name: GeForce GTX 1060 6GB
 Memory Clock Rate (KHz): 4004000
 Memory Bus Width (bits): 192
-------------------------------------
 Tensor2DAddBlockSize: 8
 Tensor2DSubtractBlockSize: 8
 Tensor2DScaleBlockSize: 8
 Tensor2DMultiplyBlockSize: 16
 Tensor2DMultiplyBlockNumber: -1
 Tensor2DMultiplySharedMemory: 1
 Tensor2DMeanBlockSize: 8
-------------------------------------
 ReLuBlockSize: 8
-------------------------------------
 CrossEntropyGetMetricBlockSize: 64
 CrossEntropyCalculateBlockSize: 64
=====================================

Epoch 0:
  - [Train] Loss=3.26021
  - [Train] Accuracy=1.50908%
  - [Train] Total Forward Time=27.58246ms
  - [Train] Total Backward Time=117.02304ms
  - [Train] Batch Forward Time=0.23575ms
  - [Train] Batch Backward Time=1.00020ms
  - [Test] Loss=nan
  - [Test] Accuracy=2.15872%

Epoch 1:
  - [Train] Loss=3.22699
  - [Train] Accuracy=1.41393%
  - [Train] Total Forward Time=27.36278ms
  - [Train] Total Backward Time=116.91299ms
  - [Train] Batch Forward Time=0.23387ms
  - [Train] Batch Backward Time=0.99926ms
  - [Test] Loss=nan
  - [Test] Accuracy=2.13816%

