mkdir -p logs
./build/CUDA-DNN-MNIST
=====================================
            Configuration
=====================================
 NumberOfEpochs: 2
 BatchSize: 512
 LearningRate: 1.000000e-06
=====================================

=====================================
         CUDA Configuration
=====================================
 Device name: GeForce GTX 1060 6GB
 Memory Clock Rate (KHz): 4004000
 Memory Bus Width (bits): 192
-------------------------------------
 Tensor2DAddBlockSize: 8
 Tensor2DSubtractBlockSize: 8
 Tensor2DScaleBlockSize: 8
 Tensor2DMultiplyBlockSize: 32
 Tensor2DMultiplyBlockNumber: 16
 Tensor2DMultiplySharedMemory: 1
 Tensor2DMeanBlockSize: 8
-------------------------------------
 ReLuBlockSize: 8
-------------------------------------
 CrossEntropyGetMetricBlockSize: 64
 CrossEntropyCalculateBlockSize: 64
=====================================

Epoch 0:
  - [Train] Loss=3.26587
  - [Train] Accuracy=0.62266%
  - [Train] Total Forward Time=33.03398ms
  - [Train] Total Backward Time=383.02653ms
  - [Train] Batch Forward Time=0.28234ms
  - [Train] Batch Backward Time=3.27373ms
  - [Test] Loss=3.36073
  - [Test] Accuracy=1.66530%

Epoch 1:
  - [Train] Loss=3.24507
  - [Train] Accuracy=0.60764%
  - [Train] Total Forward Time=32.88339ms
  - [Train] Total Backward Time=383.51802ms
  - [Train] Batch Forward Time=0.28105ms
  - [Train] Batch Backward Time=3.27793ms
  - [Test] Loss=3.33640
  - [Test] Accuracy=1.67558%

