mkdir -p logs
./build/CUDA-DNN-MNIST
=====================================
            Configuration
=====================================
 NumberOfEpochs: 2
 BatchSize: 1
 LearningRate: 1.000000e-06
=====================================

=====================================
         CUDA Configuration
=====================================
 Device name: GeForce GTX 1060 6GB
 Memory Clock Rate (KHz): 4004000
 Memory Bus Width (bits): 192
-------------------------------------
 Tensor2DAddBlockSize: 8
 Tensor2DSubtractBlockSize: 8
 Tensor2DScaleBlockSize: 8
 Tensor2DMultiplyBlockSize: 16
 Tensor2DMultiplyBlockNumber: -1
 Tensor2DMultiplySharedMemory: 0
 Tensor2DMeanBlockSize: 8
-------------------------------------
 ReLuBlockSize: 8
-------------------------------------
 CrossEntropyGetMetricBlockSize: 64
 CrossEntropyCalculateBlockSize: 64
=====================================

Epoch 0:
  - [Train] Loss=3.32764
  - [Train] Accuracy=3.35833%
  - [Train] Total Forward Time=15283.40618ms
  - [Train] Total Backward Time=2975.41603ms
  - [Train] Batch Forward Time=0.25472ms
  - [Train] Batch Backward Time=0.04959ms
  - [Test] Loss=nan
  - [Test] Accuracy=4.54000%

Epoch 1:
  - [Train] Loss=3.26140
  - [Train] Accuracy=3.18333%
  - [Train] Total Forward Time=15248.51604ms
  - [Train] Total Backward Time=2968.28435ms
  - [Train] Batch Forward Time=0.25414ms
  - [Train] Batch Backward Time=0.04947ms
  - [Test] Loss=nan
  - [Test] Accuracy=4.63000%

