mkdir -p logs
./build/CUDA-DNN-MNIST
=====================================
            Configuration
=====================================
 NumberOfEpochs: 2
 BatchSize: 64
 LearningRate: 1.000000e-06
=====================================

=====================================
         CUDA Configuration
=====================================
 Device name: GeForce GTX 780 Ti
 Memory Clock Rate (KHz): 3500000
 Memory Bus Width (bits): 384
-------------------------------------
 Tensor2DAddBlockSize: 8
 Tensor2DSubtractBlockSize: 8
 Tensor2DScaleBlockSize: 8
 Tensor2DMultiplyBlockSize: 16
 Tensor2DMultiplyBlockNumber: -1
 Tensor2DMultiplySharedMemory: 1
 Tensor2DMeanBlockSize: 8
-------------------------------------
 ReLuBlockSize: 8
-------------------------------------
 CrossEntropyGetMetricBlockSize: 64
 CrossEntropyCalculateBlockSize: 64
=====================================

Epoch 0:
  - [Train] Loss=3.28977
  - [Train] Accuracy=1.75260%
  - [Train] Total Forward Time=137.22003ms
  - [Train] Total Backward Time=322.29715ms
  - [Train] Batch Forward Time=0.14645ms
  - [Train] Batch Backward Time=0.34397ms
  - [Test] Loss=nan
  - [Test] Accuracy=2.60417%

Epoch 1:
  - [Train] Loss=3.24548
  - [Train] Accuracy=1.63420%
  - [Train] Total Forward Time=137.07277ms
  - [Train] Total Backward Time=321.80176ms
  - [Train] Batch Forward Time=0.14629ms
  - [Train] Batch Backward Time=0.34344ms
  - [Test] Loss=nan
  - [Test] Accuracy=2.59415%

