mkdir -p logs
./build/CUDA-DNN-MNIST
=====================================
            Configuration
=====================================
 NumberOfEpochs: 2
 BatchSize: 1024
 LearningRate: 1.000000e-06
=====================================

=====================================
         CUDA Configuration
=====================================
 Device name: GeForce GTX 780 Ti
 Memory Clock Rate (KHz): 3500000
 Memory Bus Width (bits): 384
-------------------------------------
 Tensor2DAddBlockSize: 8
 Tensor2DSubtractBlockSize: 8
 Tensor2DScaleBlockSize: 8
 Tensor2DMultiplyBlockSize: 16
 Tensor2DMultiplyBlockNumber: -1
 Tensor2DMultiplySharedMemory: 1
 Tensor2DMeanBlockSize: 8
-------------------------------------
 ReLuBlockSize: 8
-------------------------------------
 CrossEntropyGetMetricBlockSize: 64
 CrossEntropyCalculateBlockSize: 64
=====================================

Epoch 0:
  - [Train] Loss=3.24158
  - [Train] Accuracy=1.14662%
  - [Train] Total Forward Time=74.79904ms
  - [Train] Total Backward Time=200.49898ms
  - [Train] Batch Forward Time=1.28964ms
  - [Train] Batch Backward Time=3.45688ms
  - [Test] Loss=nan
  - [Test] Accuracy=1.42144%

Epoch 1:
  - [Train] Loss=3.19920
  - [Train] Accuracy=1.00013%
  - [Train] Total Forward Time=74.62266ms
  - [Train] Total Backward Time=200.42880ms
  - [Train] Batch Forward Time=1.28660ms
  - [Train] Batch Backward Time=3.45567ms
  - [Test] Loss=nan
  - [Test] Accuracy=1.42144%

