mkdir -p logs
./build/CUDA-DNN-MNIST
=====================================
            Configuration
=====================================
 NumberOfEpochs: 2
 BatchSize: 128
 LearningRate: 1.000000e-06
=====================================

=====================================
         CUDA Configuration
=====================================
 Device name: GeForce GTX 780 Ti
 Memory Clock Rate (KHz): 3500000
 Memory Bus Width (bits): 384
-------------------------------------
 Tensor2DAddBlockSize: 8
 Tensor2DSubtractBlockSize: 8
 Tensor2DScaleBlockSize: 8
 Tensor2DMultiplyBlockSize: 4
 Tensor2DMultiplyBlockNumber: -1
 Tensor2DMultiplySharedMemory: 0
 Tensor2DMeanBlockSize: 8
-------------------------------------
 ReLuBlockSize: 8
-------------------------------------
 CrossEntropyGetMetricBlockSize: 64
 CrossEntropyCalculateBlockSize: 64
=====================================

Epoch 0:
  - [Train] Loss=3.24354
  - [Train] Accuracy=1.97817%
  - [Train] Total Forward Time=1525.44253ms
  - [Train] Total Backward Time=2995.05130ms
  - [Train] Batch Forward Time=3.25949ms
  - [Train] Batch Backward Time=6.39968ms
  - [Test] Loss=nan
  - [Test] Accuracy=3.07492%

Epoch 1:
  - [Train] Loss=3.17578
  - [Train] Accuracy=1.95646%
  - [Train] Total Forward Time=1552.53392ms
  - [Train] Total Backward Time=3050.33123ms
  - [Train] Batch Forward Time=3.31738ms
  - [Train] Batch Backward Time=6.51780ms
  - [Test] Loss=nan
  - [Test] Accuracy=3.14503%

