mkdir -p logs
./build/CUDA-DNN-MNIST
=====================================
            Configuration
=====================================
 NumberOfEpochs: 2
 BatchSize: 32
 LearningRate: 1.000000e-06
=====================================

=====================================
         CUDA Configuration
=====================================
 Device name: GeForce GTX 780 Ti
 Memory Clock Rate (KHz): 3500000
 Memory Bus Width (bits): 384
-------------------------------------
 Tensor2DAddBlockSize: 8
 Tensor2DSubtractBlockSize: 8
 Tensor2DScaleBlockSize: 8
 Tensor2DMultiplyBlockSize: 16
 Tensor2DMultiplyBlockNumber: -1
 Tensor2DMultiplySharedMemory: 0
 Tensor2DMeanBlockSize: 8
-------------------------------------
 ReLuBlockSize: 8
-------------------------------------
 CrossEntropyGetMetricBlockSize: 64
 CrossEntropyCalculateBlockSize: 64
=====================================

Epoch 0:
  - [Train] Loss=3.23039
  - [Train] Accuracy=2.10667%
  - [Train] Total Forward Time=1510.40694ms
  - [Train] Total Backward Time=1434.95875ms
  - [Train] Batch Forward Time=0.80555ms
  - [Train] Batch Backward Time=0.76531ms
  - [Test] Loss=nan
  - [Test] Accuracy=2.58413%

Epoch 1:
  - [Train] Loss=3.15623
  - [Train] Accuracy=2.01667%
  - [Train] Total Forward Time=1509.97178ms
  - [Train] Total Backward Time=1431.24371ms
  - [Train] Batch Forward Time=0.80532ms
  - [Train] Batch Backward Time=0.76333ms
  - [Test] Loss=nan
  - [Test] Accuracy=2.57412%

