mkdir -p logs
./build/CUDA-DNN-MNIST
=====================================
            Configuration
=====================================
 NumberOfEpochs: 2
 BatchSize: 512
 LearningRate: 1.000000e-06
=====================================

=====================================
         CUDA Configuration
=====================================
 Device name: GeForce GTX 780 Ti
 Memory Clock Rate (KHz): 3500000
 Memory Bus Width (bits): 384
-------------------------------------
 Tensor2DAddBlockSize: 8
 Tensor2DSubtractBlockSize: 8
 Tensor2DScaleBlockSize: 8
 Tensor2DMultiplyBlockSize: 16
 Tensor2DMultiplyBlockNumber: 32
 Tensor2DMultiplySharedMemory: 0
 Tensor2DMeanBlockSize: 8
-------------------------------------
 ReLuBlockSize: 8
-------------------------------------
 CrossEntropyGetMetricBlockSize: 64
 CrossEntropyCalculateBlockSize: 64
=====================================

Epoch 0:
  - [Train] Loss=3.25914
  - [Train] Accuracy=2.94972%
  - [Train] Total Forward Time=264.63737ms
  - [Train] Total Backward Time=993.76291ms
  - [Train] Batch Forward Time=2.26186ms
  - [Train] Batch Backward Time=8.49370ms
  - [Test] Loss=nan
  - [Test] Accuracy=3.32031%

Epoch 1:
  - [Train] Loss=3.19145
  - [Train] Accuracy=2.98811%
  - [Train] Total Forward Time=264.96006ms
  - [Train] Total Backward Time=992.81881ms
  - [Train] Batch Forward Time=2.26462ms
  - [Train] Batch Backward Time=8.48563ms
  - [Test] Loss=nan
  - [Test] Accuracy=3.54646%

