mkdir -p logs
./build/CUDA-DNN-MNIST
=====================================
            Configuration
=====================================
 NumberOfEpochs: 2
 BatchSize: 128
 LearningRate: 1.000000e-06
=====================================

=====================================
         CUDA Configuration
=====================================
 Device name: GeForce GTX 780 Ti
 Memory Clock Rate (KHz): 3500000
 Memory Bus Width (bits): 384
-------------------------------------
 Tensor2DAddBlockSize: 8
 Tensor2DSubtractBlockSize: 8
 Tensor2DScaleBlockSize: 8
 Tensor2DMultiplyBlockSize: 16
 Tensor2DMultiplyBlockNumber: 4
 Tensor2DMultiplySharedMemory: 0
 Tensor2DMeanBlockSize: 8
-------------------------------------
 ReLuBlockSize: 8
-------------------------------------
 CrossEntropyGetMetricBlockSize: 64
 CrossEntropyCalculateBlockSize: 64
=====================================

Epoch 0:
  - [Train] Loss=3.28225
  - [Train] Accuracy=1.96982%
  - [Train] Total Forward Time=2818.06416ms
  - [Train] Total Backward Time=2325.72553ms
  - [Train] Batch Forward Time=6.02150ms
  - [Train] Batch Backward Time=4.96950ms
  - [Test] Loss=nan
  - [Test] Accuracy=2.63421%

Epoch 1:
  - [Train] Loss=3.20983
  - [Train] Accuracy=1.80122%
  - [Train] Total Forward Time=2817.66940ms
  - [Train] Total Backward Time=2325.50557ms
  - [Train] Batch Forward Time=6.02066ms
  - [Train] Batch Backward Time=4.96903ms
  - [Test] Loss=nan
  - [Test] Accuracy=2.48397%

