mkdir -p logs
./build/CUDA-DNN-MNIST
=====================================
            Configuration
=====================================
 NumberOfEpochs: 2
 BatchSize: 512
 LearningRate: 1.000000e-06
=====================================

=====================================
         CUDA Configuration
=====================================
 Device name: GeForce GTX 780 Ti
 Memory Clock Rate (KHz): 3500000
 Memory Bus Width (bits): 384
-------------------------------------
 Tensor2DAddBlockSize: 8
 Tensor2DSubtractBlockSize: 8
 Tensor2DScaleBlockSize: 8
 Tensor2DMultiplyBlockSize: 32
 Tensor2DMultiplyBlockNumber: 16
 Tensor2DMultiplySharedMemory: 1
 Tensor2DMeanBlockSize: 8
-------------------------------------
 ReLuBlockSize: 8
-------------------------------------
 CrossEntropyGetMetricBlockSize: 64
 CrossEntropyCalculateBlockSize: 64
=====================================

Epoch 0:
  - [Train] Loss=3.25483
  - [Train] Accuracy=0.39062%
  - [Train] Total Forward Time=79.56710ms
  - [Train] Total Backward Time=456.84982ms
  - [Train] Batch Forward Time=0.68006ms
  - [Train] Batch Backward Time=3.90470ms
  - [Test] Loss=3.34663
  - [Test] Accuracy=1.09992%

Epoch 1:
  - [Train] Loss=3.23315
  - [Train] Accuracy=0.35557%
  - [Train] Total Forward Time=79.72781ms
  - [Train] Total Backward Time=457.31120ms
  - [Train] Batch Forward Time=0.68143ms
  - [Train] Batch Backward Time=3.90864ms
  - [Test] Loss=3.32357
  - [Test] Accuracy=1.09992%

