mkdir -p logs
./build/CUDA-DNN-MNIST
=====================================
            Configuration
=====================================
 NumberOfEpochs: 2
 BatchSize: 128
 LearningRate: 1.000000e-06
=====================================

=====================================
         CUDA Configuration
=====================================
 Device name: GeForce GTX 780 Ti
 Memory Clock Rate (KHz): 3500000
 Memory Bus Width (bits): 384
-------------------------------------
 Tensor2DAddBlockSize: 8
 Tensor2DSubtractBlockSize: 8
 Tensor2DScaleBlockSize: 8
 Tensor2DMultiplyBlockSize: 32
 Tensor2DMultiplyBlockNumber: 16
 Tensor2DMultiplySharedMemory: 0
 Tensor2DMeanBlockSize: 8
-------------------------------------
 ReLuBlockSize: 8
-------------------------------------
 CrossEntropyGetMetricBlockSize: 64
 CrossEntropyCalculateBlockSize: 64
=====================================

Epoch 0:
  - [Train] Loss=3.24421
  - [Train] Accuracy=2.10003%
  - [Train] Total Forward Time=271.08931ms
  - [Train] Total Backward Time=1724.22605ms
  - [Train] Batch Forward Time=0.57925ms
  - [Train] Batch Backward Time=3.68424ms
  - [Test] Loss=nan
  - [Test] Accuracy=2.98478%

Epoch 1:
  - [Train] Loss=3.17580
  - [Train] Accuracy=2.04828%
  - [Train] Total Forward Time=274.30928ms
  - [Train] Total Backward Time=1754.79782ms
  - [Train] Batch Forward Time=0.58613ms
  - [Train] Batch Backward Time=3.74957ms
  - [Test] Loss=nan
  - [Test] Accuracy=2.99479%

