mkdir -p logs
./build/CUDA-DNN-MNIST
=====================================
            Configuration
=====================================
 NumberOfEpochs: 2
 BatchSize: 128
 LearningRate: 1.000000e-06
=====================================

=====================================
         CUDA Configuration
=====================================
 Device name: GeForce GTX 780 Ti
 Memory Clock Rate (KHz): 3500000
 Memory Bus Width (bits): 384
-------------------------------------
 Tensor2DAddBlockSize: 8
 Tensor2DSubtractBlockSize: 8
 Tensor2DScaleBlockSize: 8
 Tensor2DMultiplyBlockSize: 16
 Tensor2DMultiplyBlockNumber: 32
 Tensor2DMultiplySharedMemory: 1
 Tensor2DMeanBlockSize: 8
-------------------------------------
 ReLuBlockSize: 8
-------------------------------------
 CrossEntropyGetMetricBlockSize: 64
 CrossEntropyCalculateBlockSize: 64
=====================================

Epoch 0:
  - [Train] Loss=3.20750
  - [Train] Accuracy=1.57085%
  - [Train] Total Forward Time=96.82691ms
  - [Train] Total Backward Time=257.70618ms
  - [Train] Batch Forward Time=0.20690ms
  - [Train] Batch Backward Time=0.55065ms
  - [Test] Loss=nan
  - [Test] Accuracy=2.32372%

Epoch 1:
  - [Train] Loss=3.16765
  - [Train] Accuracy=1.58587%
  - [Train] Total Forward Time=96.39264ms
  - [Train] Total Backward Time=257.37734ms
  - [Train] Batch Forward Time=0.20597ms
  - [Train] Batch Backward Time=0.54995ms
  - [Test] Loss=nan
  - [Test] Accuracy=2.46394%

