mkdir -p logs
./build/CUDA-DNN-MNIST
=====================================
            Configuration
=====================================
 NumberOfEpochs: 2
 BatchSize: 1
 LearningRate: 1.000000e-06
=====================================

=====================================
         CUDA Configuration
=====================================
 Device name: GeForce GTX 780 Ti
 Memory Clock Rate (KHz): 3500000
 Memory Bus Width (bits): 384
-------------------------------------
 Tensor2DAddBlockSize: 8
 Tensor2DSubtractBlockSize: 8
 Tensor2DScaleBlockSize: 8
 Tensor2DMultiplyBlockSize: 16
 Tensor2DMultiplyBlockNumber: -1
 Tensor2DMultiplySharedMemory: 0
 Tensor2DMeanBlockSize: 8
-------------------------------------
 ReLuBlockSize: 8
-------------------------------------
 CrossEntropyGetMetricBlockSize: 64
 CrossEntropyCalculateBlockSize: 64
=====================================

Epoch 0:
  - [Train] Loss=3.21988
  - [Train] Accuracy=1.43000%
  - [Train] Total Forward Time=39813.72608ms
  - [Train] Total Backward Time=10283.93772ms
  - [Train] Batch Forward Time=0.66356ms
  - [Train] Batch Backward Time=0.17140ms
  - [Test] Loss=nan
  - [Test] Accuracy=2.26000%

Epoch 1:
  - [Train] Loss=3.15197
  - [Train] Accuracy=1.42000%
  - [Train] Total Forward Time=40442.23790ms
  - [Train] Total Backward Time=10401.15347ms
  - [Train] Batch Forward Time=0.67404ms
  - [Train] Batch Backward Time=0.17335ms
  - [Test] Loss=nan
  - [Test] Accuracy=2.26000%

