mkdir -p logs
./build/CUDA-DNN-MNIST
=====================================
            Configuration
=====================================
 NumberOfEpochs: 2
 BatchSize: 256
 LearningRate: 1.000000e-06
=====================================

=====================================
         CUDA Configuration
=====================================
 Device name: GeForce GTX 780 Ti
 Memory Clock Rate (KHz): 3500000
 Memory Bus Width (bits): 384
-------------------------------------
 Tensor2DAddBlockSize: 8
 Tensor2DSubtractBlockSize: 8
 Tensor2DScaleBlockSize: 8
 Tensor2DMultiplyBlockSize: 16
 Tensor2DMultiplyBlockNumber: -1
 Tensor2DMultiplySharedMemory: 1
 Tensor2DMeanBlockSize: 8
-------------------------------------
 ReLuBlockSize: 8
-------------------------------------
 CrossEntropyGetMetricBlockSize: 64
 CrossEntropyCalculateBlockSize: 64
=====================================

Epoch 0:
  - [Train] Loss=3.24982
  - [Train] Accuracy=0.68276%
  - [Train] Total Forward Time=87.24451ms
  - [Train] Total Backward Time=225.44554ms
  - [Train] Batch Forward Time=0.37284ms
  - [Train] Batch Backward Time=0.96344ms
  - [Test] Loss=nan
  - [Test] Accuracy=1.38221%

Epoch 1:
  - [Train] Loss=3.20889
  - [Train] Accuracy=0.69945%
  - [Train] Total Forward Time=87.13638ms
  - [Train] Total Backward Time=225.77107ms
  - [Train] Batch Forward Time=0.37238ms
  - [Train] Batch Backward Time=0.96483ms
  - [Test] Loss=nan
  - [Test] Accuracy=1.39223%

