mkdir -p logs
./build/CUDA-DNN-MNIST
=====================================
            Configuration
=====================================
 NumberOfEpochs: 2
 BatchSize: 256
 LearningRate: 1.000000e-06
=====================================

=====================================
         CUDA Configuration
=====================================
 Device name: GeForce GTX 780 Ti
 Memory Clock Rate (KHz): 3500000
 Memory Bus Width (bits): 384
-------------------------------------
 Tensor2DAddBlockSize: 8
 Tensor2DSubtractBlockSize: 8
 Tensor2DScaleBlockSize: 8
 Tensor2DMultiplyBlockSize: 32
 Tensor2DMultiplyBlockNumber: 16
 Tensor2DMultiplySharedMemory: 1
 Tensor2DMeanBlockSize: 8
-------------------------------------
 ReLuBlockSize: 8
-------------------------------------
 CrossEntropyGetMetricBlockSize: 64
 CrossEntropyCalculateBlockSize: 64
=====================================

Epoch 0:
  - [Train] Loss=3.25611
  - [Train] Accuracy=0.37894%
  - [Train] Total Forward Time=83.78432ms
  - [Train] Total Backward Time=484.67923ms
  - [Train] Batch Forward Time=0.35805ms
  - [Train] Batch Backward Time=2.07128ms
  - [Test] Loss=nan
  - [Test] Accuracy=0.96154%

Epoch 1:
  - [Train] Loss=3.23438
  - [Train] Accuracy=0.36892%
  - [Train] Total Forward Time=83.72102ms
  - [Train] Total Backward Time=484.10621ms
  - [Train] Batch Forward Time=0.35778ms
  - [Train] Batch Backward Time=2.06883ms
  - [Test] Loss=nan
  - [Test] Accuracy=0.95152%

