mkdir -p logs
./build/CUDA-DNN-MNIST
=====================================
            Configuration
=====================================
 NumberOfEpochs: 2
 BatchSize: 256
 LearningRate: 1.000000e-06
=====================================

=====================================
         CUDA Configuration
=====================================
 Device name: GeForce GTX 780 Ti
 Memory Clock Rate (KHz): 3500000
 Memory Bus Width (bits): 384
-------------------------------------
 Tensor2DAddBlockSize: 8
 Tensor2DSubtractBlockSize: 8
 Tensor2DScaleBlockSize: 8
 Tensor2DMultiplyBlockSize: 16
 Tensor2DMultiplyBlockNumber: 32
 Tensor2DMultiplySharedMemory: 1
 Tensor2DMeanBlockSize: 8
-------------------------------------
 ReLuBlockSize: 8
-------------------------------------
 CrossEntropyGetMetricBlockSize: 64
 CrossEntropyCalculateBlockSize: 64
=====================================

Epoch 0:
  - [Train] Loss=3.30022
  - [Train] Accuracy=1.02497%
  - [Train] Total Forward Time=87.87507ms
  - [Train] Total Backward Time=226.11344ms
  - [Train] Batch Forward Time=0.37553ms
  - [Train] Batch Backward Time=0.96630ms
  - [Test] Loss=nan
  - [Test] Accuracy=1.83293%

Epoch 1:
  - [Train] Loss=3.25805
  - [Train] Accuracy=1.00160%
  - [Train] Total Forward Time=87.35450ms
  - [Train] Total Backward Time=226.10461ms
  - [Train] Batch Forward Time=0.37331ms
  - [Train] Batch Backward Time=0.96626ms
  - [Test] Loss=nan
  - [Test] Accuracy=1.83293%

