mkdir -p logs
./build/CUDA-DNN-MNIST
=====================================
            Configuration
=====================================
 NumberOfEpochs: 2
 BatchSize: 4
 LearningRate: 1.000000e-06
=====================================

=====================================
         CUDA Configuration
=====================================
 Device name: GeForce GTX 780 Ti
 Memory Clock Rate (KHz): 3500000
 Memory Bus Width (bits): 384
-------------------------------------
 Tensor2DAddBlockSize: 8
 Tensor2DSubtractBlockSize: 8
 Tensor2DScaleBlockSize: 8
 Tensor2DMultiplyBlockSize: 16
 Tensor2DMultiplyBlockNumber: -1
 Tensor2DMultiplySharedMemory: 0
 Tensor2DMeanBlockSize: 8
-------------------------------------
 ReLuBlockSize: 8
-------------------------------------
 CrossEntropyGetMetricBlockSize: 64
 CrossEntropyCalculateBlockSize: 64
=====================================

Epoch 0:
  - [Train] Loss=3.27084
  - [Train] Accuracy=1.45333%
  - [Train] Total Forward Time=11128.62694ms
  - [Train] Total Backward Time=2957.64346ms
  - [Train] Batch Forward Time=0.74191ms
  - [Train] Batch Backward Time=0.19718ms
  - [Test] Loss=nan
  - [Test] Accuracy=2.57000%

Epoch 1:
  - [Train] Loss=3.20300
  - [Train] Accuracy=1.42000%
  - [Train] Total Forward Time=11127.22784ms
  - [Train] Total Backward Time=2959.08134ms
  - [Train] Batch Forward Time=0.74182ms
  - [Train] Batch Backward Time=0.19727ms
  - [Test] Loss=nan
  - [Test] Accuracy=2.54000%

