mkdir -p logs
./build/CUDA-DNN-MNIST
=====================================
            Configuration
=====================================
 NumberOfEpochs: 2
 BatchSize: 256
 LearningRate: 1.000000e-06
=====================================

=====================================
         CUDA Configuration
=====================================
 Device name: GeForce GTX 780 Ti
 Memory Clock Rate (KHz): 3500000
 Memory Bus Width (bits): 384
-------------------------------------
 Tensor2DAddBlockSize: 8
 Tensor2DSubtractBlockSize: 8
 Tensor2DScaleBlockSize: 8
 Tensor2DMultiplyBlockSize: 32
 Tensor2DMultiplyBlockNumber: 32
 Tensor2DMultiplySharedMemory: 0
 Tensor2DMeanBlockSize: 8
-------------------------------------
 ReLuBlockSize: 8
-------------------------------------
 CrossEntropyGetMetricBlockSize: 64
 CrossEntropyCalculateBlockSize: 64
=====================================

Epoch 0:
  - [Train] Loss=3.22049
  - [Train] Accuracy=1.36218%
  - [Train] Total Forward Time=250.78800ms
  - [Train] Total Backward Time=1823.40272ms
  - [Train] Batch Forward Time=1.07174ms
  - [Train] Batch Backward Time=7.79232ms
  - [Test] Loss=nan
  - [Test] Accuracy=2.64423%

Epoch 1:
  - [Train] Loss=3.15967
  - [Train] Accuracy=1.34549%
  - [Train] Total Forward Time=250.65805ms
  - [Train] Total Backward Time=1823.23853ms
  - [Train] Batch Forward Time=1.07119ms
  - [Train] Batch Backward Time=7.79162ms
  - [Test] Loss=nan
  - [Test] Accuracy=2.68429%

