mkdir -p logs
./build/CUDA-DNN-MNIST
=====================================
            Configuration
=====================================
 NumberOfEpochs: 2
 BatchSize: 128
 LearningRate: 1.000000e-06
=====================================

=====================================
         CUDA Configuration
=====================================
 Device name: GeForce GTX 780 Ti
 Memory Clock Rate (KHz): 3500000
 Memory Bus Width (bits): 384
-------------------------------------
 Tensor2DAddBlockSize: 8
 Tensor2DSubtractBlockSize: 8
 Tensor2DScaleBlockSize: 8
 Tensor2DMultiplyBlockSize: 16
 Tensor2DMultiplyBlockNumber: 2
 Tensor2DMultiplySharedMemory: 0
 Tensor2DMeanBlockSize: 8
-------------------------------------
 ReLuBlockSize: 8
-------------------------------------
 CrossEntropyGetMetricBlockSize: 64
 CrossEntropyCalculateBlockSize: 64
=====================================

Epoch 0:
  - [Train] Loss=3.32502
  - [Train] Accuracy=2.47563%
  - [Train] Total Forward Time=8857.77947ms
  - [Train] Total Backward Time=5177.14864ms
  - [Train] Batch Forward Time=18.92688ms
  - [Train] Batch Backward Time=11.06228ms
  - [Test] Loss=nan
  - [Test] Accuracy=2.63421%

Epoch 1:
  - [Train] Loss=3.25493
  - [Train] Accuracy=2.21187%
  - [Train] Total Forward Time=8857.59374ms
  - [Train] Total Backward Time=5176.94180ms
  - [Train] Batch Forward Time=18.92648ms
  - [Train] Batch Backward Time=11.06184ms
  - [Test] Loss=nan
  - [Test] Accuracy=2.50401%

