mkdir -p logs
./build/CUDA-DNN-MNIST
=====================================
            Configuration
=====================================
 NumberOfEpochs: 2
 BatchSize: 128
 LearningRate: 1.000000e-06
=====================================

=====================================
         CUDA Configuration
=====================================
 Device name: GeForce GTX 780 Ti
 Memory Clock Rate (KHz): 3500000
 Memory Bus Width (bits): 384
-------------------------------------
 Tensor2DAddBlockSize: 8
 Tensor2DSubtractBlockSize: 8
 Tensor2DScaleBlockSize: 8
 Tensor2DMultiplyBlockSize: 16
 Tensor2DMultiplyBlockNumber: 512
 Tensor2DMultiplySharedMemory: 0
 Tensor2DMeanBlockSize: 8
-------------------------------------
 ReLuBlockSize: 8
-------------------------------------
 CrossEntropyGetMetricBlockSize: 64
 CrossEntropyCalculateBlockSize: 64
=====================================

Epoch 0:
  - [Train] Loss=3.27903
  - [Train] Accuracy=1.77784%
  - [Train] Total Forward Time=3462.80652ms
  - [Train] Total Backward Time=6654.21428ms
  - [Train] Batch Forward Time=7.39916ms
  - [Train] Batch Backward Time=14.21841ms
  - [Test] Loss=nan
  - [Test] Accuracy=2.96474%

Epoch 1:
  - [Train] Loss=3.21052
  - [Train] Accuracy=1.61592%
  - [Train] Total Forward Time=3484.04646ms
  - [Train] Total Backward Time=6717.52039ms
  - [Train] Batch Forward Time=7.44454ms
  - [Train] Batch Backward Time=14.35368ms
  - [Test] Loss=nan
  - [Test] Accuracy=2.84455%

