mkdir -p logs
./build/CUDA-DNN-MNIST
=====================================
            Configuration
=====================================
 NumberOfEpochs: 2
 BatchSize: 1
 LearningRate: 1.000000e-06
=====================================

=====================================
         CUDA Configuration
=====================================
 Device name: GeForce GTX 780 Ti
 Memory Clock Rate (KHz): 3500000
 Memory Bus Width (bits): 384
-------------------------------------
 Tensor2DAddBlockSize: 8
 Tensor2DSubtractBlockSize: 8
 Tensor2DScaleBlockSize: 8
 Tensor2DMultiplyBlockSize: 16
 Tensor2DMultiplyBlockNumber: -1
 Tensor2DMultiplySharedMemory: 1
 Tensor2DMeanBlockSize: 8
-------------------------------------
 ReLuBlockSize: 8
-------------------------------------
 CrossEntropyGetMetricBlockSize: 64
 CrossEntropyCalculateBlockSize: 64
=====================================

Epoch 0:
  - [Train] Loss=3.25239
  - [Train] Accuracy=0.00000%
  - [Train] Total Forward Time=5924.22472ms
  - [Train] Total Backward Time=8056.45725ms
  - [Train] Batch Forward Time=0.09874ms
  - [Train] Batch Backward Time=0.13427ms
  - [Test] Loss=inf
  - [Test] Accuracy=0.26000%

Epoch 1:
  - [Train] Loss=3.25214
  - [Train] Accuracy=0.00000%
  - [Train] Total Forward Time=5926.12229ms
  - [Train] Total Backward Time=8061.00362ms
  - [Train] Batch Forward Time=0.09877ms
  - [Train] Batch Backward Time=0.13435ms
  - [Test] Loss=inf
  - [Test] Accuracy=0.26000%

