mkdir -p logs
./build/CUDA-DNN-MNIST
=====================================
            Configuration
=====================================
 NumberOfEpochs: 2
 BatchSize: 8
 LearningRate: 1.000000e-06
=====================================

=====================================
         CUDA Configuration
=====================================
 Device name: GeForce GTX 780 Ti
 Memory Clock Rate (KHz): 3500000
 Memory Bus Width (bits): 384
-------------------------------------
 Tensor2DAddBlockSize: 8
 Tensor2DSubtractBlockSize: 8
 Tensor2DScaleBlockSize: 8
 Tensor2DMultiplyBlockSize: 16
 Tensor2DMultiplyBlockNumber: -1
 Tensor2DMultiplySharedMemory: 1
 Tensor2DMeanBlockSize: 8
-------------------------------------
 ReLuBlockSize: 8
-------------------------------------
 CrossEntropyGetMetricBlockSize: 64
 CrossEntropyCalculateBlockSize: 64
=====================================

Epoch 0:
  - [Train] Loss=3.25633
  - [Train] Accuracy=0.50167%
  - [Train] Total Forward Time=766.22080ms
  - [Train] Total Backward Time=1076.33222ms
  - [Train] Batch Forward Time=0.10216ms
  - [Train] Batch Backward Time=0.14351ms
  - [Test] Loss=nan
  - [Test] Accuracy=0.85000%

Epoch 1:
  - [Train] Loss=3.23805
  - [Train] Accuracy=0.46667%
  - [Train] Total Forward Time=766.75610ms
  - [Train] Total Backward Time=1075.83997ms
  - [Train] Batch Forward Time=0.10223ms
  - [Train] Batch Backward Time=0.14345ms
  - [Test] Loss=nan
  - [Test] Accuracy=0.85000%

