mkdir -p logs
./build/CUDA-DNN-MNIST
=====================================
            Configuration
=====================================
 NumberOfEpochs: 2
 BatchSize: 128
 LearningRate: 1.000000e-06
=====================================

=====================================
         CUDA Configuration
=====================================
 Device name: GeForce GTX 780 Ti
 Memory Clock Rate (KHz): 3500000
 Memory Bus Width (bits): 384
-------------------------------------
 Tensor2DAddBlockSize: 8
 Tensor2DSubtractBlockSize: 8
 Tensor2DScaleBlockSize: 8
 Tensor2DMultiplyBlockSize: 1
 Tensor2DMultiplyBlockNumber: -1
 Tensor2DMultiplySharedMemory: 0
 Tensor2DMeanBlockSize: 8
-------------------------------------
 ReLuBlockSize: 8
-------------------------------------
 CrossEntropyGetMetricBlockSize: 64
 CrossEntropyCalculateBlockSize: 64
=====================================

Epoch 0:
  - [Train] Loss=3.25480
  - [Train] Accuracy=2.18182%
  - [Train] Total Forward Time=5046.12318ms
  - [Train] Total Backward Time=9534.82345ms
  - [Train] Batch Forward Time=10.78231ms
  - [Train] Batch Backward Time=20.37355ms
  - [Test] Loss=nan
  - [Test] Accuracy=3.63582%

Epoch 1:
  - [Train] Loss=3.18708
  - [Train] Accuracy=2.08166%
  - [Train] Total Forward Time=5289.97011ms
  - [Train] Total Backward Time=9996.69698ms
  - [Train] Batch Forward Time=11.30335ms
  - [Train] Batch Backward Time=21.36046ms
  - [Test] Loss=nan
  - [Test] Accuracy=3.40545%

