mkdir -p logs
./build/CUDA-DNN-MNIST
=====================================
            Configuration
=====================================
 NumberOfEpochs: 2
 BatchSize: 128
 LearningRate: 1.000000e-06
=====================================

=====================================
         CUDA Configuration
=====================================
 Device name: GeForce GTX 780 Ti
 Memory Clock Rate (KHz): 3500000
 Memory Bus Width (bits): 384
-------------------------------------
 Tensor2DAddBlockSize: 8
 Tensor2DSubtractBlockSize: 8
 Tensor2DScaleBlockSize: 8
 Tensor2DMultiplyBlockSize: 16
 Tensor2DMultiplyBlockNumber: 16
 Tensor2DMultiplySharedMemory: 0
 Tensor2DMeanBlockSize: 8
-------------------------------------
 ReLuBlockSize: 8
-------------------------------------
 CrossEntropyGetMetricBlockSize: 64
 CrossEntropyCalculateBlockSize: 64
=====================================

Epoch 0:
  - [Train] Loss=3.19692
  - [Train] Accuracy=1.52744%
  - [Train] Total Forward Time=441.41504ms
  - [Train] Total Backward Time=1136.94205ms
  - [Train] Batch Forward Time=0.94319ms
  - [Train] Batch Backward Time=2.42936ms
  - [Test] Loss=nan
  - [Test] Accuracy=3.03486%

Epoch 1:
  - [Train] Loss=3.13276
  - [Train] Accuracy=1.46401%
  - [Train] Total Forward Time=433.76646ms
  - [Train] Total Backward Time=1121.78563ms
  - [Train] Batch Forward Time=0.92685ms
  - [Train] Batch Backward Time=2.39698ms
  - [Test] Loss=nan
  - [Test] Accuracy=2.99479%

