mkdir -p logs
./build/CUDA-DNN-MNIST
=====================================
            Configuration
=====================================
 NumberOfEpochs: 2
 BatchSize: 128
 LearningRate: 1.000000e-06
=====================================

=====================================
         CUDA Configuration
=====================================
 Device name: GeForce GTX 780 Ti
 Memory Clock Rate (KHz): 3500000
 Memory Bus Width (bits): 384
-------------------------------------
 Tensor2DAddBlockSize: 8
 Tensor2DSubtractBlockSize: 8
 Tensor2DScaleBlockSize: 8
 Tensor2DMultiplyBlockSize: 32
 Tensor2DMultiplyBlockNumber: -1
 Tensor2DMultiplySharedMemory: 0
 Tensor2DMeanBlockSize: 8
-------------------------------------
 ReLuBlockSize: 8
-------------------------------------
 CrossEntropyGetMetricBlockSize: 64
 CrossEntropyCalculateBlockSize: 64
=====================================

Epoch 0:
  - [Train] Loss=3.23612
  - [Train] Accuracy=1.40057%
  - [Train] Total Forward Time=1090.08691ms
  - [Train] Total Backward Time=1577.90375ms
  - [Train] Batch Forward Time=2.32925ms
  - [Train] Batch Backward Time=3.37159ms
  - [Test] Loss=nan
  - [Test] Accuracy=2.50401%

Epoch 1:
  - [Train] Loss=3.16989
  - [Train] Accuracy=1.30876%
  - [Train] Total Forward Time=1103.01987ms
  - [Train] Total Backward Time=1595.03165ms
  - [Train] Batch Forward Time=2.35688ms
  - [Train] Batch Backward Time=3.40819ms
  - [Test] Loss=nan
  - [Test] Accuracy=2.60417%

