mkdir -p logs
./build/CUDA-DNN-MNIST
=====================================
            Configuration
=====================================
 NumberOfEpochs: 2
 BatchSize: 256
 LearningRate: 1.000000e-06
=====================================

=====================================
         CUDA Configuration
=====================================
 Device name: GeForce GTX 780 Ti
 Memory Clock Rate (KHz): 3500000
 Memory Bus Width (bits): 384
-------------------------------------
 Tensor2DAddBlockSize: 8
 Tensor2DSubtractBlockSize: 8
 Tensor2DScaleBlockSize: 8
 Tensor2DMultiplyBlockSize: 16
 Tensor2DMultiplyBlockNumber: 16
 Tensor2DMultiplySharedMemory: 0
 Tensor2DMeanBlockSize: 8
-------------------------------------
 ReLuBlockSize: 8
-------------------------------------
 CrossEntropyGetMetricBlockSize: 64
 CrossEntropyCalculateBlockSize: 64
=====================================

Epoch 0:
  - [Train] Loss=3.25708
  - [Train] Accuracy=0.71615%
  - [Train] Total Forward Time=438.76541ms
  - [Train] Total Backward Time=1052.37757ms
  - [Train] Batch Forward Time=1.87507ms
  - [Train] Batch Backward Time=4.49734ms
  - [Test] Loss=nan
  - [Test] Accuracy=1.60256%

Epoch 1:
  - [Train] Loss=3.19201
  - [Train] Accuracy=0.65939%
  - [Train] Total Forward Time=441.97424ms
  - [Train] Total Backward Time=1051.83888ms
  - [Train] Batch Forward Time=1.88878ms
  - [Train] Batch Backward Time=4.49504ms
  - [Test] Loss=nan
  - [Test] Accuracy=1.62260%

