mkdir -p logs
./build/CUDA-DNN-MNIST
=====================================
            Configuration
=====================================
 NumberOfEpochs: 2
 BatchSize: 128
 LearningRate: 1.000000e-06
=====================================

=====================================
         CUDA Configuration
=====================================
 Device name: GeForce GTX 780 Ti
 Memory Clock Rate (KHz): 3500000
 Memory Bus Width (bits): 384
-------------------------------------
 Tensor2DAddBlockSize: 8
 Tensor2DSubtractBlockSize: 8
 Tensor2DScaleBlockSize: 8
 Tensor2DMultiplyBlockSize: 16
 Tensor2DMultiplyBlockNumber: 256
 Tensor2DMultiplySharedMemory: 0
 Tensor2DMeanBlockSize: 8
-------------------------------------
 ReLuBlockSize: 8
-------------------------------------
 CrossEntropyGetMetricBlockSize: 64
 CrossEntropyCalculateBlockSize: 64
=====================================

Epoch 0:
  - [Train] Loss=3.23753
  - [Train] Accuracy=1.42394%
  - [Train] Total Forward Time=1488.21974ms
  - [Train] Total Backward Time=3640.73283ms
  - [Train] Batch Forward Time=3.17996ms
  - [Train] Batch Backward Time=7.77934ms
  - [Test] Loss=nan
  - [Test] Accuracy=2.03325%

Epoch 1:
  - [Train] Loss=3.17150
  - [Train] Accuracy=1.38221%
  - [Train] Total Forward Time=1488.11427ms
  - [Train] Total Backward Time=3640.63821ms
  - [Train] Batch Forward Time=3.17973ms
  - [Train] Batch Backward Time=7.77914ms
  - [Test] Loss=nan
  - [Test] Accuracy=2.12340%

