mkdir -p logs
./build/CUDA-DNN-MNIST
=====================================
            Configuration
=====================================
 NumberOfEpochs: 2
 BatchSize: 8
 LearningRate: 1.000000e-06
=====================================

=====================================
         CUDA Configuration
=====================================
 Device name: GeForce GTX 780 Ti
 Memory Clock Rate (KHz): 3500000
 Memory Bus Width (bits): 384
-------------------------------------
 Tensor2DAddBlockSize: 8
 Tensor2DSubtractBlockSize: 8
 Tensor2DScaleBlockSize: 8
 Tensor2DMultiplyBlockSize: 16
 Tensor2DMultiplyBlockNumber: -1
 Tensor2DMultiplySharedMemory: 0
 Tensor2DMeanBlockSize: 8
-------------------------------------
 ReLuBlockSize: 8
-------------------------------------
 CrossEntropyGetMetricBlockSize: 64
 CrossEntropyCalculateBlockSize: 64
=====================================

Epoch 0:
  - [Train] Loss=3.25921
  - [Train] Accuracy=2.59500%
  - [Train] Total Forward Time=5575.82999ms
  - [Train] Total Backward Time=1907.01856ms
  - [Train] Batch Forward Time=0.74344ms
  - [Train] Batch Backward Time=0.25427ms
  - [Test] Loss=nan
  - [Test] Accuracy=3.44000%

Epoch 1:
  - [Train] Loss=3.18829
  - [Train] Accuracy=2.67000%
  - [Train] Total Forward Time=5575.24967ms
  - [Train] Total Backward Time=1904.49120ms
  - [Train] Batch Forward Time=0.74337ms
  - [Train] Batch Backward Time=0.25393ms
  - [Test] Loss=nan
  - [Test] Accuracy=4.43000%

