mkdir -p logs
./build/CUDA-DNN-MNIST
=====================================
            Configuration
=====================================
 NumberOfEpochs: 2
 BatchSize: 2
 LearningRate: 1.000000e-06
=====================================

=====================================
         CUDA Configuration
=====================================
 Device name: GeForce GTX 780 Ti
 Memory Clock Rate (KHz): 3500000
 Memory Bus Width (bits): 384
-------------------------------------
 Tensor2DAddBlockSize: 8
 Tensor2DSubtractBlockSize: 8
 Tensor2DScaleBlockSize: 8
 Tensor2DMultiplyBlockSize: 16
 Tensor2DMultiplyBlockNumber: -1
 Tensor2DMultiplySharedMemory: 0
 Tensor2DMeanBlockSize: 8
-------------------------------------
 ReLuBlockSize: 8
-------------------------------------
 CrossEntropyGetMetricBlockSize: 64
 CrossEntropyCalculateBlockSize: 64
=====================================

Epoch 0:
  - [Train] Loss=3.26404
  - [Train] Accuracy=1.24167%
  - [Train] Total Forward Time=22265.27249ms
  - [Train] Total Backward Time=5578.02746ms
  - [Train] Batch Forward Time=0.74218ms
  - [Train] Batch Backward Time=0.18593ms
  - [Test] Loss=nan
  - [Test] Accuracy=1.94000%

Epoch 1:
  - [Train] Loss=3.19906
  - [Train] Accuracy=1.06333%
  - [Train] Total Forward Time=22267.02792ms
  - [Train] Total Backward Time=5585.57517ms
  - [Train] Batch Forward Time=0.74223ms
  - [Train] Batch Backward Time=0.18619ms
  - [Test] Loss=nan
  - [Test] Accuracy=1.93000%

