mkdir -p logs
./build/CUDA-DNN-MNIST
=====================================
            Configuration
=====================================
 NumberOfEpochs: 2
 BatchSize: 32
 LearningRate: 1.000000e-06
=====================================

=====================================
         CUDA Configuration
=====================================
 Device name: GeForce GTX 780 Ti
 Memory Clock Rate (KHz): 3500000
 Memory Bus Width (bits): 384
-------------------------------------
 Tensor2DAddBlockSize: 8
 Tensor2DSubtractBlockSize: 8
 Tensor2DScaleBlockSize: 8
 Tensor2DMultiplyBlockSize: 16
 Tensor2DMultiplyBlockNumber: -1
 Tensor2DMultiplySharedMemory: 1
 Tensor2DMeanBlockSize: 8
-------------------------------------
 ReLuBlockSize: 8
-------------------------------------
 CrossEntropyGetMetricBlockSize: 64
 CrossEntropyCalculateBlockSize: 64
=====================================

Epoch 0:
  - [Train] Loss=3.28139
  - [Train] Accuracy=1.40833%
  - [Train] Total Forward Time=226.03632ms
  - [Train] Total Backward Time=432.47603ms
  - [Train] Batch Forward Time=0.12055ms
  - [Train] Batch Backward Time=0.23065ms
  - [Test] Loss=nan
  - [Test] Accuracy=2.52404%

Epoch 1:
  - [Train] Loss=3.23754
  - [Train] Accuracy=1.32333%
  - [Train] Total Forward Time=225.88314ms
  - [Train] Total Backward Time=431.94320ms
  - [Train] Batch Forward Time=0.12047ms
  - [Train] Batch Backward Time=0.23037ms
  - [Test] Loss=nan
  - [Test] Accuracy=2.55409%

