mkdir -p logs
./build/CUDA-DNN-MNIST
=====================================
            Configuration
=====================================
 NumberOfEpochs: 2
 BatchSize: 256
 LearningRate: 1.000000e-06
=====================================

=====================================
         CUDA Configuration
=====================================
 Device name: GeForce GTX 780 Ti
 Memory Clock Rate (KHz): 3500000
 Memory Bus Width (bits): 384
-------------------------------------
 Tensor2DAddBlockSize: 8
 Tensor2DSubtractBlockSize: 8
 Tensor2DScaleBlockSize: 8
 Tensor2DMultiplyBlockSize: 32
 Tensor2DMultiplyBlockNumber: 16
 Tensor2DMultiplySharedMemory: 0
 Tensor2DMeanBlockSize: 8
-------------------------------------
 ReLuBlockSize: 8
-------------------------------------
 CrossEntropyGetMetricBlockSize: 64
 CrossEntropyCalculateBlockSize: 64
=====================================

Epoch 0:
  - [Train] Loss=3.27051
  - [Train] Accuracy=1.31711%
  - [Train] Total Forward Time=256.39002ms
  - [Train] Total Backward Time=1625.33712ms
  - [Train] Batch Forward Time=1.09568ms
  - [Train] Batch Backward Time=6.94589ms
  - [Test] Loss=inf
  - [Test] Accuracy=2.27364%

Epoch 1:
  - [Train] Loss=3.20455
  - [Train] Accuracy=1.27537%
  - [Train] Total Forward Time=256.50166ms
  - [Train] Total Backward Time=1626.32941ms
  - [Train] Batch Forward Time=1.09616ms
  - [Train] Batch Backward Time=6.95013ms
  - [Test] Loss=inf
  - [Test] Accuracy=2.24359%

