mkdir -p logs
./build/CUDA-DNN-MNIST
=====================================
            Configuration
=====================================
 NumberOfEpochs: 2
 BatchSize: 128
 LearningRate: 1.000000e-06
=====================================

=====================================
         CUDA Configuration
=====================================
 Device name: GeForce GTX 780 Ti
 Memory Clock Rate (KHz): 3500000
 Memory Bus Width (bits): 384
-------------------------------------
 Tensor2DAddBlockSize: 8
 Tensor2DSubtractBlockSize: 8
 Tensor2DScaleBlockSize: 8
 Tensor2DMultiplyBlockSize: 16
 Tensor2DMultiplyBlockNumber: 128
 Tensor2DMultiplySharedMemory: 0
 Tensor2DMeanBlockSize: 8
-------------------------------------
 ReLuBlockSize: 8
-------------------------------------
 CrossEntropyGetMetricBlockSize: 64
 CrossEntropyCalculateBlockSize: 64
=====================================

Epoch 0:
  - [Train] Loss=3.26515
  - [Train] Accuracy=2.02324%
  - [Train] Total Forward Time=504.20445ms
  - [Train] Total Backward Time=1699.33917ms
  - [Train] Batch Forward Time=1.07736ms
  - [Train] Batch Backward Time=3.63107ms
  - [Test] Loss=nan
  - [Test] Accuracy=2.30369%

Epoch 1:
  - [Train] Loss=3.19394
  - [Train] Accuracy=1.87800%
  - [Train] Total Forward Time=503.86998ms
  - [Train] Total Backward Time=1699.66275ms
  - [Train] Batch Forward Time=1.07665ms
  - [Train] Batch Backward Time=3.63176ms
  - [Test] Loss=3.22557
  - [Test] Accuracy=2.32372%

