mkdir -p logs
./build/CUDA-DNN-MNIST
=====================================
            Configuration
=====================================
 NumberOfEpochs: 2
 BatchSize: 128
 LearningRate: 1.000000e-06
=====================================

=====================================
         CUDA Configuration
=====================================
 Device name: GeForce GTX 780 Ti
 Memory Clock Rate (KHz): 3500000
 Memory Bus Width (bits): 384
-------------------------------------
 Tensor2DAddBlockSize: 8
 Tensor2DSubtractBlockSize: 8
 Tensor2DScaleBlockSize: 8
 Tensor2DMultiplyBlockSize: 16
 Tensor2DMultiplyBlockNumber: -1
 Tensor2DMultiplySharedMemory: 0
 Tensor2DMeanBlockSize: 8
-------------------------------------
 ReLuBlockSize: 8
-------------------------------------
 CrossEntropyGetMetricBlockSize: 64
 CrossEntropyCalculateBlockSize: 64
=====================================

Epoch 0:
  - [Train] Loss=3.25410
  - [Train] Accuracy=1.78786%
  - [Train] Total Forward Time=498.80042ms
  - [Train] Total Backward Time=1085.51408ms
  - [Train] Batch Forward Time=1.06581ms
  - [Train] Batch Backward Time=2.31947ms
  - [Test] Loss=nan
  - [Test] Accuracy=2.32372%

Epoch 1:
  - [Train] Loss=3.18580
  - [Train] Accuracy=1.72610%
  - [Train] Total Forward Time=545.97302ms
  - [Train] Total Backward Time=1186.01440ms
  - [Train] Batch Forward Time=1.16661ms
  - [Train] Batch Backward Time=2.53422ms
  - [Test] Loss=nan
  - [Test] Accuracy=2.70433%

