mkdir -p logs
./build/CUDA-DNN-MNIST
=====================================
            Configuration
=====================================
 NumberOfEpochs: 2
 BatchSize: 256
 LearningRate: 1.000000e-06
=====================================

=====================================
         CUDA Configuration
=====================================
 Device name: GeForce GTX 780 Ti
 Memory Clock Rate (KHz): 3500000
 Memory Bus Width (bits): 384
-------------------------------------
 Tensor2DAddBlockSize: 8
 Tensor2DSubtractBlockSize: 8
 Tensor2DScaleBlockSize: 8
 Tensor2DMultiplyBlockSize: 16
 Tensor2DMultiplyBlockNumber: 16
 Tensor2DMultiplySharedMemory: 1
 Tensor2DMeanBlockSize: 8
-------------------------------------
 ReLuBlockSize: 8
-------------------------------------
 CrossEntropyGetMetricBlockSize: 64
 CrossEntropyCalculateBlockSize: 64
=====================================

Epoch 0:
  - [Train] Loss=3.27156
  - [Train] Accuracy=1.02831%
  - [Train] Total Forward Time=87.40090ms
  - [Train] Total Backward Time=225.47312ms
  - [Train] Batch Forward Time=0.37351ms
  - [Train] Batch Backward Time=0.96356ms
  - [Test] Loss=nan
  - [Test] Accuracy=1.23197%

Epoch 1:
  - [Train] Loss=3.23144
  - [Train] Accuracy=1.00494%
  - [Train] Total Forward Time=87.30074ms
  - [Train] Total Backward Time=225.46570ms
  - [Train] Batch Forward Time=0.37308ms
  - [Train] Batch Backward Time=0.96353ms
  - [Test] Loss=nan
  - [Test] Accuracy=1.25200%

