mkdir -p logs
./build/CUDA-DNN-MNIST
=====================================
            Configuration
=====================================
 NumberOfEpochs: 2
 BatchSize: 512
 LearningRate: 1.000000e-06
=====================================

=====================================
         CUDA Configuration
=====================================
 Device name: GeForce GTX 780 Ti
 Memory Clock Rate (KHz): 3500000
 Memory Bus Width (bits): 384
-------------------------------------
 Tensor2DAddBlockSize: 8
 Tensor2DSubtractBlockSize: 8
 Tensor2DScaleBlockSize: 8
 Tensor2DMultiplyBlockSize: 16
 Tensor2DMultiplyBlockNumber: 16
 Tensor2DMultiplySharedMemory: 0
 Tensor2DMeanBlockSize: 8
-------------------------------------
 ReLuBlockSize: 8
-------------------------------------
 CrossEntropyGetMetricBlockSize: 64
 CrossEntropyCalculateBlockSize: 64
=====================================

Epoch 0:
  - [Train] Loss=3.23713
  - [Train] Accuracy=2.72603%
  - [Train] Total Forward Time=428.59952ms
  - [Train] Total Backward Time=998.77367ms
  - [Train] Batch Forward Time=3.66324ms
  - [Train] Batch Backward Time=8.53653ms
  - [Test] Loss=nan
  - [Test] Accuracy=3.11472%

Epoch 1:
  - [Train] Loss=3.16598
  - [Train] Accuracy=2.63588%
  - [Train] Total Forward Time=428.61171ms
  - [Train] Total Backward Time=997.94720ms
  - [Train] Batch Forward Time=3.66335ms
  - [Train] Batch Backward Time=8.52946ms
  - [Test] Loss=nan
  - [Test] Accuracy=3.22780%

