mkdir -p logs
./build/CUDA-DNN-MNIST
=====================================
            Configuration
=====================================
 NumberOfEpochs: 2
 BatchSize: 256
 LearningRate: 1.000000e-06
=====================================

=====================================
         CUDA Configuration
=====================================
 Device name: GeForce GTX 780 Ti
 Memory Clock Rate (KHz): 3500000
 Memory Bus Width (bits): 384
-------------------------------------
 Tensor2DAddBlockSize: 8
 Tensor2DSubtractBlockSize: 8
 Tensor2DScaleBlockSize: 8
 Tensor2DMultiplyBlockSize: 16
 Tensor2DMultiplyBlockNumber: 32
 Tensor2DMultiplySharedMemory: 0
 Tensor2DMeanBlockSize: 8
-------------------------------------
 ReLuBlockSize: 8
-------------------------------------
 CrossEntropyGetMetricBlockSize: 64
 CrossEntropyCalculateBlockSize: 64
=====================================

Epoch 0:
  - [Train] Loss=3.28199
  - [Train] Accuracy=2.13007%
  - [Train] Total Forward Time=293.19331ms
  - [Train] Total Backward Time=1047.34653ms
  - [Train] Batch Forward Time=1.25296ms
  - [Train] Batch Backward Time=4.47584ms
  - [Test] Loss=nan
  - [Test] Accuracy=2.80449%

Epoch 1:
  - [Train] Loss=3.20933
  - [Train] Accuracy=1.94144%
  - [Train] Total Forward Time=294.58727ms
  - [Train] Total Backward Time=1046.12326ms
  - [Train] Batch Forward Time=1.25892ms
  - [Train] Batch Backward Time=4.47061ms
  - [Test] Loss=nan
  - [Test] Accuracy=2.77444%

