mkdir -p logs
./build/CUDA-DNN-MNIST
=====================================
            Configuration
=====================================
 NumberOfEpochs: 2
 BatchSize: 16
 LearningRate: 1.000000e-06
=====================================

=====================================
         CUDA Configuration
=====================================
 Device name: GeForce GTX 780 Ti
 Memory Clock Rate (KHz): 3500000
 Memory Bus Width (bits): 384
-------------------------------------
 Tensor2DAddBlockSize: 8
 Tensor2DSubtractBlockSize: 8
 Tensor2DScaleBlockSize: 8
 Tensor2DMultiplyBlockSize: 16
 Tensor2DMultiplyBlockNumber: -1
 Tensor2DMultiplySharedMemory: 1
 Tensor2DMeanBlockSize: 8
-------------------------------------
 ReLuBlockSize: 8
-------------------------------------
 CrossEntropyGetMetricBlockSize: 64
 CrossEntropyCalculateBlockSize: 64
=====================================

Epoch 0:
  - [Train] Loss=3.27588
  - [Train] Accuracy=1.30333%
  - [Train] Total Forward Time=401.55254ms
  - [Train] Total Backward Time=674.53398ms
  - [Train] Batch Forward Time=0.10708ms
  - [Train] Batch Backward Time=0.17988ms
  - [Test] Loss=nan
  - [Test] Accuracy=2.39000%

Epoch 1:
  - [Train] Loss=3.23050
  - [Train] Accuracy=1.22833%
  - [Train] Total Forward Time=401.54304ms
  - [Train] Total Backward Time=674.90429ms
  - [Train] Batch Forward Time=0.10708ms
  - [Train] Batch Backward Time=0.17997ms
  - [Test] Loss=nan
  - [Test] Accuracy=2.26000%

