mkdir -p logs
./build/CUDA-DNN-MNIST
=====================================
            Configuration
=====================================
 NumberOfEpochs: 2
 BatchSize: 128
 LearningRate: 1.000000e-06
=====================================

=====================================
         CUDA Configuration
=====================================
 Device name: GeForce GTX 780 Ti
 Memory Clock Rate (KHz): 3500000
 Memory Bus Width (bits): 384
-------------------------------------
 Tensor2DAddBlockSize: 8
 Tensor2DSubtractBlockSize: 8
 Tensor2DScaleBlockSize: 8
 Tensor2DMultiplyBlockSize: 16
 Tensor2DMultiplyBlockNumber: 64
 Tensor2DMultiplySharedMemory: 0
 Tensor2DMeanBlockSize: 8
-------------------------------------
 ReLuBlockSize: 8
-------------------------------------
 CrossEntropyGetMetricBlockSize: 64
 CrossEntropyCalculateBlockSize: 64
=====================================

Epoch 0:
  - [Train] Loss=3.25902
  - [Train] Accuracy=1.13181%
  - [Train] Total Forward Time=290.73386ms
  - [Train] Total Backward Time=1332.16921ms
  - [Train] Batch Forward Time=0.62123ms
  - [Train] Batch Backward Time=2.84652ms
  - [Test] Loss=nan
  - [Test] Accuracy=1.84295%

Epoch 1:
  - [Train] Loss=3.19234
  - [Train] Accuracy=0.96655%
  - [Train] Total Forward Time=291.20432ms
  - [Train] Total Backward Time=1332.14006ms
  - [Train] Batch Forward Time=0.62223ms
  - [Train] Batch Backward Time=2.84645ms
  - [Test] Loss=nan
  - [Test] Accuracy=1.81290%

