mkdir -p logs
./build/CUDA-DNN-MNIST
=====================================
            Configuration
=====================================
 NumberOfEpochs: 2
 BatchSize: 256
 LearningRate: 1.000000e-06
=====================================

=====================================
         CUDA Configuration
=====================================
 Device name: GeForce GTX 780 Ti
 Memory Clock Rate (KHz): 3500000
 Memory Bus Width (bits): 384
-------------------------------------
 Tensor2DAddBlockSize: 8
 Tensor2DSubtractBlockSize: 8
 Tensor2DScaleBlockSize: 8
 Tensor2DMultiplyBlockSize: 16
 Tensor2DMultiplyBlockNumber: -1
 Tensor2DMultiplySharedMemory: 0
 Tensor2DMeanBlockSize: 8
-------------------------------------
 ReLuBlockSize: 8
-------------------------------------
 CrossEntropyGetMetricBlockSize: 64
 CrossEntropyCalculateBlockSize: 64
=====================================

Epoch 0:
  - [Train] Loss=3.26065
  - [Train] Accuracy=1.27704%
  - [Train] Total Forward Time=504.38928ms
  - [Train] Total Backward Time=997.29463ms
  - [Train] Batch Forward Time=2.15551ms
  - [Train] Batch Backward Time=4.26194ms
  - [Test] Loss=nan
  - [Test] Accuracy=2.20353%

Epoch 1:
  - [Train] Loss=3.19505
  - [Train] Accuracy=1.20192%
  - [Train] Total Forward Time=494.47875ms
  - [Train] Total Backward Time=995.63421ms
  - [Train] Batch Forward Time=2.11316ms
  - [Train] Batch Backward Time=4.25485ms
  - [Test] Loss=nan
  - [Test] Accuracy=2.12340%

