mkdir -p logs
./build/CUDA-DNN-MNIST
=====================================
            Configuration
=====================================
 NumberOfEpochs: 2
 BatchSize: 128
 LearningRate: 1.000000e-06
=====================================

=====================================
         CUDA Configuration
=====================================
 Device name: GeForce GTX 780 Ti
 Memory Clock Rate (KHz): 3500000
 Memory Bus Width (bits): 384
-------------------------------------
 Tensor2DAddBlockSize: 8
 Tensor2DSubtractBlockSize: 8
 Tensor2DScaleBlockSize: 8
 Tensor2DMultiplyBlockSize: 32
 Tensor2DMultiplyBlockNumber: 16
 Tensor2DMultiplySharedMemory: 1
 Tensor2DMeanBlockSize: 8
-------------------------------------
 ReLuBlockSize: 8
-------------------------------------
 CrossEntropyGetMetricBlockSize: 64
 CrossEntropyCalculateBlockSize: 64
=====================================

Epoch 0:
  - [Train] Loss=3.24661
  - [Train] Accuracy=0.53753%
  - [Train] Total Forward Time=96.13475ms
  - [Train] Total Backward Time=546.49520ms
  - [Train] Batch Forward Time=0.20542ms
  - [Train] Batch Backward Time=1.16772ms
  - [Test] Loss=nan
  - [Test] Accuracy=1.31210%

Epoch 1:
  - [Train] Loss=3.22700
  - [Train] Accuracy=0.51749%
  - [Train] Total Forward Time=96.17789ms
  - [Train] Total Backward Time=545.22259ms
  - [Train] Batch Forward Time=0.20551ms
  - [Train] Batch Backward Time=1.16501ms
  - [Test] Loss=nan
  - [Test] Accuracy=1.31210%

