mkdir -p logs
./build/CUDA-DNN-MNIST
=====================================
            Configuration
=====================================
 NumberOfEpochs: 2
 BatchSize: 512
 LearningRate: 1.000000e-06
=====================================

=====================================
         CUDA Configuration
=====================================
 Device name: GeForce GTX 780 Ti
 Memory Clock Rate (KHz): 3500000
 Memory Bus Width (bits): 384
-------------------------------------
 Tensor2DAddBlockSize: 8
 Tensor2DSubtractBlockSize: 8
 Tensor2DScaleBlockSize: 8
 Tensor2DMultiplyBlockSize: 32
 Tensor2DMultiplyBlockNumber: 16
 Tensor2DMultiplySharedMemory: 0
 Tensor2DMeanBlockSize: 8
-------------------------------------
 ReLuBlockSize: 8
-------------------------------------
 CrossEntropyGetMetricBlockSize: 64
 CrossEntropyCalculateBlockSize: 64
=====================================

Epoch 0:
  - [Train] Loss=3.23575
  - [Train] Accuracy=0.87473%
  - [Train] Total Forward Time=247.91830ms
  - [Train] Total Backward Time=1578.80771ms
  - [Train] Batch Forward Time=2.11896ms
  - [Train] Batch Backward Time=13.49408ms
  - [Test] Loss=nan
  - [Test] Accuracy=1.98396%

Epoch 1:
  - [Train] Loss=3.16881
  - [Train] Accuracy=0.86472%
  - [Train] Total Forward Time=248.08650ms
  - [Train] Total Backward Time=1578.51958ms
  - [Train] Batch Forward Time=2.12040ms
  - [Train] Batch Backward Time=13.49162ms
  - [Test] Loss=nan
  - [Test] Accuracy=1.97368%

