mkdir -p logs
./build/CUDA-DNN-MNIST
=====================================
            Configuration
=====================================
 NumberOfEpochs: 2
 BatchSize: 512
 LearningRate: 1.000000e-06
=====================================

=====================================
         CUDA Configuration
=====================================
 Device name: GeForce GTX 780 Ti
 Memory Clock Rate (KHz): 3500000
 Memory Bus Width (bits): 384
-------------------------------------
 Tensor2DAddBlockSize: 8
 Tensor2DSubtractBlockSize: 8
 Tensor2DScaleBlockSize: 8
 Tensor2DMultiplyBlockSize: 16
 Tensor2DMultiplyBlockNumber: -1
 Tensor2DMultiplySharedMemory: 0
 Tensor2DMeanBlockSize: 8
-------------------------------------
 ReLuBlockSize: 8
-------------------------------------
 CrossEntropyGetMetricBlockSize: 64
 CrossEntropyCalculateBlockSize: 64
=====================================

Epoch 0:
  - [Train] Loss=3.28072
  - [Train] Accuracy=1.70940%
  - [Train] Total Forward Time=371.27798ms
  - [Train] Total Backward Time=980.46960ms
  - [Train] Batch Forward Time=3.17332ms
  - [Train] Batch Backward Time=8.38008ms
  - [Test] Loss=nan
  - [Test] Accuracy=2.18956%

Epoch 1:
  - [Train] Loss=3.21281
  - [Train] Accuracy=1.63094%
  - [Train] Total Forward Time=372.60374ms
  - [Train] Total Backward Time=981.76388ms
  - [Train] Batch Forward Time=3.18465ms
  - [Train] Batch Backward Time=8.39114ms
  - [Test] Loss=nan
  - [Test] Accuracy=2.10732%

