mkdir -p logs
./build/CUDA-DNN-MNIST
=====================================
            Configuration
=====================================
 NumberOfEpochs: 2
 BatchSize: 2
 LearningRate: 1.000000e-06
=====================================

=====================================
         CUDA Configuration
=====================================
 Device name: GeForce GTX 780 Ti
 Memory Clock Rate (KHz): 3500000
 Memory Bus Width (bits): 384
-------------------------------------
 Tensor2DAddBlockSize: 8
 Tensor2DSubtractBlockSize: 8
 Tensor2DScaleBlockSize: 8
 Tensor2DMultiplyBlockSize: 16
 Tensor2DMultiplyBlockNumber: -1
 Tensor2DMultiplySharedMemory: 1
 Tensor2DMeanBlockSize: 8
-------------------------------------
 ReLuBlockSize: 8
-------------------------------------
 CrossEntropyGetMetricBlockSize: 64
 CrossEntropyCalculateBlockSize: 64
=====================================

Epoch 0:
  - [Train] Loss=3.25032
  - [Train] Accuracy=0.00000%
  - [Train] Total Forward Time=3052.17261ms
  - [Train] Total Backward Time=4082.12298ms
  - [Train] Batch Forward Time=0.10174ms
  - [Train] Batch Backward Time=0.13607ms
  - [Test] Loss=3.24749
  - [Test] Accuracy=0.28000%

Epoch 1:
  - [Train] Loss=3.24946
  - [Train] Accuracy=0.00000%
  - [Train] Total Forward Time=3049.39331ms
  - [Train] Total Backward Time=4077.36410ms
  - [Train] Batch Forward Time=0.10165ms
  - [Train] Batch Backward Time=0.13591ms
  - [Test] Loss=3.24654
  - [Test] Accuracy=0.28000%

