mkdir -p logs
./build/CUDA-DNN-MNIST
=====================================
            Configuration
=====================================
 NumberOfEpochs: 2
 BatchSize: 256
 LearningRate: 1.000000e-06
=====================================

=====================================
         CUDA Configuration
=====================================
 Device name: GeForce GTX 780 Ti
 Memory Clock Rate (KHz): 3500000
 Memory Bus Width (bits): 384
-------------------------------------
 Tensor2DAddBlockSize: 8
 Tensor2DSubtractBlockSize: 8
 Tensor2DScaleBlockSize: 8
 Tensor2DMultiplyBlockSize: 32
 Tensor2DMultiplyBlockNumber: 32
 Tensor2DMultiplySharedMemory: 1
 Tensor2DMeanBlockSize: 8
-------------------------------------
 ReLuBlockSize: 8
-------------------------------------
 CrossEntropyGetMetricBlockSize: 64
 CrossEntropyCalculateBlockSize: 64
=====================================

Epoch 0:
  - [Train] Loss=3.26446
  - [Train] Accuracy=0.52751%
  - [Train] Total Forward Time=83.53040ms
  - [Train] Total Backward Time=484.24669ms
  - [Train] Batch Forward Time=0.35697ms
  - [Train] Batch Backward Time=2.06943ms
  - [Test] Loss=3.36638
  - [Test] Accuracy=1.05168%

Epoch 1:
  - [Train] Loss=3.24217
  - [Train] Accuracy=0.51416%
  - [Train] Total Forward Time=83.42083ms
  - [Train] Total Backward Time=483.90163ms
  - [Train] Batch Forward Time=0.35650ms
  - [Train] Batch Backward Time=2.06796ms
  - [Test] Loss=3.34776
  - [Test] Accuracy=1.11178%

