mkdir -p logs
./build/CUDA-DNN-MNIST
=====================================
            Configuration
=====================================
 NumberOfEpochs: 2
 BatchSize: 128
 LearningRate: 1.000000e-06
=====================================

=====================================
         CUDA Configuration
=====================================
 Device name: GeForce GTX 780 Ti
 Memory Clock Rate (KHz): 3500000
 Memory Bus Width (bits): 384
-------------------------------------
 Tensor2DAddBlockSize: 8
 Tensor2DSubtractBlockSize: 8
 Tensor2DScaleBlockSize: 8
 Tensor2DMultiplyBlockSize: 16
 Tensor2DMultiplyBlockNumber: 16
 Tensor2DMultiplySharedMemory: 1
 Tensor2DMeanBlockSize: 8
-------------------------------------
 ReLuBlockSize: 8
-------------------------------------
 CrossEntropyGetMetricBlockSize: 64
 CrossEntropyCalculateBlockSize: 64
=====================================

Epoch 0:
  - [Train] Loss=3.27887
  - [Train] Accuracy=1.77784%
  - [Train] Total Forward Time=96.07603ms
  - [Train] Total Backward Time=256.84560ms
  - [Train] Batch Forward Time=0.20529ms
  - [Train] Batch Backward Time=0.54882ms
  - [Test] Loss=nan
  - [Test] Accuracy=1.96314%

Epoch 1:
  - [Train] Loss=3.22936
  - [Train] Accuracy=1.60256%
  - [Train] Total Forward Time=95.85379ms
  - [Train] Total Backward Time=256.67856ms
  - [Train] Batch Forward Time=0.20482ms
  - [Train] Batch Backward Time=0.54846ms
  - [Test] Loss=nan
  - [Test] Accuracy=1.80288%

