mkdir -p logs
./build/CUDA-DNN-MNIST
=====================================
            Configuration
=====================================
 NumberOfEpochs: 2
 BatchSize: 4
 LearningRate: 1.000000e-06
=====================================

=====================================
         CUDA Configuration
=====================================
 Device name: GeForce GTX 780 Ti
 Memory Clock Rate (KHz): 3500000
 Memory Bus Width (bits): 384
-------------------------------------
 Tensor2DAddBlockSize: 8
 Tensor2DSubtractBlockSize: 8
 Tensor2DScaleBlockSize: 8
 Tensor2DMultiplyBlockSize: 16
 Tensor2DMultiplyBlockNumber: -1
 Tensor2DMultiplySharedMemory: 1
 Tensor2DMeanBlockSize: 8
-------------------------------------
 ReLuBlockSize: 8
-------------------------------------
 CrossEntropyGetMetricBlockSize: 64
 CrossEntropyCalculateBlockSize: 64
=====================================

Epoch 0:
  - [Train] Loss=3.25091
  - [Train] Accuracy=0.07000%
  - [Train] Total Forward Time=1521.37850ms
  - [Train] Total Backward Time=2085.78483ms
  - [Train] Batch Forward Time=0.10143ms
  - [Train] Batch Backward Time=0.13905ms
  - [Test] Loss=nan
  - [Test] Accuracy=0.46000%

Epoch 1:
  - [Train] Loss=3.24693
  - [Train] Accuracy=0.07000%
  - [Train] Total Forward Time=1521.89437ms
  - [Train] Total Backward Time=2085.98122ms
  - [Train] Batch Forward Time=0.10146ms
  - [Train] Batch Backward Time=0.13907ms
  - [Test] Loss=nan
  - [Test] Accuracy=0.46000%

