mkdir -p logs
./build/CUDA-DNN-MNIST
=====================================
            Configuration
=====================================
 NumberOfEpochs: 2
 BatchSize: 128
 LearningRate: 1.000000e-06
=====================================

=====================================
         CUDA Configuration
=====================================
 Device name: GeForce GTX 780 Ti
 Memory Clock Rate (KHz): 3500000
 Memory Bus Width (bits): 384
-------------------------------------
 Tensor2DAddBlockSize: 8
 Tensor2DSubtractBlockSize: 8
 Tensor2DScaleBlockSize: 8
 Tensor2DMultiplyBlockSize: 16
 Tensor2DMultiplyBlockNumber: 8
 Tensor2DMultiplySharedMemory: 0
 Tensor2DMeanBlockSize: 8
-------------------------------------
 ReLuBlockSize: 8
-------------------------------------
 CrossEntropyGetMetricBlockSize: 64
 CrossEntropyCalculateBlockSize: 64
=====================================

Epoch 0:
  - [Train] Loss=3.28841
  - [Train] Accuracy=1.82792%
  - [Train] Total Forward Time=939.07517ms
  - [Train] Total Backward Time=1107.43574ms
  - [Train] Batch Forward Time=2.00657ms
  - [Train] Batch Backward Time=2.36632ms
  - [Test] Loss=nan
  - [Test] Accuracy=2.58413%

Epoch 1:
  - [Train] Loss=3.22076
  - [Train] Accuracy=1.80622%
  - [Train] Total Forward Time=939.05040ms
  - [Train] Total Backward Time=1107.29946ms
  - [Train] Batch Forward Time=2.00652ms
  - [Train] Batch Backward Time=2.36602ms
  - [Test] Loss=nan
  - [Test] Accuracy=2.56410%

