mkdir -p logs
./build/CUDA-DNN-MNIST
=====================================
            Configuration
=====================================
 NumberOfEpochs: 2
 BatchSize: 128
 LearningRate: 1.000000e-06
=====================================

=====================================
         CUDA Configuration
=====================================
 Device name: GeForce GTX 780 Ti
 Memory Clock Rate (KHz): 3500000
 Memory Bus Width (bits): 384
-------------------------------------
 Tensor2DAddBlockSize: 8
 Tensor2DSubtractBlockSize: 8
 Tensor2DScaleBlockSize: 8
 Tensor2DMultiplyBlockSize: 16
 Tensor2DMultiplyBlockNumber: 32
 Tensor2DMultiplySharedMemory: 0
 Tensor2DMeanBlockSize: 8
-------------------------------------
 ReLuBlockSize: 8
-------------------------------------
 CrossEntropyGetMetricBlockSize: 64
 CrossEntropyCalculateBlockSize: 64
=====================================

Epoch 0:
  - [Train] Loss=3.23192
  - [Train] Accuracy=1.24032%
  - [Train] Total Forward Time=316.28874ms
  - [Train] Total Backward Time=1112.55334ms
  - [Train] Batch Forward Time=0.67583ms
  - [Train] Batch Backward Time=2.37725ms
  - [Test] Loss=nan
  - [Test] Accuracy=1.50240%

Epoch 1:
  - [Train] Loss=3.16583
  - [Train] Accuracy=1.25033%
  - [Train] Total Forward Time=315.24774ms
  - [Train] Total Backward Time=1112.68387ms
  - [Train] Batch Forward Time=0.67361ms
  - [Train] Batch Backward Time=2.37753ms
  - [Test] Loss=nan
  - [Test] Accuracy=1.58253%

