mkdir -p logs
./build/CUDA-DNN-MNIST
=====================================
            Configuration
=====================================
 NumberOfEpochs: 2
 BatchSize: 128
 LearningRate: 1.000000e-06
=====================================

=====================================
         CUDA Configuration
=====================================
 Device name: GeForce GTX 780 Ti
 Memory Clock Rate (KHz): 3500000
 Memory Bus Width (bits): 384
-------------------------------------
 Tensor2DAddBlockSize: 8
 Tensor2DSubtractBlockSize: 8
 Tensor2DScaleBlockSize: 8
 Tensor2DMultiplyBlockSize: 32
 Tensor2DMultiplyBlockNumber: 32
 Tensor2DMultiplySharedMemory: 1
 Tensor2DMeanBlockSize: 8
-------------------------------------
 ReLuBlockSize: 8
-------------------------------------
 CrossEntropyGetMetricBlockSize: 64
 CrossEntropyCalculateBlockSize: 64
=====================================

Epoch 0:
  - [Train] Loss=3.24493
  - [Train] Accuracy=0.66607%
  - [Train] Total Forward Time=96.21546ms
  - [Train] Total Backward Time=545.58022ms
  - [Train] Batch Forward Time=0.20559ms
  - [Train] Batch Backward Time=1.16577ms
  - [Test] Loss=nan
  - [Test] Accuracy=1.16186%

Epoch 1:
  - [Train] Loss=3.22513
  - [Train] Accuracy=0.64603%
  - [Train] Total Forward Time=95.84694ms
  - [Train] Total Backward Time=543.72534ms
  - [Train] Batch Forward Time=0.20480ms
  - [Train] Batch Backward Time=1.16181ms
  - [Test] Loss=nan
  - [Test] Accuracy=1.12179%

