mkdir -p logs
./build/CUDA-DNN-MNIST
=====================================
            Configuration
=====================================
 NumberOfEpochs: 2
 BatchSize: 128
 LearningRate: 1.000000e-06
=====================================

=====================================
         CUDA Configuration
=====================================
 Device name: GeForce GTX 780 Ti
 Memory Clock Rate (KHz): 3500000
 Memory Bus Width (bits): 384
-------------------------------------
 Tensor2DAddBlockSize: 8
 Tensor2DSubtractBlockSize: 8
 Tensor2DScaleBlockSize: 8
 Tensor2DMultiplyBlockSize: 32
 Tensor2DMultiplyBlockNumber: 32
 Tensor2DMultiplySharedMemory: 0
 Tensor2DMeanBlockSize: 8
-------------------------------------
 ReLuBlockSize: 8
-------------------------------------
 CrossEntropyGetMetricBlockSize: 64
 CrossEntropyCalculateBlockSize: 64
=====================================

Epoch 0:
  - [Train] Loss=3.23405
  - [Train] Accuracy=1.43730%
  - [Train] Total Forward Time=401.98902ms
  - [Train] Total Backward Time=2025.06960ms
  - [Train] Batch Forward Time=0.85895ms
  - [Train] Batch Backward Time=4.32707ms
  - [Test] Loss=nan
  - [Test] Accuracy=2.64423%

Epoch 1:
  - [Train] Loss=3.16839
  - [Train] Accuracy=1.45065%
  - [Train] Total Forward Time=401.70534ms
  - [Train] Total Backward Time=2024.49543ms
  - [Train] Batch Forward Time=0.85834ms
  - [Train] Batch Backward Time=4.32584ms
  - [Test] Loss=nan
  - [Test] Accuracy=2.75441%

