mkdir -p logs
./build/CUDA-DNN-MNIST
=====================================
            Configuration
=====================================
 NumberOfEpochs: 2
 BatchSize: 128
 LearningRate: 1.000000e-06
=====================================

=====================================
         CUDA Configuration
=====================================
 Device name: GeForce GTX 1060 6GB
 Memory Clock Rate (KHz): 4004000
 Memory Bus Width (bits): 192
-------------------------------------
 Tensor2DAddBlockSize: 8
 Tensor2DSubtractBlockSize: 8
 Tensor2DScaleBlockSize: 8
 Tensor2DMultiplyBlockSize: 32
 Tensor2DMultiplyBlockNumber: 16
 Tensor2DMultiplySharedMemory: 0
 Tensor2DMeanBlockSize: 8
-------------------------------------
 ReLuBlockSize: 8
-------------------------------------
 CrossEntropyGetMetricBlockSize: 64
 CrossEntropyCalculateBlockSize: 64
=====================================

Epoch 0:
  - [Train] Loss=3.26890
  - [Train] Accuracy=1.62927%
  - [Train] Total Forward Time=140.87370ms
  - [Train] Total Backward Time=751.60560ms
  - [Train] Batch Forward Time=0.30101ms
  - [Train] Batch Backward Time=1.60599ms
  - [Test] Loss=nan
  - [Test] Accuracy=2.92468%

Epoch 1:
  - [Train] Loss=3.20353
  - [Train] Accuracy=1.55582%
  - [Train] Total Forward Time=140.76653ms
  - [Train] Total Backward Time=752.50096ms
  - [Train] Batch Forward Time=0.30078ms
  - [Train] Batch Backward Time=1.60791ms
  - [Test] Loss=nan
  - [Test] Accuracy=2.94471%

