mkdir -p logs
./build/CUDA-DNN-MNIST
=====================================
            Configuration
=====================================
 NumberOfEpochs: 2
 BatchSize: 128
 LearningRate: 1.000000e-06
=====================================

=====================================
         CUDA Configuration
=====================================
 Device name: GeForce GTX 1060 6GB
 Memory Clock Rate (KHz): 4004000
 Memory Bus Width (bits): 192
-------------------------------------
 Tensor2DAddBlockSize: 8
 Tensor2DSubtractBlockSize: 8
 Tensor2DScaleBlockSize: 8
 Tensor2DMultiplyBlockSize: 16
 Tensor2DMultiplyBlockNumber: 512
 Tensor2DMultiplySharedMemory: 0
 Tensor2DMeanBlockSize: 8
-------------------------------------
 ReLuBlockSize: 8
-------------------------------------
 CrossEntropyGetMetricBlockSize: 64
 CrossEntropyCalculateBlockSize: 64
=====================================

Epoch 0:
  - [Train] Loss=3.29118
  - [Train] Accuracy=3.17508%
  - [Train] Total Forward Time=1147.30626ms
  - [Train] Total Backward Time=3379.81417ms
  - [Train] Batch Forward Time=2.45151ms
  - [Train] Batch Backward Time=7.22183ms
  - [Test] Loss=nan
  - [Test] Accuracy=3.98638%

Epoch 1:
  - [Train] Loss=3.22844
  - [Train] Accuracy=3.08661%
  - [Train] Total Forward Time=1147.11339ms
  - [Train] Total Backward Time=3382.39408ms
  - [Train] Batch Forward Time=2.45110ms
  - [Train] Batch Backward Time=7.22734ms
  - [Test] Loss=nan
  - [Test] Accuracy=4.23678%

