mkdir -p logs
./build/CUDA-DNN-MNIST
=====================================
            Configuration
=====================================
 NumberOfEpochs: 2
 BatchSize: 128
 LearningRate: 1.000000e-06
=====================================

=====================================
         CUDA Configuration
=====================================
 Device name: GeForce GTX 1060 6GB
 Memory Clock Rate (KHz): 4004000
 Memory Bus Width (bits): 192
-------------------------------------
 Tensor2DAddBlockSize: 8
 Tensor2DSubtractBlockSize: 8
 Tensor2DScaleBlockSize: 8
 Tensor2DMultiplyBlockSize: 32
 Tensor2DMultiplyBlockNumber: 32
 Tensor2DMultiplySharedMemory: 0
 Tensor2DMeanBlockSize: 8
-------------------------------------
 ReLuBlockSize: 8
-------------------------------------
 CrossEntropyGetMetricBlockSize: 64
 CrossEntropyCalculateBlockSize: 64
=====================================

Epoch 0:
  - [Train] Loss=3.24992
  - [Train] Accuracy=1.66934%
  - [Train] Total Forward Time=171.62704ms
  - [Train] Total Backward Time=891.60957ms
  - [Train] Batch Forward Time=0.36672ms
  - [Train] Batch Backward Time=1.90515ms
  - [Test] Loss=nan
  - [Test] Accuracy=2.66426%

Epoch 1:
  - [Train] Loss=3.18108
  - [Train] Accuracy=1.59422%
  - [Train] Total Forward Time=171.59219ms
  - [Train] Total Backward Time=892.50874ms
  - [Train] Batch Forward Time=0.36665ms
  - [Train] Batch Backward Time=1.90707ms
  - [Test] Loss=nan
  - [Test] Accuracy=2.80449%

