mkdir -p logs
./build/CUDA-DNN-MNIST
=====================================
            Configuration
=====================================
 NumberOfEpochs: 2
 BatchSize: 32
 LearningRate: 1.000000e-06
=====================================

=====================================
         CUDA Configuration
=====================================
 Device name: GeForce GTX 1060 6GB
 Memory Clock Rate (KHz): 4004000
 Memory Bus Width (bits): 192
-------------------------------------
 Tensor2DAddBlockSize: 8
 Tensor2DSubtractBlockSize: 8
 Tensor2DScaleBlockSize: 8
 Tensor2DMultiplyBlockSize: 16
 Tensor2DMultiplyBlockNumber: -1
 Tensor2DMultiplySharedMemory: 0
 Tensor2DMeanBlockSize: 8
-------------------------------------
 ReLuBlockSize: 8
-------------------------------------
 CrossEntropyGetMetricBlockSize: 64
 CrossEntropyCalculateBlockSize: 64
=====================================

Epoch 0:
  - [Train] Loss=3.25679
  - [Train] Accuracy=1.83667%
  - [Train] Total Forward Time=512.30697ms
  - [Train] Total Backward Time=302.05402ms
  - [Train] Batch Forward Time=0.27323ms
  - [Train] Batch Backward Time=0.16110ms
  - [Test] Loss=inf
  - [Test] Accuracy=3.02484%

Epoch 1:
  - [Train] Loss=3.19687
  - [Train] Accuracy=1.79000%
  - [Train] Total Forward Time=512.49910ms
  - [Train] Total Backward Time=301.77136ms
  - [Train] Batch Forward Time=0.27333ms
  - [Train] Batch Backward Time=0.16094ms
  - [Test] Loss=nan
  - [Test] Accuracy=3.37540%

