mkdir -p logs
./build/CUDA-DNN-MNIST
=====================================
            Configuration
=====================================
 NumberOfEpochs: 2
 BatchSize: 512
 LearningRate: 1.000000e-06
=====================================

=====================================
         CUDA Configuration
=====================================
 Device name: GeForce GTX 1060 6GB
 Memory Clock Rate (KHz): 4004000
 Memory Bus Width (bits): 192
-------------------------------------
 Tensor2DAddBlockSize: 8
 Tensor2DSubtractBlockSize: 8
 Tensor2DScaleBlockSize: 8
 Tensor2DMultiplyBlockSize: 16
 Tensor2DMultiplyBlockNumber: -1
 Tensor2DMultiplySharedMemory: 0
 Tensor2DMeanBlockSize: 8
-------------------------------------
 ReLuBlockSize: 8
-------------------------------------
 CrossEntropyGetMetricBlockSize: 64
 CrossEntropyCalculateBlockSize: 64
=====================================

Epoch 0:
  - [Train] Loss=3.24123
  - [Train] Accuracy=2.51068%
  - [Train] Total Forward Time=149.43027ms
  - [Train] Total Backward Time=213.82496ms
  - [Train] Batch Forward Time=1.27718ms
  - [Train] Batch Backward Time=1.82756ms
  - [Test] Loss=nan
  - [Test] Accuracy=3.44367%

Epoch 1:
  - [Train] Loss=3.18290
  - [Train] Accuracy=2.46561%
  - [Train] Total Forward Time=145.12230ms
  - [Train] Total Backward Time=213.54630ms
  - [Train] Batch Forward Time=1.24036ms
  - [Train] Batch Backward Time=1.82518ms
  - [Test] Loss=nan
  - [Test] Accuracy=3.55674%

