mkdir -p logs
./build/CUDA-DNN-MNIST
=====================================
            Configuration
=====================================
 NumberOfEpochs: 2
 BatchSize: 128
 LearningRate: 1.000000e-06
=====================================

=====================================
         CUDA Configuration
=====================================
 Device name: GeForce GTX 1060 6GB
 Memory Clock Rate (KHz): 4004000
 Memory Bus Width (bits): 192
-------------------------------------
 Tensor2DAddBlockSize: 8
 Tensor2DSubtractBlockSize: 8
 Tensor2DScaleBlockSize: 8
 Tensor2DMultiplyBlockSize: 16
 Tensor2DMultiplyBlockNumber: -1
 Tensor2DMultiplySharedMemory: 1
 Tensor2DMeanBlockSize: 8
-------------------------------------
 ReLuBlockSize: 8
-------------------------------------
 CrossEntropyGetMetricBlockSize: 64
 CrossEntropyCalculateBlockSize: 64
=====================================

Epoch 0:
  - [Train] Loss=3.23482
  - [Train] Accuracy=1.20359%
  - [Train] Total Forward Time=34.72778ms
  - [Train] Total Backward Time=136.38077ms
  - [Train] Batch Forward Time=0.07420ms
  - [Train] Batch Backward Time=0.29141ms
  - [Test] Loss=nan
  - [Test] Accuracy=2.47396%

Epoch 1:
  - [Train] Loss=3.19861
  - [Train] Accuracy=1.11011%
  - [Train] Total Forward Time=34.61533ms
  - [Train] Total Backward Time=136.35770ms
  - [Train] Batch Forward Time=0.07396ms
  - [Train] Batch Backward Time=0.29136ms
  - [Test] Loss=nan
  - [Test] Accuracy=2.53405%

