mkdir -p logs
./build/CUDA-DNN-MNIST
=====================================
            Configuration
=====================================
 NumberOfEpochs: 2
 BatchSize: 512
 LearningRate: 1.000000e-06
=====================================

=====================================
         CUDA Configuration
=====================================
 Device name: GeForce GTX 1060 6GB
 Memory Clock Rate (KHz): 4004000
 Memory Bus Width (bits): 192
-------------------------------------
 Tensor2DAddBlockSize: 8
 Tensor2DSubtractBlockSize: 8
 Tensor2DScaleBlockSize: 8
 Tensor2DMultiplyBlockSize: 32
 Tensor2DMultiplyBlockNumber: 32
 Tensor2DMultiplySharedMemory: 0
 Tensor2DMeanBlockSize: 8
-------------------------------------
 ReLuBlockSize: 8
-------------------------------------
 CrossEntropyGetMetricBlockSize: 64
 CrossEntropyCalculateBlockSize: 64
=====================================

Epoch 0:
  - [Train] Loss=3.28242
  - [Train] Accuracy=1.41226%
  - [Train] Total Forward Time=107.13213ms
  - [Train] Total Backward Time=850.56554ms
  - [Train] Batch Forward Time=0.91566ms
  - [Train] Batch Backward Time=7.26979ms
  - [Test] Loss=nan
  - [Test] Accuracy=1.87089%

Epoch 1:
  - [Train] Loss=3.21307
  - [Train] Accuracy=1.22529%
  - [Train] Total Forward Time=107.15443ms
  - [Train] Total Backward Time=850.87066ms
  - [Train] Batch Forward Time=0.91585ms
  - [Train] Batch Backward Time=7.27240ms
  - [Test] Loss=nan
  - [Test] Accuracy=1.72697%

