mkdir -p logs
./build/CUDA-DNN-MNIST
=====================================
            Configuration
=====================================
 NumberOfEpochs: 2
 BatchSize: 2
 LearningRate: 1.000000e-06
=====================================

=====================================
         CUDA Configuration
=====================================
 Device name: GeForce GTX 1060 6GB
 Memory Clock Rate (KHz): 4004000
 Memory Bus Width (bits): 192
-------------------------------------
 Tensor2DAddBlockSize: 8
 Tensor2DSubtractBlockSize: 8
 Tensor2DScaleBlockSize: 8
 Tensor2DMultiplyBlockSize: 16
 Tensor2DMultiplyBlockNumber: -1
 Tensor2DMultiplySharedMemory: 1
 Tensor2DMeanBlockSize: 8
-------------------------------------
 ReLuBlockSize: 8
-------------------------------------
 CrossEntropyGetMetricBlockSize: 64
 CrossEntropyCalculateBlockSize: 64
=====================================

Epoch 0:
  - [Train] Loss=3.24852
  - [Train] Accuracy=0.00000%
  - [Train] Total Forward Time=976.84832ms
  - [Train] Total Backward Time=1536.78317ms
  - [Train] Batch Forward Time=0.03256ms
  - [Train] Batch Backward Time=0.05123ms
  - [Test] Loss=3.32762
  - [Test] Accuracy=0.33000%

Epoch 1:
  - [Train] Loss=3.24761
  - [Train] Accuracy=0.00000%
  - [Train] Total Forward Time=977.95705ms
  - [Train] Total Backward Time=1536.71098ms
  - [Train] Batch Forward Time=0.03260ms
  - [Train] Batch Backward Time=0.05122ms
  - [Test] Loss=3.32658
  - [Test] Accuracy=0.33000%

