mkdir -p logs
./build/CUDA-DNN-MNIST
=====================================
            Configuration
=====================================
 NumberOfEpochs: 2
 BatchSize: 8
 LearningRate: 1.000000e-06
=====================================

=====================================
         CUDA Configuration
=====================================
 Device name: GeForce GTX 1060 6GB
 Memory Clock Rate (KHz): 4004000
 Memory Bus Width (bits): 192
-------------------------------------
 Tensor2DAddBlockSize: 8
 Tensor2DSubtractBlockSize: 8
 Tensor2DScaleBlockSize: 8
 Tensor2DMultiplyBlockSize: 16
 Tensor2DMultiplyBlockNumber: -1
 Tensor2DMultiplySharedMemory: 1
 Tensor2DMeanBlockSize: 8
-------------------------------------
 ReLuBlockSize: 8
-------------------------------------
 CrossEntropyGetMetricBlockSize: 64
 CrossEntropyCalculateBlockSize: 64
=====================================

Epoch 0:
  - [Train] Loss=3.23235
  - [Train] Accuracy=0.25833%
  - [Train] Total Forward Time=254.19456ms
  - [Train] Total Backward Time=443.86205ms
  - [Train] Batch Forward Time=0.03389ms
  - [Train] Batch Backward Time=0.05918ms
  - [Test] Loss=nan
  - [Test] Accuracy=0.62000%

Epoch 1:
  - [Train] Loss=3.21939
  - [Train] Accuracy=0.25333%
  - [Train] Total Forward Time=254.14103ms
  - [Train] Total Backward Time=443.44029ms
  - [Train] Batch Forward Time=0.03389ms
  - [Train] Batch Backward Time=0.05913ms
  - [Test] Loss=3.24525
  - [Test] Accuracy=0.62000%

