mkdir -p logs
./build/CUDA-DNN-MNIST
=====================================
            Configuration
=====================================
 NumberOfEpochs: 2
 BatchSize: 128
 LearningRate: 1.000000e-06
=====================================

=====================================
         CUDA Configuration
=====================================
 Device name: GeForce GTX 1060 6GB
 Memory Clock Rate (KHz): 4004000
 Memory Bus Width (bits): 192
-------------------------------------
 Tensor2DAddBlockSize: 8
 Tensor2DSubtractBlockSize: 8
 Tensor2DScaleBlockSize: 8
 Tensor2DMultiplyBlockSize: 16
 Tensor2DMultiplyBlockNumber: -1
 Tensor2DMultiplySharedMemory: 0
 Tensor2DMeanBlockSize: 8
-------------------------------------
 ReLuBlockSize: 8
-------------------------------------
 CrossEntropyGetMetricBlockSize: 64
 CrossEntropyCalculateBlockSize: 64
=====================================

Epoch 0:
  - [Train] Loss=3.25507
  - [Train] Accuracy=2.04494%
  - [Train] Total Forward Time=160.65203ms
  - [Train] Total Backward Time=233.96307ms
  - [Train] Batch Forward Time=0.34327ms
  - [Train] Batch Backward Time=0.49992ms
  - [Test] Loss=nan
  - [Test] Accuracy=3.65585%

Epoch 1:
  - [Train] Loss=3.20076
  - [Train] Accuracy=1.91473%
  - [Train] Total Forward Time=160.48477ms
  - [Train] Total Backward Time=233.97574ms
  - [Train] Batch Forward Time=0.34292ms
  - [Train] Batch Backward Time=0.49995ms
  - [Test] Loss=nan
  - [Test] Accuracy=3.99639%

