mkdir -p logs
./build/CUDA-DNN-MNIST
=====================================
            Configuration
=====================================
 NumberOfEpochs: 2
 BatchSize: 128
 LearningRate: 1.000000e-06
=====================================

=====================================
         CUDA Configuration
=====================================
 Device name: GeForce GTX 1060 6GB
 Memory Clock Rate (KHz): 4004000
 Memory Bus Width (bits): 192
-------------------------------------
 Tensor2DAddBlockSize: 8
 Tensor2DSubtractBlockSize: 8
 Tensor2DScaleBlockSize: 8
 Tensor2DMultiplyBlockSize: 16
 Tensor2DMultiplyBlockNumber: 256
 Tensor2DMultiplySharedMemory: 0
 Tensor2DMeanBlockSize: 8
-------------------------------------
 ReLuBlockSize: 8
-------------------------------------
 CrossEntropyGetMetricBlockSize: 64
 CrossEntropyCalculateBlockSize: 64
=====================================

Epoch 0:
  - [Train] Loss=3.30887
  - [Train] Accuracy=1.43897%
  - [Train] Total Forward Time=405.93706ms
  - [Train] Total Backward Time=1451.07843ms
  - [Train] Batch Forward Time=0.86739ms
  - [Train] Batch Backward Time=3.10059ms
  - [Test] Loss=nan
  - [Test] Accuracy=2.38381%

Epoch 1:
  - [Train] Loss=3.24117
  - [Train] Accuracy=1.14517%
  - [Train] Total Forward Time=405.67619ms
  - [Train] Total Backward Time=1451.18064ms
  - [Train] Batch Forward Time=0.86683ms
  - [Train] Batch Backward Time=3.10081ms
  - [Test] Loss=nan
  - [Test] Accuracy=2.25361%

