mkdir -p logs
./build/CUDA-DNN-MNIST
=====================================
            Configuration
=====================================
 NumberOfEpochs: 2
 BatchSize: 256
 LearningRate: 1.000000e-06
=====================================

=====================================
         CUDA Configuration
=====================================
 Device name: GeForce GTX 1060 6GB
 Memory Clock Rate (KHz): 4004000
 Memory Bus Width (bits): 192
-------------------------------------
 Tensor2DAddBlockSize: 8
 Tensor2DSubtractBlockSize: 8
 Tensor2DScaleBlockSize: 8
 Tensor2DMultiplyBlockSize: 16
 Tensor2DMultiplyBlockNumber: -1
 Tensor2DMultiplySharedMemory: 0
 Tensor2DMeanBlockSize: 8
-------------------------------------
 ReLuBlockSize: 8
-------------------------------------
 CrossEntropyGetMetricBlockSize: 64
 CrossEntropyCalculateBlockSize: 64
=====================================

Epoch 0:
  - [Train] Loss=3.28134
  - [Train] Accuracy=1.76115%
  - [Train] Total Forward Time=170.91837ms
  - [Train] Total Backward Time=218.68221ms
  - [Train] Batch Forward Time=0.73042ms
  - [Train] Batch Backward Time=0.93454ms
  - [Test] Loss=nan
  - [Test] Accuracy=2.76442%

Epoch 1:
  - [Train] Loss=3.22041
  - [Train] Accuracy=1.63762%
  - [Train] Total Forward Time=169.63789ms
  - [Train] Total Backward Time=218.44995ms
  - [Train] Batch Forward Time=0.72495ms
  - [Train] Batch Backward Time=0.93355ms
  - [Test] Loss=nan
  - [Test] Accuracy=2.75441%

