mkdir -p logs
./build/CUDA-DNN-MNIST
=====================================
            Configuration
=====================================
 NumberOfEpochs: 2
 BatchSize: 256
 LearningRate: 1.000000e-06
=====================================

=====================================
         CUDA Configuration
=====================================
 Device name: GeForce GTX 1060 6GB
 Memory Clock Rate (KHz): 4004000
 Memory Bus Width (bits): 192
-------------------------------------
 Tensor2DAddBlockSize: 8
 Tensor2DSubtractBlockSize: 8
 Tensor2DScaleBlockSize: 8
 Tensor2DMultiplyBlockSize: 16
 Tensor2DMultiplyBlockNumber: 16
 Tensor2DMultiplySharedMemory: 0
 Tensor2DMeanBlockSize: 8
-------------------------------------
 ReLuBlockSize: 8
-------------------------------------
 CrossEntropyGetMetricBlockSize: 64
 CrossEntropyCalculateBlockSize: 64
=====================================

Epoch 0:
  - [Train] Loss=3.23921
  - [Train] Accuracy=1.09175%
  - [Train] Total Forward Time=209.23728ms
  - [Train] Total Backward Time=528.25287ms
  - [Train] Batch Forward Time=0.89418ms
  - [Train] Batch Backward Time=2.25749ms
  - [Test] Loss=nan
  - [Test] Accuracy=2.12340%

Epoch 1:
  - [Train] Loss=3.17654
  - [Train] Accuracy=0.96655%
  - [Train] Total Forward Time=208.14746ms
  - [Train] Total Backward Time=528.48819ms
  - [Train] Batch Forward Time=0.88952ms
  - [Train] Batch Backward Time=2.25850ms
  - [Test] Loss=nan
  - [Test] Accuracy=2.03325%

