mkdir -p logs
./build/CUDA-DNN-MNIST
=====================================
            Configuration
=====================================
 NumberOfEpochs: 2
 BatchSize: 512
 LearningRate: 1.000000e-06
=====================================

=====================================
         CUDA Configuration
=====================================
 Device name: GeForce GTX 1060 6GB
 Memory Clock Rate (KHz): 4004000
 Memory Bus Width (bits): 192
-------------------------------------
 Tensor2DAddBlockSize: 8
 Tensor2DSubtractBlockSize: 8
 Tensor2DScaleBlockSize: 8
 Tensor2DMultiplyBlockSize: 32
 Tensor2DMultiplyBlockNumber: 16
 Tensor2DMultiplySharedMemory: 0
 Tensor2DMeanBlockSize: 8
-------------------------------------
 ReLuBlockSize: 8
-------------------------------------
 CrossEntropyGetMetricBlockSize: 64
 CrossEntropyCalculateBlockSize: 64
=====================================

Epoch 0:
  - [Train] Loss=3.25656
  - [Train] Accuracy=2.14009%
  - [Train] Total Forward Time=127.38970ms
  - [Train] Total Backward Time=726.94371ms
  - [Train] Batch Forward Time=1.08880ms
  - [Train] Batch Backward Time=6.21319ms
  - [Test] Loss=nan
  - [Test] Accuracy=2.81661%

Epoch 1:
  - [Train] Loss=3.18393
  - [Train] Accuracy=1.89136%
  - [Train] Total Forward Time=127.76550ms
  - [Train] Total Backward Time=729.05930ms
  - [Train] Batch Forward Time=1.09201ms
  - [Train] Batch Backward Time=6.23128ms
  - [Test] Loss=nan
  - [Test] Accuracy=2.79605%

