mkdir -p logs
./build/CUDA-DNN-MNIST
=====================================
            Configuration
=====================================
 NumberOfEpochs: 2
 BatchSize: 128
 LearningRate: 1.000000e-06
=====================================

=====================================
         CUDA Configuration
=====================================
 Device name: GeForce GTX 1060 6GB
 Memory Clock Rate (KHz): 4004000
 Memory Bus Width (bits): 192
-------------------------------------
 Tensor2DAddBlockSize: 8
 Tensor2DSubtractBlockSize: 8
 Tensor2DScaleBlockSize: 8
 Tensor2DMultiplyBlockSize: 16
 Tensor2DMultiplyBlockNumber: 16
 Tensor2DMultiplySharedMemory: 0
 Tensor2DMeanBlockSize: 8
-------------------------------------
 ReLuBlockSize: 8
-------------------------------------
 CrossEntropyGetMetricBlockSize: 64
 CrossEntropyCalculateBlockSize: 64
=====================================

Epoch 0:
  - [Train] Loss=3.23494
  - [Train] Accuracy=1.71441%
  - [Train] Total Forward Time=219.58806ms
  - [Train] Total Backward Time=600.38534ms
  - [Train] Batch Forward Time=0.46921ms
  - [Train] Batch Backward Time=1.28287ms
  - [Test] Loss=nan
  - [Test] Accuracy=2.78446%

Epoch 1:
  - [Train] Loss=3.16661
  - [Train] Accuracy=1.66600%
  - [Train] Total Forward Time=208.49539ms
  - [Train] Total Backward Time=568.20304ms
  - [Train] Batch Forward Time=0.44550ms
  - [Train] Batch Backward Time=1.21411ms
  - [Test] Loss=nan
  - [Test] Accuracy=2.88462%

