mkdir -p logs
./build/CUDA-DNN-MNIST
=====================================
            Configuration
=====================================
 NumberOfEpochs: 2
 BatchSize: 128
 LearningRate: 1.000000e-06
=====================================

=====================================
         CUDA Configuration
=====================================
 Device name: GeForce GTX 1060 6GB
 Memory Clock Rate (KHz): 4004000
 Memory Bus Width (bits): 192
-------------------------------------
 Tensor2DAddBlockSize: 8
 Tensor2DSubtractBlockSize: 8
 Tensor2DScaleBlockSize: 8
 Tensor2DMultiplyBlockSize: 16
 Tensor2DMultiplyBlockNumber: 128
 Tensor2DMultiplySharedMemory: 0
 Tensor2DMeanBlockSize: 8
-------------------------------------
 ReLuBlockSize: 8
-------------------------------------
 CrossEntropyGetMetricBlockSize: 64
 CrossEntropyCalculateBlockSize: 64
=====================================

Epoch 0:
  - [Train] Loss=3.26396
  - [Train] Accuracy=2.28198%
  - [Train] Total Forward Time=124.01130ms
  - [Train] Total Backward Time=921.41853ms
  - [Train] Batch Forward Time=0.26498ms
  - [Train] Batch Backward Time=1.96884ms
  - [Test] Loss=nan
  - [Test] Accuracy=2.96474%

Epoch 1:
  - [Train] Loss=3.20170
  - [Train] Accuracy=2.01322%
  - [Train] Total Forward Time=123.89574ms
  - [Train] Total Backward Time=921.46390ms
  - [Train] Batch Forward Time=0.26473ms
  - [Train] Batch Backward Time=1.96894ms
  - [Test] Loss=nan
  - [Test] Accuracy=2.91466%

