mkdir -p logs
./build/CUDA-DNN-MNIST
=====================================
            Configuration
=====================================
 NumberOfEpochs: 2
 BatchSize: 512
 LearningRate: 1.000000e-06
=====================================

=====================================
         CUDA Configuration
=====================================
 Device name: GeForce GTX 1060 6GB
 Memory Clock Rate (KHz): 4004000
 Memory Bus Width (bits): 192
-------------------------------------
 Tensor2DAddBlockSize: 8
 Tensor2DSubtractBlockSize: 8
 Tensor2DScaleBlockSize: 8
 Tensor2DMultiplyBlockSize: 16
 Tensor2DMultiplyBlockNumber: 32
 Tensor2DMultiplySharedMemory: 1
 Tensor2DMeanBlockSize: 8
-------------------------------------
 ReLuBlockSize: 8
-------------------------------------
 CrossEntropyGetMetricBlockSize: 64
 CrossEntropyCalculateBlockSize: 64
=====================================

Epoch 0:
  - [Train] Loss=3.24641
  - [Train] Accuracy=1.50574%
  - [Train] Total Forward Time=48.48147ms
  - [Train] Total Backward Time=208.05760ms
  - [Train] Batch Forward Time=0.41437ms
  - [Train] Batch Backward Time=1.77827ms
  - [Test] Loss=nan
  - [Test] Accuracy=2.16900%

Epoch 1:
  - [Train] Loss=3.20420
  - [Train] Accuracy=1.44732%
  - [Train] Total Forward Time=48.49664ms
  - [Train] Total Backward Time=207.99085ms
  - [Train] Batch Forward Time=0.41450ms
  - [Train] Batch Backward Time=1.77770ms
  - [Test] Loss=nan
  - [Test] Accuracy=2.12788%

