mkdir -p logs
./build/CUDA-DNN-MNIST
=====================================
            Configuration
=====================================
 NumberOfEpochs: 2
 BatchSize: 128
 LearningRate: 1.000000e-06
=====================================

=====================================
         CUDA Configuration
=====================================
 Device name: GeForce GTX 1060 6GB
 Memory Clock Rate (KHz): 4004000
 Memory Bus Width (bits): 192
-------------------------------------
 Tensor2DAddBlockSize: 8
 Tensor2DSubtractBlockSize: 8
 Tensor2DScaleBlockSize: 8
 Tensor2DMultiplyBlockSize: 16
 Tensor2DMultiplyBlockNumber: 16
 Tensor2DMultiplySharedMemory: 1
 Tensor2DMeanBlockSize: 8
-------------------------------------
 ReLuBlockSize: 8
-------------------------------------
 CrossEntropyGetMetricBlockSize: 64
 CrossEntropyCalculateBlockSize: 64
=====================================

Epoch 0:
  - [Train] Loss=3.28357
  - [Train] Accuracy=1.25701%
  - [Train] Total Forward Time=58.35856ms
  - [Train] Total Backward Time=236.90534ms
  - [Train] Batch Forward Time=0.12470ms
  - [Train] Batch Backward Time=0.50621ms
  - [Test] Loss=nan
  - [Test] Accuracy=1.92308%

Epoch 1:
  - [Train] Loss=3.23894
  - [Train] Accuracy=1.00995%
  - [Train] Total Forward Time=58.22541ms
  - [Train] Total Backward Time=236.84157ms
  - [Train] Batch Forward Time=0.12441ms
  - [Train] Batch Backward Time=0.50607ms
  - [Test] Loss=nan
  - [Test] Accuracy=1.81290%

