mkdir -p logs
./build/CUDA-DNN-MNIST
=====================================
            Configuration
=====================================
 NumberOfEpochs: 2
 BatchSize: 16
 LearningRate: 1.000000e-06
=====================================

=====================================
         CUDA Configuration
=====================================
 Device name: GeForce GTX 1060 6GB
 Memory Clock Rate (KHz): 4004000
 Memory Bus Width (bits): 192
-------------------------------------
 Tensor2DAddBlockSize: 8
 Tensor2DSubtractBlockSize: 8
 Tensor2DScaleBlockSize: 8
 Tensor2DMultiplyBlockSize: 16
 Tensor2DMultiplyBlockNumber: -1
 Tensor2DMultiplySharedMemory: 1
 Tensor2DMeanBlockSize: 8
-------------------------------------
 ReLuBlockSize: 8
-------------------------------------
 CrossEntropyGetMetricBlockSize: 64
 CrossEntropyCalculateBlockSize: 64
=====================================

Epoch 0:
  - [Train] Loss=3.25286
  - [Train] Accuracy=1.87500%
  - [Train] Total Forward Time=143.78864ms
  - [Train] Total Backward Time=286.69107ms
  - [Train] Batch Forward Time=0.03834ms
  - [Train] Batch Backward Time=0.07645ms
  - [Test] Loss=nan
  - [Test] Accuracy=3.03000%

Epoch 1:
  - [Train] Loss=3.21917
  - [Train] Accuracy=1.82333%
  - [Train] Total Forward Time=143.85418ms
  - [Train] Total Backward Time=286.92557ms
  - [Train] Batch Forward Time=0.03836ms
  - [Train] Batch Backward Time=0.07651ms
  - [Test] Loss=nan
  - [Test] Accuracy=3.07000%

