mkdir -p logs
./build/CUDA-DNN-MNIST
=====================================
            Configuration
=====================================
 NumberOfEpochs: 2
 BatchSize: 128
 LearningRate: 1.000000e-06
=====================================

=====================================
         CUDA Configuration
=====================================
 Device name: GeForce GTX 1060 6GB
 Memory Clock Rate (KHz): 4004000
 Memory Bus Width (bits): 192
-------------------------------------
 Tensor2DAddBlockSize: 8
 Tensor2DSubtractBlockSize: 8
 Tensor2DScaleBlockSize: 8
 Tensor2DMultiplyBlockSize: 16
 Tensor2DMultiplyBlockNumber: 1
 Tensor2DMultiplySharedMemory: 0
 Tensor2DMeanBlockSize: 8
-------------------------------------
 ReLuBlockSize: 8
-------------------------------------
 CrossEntropyGetMetricBlockSize: 64
 CrossEntropyCalculateBlockSize: 64
=====================================

Epoch 0:
  - [Train] Loss=3.24042
  - [Train] Accuracy=1.82459%
  - [Train] Total Forward Time=5771.70633ms
  - [Train] Total Backward Time=2441.08768ms
  - [Train] Batch Forward Time=12.33271ms
  - [Train] Batch Backward Time=5.21600ms
  - [Test] Loss=nan
  - [Test] Accuracy=2.42388%

Epoch 1:
  - [Train] Loss=3.18190
  - [Train] Accuracy=1.76950%
  - [Train] Total Forward Time=5736.44284ms
  - [Train] Total Backward Time=2426.39443ms
  - [Train] Batch Forward Time=12.25736ms
  - [Train] Batch Backward Time=5.18460ms
  - [Test] Loss=nan
  - [Test] Accuracy=2.65425%

