mkdir -p logs
./build/CUDA-DNN-MNIST
=====================================
            Configuration
=====================================
 NumberOfEpochs: 2
 BatchSize: 1024
 LearningRate: 1.000000e-06
=====================================

=====================================
         CUDA Configuration
=====================================
 Device name: GeForce GTX 1060 6GB
 Memory Clock Rate (KHz): 4004000
 Memory Bus Width (bits): 192
-------------------------------------
 Tensor2DAddBlockSize: 8
 Tensor2DSubtractBlockSize: 8
 Tensor2DScaleBlockSize: 8
 Tensor2DMultiplyBlockSize: 16
 Tensor2DMultiplyBlockNumber: -1
 Tensor2DMultiplySharedMemory: 0
 Tensor2DMeanBlockSize: 8
-------------------------------------
 ReLuBlockSize: 8
-------------------------------------
 CrossEntropyGetMetricBlockSize: 64
 CrossEntropyCalculateBlockSize: 64
=====================================

Epoch 0:
  - [Train] Loss=3.27383
  - [Train] Accuracy=1.20050%
  - [Train] Total Forward Time=131.84717ms
  - [Train] Total Backward Time=210.11923ms
  - [Train] Batch Forward Time=2.27323ms
  - [Train] Batch Backward Time=3.62275ms
  - [Test] Loss=nan
  - [Test] Accuracy=1.75781%

Epoch 1:
  - [Train] Loss=3.21720
  - [Train] Accuracy=1.10621%
  - [Train] Total Forward Time=132.40627ms
  - [Train] Total Backward Time=210.16451ms
  - [Train] Batch Forward Time=2.28287ms
  - [Train] Batch Backward Time=3.62353ms
  - [Test] Loss=nan
  - [Test] Accuracy=1.66016%

