mkdir -p logs
./build/CUDA-DNN-MNIST
=====================================
            Configuration
=====================================
 NumberOfEpochs: 2
 BatchSize: 1024
 LearningRate: 1.000000e-06
=====================================

=====================================
         CUDA Configuration
=====================================
 Device name: GeForce GTX 1060 6GB
 Memory Clock Rate (KHz): 4004000
 Memory Bus Width (bits): 192
-------------------------------------
 Tensor2DAddBlockSize: 8
 Tensor2DSubtractBlockSize: 8
 Tensor2DScaleBlockSize: 8
 Tensor2DMultiplyBlockSize: 16
 Tensor2DMultiplyBlockNumber: -1
 Tensor2DMultiplySharedMemory: 1
 Tensor2DMeanBlockSize: 8
-------------------------------------
 ReLuBlockSize: 8
-------------------------------------
 CrossEntropyGetMetricBlockSize: 64
 CrossEntropyCalculateBlockSize: 64
=====================================

Epoch 0:
  - [Train] Loss=3.25066
  - [Train] Accuracy=0.76610%
  - [Train] Total Forward Time=25.70752ms
  - [Train] Total Backward Time=112.45101ms
  - [Train] Batch Forward Time=0.44323ms
  - [Train] Batch Backward Time=1.93881ms
  - [Test] Loss=nan
  - [Test] Accuracy=1.24783%

Epoch 1:
  - [Train] Loss=3.21781
  - [Train] Accuracy=0.74421%
  - [Train] Total Forward Time=25.73414ms
  - [Train] Total Backward Time=112.47866ms
  - [Train] Batch Forward Time=0.44369ms
  - [Train] Batch Backward Time=1.93929ms
  - [Test] Loss=nan
  - [Test] Accuracy=1.21528%

