mkdir -p logs
./build/CUDA-DNN-MNIST
=====================================
            Configuration
=====================================
 NumberOfEpochs: 2
 BatchSize: 128
 LearningRate: 1.000000e-06
=====================================

=====================================
         CUDA Configuration
=====================================
 Device name: GeForce GTX 1060 6GB
 Memory Clock Rate (KHz): 4004000
 Memory Bus Width (bits): 192
-------------------------------------
 Tensor2DAddBlockSize: 8
 Tensor2DSubtractBlockSize: 8
 Tensor2DScaleBlockSize: 8
 Tensor2DMultiplyBlockSize: 32
 Tensor2DMultiplyBlockNumber: 32
 Tensor2DMultiplySharedMemory: 1
 Tensor2DMeanBlockSize: 8
-------------------------------------
 ReLuBlockSize: 8
-------------------------------------
 CrossEntropyGetMetricBlockSize: 64
 CrossEntropyCalculateBlockSize: 64
=====================================

Epoch 0:
  - [Train] Loss=3.26545
  - [Train] Accuracy=0.99326%
  - [Train] Total Forward Time=63.14774ms
  - [Train] Total Backward Time=705.69344ms
  - [Train] Batch Forward Time=0.13493ms
  - [Train] Batch Backward Time=1.50789ms
  - [Test] Loss=nan
  - [Test] Accuracy=1.44231%

Epoch 1:
  - [Train] Loss=3.24289
  - [Train] Accuracy=0.90979%
  - [Train] Total Forward Time=63.04089ms
  - [Train] Total Backward Time=705.65917ms
  - [Train] Batch Forward Time=0.13470ms
  - [Train] Batch Backward Time=1.50782ms
  - [Test] Loss=nan
  - [Test] Accuracy=1.40224%

