mkdir -p logs
./build/CUDA-DNN-MNIST
=====================================
            Configuration
=====================================
 NumberOfEpochs: 2
 BatchSize: 128
 LearningRate: 1.000000e-06
=====================================

=====================================
         CUDA Configuration
=====================================
 Device name: GeForce GTX 1060 6GB
 Memory Clock Rate (KHz): 4004000
 Memory Bus Width (bits): 192
-------------------------------------
 Tensor2DAddBlockSize: 8
 Tensor2DSubtractBlockSize: 8
 Tensor2DScaleBlockSize: 8
 Tensor2DMultiplyBlockSize: 16
 Tensor2DMultiplyBlockNumber: 32
 Tensor2DMultiplySharedMemory: 0
 Tensor2DMeanBlockSize: 8
-------------------------------------
 ReLuBlockSize: 8
-------------------------------------
 CrossEntropyGetMetricBlockSize: 64
 CrossEntropyCalculateBlockSize: 64
=====================================

Epoch 0:
  - [Train] Loss=3.24715
  - [Train] Accuracy=1.73277%
  - [Train] Total Forward Time=156.19821ms
  - [Train] Total Backward Time=556.77840ms
  - [Train] Batch Forward Time=0.33376ms
  - [Train] Batch Backward Time=1.18970ms
  - [Test] Loss=nan
  - [Test] Accuracy=2.92468%

Epoch 1:
  - [Train] Loss=3.18146
  - [Train] Accuracy=1.75114%
  - [Train] Total Forward Time=156.14518ms
  - [Train] Total Backward Time=557.40310ms
  - [Train] Batch Forward Time=0.33364ms
  - [Train] Batch Backward Time=1.19103ms
  - [Test] Loss=nan
  - [Test] Accuracy=2.94471%

