mkdir -p logs
./build/CUDA-DNN-MNIST
=====================================
            Configuration
=====================================
 NumberOfEpochs: 2
 BatchSize: 128
 LearningRate: 1.000000e-06
=====================================

=====================================
         CUDA Configuration
=====================================
 Device name: GeForce GTX 1060 6GB
 Memory Clock Rate (KHz): 4004000
 Memory Bus Width (bits): 192
-------------------------------------
 Tensor2DAddBlockSize: 8
 Tensor2DSubtractBlockSize: 8
 Tensor2DScaleBlockSize: 8
 Tensor2DMultiplyBlockSize: 16
 Tensor2DMultiplyBlockNumber: 4
 Tensor2DMultiplySharedMemory: 0
 Tensor2DMeanBlockSize: 8
-------------------------------------
 ReLuBlockSize: 8
-------------------------------------
 CrossEntropyGetMetricBlockSize: 64
 CrossEntropyCalculateBlockSize: 64
=====================================

Epoch 0:
  - [Train] Loss=3.25515
  - [Train] Accuracy=1.17021%
  - [Train] Total Forward Time=531.96577ms
  - [Train] Total Backward Time=314.91299ms
  - [Train] Batch Forward Time=1.13668ms
  - [Train] Batch Backward Time=0.67289ms
  - [Test] Loss=nan
  - [Test] Accuracy=2.68429%

Epoch 1:
  - [Train] Loss=3.19279
  - [Train] Accuracy=1.14350%
  - [Train] Total Forward Time=531.82923ms
  - [Train] Total Backward Time=314.86342ms
  - [Train] Batch Forward Time=1.13639ms
  - [Train] Batch Backward Time=0.67279ms
  - [Test] Loss=nan
  - [Test] Accuracy=2.73438%

