mkdir -p logs
./build/CUDA-DNN-MNIST
=====================================
            Configuration
=====================================
 NumberOfEpochs: 2
 BatchSize: 128
 LearningRate: 1.000000e-06
=====================================

=====================================
         CUDA Configuration
=====================================
 Device name: GeForce GTX 1060 6GB
 Memory Clock Rate (KHz): 4004000
 Memory Bus Width (bits): 192
-------------------------------------
 Tensor2DAddBlockSize: 8
 Tensor2DSubtractBlockSize: 8
 Tensor2DScaleBlockSize: 8
 Tensor2DMultiplyBlockSize: 128
 Tensor2DMultiplyBlockNumber: -1
 Tensor2DMultiplySharedMemory: 0
 Tensor2DMeanBlockSize: 8
-------------------------------------
 ReLuBlockSize: 8
-------------------------------------
 CrossEntropyGetMetricBlockSize: 64
 CrossEntropyCalculateBlockSize: 64
=====================================

Epoch 0:
  - [Train] Loss=3.25082
  - [Train] Accuracy=0.00000%
  - [Train] Total Forward Time=4.28906ms
  - [Train] Total Backward Time=16.20634ms
  - [Train] Batch Forward Time=0.00916ms
  - [Train] Batch Backward Time=0.03463ms
  - [Test] Loss=3.25078
  - [Test] Accuracy=0.00000%

Epoch 1:
  - [Train] Loss=3.25074
  - [Train] Accuracy=0.00000%
  - [Train] Total Forward Time=4.16960ms
  - [Train] Total Backward Time=16.20912ms
  - [Train] Batch Forward Time=0.00891ms
  - [Train] Batch Backward Time=0.03463ms
  - [Test] Loss=3.25066
  - [Test] Accuracy=0.00000%

