mkdir -p logs
./build/CUDA-DNN-MNIST
=====================================
            Configuration
=====================================
 NumberOfEpochs: 2
 BatchSize: 512
 LearningRate: 1.000000e-06
=====================================

=====================================
         CUDA Configuration
=====================================
 Device name: GeForce GTX 1060 6GB
 Memory Clock Rate (KHz): 4004000
 Memory Bus Width (bits): 192
-------------------------------------
 Tensor2DAddBlockSize: 8
 Tensor2DSubtractBlockSize: 8
 Tensor2DScaleBlockSize: 8
 Tensor2DMultiplyBlockSize: 16
 Tensor2DMultiplyBlockNumber: 16
 Tensor2DMultiplySharedMemory: 0
 Tensor2DMeanBlockSize: 8
-------------------------------------
 ReLuBlockSize: 8
-------------------------------------
 CrossEntropyGetMetricBlockSize: 64
 CrossEntropyCalculateBlockSize: 64
=====================================

Epoch 0:
  - [Train] Loss=3.27536
  - [Train] Accuracy=2.15845%
  - [Train] Total Forward Time=200.10035ms
  - [Train] Total Backward Time=481.91177ms
  - [Train] Batch Forward Time=1.71026ms
  - [Train] Batch Backward Time=4.11890ms
  - [Test] Loss=nan
  - [Test] Accuracy=2.78577%

Epoch 1:
  - [Train] Loss=3.20634
  - [Train] Accuracy=1.91807%
  - [Train] Total Forward Time=202.07616ms
  - [Train] Total Backward Time=484.71910ms
  - [Train] Batch Forward Time=1.72715ms
  - [Train] Batch Backward Time=4.14290ms
  - [Test] Loss=nan
  - [Test] Accuracy=2.65214%

