mkdir -p logs
./build/CUDA-DNN-MNIST
=====================================
            Configuration
=====================================
 NumberOfEpochs: 2
 BatchSize: 256
 LearningRate: 1.000000e-06
=====================================

=====================================
         CUDA Configuration
=====================================
 Device name: GeForce GTX 1060 6GB
 Memory Clock Rate (KHz): 4004000
 Memory Bus Width (bits): 192
-------------------------------------
 Tensor2DAddBlockSize: 8
 Tensor2DSubtractBlockSize: 8
 Tensor2DScaleBlockSize: 8
 Tensor2DMultiplyBlockSize: 16
 Tensor2DMultiplyBlockNumber: 32
 Tensor2DMultiplySharedMemory: 1
 Tensor2DMeanBlockSize: 8
-------------------------------------
 ReLuBlockSize: 8
-------------------------------------
 CrossEntropyGetMetricBlockSize: 64
 CrossEntropyCalculateBlockSize: 64
=====================================

Epoch 0:
  - [Train] Loss=3.26399
  - [Train] Accuracy=1.50240%
  - [Train] Total Forward Time=51.74909ms
  - [Train] Total Backward Time=217.32458ms
  - [Train] Batch Forward Time=0.22115ms
  - [Train] Batch Backward Time=0.92874ms
  - [Test] Loss=nan
  - [Test] Accuracy=1.76282%

Epoch 1:
  - [Train] Loss=3.22020
  - [Train] Accuracy=1.40725%
  - [Train] Total Forward Time=51.60918ms
  - [Train] Total Backward Time=217.27539ms
  - [Train] Batch Forward Time=0.22055ms
  - [Train] Batch Backward Time=0.92853ms
  - [Test] Loss=nan
  - [Test] Accuracy=1.75280%

