mkdir -p logs
./build/CUDA-DNN-MNIST
=====================================
            Configuration
=====================================
 NumberOfEpochs: 2
 BatchSize: 64
 LearningRate: 1.000000e-06
=====================================

=====================================
         CUDA Configuration
=====================================
 Device name: GeForce GTX 1060 6GB
 Memory Clock Rate (KHz): 4004000
 Memory Bus Width (bits): 192
-------------------------------------
 Tensor2DAddBlockSize: 8
 Tensor2DSubtractBlockSize: 8
 Tensor2DScaleBlockSize: 8
 Tensor2DMultiplyBlockSize: 16
 Tensor2DMultiplyBlockNumber: -1
 Tensor2DMultiplySharedMemory: 0
 Tensor2DMeanBlockSize: 8
-------------------------------------
 ReLuBlockSize: 8
-------------------------------------
 CrossEntropyGetMetricBlockSize: 64
 CrossEntropyCalculateBlockSize: 64
=====================================

Epoch 0:
  - [Train] Loss=3.26992
  - [Train] Accuracy=1.27568%
  - [Train] Total Forward Time=269.01795ms
  - [Train] Total Backward Time=247.33888ms
  - [Train] Batch Forward Time=0.28711ms
  - [Train] Batch Backward Time=0.26397ms
  - [Test] Loss=nan
  - [Test] Accuracy=2.04327%

Epoch 1:
  - [Train] Loss=3.21163
  - [Train] Accuracy=1.17062%
  - [Train] Total Forward Time=269.97629ms
  - [Train] Total Backward Time=248.00979ms
  - [Train] Batch Forward Time=0.28813ms
  - [Train] Batch Backward Time=0.26468ms
  - [Test] Loss=nan
  - [Test] Accuracy=2.03325%

