mkdir -p logs
./build/CUDA-DNN-MNIST
=====================================
            Configuration
=====================================
 NumberOfEpochs: 2
 BatchSize: 1
 LearningRate: 1.000000e-06
=====================================

=====================================
         CUDA Configuration
=====================================
 Device name: GeForce GTX 1060 6GB
 Memory Clock Rate (KHz): 4004000
 Memory Bus Width (bits): 192
-------------------------------------
 Tensor2DAddBlockSize: 8
 Tensor2DSubtractBlockSize: 8
 Tensor2DScaleBlockSize: 8
 Tensor2DMultiplyBlockSize: 16
 Tensor2DMultiplyBlockNumber: -1
 Tensor2DMultiplySharedMemory: 0
 Tensor2DMeanBlockSize: 8
-------------------------------------
 ReLuBlockSize: 8
-------------------------------------
 CrossEntropyGetMetricBlockSize: 64
 CrossEntropyCalculateBlockSize: 64
=====================================

Epoch 0:
  - [Train] Loss=3.25468
  - [Train] Accuracy=1.40500%
  - [Train] Total Forward Time=13057.57542ms
  - [Train] Total Backward Time=8525.04355ms
  - [Train] Batch Forward Time=0.21763ms
  - [Train] Batch Backward Time=0.14208ms
  - [Test] Loss=nan
  - [Test] Accuracy=2.58000%

Epoch 1:
  - [Train] Loss=3.16911
  - [Train] Accuracy=1.25000%
  - [Train] Total Forward Time=13042.25821ms
  - [Train] Total Backward Time=8518.13830ms
  - [Train] Batch Forward Time=0.21737ms
  - [Train] Batch Backward Time=0.14197ms
  - [Test] Loss=nan
  - [Test] Accuracy=2.57000%

