mkdir -p logs
./build/CUDA-DNN-MNIST
=====================================
            Configuration
=====================================
 NumberOfEpochs: 2
 BatchSize: 512
 LearningRate: 1.000000e-06
=====================================

=====================================
         CUDA Configuration
=====================================
 Device name: GeForce GTX 1060 6GB
 Memory Clock Rate (KHz): 4004000
 Memory Bus Width (bits): 192
-------------------------------------
 Tensor2DAddBlockSize: 8
 Tensor2DSubtractBlockSize: 8
 Tensor2DScaleBlockSize: 8
 Tensor2DMultiplyBlockSize: 32
 Tensor2DMultiplyBlockNumber: 32
 Tensor2DMultiplySharedMemory: 1
 Tensor2DMeanBlockSize: 8
-------------------------------------
 ReLuBlockSize: 8
-------------------------------------
 CrossEntropyGetMetricBlockSize: 64
 CrossEntropyCalculateBlockSize: 64
=====================================

Epoch 0:
  - [Train] Loss=3.24162
  - [Train] Accuracy=0.93650%
  - [Train] Total Forward Time=54.61091ms
  - [Train] Total Backward Time=665.40378ms
  - [Train] Batch Forward Time=0.46676ms
  - [Train] Batch Backward Time=5.68721ms
  - [Test] Loss=nan
  - [Test] Accuracy=1.41859%

Epoch 1:
  - [Train] Loss=3.22074
  - [Train] Accuracy=0.92481%
  - [Train] Total Forward Time=54.56003ms
  - [Train] Total Backward Time=665.15744ms
  - [Train] Batch Forward Time=0.46633ms
  - [Train] Batch Backward Time=5.68511ms
  - [Test] Loss=nan
  - [Test] Accuracy=1.41859%

