mkdir -p logs
./build/CUDA-DNN-MNIST
=====================================
            Configuration
=====================================
 NumberOfEpochs: 2
 BatchSize: 256
 LearningRate: 1.000000e-06
=====================================

=====================================
         CUDA Configuration
=====================================
 Device name: GeForce GTX 1060 6GB
 Memory Clock Rate (KHz): 4004000
 Memory Bus Width (bits): 192
-------------------------------------
 Tensor2DAddBlockSize: 8
 Tensor2DSubtractBlockSize: 8
 Tensor2DScaleBlockSize: 8
 Tensor2DMultiplyBlockSize: 32
 Tensor2DMultiplyBlockNumber: 32
 Tensor2DMultiplySharedMemory: 1
 Tensor2DMeanBlockSize: 8
-------------------------------------
 ReLuBlockSize: 8
-------------------------------------
 CrossEntropyGetMetricBlockSize: 64
 CrossEntropyCalculateBlockSize: 64
=====================================

Epoch 0:
  - [Train] Loss=3.24760
  - [Train] Accuracy=0.56757%
  - [Train] Total Forward Time=56.51510ms
  - [Train] Total Backward Time=695.98266ms
  - [Train] Batch Forward Time=0.24152ms
  - [Train] Batch Backward Time=2.97428ms
  - [Test] Loss=nan
  - [Test] Accuracy=1.15184%

Epoch 1:
  - [Train] Loss=3.22766
  - [Train] Accuracy=0.53753%
  - [Train] Total Forward Time=56.39475ms
  - [Train] Total Backward Time=695.90150ms
  - [Train] Batch Forward Time=0.24100ms
  - [Train] Batch Backward Time=2.97394ms
  - [Test] Loss=nan
  - [Test] Accuracy=1.10176%

