mkdir -p logs
./build/CUDA-DNN-MNIST
=====================================
            Configuration
=====================================
 NumberOfEpochs: 2
 BatchSize: 128
 LearningRate: 1.000000e-06
=====================================

=====================================
         CUDA Configuration
=====================================
 Device name: GeForce GTX 1060 6GB
 Memory Clock Rate (KHz): 4004000
 Memory Bus Width (bits): 192
-------------------------------------
 Tensor2DAddBlockSize: 8
 Tensor2DSubtractBlockSize: 8
 Tensor2DScaleBlockSize: 8
 Tensor2DMultiplyBlockSize: 16
 Tensor2DMultiplyBlockNumber: 64
 Tensor2DMultiplySharedMemory: 0
 Tensor2DMeanBlockSize: 8
-------------------------------------
 ReLuBlockSize: 8
-------------------------------------
 CrossEntropyGetMetricBlockSize: 64
 CrossEntropyCalculateBlockSize: 64
=====================================

Epoch 0:
  - [Train] Loss=3.26531
  - [Train] Accuracy=1.34549%
  - [Train] Total Forward Time=83.12973ms
  - [Train] Total Backward Time=508.62115ms
  - [Train] Batch Forward Time=0.17763ms
  - [Train] Batch Backward Time=1.08680ms
  - [Test] Loss=nan
  - [Test] Accuracy=2.30369%

Epoch 1:
  - [Train] Loss=3.21111
  - [Train] Accuracy=1.26035%
  - [Train] Total Forward Time=82.73110ms
  - [Train] Total Backward Time=508.55574ms
  - [Train] Batch Forward Time=0.17678ms
  - [Train] Batch Backward Time=1.08666ms
  - [Test] Loss=nan
  - [Test] Accuracy=2.30369%

