mkdir -p logs
./build/CUDA-DNN-MNIST
=====================================
            Configuration
=====================================
 NumberOfEpochs: 2
 BatchSize: 1
 LearningRate: 1.000000e-06
=====================================

=====================================
         CUDA Configuration
=====================================
 Device name: GeForce GTX 1060 6GB
 Memory Clock Rate (KHz): 4004000
 Memory Bus Width (bits): 192
-------------------------------------
 Tensor2DAddBlockSize: 8
 Tensor2DSubtractBlockSize: 8
 Tensor2DScaleBlockSize: 8
 Tensor2DMultiplyBlockSize: 16
 Tensor2DMultiplyBlockNumber: -1
 Tensor2DMultiplySharedMemory: 1
 Tensor2DMeanBlockSize: 8
-------------------------------------
 ReLuBlockSize: 8
-------------------------------------
 CrossEntropyGetMetricBlockSize: 64
 CrossEntropyCalculateBlockSize: 64
=====================================

Epoch 0:
  - [Train] Loss=3.25063
  - [Train] Accuracy=0.00000%
  - [Train] Total Forward Time=1945.40089ms
  - [Train] Total Backward Time=3066.94486ms
  - [Train] Batch Forward Time=0.03242ms
  - [Train] Batch Backward Time=0.05112ms
  - [Test] Loss=3.26398
  - [Test] Accuracy=0.26000%

Epoch 1:
  - [Train] Loss=3.25038
  - [Train] Accuracy=0.00000%
  - [Train] Total Forward Time=1944.94681ms
  - [Train] Total Backward Time=3066.02214ms
  - [Train] Batch Forward Time=0.03242ms
  - [Train] Batch Backward Time=0.05110ms
  - [Test] Loss=3.26368
  - [Test] Accuracy=0.26000%

