mkdir -p logs
./build/CUDA-DNN-MNIST
=====================================
            Configuration
=====================================
 NumberOfEpochs: 2
 BatchSize: 128
 LearningRate: 1.000000e-06
=====================================

=====================================
         CUDA Configuration
=====================================
 Device name: GeForce GTX 1060 6GB
 Memory Clock Rate (KHz): 4004000
 Memory Bus Width (bits): 192
-------------------------------------
 Tensor2DAddBlockSize: 8
 Tensor2DSubtractBlockSize: 8
 Tensor2DScaleBlockSize: 8
 Tensor2DMultiplyBlockSize: 2
 Tensor2DMultiplyBlockNumber: -1
 Tensor2DMultiplySharedMemory: 0
 Tensor2DMeanBlockSize: 8
-------------------------------------
 ReLuBlockSize: 8
-------------------------------------
 CrossEntropyGetMetricBlockSize: 64
 CrossEntropyCalculateBlockSize: 64
=====================================

Epoch 0:
  - [Train] Loss=3.21277
  - [Train] Accuracy=2.15678%
  - [Train] Total Forward Time=819.72013ms
  - [Train] Total Backward Time=2660.81151ms
  - [Train] Batch Forward Time=1.75154ms
  - [Train] Batch Backward Time=5.68549ms
  - [Test] Loss=nan
  - [Test] Accuracy=3.00481%

Epoch 1:
  - [Train] Loss=3.15060
  - [Train] Accuracy=2.12173%
  - [Train] Total Forward Time=823.85008ms
  - [Train] Total Backward Time=2677.96823ms
  - [Train] Batch Forward Time=1.76036ms
  - [Train] Batch Backward Time=5.72215ms
  - [Test] Loss=nan
  - [Test] Accuracy=3.17508%

