mkdir -p logs
./build/CUDA-DNN-MNIST
=====================================
            Configuration
=====================================
 NumberOfEpochs: 2
 BatchSize: 512
 LearningRate: 1.000000e-06
=====================================

=====================================
         CUDA Configuration
=====================================
 Device name: GeForce GTX 1060 6GB
 Memory Clock Rate (KHz): 4004000
 Memory Bus Width (bits): 192
-------------------------------------
 Tensor2DAddBlockSize: 8
 Tensor2DSubtractBlockSize: 8
 Tensor2DScaleBlockSize: 8
 Tensor2DMultiplyBlockSize: 16
 Tensor2DMultiplyBlockNumber: 32
 Tensor2DMultiplySharedMemory: 0
 Tensor2DMeanBlockSize: 8
-------------------------------------
 ReLuBlockSize: 8
-------------------------------------
 CrossEntropyGetMetricBlockSize: 64
 CrossEntropyCalculateBlockSize: 64
=====================================

Epoch 0:
  - [Train] Loss=3.28025
  - [Train] Accuracy=1.66767%
  - [Train] Total Forward Time=128.31386ms
  - [Train] Total Backward Time=489.89882ms
  - [Train] Batch Forward Time=1.09670ms
  - [Train] Batch Backward Time=4.18717ms
  - [Test] Loss=nan
  - [Test] Accuracy=2.74465%

Epoch 1:
  - [Train] Loss=3.20922
  - [Train] Accuracy=1.57085%
  - [Train] Total Forward Time=128.69328ms
  - [Train] Total Backward Time=491.29133ms
  - [Train] Batch Forward Time=1.09994ms
  - [Train] Batch Backward Time=4.19907ms
  - [Test] Loss=nan
  - [Test] Accuracy=2.72410%

