mkdir -p logs
./build/CUDA-DNN-MNIST
=====================================
            Configuration
=====================================
 NumberOfEpochs: 2
 BatchSize: 128
 LearningRate: 1.000000e-06
=====================================

=====================================
         CUDA Configuration
=====================================
 Device name: GeForce GTX 1060 6GB
 Memory Clock Rate (KHz): 4004000
 Memory Bus Width (bits): 192
-------------------------------------
 Tensor2DAddBlockSize: 8
 Tensor2DSubtractBlockSize: 8
 Tensor2DScaleBlockSize: 8
 Tensor2DMultiplyBlockSize: 16
 Tensor2DMultiplyBlockNumber: 2
 Tensor2DMultiplySharedMemory: 0
 Tensor2DMeanBlockSize: 8
-------------------------------------
 ReLuBlockSize: 8
-------------------------------------
 CrossEntropyGetMetricBlockSize: 64
 CrossEntropyCalculateBlockSize: 64
=====================================

Epoch 0:
  - [Train] Loss=3.26794
  - [Train] Accuracy=1.81290%
  - [Train] Total Forward Time=1619.49210ms
  - [Train] Total Backward Time=669.95366ms
  - [Train] Batch Forward Time=3.46045ms
  - [Train] Batch Backward Time=1.43152ms
  - [Test] Loss=nan
  - [Test] Accuracy=2.53405%

Epoch 1:
  - [Train] Loss=3.20710
  - [Train] Accuracy=1.75114%
  - [Train] Total Forward Time=1619.73239ms
  - [Train] Total Backward Time=670.00563ms
  - [Train] Batch Forward Time=3.46097ms
  - [Train] Batch Backward Time=1.43164ms
  - [Test] Loss=nan
  - [Test] Accuracy=2.55409%

