mkdir -p logs
./build/CUDA-DNN-MNIST
=====================================
            Configuration
=====================================
 NumberOfEpochs: 2
 BatchSize: 4
 LearningRate: 1.000000e-06
=====================================

=====================================
         CUDA Configuration
=====================================
 Device name: GeForce GTX 1060 6GB
 Memory Clock Rate (KHz): 4004000
 Memory Bus Width (bits): 192
-------------------------------------
 Tensor2DAddBlockSize: 8
 Tensor2DSubtractBlockSize: 8
 Tensor2DScaleBlockSize: 8
 Tensor2DMultiplyBlockSize: 16
 Tensor2DMultiplyBlockNumber: -1
 Tensor2DMultiplySharedMemory: 1
 Tensor2DMeanBlockSize: 8
-------------------------------------
 ReLuBlockSize: 8
-------------------------------------
 CrossEntropyGetMetricBlockSize: 64
 CrossEntropyCalculateBlockSize: 64
=====================================

Epoch 0:
  - [Train] Loss=3.24936
  - [Train] Accuracy=0.11000%
  - [Train] Total Forward Time=499.04310ms
  - [Train] Total Backward Time=816.39875ms
  - [Train] Batch Forward Time=0.03327ms
  - [Train] Batch Backward Time=0.05443ms
  - [Test] Loss=nan
  - [Test] Accuracy=0.60000%

Epoch 1:
  - [Train] Loss=3.24539
  - [Train] Accuracy=0.10833%
  - [Train] Total Forward Time=499.36144ms
  - [Train] Total Backward Time=816.02605ms
  - [Train] Batch Forward Time=0.03329ms
  - [Train] Batch Backward Time=0.05440ms
  - [Test] Loss=nan
  - [Test] Accuracy=0.60000%

