mkdir -p logs
./build/CUDA-DNN-MNIST
=====================================
            Configuration
=====================================
 NumberOfEpochs: 2
 BatchSize: 512
 LearningRate: 1.000000e-06
=====================================

=====================================
         CUDA Configuration
=====================================
 Device name: GeForce GTX 1060 6GB
 Memory Clock Rate (KHz): 4004000
 Memory Bus Width (bits): 192
-------------------------------------
 Tensor2DAddBlockSize: 8
 Tensor2DSubtractBlockSize: 8
 Tensor2DScaleBlockSize: 8
 Tensor2DMultiplyBlockSize: 32
 Tensor2DMultiplyBlockNumber: 16
 Tensor2DMultiplySharedMemory: 1
 Tensor2DMeanBlockSize: 8
-------------------------------------
 ReLuBlockSize: 8
-------------------------------------
 CrossEntropyGetMetricBlockSize: 64
 CrossEntropyCalculateBlockSize: 64
=====================================

Epoch 0:
  - [Train] Loss=3.23188
  - [Train] Accuracy=0.66273%
  - [Train] Total Forward Time=54.60269ms
  - [Train] Total Backward Time=665.56055ms
  - [Train] Batch Forward Time=0.46669ms
  - [Train] Batch Backward Time=5.68855ms
  - [Test] Loss=nan
  - [Test] Accuracy=1.21299%

Epoch 1:
  - [Train] Loss=3.21062
  - [Train] Accuracy=0.65605%
  - [Train] Total Forward Time=54.56896ms
  - [Train] Total Backward Time=665.75530ms
  - [Train] Batch Forward Time=0.46640ms
  - [Train] Batch Backward Time=5.69022ms
  - [Test] Loss=nan
  - [Test] Accuracy=1.19243%

