mkdir -p logs
./build/CUDA-DNN-MNIST
=====================================
            Configuration
=====================================
 NumberOfEpochs: 2
 BatchSize: 32
 LearningRate: 1.000000e-06
=====================================

=====================================
         CUDA Configuration
=====================================
 Device name: GeForce GTX 1060 6GB
 Memory Clock Rate (KHz): 4004000
 Memory Bus Width (bits): 192
-------------------------------------
 Tensor2DAddBlockSize: 8
 Tensor2DSubtractBlockSize: 8
 Tensor2DScaleBlockSize: 8
 Tensor2DMultiplyBlockSize: 16
 Tensor2DMultiplyBlockNumber: -1
 Tensor2DMultiplySharedMemory: 1
 Tensor2DMeanBlockSize: 8
-------------------------------------
 ReLuBlockSize: 8
-------------------------------------
 CrossEntropyGetMetricBlockSize: 64
 CrossEntropyCalculateBlockSize: 64
=====================================

Epoch 0:
  - [Train] Loss=3.24349
  - [Train] Accuracy=1.05667%
  - [Train] Total Forward Time=79.62762ms
  - [Train] Total Backward Time=205.70733ms
  - [Train] Batch Forward Time=0.04247ms
  - [Train] Batch Backward Time=0.10971ms
  - [Test] Loss=nan
  - [Test] Accuracy=1.87300%

Epoch 1:
  - [Train] Loss=3.20846
  - [Train] Accuracy=0.99667%
  - [Train] Total Forward Time=79.34624ms
  - [Train] Total Backward Time=205.65798ms
  - [Train] Batch Forward Time=0.04232ms
  - [Train] Batch Backward Time=0.10968ms
  - [Test] Loss=nan
  - [Test] Accuracy=1.84295%

