mkdir -p logs
./build/CUDA-DNN-MNIST
=====================================
            Configuration
=====================================
 NumberOfEpochs: 2
 BatchSize: 256
 LearningRate: 1.000000e-06
=====================================

=====================================
         CUDA Configuration
=====================================
 Device name: GeForce GTX 1060 6GB
 Memory Clock Rate (KHz): 4004000
 Memory Bus Width (bits): 192
-------------------------------------
 Tensor2DAddBlockSize: 8
 Tensor2DSubtractBlockSize: 8
 Tensor2DScaleBlockSize: 8
 Tensor2DMultiplyBlockSize: 16
 Tensor2DMultiplyBlockNumber: 16
 Tensor2DMultiplySharedMemory: 1
 Tensor2DMeanBlockSize: 8
-------------------------------------
 ReLuBlockSize: 8
-------------------------------------
 CrossEntropyGetMetricBlockSize: 64
 CrossEntropyCalculateBlockSize: 64
=====================================

Epoch 0:
  - [Train] Loss=3.28130
  - [Train] Accuracy=1.52077%
  - [Train] Total Forward Time=51.78000ms
  - [Train] Total Backward Time=216.88285ms
  - [Train] Batch Forward Time=0.22128ms
  - [Train] Batch Backward Time=0.92685ms
  - [Test] Loss=nan
  - [Test] Accuracy=2.18349%

Epoch 1:
  - [Train] Loss=3.23820
  - [Train] Accuracy=1.46234%
  - [Train] Total Forward Time=51.63699ms
  - [Train] Total Backward Time=216.91008ms
  - [Train] Batch Forward Time=0.22067ms
  - [Train] Batch Backward Time=0.92697ms
  - [Test] Loss=nan
  - [Test] Accuracy=2.16346%

