mkdir -p logs
./build/CUDA-DNN-MNIST
=====================================
            Configuration
=====================================
 NumberOfEpochs: 2
 BatchSize: 128
 LearningRate: 1.000000e-06
=====================================

=====================================
         CUDA Configuration
=====================================
 Device name: GeForce GTX 1060 6GB
 Memory Clock Rate (KHz): 4004000
 Memory Bus Width (bits): 192
-------------------------------------
 Tensor2DAddBlockSize: 8
 Tensor2DSubtractBlockSize: 8
 Tensor2DScaleBlockSize: 8
 Tensor2DMultiplyBlockSize: 8
 Tensor2DMultiplyBlockNumber: -1
 Tensor2DMultiplySharedMemory: 0
 Tensor2DMeanBlockSize: 8
-------------------------------------
 ReLuBlockSize: 8
-------------------------------------
 CrossEntropyGetMetricBlockSize: 64
 CrossEntropyCalculateBlockSize: 64
=====================================

Epoch 0:
  - [Train] Loss=3.29469
  - [Train] Accuracy=1.14683%
  - [Train] Total Forward Time=244.62908ms
  - [Train] Total Backward Time=266.03453ms
  - [Train] Batch Forward Time=0.52271ms
  - [Train] Batch Backward Time=0.56845ms
  - [Test] Loss=nan
  - [Test] Accuracy=2.26362%

Epoch 1:
  - [Train] Loss=3.23242
  - [Train] Accuracy=1.05001%
  - [Train] Total Forward Time=244.53753ms
  - [Train] Total Backward Time=265.92701ms
  - [Train] Batch Forward Time=0.52252ms
  - [Train] Batch Backward Time=0.56822ms
  - [Test] Loss=nan
  - [Test] Accuracy=2.30369%

