mkdir -p logs
./build/CUDA-DNN-MNIST
=====================================
            Configuration
=====================================
 NumberOfEpochs: 2
 BatchSize: 128
 LearningRate: 1.000000e-06
=====================================

=====================================
         CUDA Configuration
=====================================
 Device name: GeForce GTX 1060 6GB
 Memory Clock Rate (KHz): 4004000
 Memory Bus Width (bits): 192
-------------------------------------
 Tensor2DAddBlockSize: 8
 Tensor2DSubtractBlockSize: 8
 Tensor2DScaleBlockSize: 8
 Tensor2DMultiplyBlockSize: 1
 Tensor2DMultiplyBlockNumber: -1
 Tensor2DMultiplySharedMemory: 0
 Tensor2DMeanBlockSize: 8
-------------------------------------
 ReLuBlockSize: 8
-------------------------------------
 CrossEntropyGetMetricBlockSize: 64
 CrossEntropyCalculateBlockSize: 64
=====================================

Epoch 0:
  - [Train] Loss=3.27701
  - [Train] Accuracy=1.14183%
  - [Train] Total Forward Time=1097.40739ms
  - [Train] Total Backward Time=3091.51956ms
  - [Train] Batch Forward Time=2.34489ms
  - [Train] Batch Backward Time=6.60581ms
  - [Test] Loss=nan
  - [Test] Accuracy=1.92308%

Epoch 1:
  - [Train] Loss=3.21799
  - [Train] Accuracy=1.08674%
  - [Train] Total Forward Time=1096.90995ms
  - [Train] Total Backward Time=3091.89846ms
  - [Train] Batch Forward Time=2.34382ms
  - [Train] Batch Backward Time=6.60662ms
  - [Test] Loss=nan
  - [Test] Accuracy=1.88301%

