mkdir -p logs
./build/CUDA-DNN-MNIST
=====================================
            Configuration
=====================================
 NumberOfEpochs: 2
 BatchSize: 16
 LearningRate: 1.000000e-06
=====================================

=====================================
         CUDA Configuration
=====================================
 Device name: GeForce GTX 1060 6GB
 Memory Clock Rate (KHz): 4004000
 Memory Bus Width (bits): 192
-------------------------------------
 Tensor2DAddBlockSize: 8
 Tensor2DSubtractBlockSize: 8
 Tensor2DScaleBlockSize: 8
 Tensor2DMultiplyBlockSize: 16
 Tensor2DMultiplyBlockNumber: -1
 Tensor2DMultiplySharedMemory: 0
 Tensor2DMeanBlockSize: 8
-------------------------------------
 ReLuBlockSize: 8
-------------------------------------
 CrossEntropyGetMetricBlockSize: 64
 CrossEntropyCalculateBlockSize: 64
=====================================

Epoch 0:
  - [Train] Loss=3.24053
  - [Train] Accuracy=2.07667%
  - [Train] Total Forward Time=997.97984ms
  - [Train] Total Backward Time=442.84902ms
  - [Train] Batch Forward Time=0.26613ms
  - [Train] Batch Backward Time=0.11809ms
  - [Test] Loss=nan
  - [Test] Accuracy=3.17000%

Epoch 1:
  - [Train] Loss=3.18377
  - [Train] Accuracy=2.03833%
  - [Train] Total Forward Time=997.97705ms
  - [Train] Total Backward Time=443.07798ms
  - [Train] Batch Forward Time=0.26613ms
  - [Train] Batch Backward Time=0.11815ms
  - [Test] Loss=nan
  - [Test] Accuracy=3.22000%

