mkdir -p logs
./build/CUDA-DNN-MNIST
=====================================
            Configuration
=====================================
 NumberOfEpochs: 2
 BatchSize: 256
 LearningRate: 1.000000e-06
=====================================

=====================================
         CUDA Configuration
=====================================
 Device name: GeForce GTX 1060 6GB
 Memory Clock Rate (KHz): 4004000
 Memory Bus Width (bits): 192
-------------------------------------
 Tensor2DAddBlockSize: 8
 Tensor2DSubtractBlockSize: 8
 Tensor2DScaleBlockSize: 8
 Tensor2DMultiplyBlockSize: 16
 Tensor2DMultiplyBlockNumber: 32
 Tensor2DMultiplySharedMemory: 0
 Tensor2DMeanBlockSize: 8
-------------------------------------
 ReLuBlockSize: 8
-------------------------------------
 CrossEntropyGetMetricBlockSize: 64
 CrossEntropyCalculateBlockSize: 64
=====================================

Epoch 0:
  - [Train] Loss=3.22922
  - [Train] Accuracy=1.46234%
  - [Train] Total Forward Time=133.55632ms
  - [Train] Total Backward Time=511.05875ms
  - [Train] Batch Forward Time=0.57075ms
  - [Train] Batch Backward Time=2.18401ms
  - [Test] Loss=nan
  - [Test] Accuracy=2.31370%

Epoch 1:
  - [Train] Loss=3.16823
  - [Train] Accuracy=1.44565%
  - [Train] Total Forward Time=133.16317ms
  - [Train] Total Backward Time=511.13840ms
  - [Train] Batch Forward Time=0.56907ms
  - [Train] Batch Backward Time=2.18435ms
  - [Test] Loss=nan
  - [Test] Accuracy=2.64423%

