mkdir -p logs
./build/CUDA-DNN-MNIST
=====================================
            Configuration
=====================================
 NumberOfEpochs: 2
 BatchSize: 2
 LearningRate: 1.000000e-06
=====================================

=====================================
         CUDA Configuration
=====================================
 Device name: GeForce GTX TITAN X
 Memory Clock Rate (KHz): 3505000
 Memory Bus Width (bits): 384
-------------------------------------
 Tensor2DAddBlockSize: 8
 Tensor2DSubtractBlockSize: 8
 Tensor2DScaleBlockSize: 8
 Tensor2DMultiplyBlockSize: 16
 Tensor2DMultiplyBlockNumber: -1
 Tensor2DMultiplySharedMemory: 1
 Tensor2DMeanBlockSize: 8
-------------------------------------
 ReLuBlockSize: 8
-------------------------------------
 CrossEntropyGetMetricBlockSize: 64
 CrossEntropyCalculateBlockSize: 64
=====================================

Epoch 0:
  - [Train] Loss=3.25502
  - [Train] Accuracy=0.00000%
  - [Train] Total Forward Time=2897.99855ms
  - [Train] Total Backward Time=4211.84883ms
  - [Train] Batch Forward Time=0.09660ms
  - [Train] Batch Backward Time=0.14039ms
  - [Test] Loss=3.31569
  - [Test] Accuracy=0.30000%

Epoch 1:
  - [Train] Loss=3.25388
  - [Train] Accuracy=0.00000%
  - [Train] Total Forward Time=2896.07872ms
  - [Train] Total Backward Time=4208.19289ms
  - [Train] Batch Forward Time=0.09654ms
  - [Train] Batch Backward Time=0.14027ms
  - [Test] Loss=3.31395
  - [Test] Accuracy=0.30000%

