mkdir -p logs
./build/CUDA-DNN-MNIST
=====================================
            Configuration
=====================================
 NumberOfEpochs: 2
 BatchSize: 128
 LearningRate: 1.000000e-06
=====================================

=====================================
         CUDA Configuration
=====================================
 Device name: GeForce GTX TITAN X
 Memory Clock Rate (KHz): 3505000
 Memory Bus Width (bits): 384
-------------------------------------
 Tensor2DAddBlockSize: 8
 Tensor2DSubtractBlockSize: 8
 Tensor2DScaleBlockSize: 8
 Tensor2DMultiplyBlockSize: 2
 Tensor2DMultiplyBlockNumber: -1
 Tensor2DMultiplySharedMemory: 0
 Tensor2DMeanBlockSize: 8
-------------------------------------
 ReLuBlockSize: 8
-------------------------------------
 CrossEntropyGetMetricBlockSize: 64
 CrossEntropyCalculateBlockSize: 64
=====================================

Epoch 0:
  - [Train] Loss=3.22956
  - [Train] Accuracy=1.69271%
  - [Train] Total Forward Time=2900.85747ms
  - [Train] Total Backward Time=8704.87888ms
  - [Train] Batch Forward Time=6.19841ms
  - [Train] Batch Backward Time=18.60017ms
  - [Test] Loss=nan
  - [Test] Accuracy=2.64423%

Epoch 1:
  - [Train] Loss=3.14953
  - [Train] Accuracy=1.71942%
  - [Train] Total Forward Time=3077.47811ms
  - [Train] Total Backward Time=9179.58028ms
  - [Train] Batch Forward Time=6.57581ms
  - [Train] Batch Backward Time=19.61449ms
  - [Test] Loss=nan
  - [Test] Accuracy=2.73438%

