mkdir -p logs
./build/CUDA-DNN-MNIST
=====================================
            Configuration
=====================================
 NumberOfEpochs: 2
 BatchSize: 32
 LearningRate: 1.000000e-06
=====================================

=====================================
         CUDA Configuration
=====================================
 Device name: GeForce GTX TITAN X
 Memory Clock Rate (KHz): 3505000
 Memory Bus Width (bits): 384
-------------------------------------
 Tensor2DAddBlockSize: 8
 Tensor2DSubtractBlockSize: 8
 Tensor2DScaleBlockSize: 8
 Tensor2DMultiplyBlockSize: 16
 Tensor2DMultiplyBlockNumber: -1
 Tensor2DMultiplySharedMemory: 0
 Tensor2DMeanBlockSize: 8
-------------------------------------
 ReLuBlockSize: 8
-------------------------------------
 CrossEntropyGetMetricBlockSize: 64
 CrossEntropyCalculateBlockSize: 64
=====================================

Epoch 0:
  - [Train] Loss=3.21804
  - [Train] Accuracy=2.24167%
  - [Train] Total Forward Time=983.07799ms
  - [Train] Total Backward Time=1238.12189ms
  - [Train] Batch Forward Time=0.52431ms
  - [Train] Batch Backward Time=0.66033ms
  - [Test] Loss=nan
  - [Test] Accuracy=2.76442%

Epoch 1:
  - [Train] Loss=3.13717
  - [Train] Accuracy=2.10667%
  - [Train] Total Forward Time=989.74490ms
  - [Train] Total Backward Time=1244.42701ms
  - [Train] Batch Forward Time=0.52786ms
  - [Train] Batch Backward Time=0.66369ms
  - [Test] Loss=nan
  - [Test] Accuracy=2.69431%

