mkdir -p logs
./build/CUDA-DNN-MNIST
=====================================
            Configuration
=====================================
 NumberOfEpochs: 2
 BatchSize: 256
 LearningRate: 1.000000e-06
=====================================

=====================================
         CUDA Configuration
=====================================
 Device name: GeForce GTX TITAN X
 Memory Clock Rate (KHz): 3505000
 Memory Bus Width (bits): 384
-------------------------------------
 Tensor2DAddBlockSize: 8
 Tensor2DSubtractBlockSize: 8
 Tensor2DScaleBlockSize: 8
 Tensor2DMultiplyBlockSize: 32
 Tensor2DMultiplyBlockNumber: 16
 Tensor2DMultiplySharedMemory: 0
 Tensor2DMeanBlockSize: 8
-------------------------------------
 ReLuBlockSize: 8
-------------------------------------
 CrossEntropyGetMetricBlockSize: 64
 CrossEntropyCalculateBlockSize: 64
=====================================

Epoch 0:
  - [Train] Loss=3.23421
  - [Train] Accuracy=2.07165%
  - [Train] Total Forward Time=331.85168ms
  - [Train] Total Backward Time=1314.51380ms
  - [Train] Batch Forward Time=1.41817ms
  - [Train] Batch Backward Time=5.61758ms
  - [Test] Loss=nan
  - [Test] Accuracy=2.92468%

Epoch 1:
  - [Train] Loss=3.14728
  - [Train] Accuracy=2.02157%
  - [Train] Total Forward Time=330.89085ms
  - [Train] Total Backward Time=1314.42947ms
  - [Train] Batch Forward Time=1.41406ms
  - [Train] Batch Backward Time=5.61722ms
  - [Test] Loss=nan
  - [Test] Accuracy=3.38542%

