mkdir -p logs
./build/CUDA-DNN-MNIST
=====================================
            Configuration
=====================================
 NumberOfEpochs: 2
 BatchSize: 128
 LearningRate: 1.000000e-06
=====================================

=====================================
         CUDA Configuration
=====================================
 Device name: GeForce GTX TITAN X
 Memory Clock Rate (KHz): 3505000
 Memory Bus Width (bits): 384
-------------------------------------
 Tensor2DAddBlockSize: 8
 Tensor2DSubtractBlockSize: 8
 Tensor2DScaleBlockSize: 8
 Tensor2DMultiplyBlockSize: 1
 Tensor2DMultiplyBlockNumber: -1
 Tensor2DMultiplySharedMemory: 0
 Tensor2DMeanBlockSize: 8
-------------------------------------
 ReLuBlockSize: 8
-------------------------------------
 CrossEntropyGetMetricBlockSize: 64
 CrossEntropyCalculateBlockSize: 64
=====================================

Epoch 0:
  - [Train] Loss=3.26141
  - [Train] Accuracy=2.27030%
  - [Train] Total Forward Time=3986.81245ms
  - [Train] Total Backward Time=12277.64368ms
  - [Train] Batch Forward Time=8.51883ms
  - [Train] Batch Backward Time=26.23428ms
  - [Test] Loss=nan
  - [Test] Accuracy=3.24519%

Epoch 1:
  - [Train] Loss=3.18039
  - [Train] Accuracy=2.06998%
  - [Train] Total Forward Time=3822.71440ms
  - [Train] Total Backward Time=11804.89062ms
  - [Train] Batch Forward Time=8.16819ms
  - [Train] Batch Backward Time=25.22413ms
  - [Test] Loss=nan
  - [Test] Accuracy=3.60577%

