mkdir -p logs
./build/CUDA-DNN-MNIST
=====================================
            Configuration
=====================================
 NumberOfEpochs: 2
 BatchSize: 128
 LearningRate: 1.000000e-06
=====================================

=====================================
         CUDA Configuration
=====================================
 Device name: GeForce GTX TITAN X
 Memory Clock Rate (KHz): 3505000
 Memory Bus Width (bits): 384
-------------------------------------
 Tensor2DAddBlockSize: 8
 Tensor2DSubtractBlockSize: 8
 Tensor2DScaleBlockSize: 8
 Tensor2DMultiplyBlockSize: 8
 Tensor2DMultiplyBlockNumber: -1
 Tensor2DMultiplySharedMemory: 0
 Tensor2DMeanBlockSize: 8
-------------------------------------
 ReLuBlockSize: 8
-------------------------------------
 CrossEntropyGetMetricBlockSize: 64
 CrossEntropyCalculateBlockSize: 64
=====================================

Epoch 0:
  - [Train] Loss=3.20125
  - [Train] Accuracy=1.90972%
  - [Train] Total Forward Time=705.18093ms
  - [Train] Total Backward Time=1221.29498ms
  - [Train] Batch Forward Time=1.50680ms
  - [Train] Batch Backward Time=2.60960ms
  - [Test] Loss=nan
  - [Test] Accuracy=2.54407%

Epoch 1:
  - [Train] Loss=3.12495
  - [Train] Accuracy=2.08333%
  - [Train] Total Forward Time=691.03370ms
  - [Train] Total Backward Time=1199.16240ms
  - [Train] Batch Forward Time=1.47657ms
  - [Train] Batch Backward Time=2.56231ms
  - [Test] Loss=nan
  - [Test] Accuracy=2.71434%

