mkdir -p logs
./build/CUDA-DNN-MNIST
=====================================
            Configuration
=====================================
 NumberOfEpochs: 2
 BatchSize: 512
 LearningRate: 1.000000e-06
=====================================

=====================================
         CUDA Configuration
=====================================
 Device name: GeForce GTX TITAN X
 Memory Clock Rate (KHz): 3505000
 Memory Bus Width (bits): 384
-------------------------------------
 Tensor2DAddBlockSize: 8
 Tensor2DSubtractBlockSize: 8
 Tensor2DScaleBlockSize: 8
 Tensor2DMultiplyBlockSize: 16
 Tensor2DMultiplyBlockNumber: -1
 Tensor2DMultiplySharedMemory: 1
 Tensor2DMeanBlockSize: 8
-------------------------------------
 ReLuBlockSize: 8
-------------------------------------
 CrossEntropyGetMetricBlockSize: 64
 CrossEntropyCalculateBlockSize: 64
=====================================

Epoch 0:
  - [Train] Loss=3.28046
  - [Train] Accuracy=1.05335%
  - [Train] Total Forward Time=77.74653ms
  - [Train] Total Backward Time=304.42237ms
  - [Train] Batch Forward Time=0.66450ms
  - [Train] Batch Backward Time=2.60190ms
  - [Test] Loss=nan
  - [Test] Accuracy=2.15872%

Epoch 1:
  - [Train] Loss=3.22825
  - [Train] Accuracy=1.00160%
  - [Train] Total Forward Time=77.57142ms
  - [Train] Total Backward Time=304.01805ms
  - [Train] Batch Forward Time=0.66300ms
  - [Train] Batch Backward Time=2.59844ms
  - [Test] Loss=nan
  - [Test] Accuracy=2.12788%

