mkdir -p logs
./build/CUDA-DNN-MNIST
=====================================
            Configuration
=====================================
 NumberOfEpochs: 2
 BatchSize: 1024
 LearningRate: 1.000000e-06
=====================================

=====================================
         CUDA Configuration
=====================================
 Device name: GeForce GTX TITAN X
 Memory Clock Rate (KHz): 3505000
 Memory Bus Width (bits): 384
-------------------------------------
 Tensor2DAddBlockSize: 8
 Tensor2DSubtractBlockSize: 8
 Tensor2DScaleBlockSize: 8
 Tensor2DMultiplyBlockSize: 16
 Tensor2DMultiplyBlockNumber: -1
 Tensor2DMultiplySharedMemory: 1
 Tensor2DMeanBlockSize: 8
-------------------------------------
 ReLuBlockSize: 8
-------------------------------------
 CrossEntropyGetMetricBlockSize: 64
 CrossEntropyCalculateBlockSize: 64
=====================================

Epoch 0:
  - [Train] Loss=3.26415
  - [Train] Accuracy=1.18366%
  - [Train] Total Forward Time=72.01587ms
  - [Train] Total Backward Time=292.81898ms
  - [Train] Batch Forward Time=1.24165ms
  - [Train] Batch Backward Time=5.04860ms
  - [Test] Loss=nan
  - [Test] Accuracy=2.00738%

Epoch 1:
  - [Train] Loss=3.20806
  - [Train] Accuracy=1.08432%
  - [Train] Total Forward Time=71.84003ms
  - [Train] Total Backward Time=292.80739ms
  - [Train] Batch Forward Time=1.23862ms
  - [Train] Batch Backward Time=5.04840ms
  - [Test] Loss=nan
  - [Test] Accuracy=1.87717%

