mkdir -p logs
./build/CUDA-DNN-MNIST
=====================================
            Configuration
=====================================
 NumberOfEpochs: 2
 BatchSize: 256
 LearningRate: 1.000000e-06
=====================================

=====================================
         CUDA Configuration
=====================================
 Device name: GeForce GTX TITAN X
 Memory Clock Rate (KHz): 3505000
 Memory Bus Width (bits): 384
-------------------------------------
 Tensor2DAddBlockSize: 8
 Tensor2DSubtractBlockSize: 8
 Tensor2DScaleBlockSize: 8
 Tensor2DMultiplyBlockSize: 16
 Tensor2DMultiplyBlockNumber: 16
 Tensor2DMultiplySharedMemory: 1
 Tensor2DMeanBlockSize: 8
-------------------------------------
 ReLuBlockSize: 8
-------------------------------------
 CrossEntropyGetMetricBlockSize: 64
 CrossEntropyCalculateBlockSize: 64
=====================================

Epoch 0:
  - [Train] Loss=3.27532
  - [Train] Accuracy=1.82292%
  - [Train] Total Forward Time=87.55318ms
  - [Train] Total Backward Time=323.00976ms
  - [Train] Batch Forward Time=0.37416ms
  - [Train] Batch Backward Time=1.38038ms
  - [Test] Loss=nan
  - [Test] Accuracy=2.36378%

Epoch 1:
  - [Train] Loss=3.22189
  - [Train] Accuracy=1.80956%
  - [Train] Total Forward Time=87.36054ms
  - [Train] Total Backward Time=322.59142ms
  - [Train] Batch Forward Time=0.37334ms
  - [Train] Batch Backward Time=1.37860ms
  - [Test] Loss=nan
  - [Test] Accuracy=2.35377%

