mkdir -p logs
./build/CUDA-DNN-MNIST
=====================================
            Configuration
=====================================
 NumberOfEpochs: 2
 BatchSize: 128
 LearningRate: 1.000000e-06
=====================================

=====================================
         CUDA Configuration
=====================================
 Device name: GeForce GTX TITAN X
 Memory Clock Rate (KHz): 3505000
 Memory Bus Width (bits): 384
-------------------------------------
 Tensor2DAddBlockSize: 8
 Tensor2DSubtractBlockSize: 8
 Tensor2DScaleBlockSize: 8
 Tensor2DMultiplyBlockSize: 16
 Tensor2DMultiplyBlockNumber: 256
 Tensor2DMultiplySharedMemory: 0
 Tensor2DMeanBlockSize: 8
-------------------------------------
 ReLuBlockSize: 8
-------------------------------------
 CrossEntropyGetMetricBlockSize: 64
 CrossEntropyCalculateBlockSize: 64
=====================================

Epoch 0:
  - [Train] Loss=3.21148
  - [Train] Accuracy=1.51743%
  - [Train] Total Forward Time=1273.65984ms
  - [Train] Total Backward Time=3474.05923ms
  - [Train] Batch Forward Time=2.72150ms
  - [Train] Batch Backward Time=7.42320ms
  - [Test] Loss=nan
  - [Test] Accuracy=1.68269%

Epoch 1:
  - [Train] Loss=3.12810
  - [Train] Accuracy=1.42895%
  - [Train] Total Forward Time=1274.34362ms
  - [Train] Total Backward Time=3475.13856ms
  - [Train] Batch Forward Time=2.72296ms
  - [Train] Batch Backward Time=7.42551ms
  - [Test] Loss=nan
  - [Test] Accuracy=1.79287%

