mkdir -p logs
./build/CUDA-DNN-MNIST
=====================================
            Configuration
=====================================
 NumberOfEpochs: 2
 BatchSize: 1024
 LearningRate: 1.000000e-06
=====================================

=====================================
         CUDA Configuration
=====================================
 Device name: GeForce GTX TITAN X
 Memory Clock Rate (KHz): 3505000
 Memory Bus Width (bits): 384
-------------------------------------
 Tensor2DAddBlockSize: 8
 Tensor2DSubtractBlockSize: 8
 Tensor2DScaleBlockSize: 8
 Tensor2DMultiplyBlockSize: 16
 Tensor2DMultiplyBlockNumber: -1
 Tensor2DMultiplySharedMemory: 0
 Tensor2DMeanBlockSize: 8
-------------------------------------
 ReLuBlockSize: 8
-------------------------------------
 CrossEntropyGetMetricBlockSize: 64
 CrossEntropyCalculateBlockSize: 64
=====================================

Epoch 0:
  - [Train] Loss=3.22670
  - [Train] Accuracy=1.99185%
  - [Train] Total Forward Time=268.37382ms
  - [Train] Total Backward Time=885.02509ms
  - [Train] Batch Forward Time=4.62713ms
  - [Train] Batch Backward Time=15.25905ms
  - [Test] Loss=nan
  - [Test] Accuracy=2.31120%

Epoch 1:
  - [Train] Loss=3.14353
  - [Train] Accuracy=1.87736%
  - [Train] Total Forward Time=289.66506ms
  - [Train] Total Backward Time=958.73036ms
  - [Train] Batch Forward Time=4.99423ms
  - [Train] Batch Backward Time=16.52983ms
  - [Test] Loss=nan
  - [Test] Accuracy=2.32205%

