mkdir -p logs
./build/CUDA-DNN-MNIST
=====================================
            Configuration
=====================================
 NumberOfEpochs: 2
 BatchSize: 128
 LearningRate: 1.000000e-06
=====================================

=====================================
         CUDA Configuration
=====================================
 Device name: GeForce GTX TITAN X
 Memory Clock Rate (KHz): 3505000
 Memory Bus Width (bits): 384
-------------------------------------
 Tensor2DAddBlockSize: 8
 Tensor2DSubtractBlockSize: 8
 Tensor2DScaleBlockSize: 8
 Tensor2DMultiplyBlockSize: 32
 Tensor2DMultiplyBlockNumber: 16
 Tensor2DMultiplySharedMemory: 0
 Tensor2DMeanBlockSize: 8
-------------------------------------
 ReLuBlockSize: 8
-------------------------------------
 CrossEntropyGetMetricBlockSize: 64
 CrossEntropyCalculateBlockSize: 64
=====================================

Epoch 0:
  - [Train] Loss=3.23847
  - [Train] Accuracy=0.99826%
  - [Train] Total Forward Time=370.66006ms
  - [Train] Total Backward Time=1391.91254ms
  - [Train] Batch Forward Time=0.79201ms
  - [Train] Batch Backward Time=2.97417ms
  - [Test] Loss=nan
  - [Test] Accuracy=1.74279%

Epoch 1:
  - [Train] Loss=3.15634
  - [Train] Accuracy=1.00661%
  - [Train] Total Forward Time=370.72298ms
  - [Train] Total Backward Time=1394.34048ms
  - [Train] Batch Forward Time=0.79214ms
  - [Train] Batch Backward Time=2.97936ms
  - [Test] Loss=nan
  - [Test] Accuracy=1.74279%

