mkdir -p logs
./build/CUDA-DNN-MNIST
=====================================
            Configuration
=====================================
 NumberOfEpochs: 2
 BatchSize: 128
 LearningRate: 1.000000e-06
=====================================

=====================================
         CUDA Configuration
=====================================
 Device name: GeForce GTX TITAN X
 Memory Clock Rate (KHz): 3505000
 Memory Bus Width (bits): 384
-------------------------------------
 Tensor2DAddBlockSize: 8
 Tensor2DSubtractBlockSize: 8
 Tensor2DScaleBlockSize: 8
 Tensor2DMultiplyBlockSize: 16
 Tensor2DMultiplyBlockNumber: 16
 Tensor2DMultiplySharedMemory: 1
 Tensor2DMeanBlockSize: 8
-------------------------------------
 ReLuBlockSize: 8
-------------------------------------
 CrossEntropyGetMetricBlockSize: 64
 CrossEntropyCalculateBlockSize: 64
=====================================

Epoch 0:
  - [Train] Loss=3.23368
  - [Train] Accuracy=1.75447%
  - [Train] Total Forward Time=106.85539ms
  - [Train] Total Backward Time=353.38182ms
  - [Train] Batch Forward Time=0.22832ms
  - [Train] Batch Backward Time=0.75509ms
  - [Test] Loss=nan
  - [Test] Accuracy=2.29367%

Epoch 1:
  - [Train] Loss=3.18172
  - [Train] Accuracy=1.65264%
  - [Train] Total Forward Time=106.78621ms
  - [Train] Total Backward Time=353.46422ms
  - [Train] Batch Forward Time=0.22818ms
  - [Train] Batch Backward Time=0.75527ms
  - [Test] Loss=nan
  - [Test] Accuracy=2.37380%

