mkdir -p logs
./build/CUDA-DNN-MNIST
=====================================
            Configuration
=====================================
 NumberOfEpochs: 2
 BatchSize: 4
 LearningRate: 1.000000e-06
=====================================

=====================================
         CUDA Configuration
=====================================
 Device name: GeForce GTX TITAN X
 Memory Clock Rate (KHz): 3505000
 Memory Bus Width (bits): 384
-------------------------------------
 Tensor2DAddBlockSize: 8
 Tensor2DSubtractBlockSize: 8
 Tensor2DScaleBlockSize: 8
 Tensor2DMultiplyBlockSize: 16
 Tensor2DMultiplyBlockNumber: -1
 Tensor2DMultiplySharedMemory: 1
 Tensor2DMeanBlockSize: 8
-------------------------------------
 ReLuBlockSize: 8
-------------------------------------
 CrossEntropyGetMetricBlockSize: 64
 CrossEntropyCalculateBlockSize: 64
=====================================

Epoch 0:
  - [Train] Loss=3.25936
  - [Train] Accuracy=0.12833%
  - [Train] Total Forward Time=1476.86964ms
  - [Train] Total Backward Time=2250.85917ms
  - [Train] Batch Forward Time=0.09846ms
  - [Train] Batch Backward Time=0.15006ms
  - [Test] Loss=3.30841
  - [Test] Accuracy=0.46000%

Epoch 1:
  - [Train] Loss=3.25392
  - [Train] Accuracy=0.12167%
  - [Train] Total Forward Time=1477.27543ms
  - [Train] Total Backward Time=2250.69587ms
  - [Train] Batch Forward Time=0.09849ms
  - [Train] Batch Backward Time=0.15005ms
  - [Test] Loss=3.30123
  - [Test] Accuracy=0.46000%

