mkdir -p logs
./build/CUDA-DNN-MNIST
=====================================
            Configuration
=====================================
 NumberOfEpochs: 2
 BatchSize: 256
 LearningRate: 1.000000e-06
=====================================

=====================================
         CUDA Configuration
=====================================
 Device name: GeForce GTX TITAN X
 Memory Clock Rate (KHz): 3505000
 Memory Bus Width (bits): 384
-------------------------------------
 Tensor2DAddBlockSize: 8
 Tensor2DSubtractBlockSize: 8
 Tensor2DScaleBlockSize: 8
 Tensor2DMultiplyBlockSize: 16
 Tensor2DMultiplyBlockNumber: -1
 Tensor2DMultiplySharedMemory: 1
 Tensor2DMeanBlockSize: 8
-------------------------------------
 ReLuBlockSize: 8
-------------------------------------
 CrossEntropyGetMetricBlockSize: 64
 CrossEntropyCalculateBlockSize: 64
=====================================

Epoch 0:
  - [Train] Loss=3.25395
  - [Train] Accuracy=1.59422%
  - [Train] Total Forward Time=87.61914ms
  - [Train] Total Backward Time=323.55629ms
  - [Train] Batch Forward Time=0.37444ms
  - [Train] Batch Backward Time=1.38272ms
  - [Test] Loss=nan
  - [Test] Accuracy=2.43389%

Epoch 1:
  - [Train] Loss=3.20100
  - [Train] Accuracy=1.60089%
  - [Train] Total Forward Time=87.39910ms
  - [Train] Total Backward Time=323.35703ms
  - [Train] Batch Forward Time=0.37350ms
  - [Train] Batch Backward Time=1.38187ms
  - [Test] Loss=nan
  - [Test] Accuracy=2.42388%

