mkdir -p logs
./build/CUDA-DNN-MNIST
=====================================
            Configuration
=====================================
 NumberOfEpochs: 2
 BatchSize: 256
 LearningRate: 1.000000e-06
=====================================

=====================================
         CUDA Configuration
=====================================
 Device name: GeForce GTX TITAN X
 Memory Clock Rate (KHz): 3505000
 Memory Bus Width (bits): 384
-------------------------------------
 Tensor2DAddBlockSize: 8
 Tensor2DSubtractBlockSize: 8
 Tensor2DScaleBlockSize: 8
 Tensor2DMultiplyBlockSize: 16
 Tensor2DMultiplyBlockNumber: -1
 Tensor2DMultiplySharedMemory: 0
 Tensor2DMeanBlockSize: 8
-------------------------------------
 ReLuBlockSize: 8
-------------------------------------
 CrossEntropyGetMetricBlockSize: 64
 CrossEntropyCalculateBlockSize: 64
=====================================

Epoch 0:
  - [Train] Loss=3.24964
  - [Train] Accuracy=1.49573%
  - [Train] Total Forward Time=385.82861ms
  - [Train] Total Backward Time=906.45725ms
  - [Train] Batch Forward Time=1.64884ms
  - [Train] Batch Backward Time=3.87375ms
  - [Test] Loss=nan
  - [Test] Accuracy=1.74279%

Epoch 1:
  - [Train] Loss=3.15797
  - [Train] Accuracy=1.33380%
  - [Train] Total Forward Time=385.45344ms
  - [Train] Total Backward Time=907.00327ms
  - [Train] Batch Forward Time=1.64724ms
  - [Train] Batch Backward Time=3.87608ms
  - [Test] Loss=nan
  - [Test] Accuracy=1.73277%

