mkdir -p logs
./build/CUDA-DNN-MNIST
=====================================
            Configuration
=====================================
 NumberOfEpochs: 2
 BatchSize: 256
 LearningRate: 1.000000e-06
=====================================

=====================================
         CUDA Configuration
=====================================
 Device name: GeForce GTX TITAN X
 Memory Clock Rate (KHz): 3505000
 Memory Bus Width (bits): 384
-------------------------------------
 Tensor2DAddBlockSize: 8
 Tensor2DSubtractBlockSize: 8
 Tensor2DScaleBlockSize: 8
 Tensor2DMultiplyBlockSize: 16
 Tensor2DMultiplyBlockNumber: 32
 Tensor2DMultiplySharedMemory: 0
 Tensor2DMeanBlockSize: 8
-------------------------------------
 ReLuBlockSize: 8
-------------------------------------
 CrossEntropyGetMetricBlockSize: 64
 CrossEntropyCalculateBlockSize: 64
=====================================

Epoch 0:
  - [Train] Loss=3.23540
  - [Train] Accuracy=1.76115%
  - [Train] Total Forward Time=261.13014ms
  - [Train] Total Backward Time=883.25667ms
  - [Train] Batch Forward Time=1.11594ms
  - [Train] Batch Backward Time=3.77460ms
  - [Test] Loss=nan
  - [Test] Accuracy=2.70433%

Epoch 1:
  - [Train] Loss=3.15805
  - [Train] Accuracy=1.84462%
  - [Train] Total Forward Time=260.75654ms
  - [Train] Total Backward Time=883.38298ms
  - [Train] Batch Forward Time=1.11434ms
  - [Train] Batch Backward Time=3.77514ms
  - [Test] Loss=nan
  - [Test] Accuracy=2.82452%

