mkdir -p logs
./build/CUDA-DNN-MNIST
=====================================
            Configuration
=====================================
 NumberOfEpochs: 2
 BatchSize: 16
 LearningRate: 1.000000e-06
=====================================

=====================================
         CUDA Configuration
=====================================
 Device name: GeForce GTX TITAN X
 Memory Clock Rate (KHz): 3505000
 Memory Bus Width (bits): 384
-------------------------------------
 Tensor2DAddBlockSize: 8
 Tensor2DSubtractBlockSize: 8
 Tensor2DScaleBlockSize: 8
 Tensor2DMultiplyBlockSize: 16
 Tensor2DMultiplyBlockNumber: -1
 Tensor2DMultiplySharedMemory: 0
 Tensor2DMeanBlockSize: 8
-------------------------------------
 ReLuBlockSize: 8
-------------------------------------
 CrossEntropyGetMetricBlockSize: 64
 CrossEntropyCalculateBlockSize: 64
=====================================

Epoch 0:
  - [Train] Loss=3.26330
  - [Train] Accuracy=1.43333%
  - [Train] Total Forward Time=1853.09354ms
  - [Train] Total Backward Time=1562.35936ms
  - [Train] Batch Forward Time=0.49416ms
  - [Train] Batch Backward Time=0.41663ms
  - [Test] Loss=nan
  - [Test] Accuracy=2.29000%

Epoch 1:
  - [Train] Loss=3.18238
  - [Train] Accuracy=1.38000%
  - [Train] Total Forward Time=1853.51878ms
  - [Train] Total Backward Time=1562.78800ms
  - [Train] Batch Forward Time=0.49427ms
  - [Train] Batch Backward Time=0.41674ms
  - [Test] Loss=nan
  - [Test] Accuracy=2.22000%

