mkdir -p logs
./build/CUDA-DNN-MNIST
=====================================
            Configuration
=====================================
 NumberOfEpochs: 2
 BatchSize: 128
 LearningRate: 1.000000e-06
=====================================

=====================================
         CUDA Configuration
=====================================
 Device name: GeForce GTX TITAN X
 Memory Clock Rate (KHz): 3505000
 Memory Bus Width (bits): 384
-------------------------------------
 Tensor2DAddBlockSize: 8
 Tensor2DSubtractBlockSize: 8
 Tensor2DScaleBlockSize: 8
 Tensor2DMultiplyBlockSize: 32
 Tensor2DMultiplyBlockNumber: 32
 Tensor2DMultiplySharedMemory: 0
 Tensor2DMeanBlockSize: 8
-------------------------------------
 ReLuBlockSize: 8
-------------------------------------
 CrossEntropyGetMetricBlockSize: 64
 CrossEntropyCalculateBlockSize: 64
=====================================

Epoch 0:
  - [Train] Loss=3.24529
  - [Train] Accuracy=2.29868%
  - [Train] Total Forward Time=342.18387ms
  - [Train] Total Backward Time=1382.02477ms
  - [Train] Batch Forward Time=0.73116ms
  - [Train] Batch Backward Time=2.95304ms
  - [Test] Loss=nan
  - [Test] Accuracy=3.49559%

Epoch 1:
  - [Train] Loss=3.16035
  - [Train] Accuracy=2.07499%
  - [Train] Total Forward Time=340.75082ms
  - [Train] Total Backward Time=1376.02496ms
  - [Train] Batch Forward Time=0.72810ms
  - [Train] Batch Backward Time=2.94022ms
  - [Test] Loss=nan
  - [Test] Accuracy=3.51562%

