mkdir -p logs
./build/CUDA-DNN-MNIST
=====================================
            Configuration
=====================================
 NumberOfEpochs: 2
 BatchSize: 512
 LearningRate: 1.000000e-06
=====================================

=====================================
         CUDA Configuration
=====================================
 Device name: GeForce GTX TITAN X
 Memory Clock Rate (KHz): 3505000
 Memory Bus Width (bits): 384
-------------------------------------
 Tensor2DAddBlockSize: 8
 Tensor2DSubtractBlockSize: 8
 Tensor2DScaleBlockSize: 8
 Tensor2DMultiplyBlockSize: 16
 Tensor2DMultiplyBlockNumber: 32
 Tensor2DMultiplySharedMemory: 1
 Tensor2DMeanBlockSize: 8
-------------------------------------
 ReLuBlockSize: 8
-------------------------------------
 CrossEntropyGetMetricBlockSize: 64
 CrossEntropyCalculateBlockSize: 64
=====================================

Epoch 0:
  - [Train] Loss=3.23635
  - [Train] Accuracy=0.80295%
  - [Train] Total Forward Time=77.58579ms
  - [Train] Total Backward Time=303.64608ms
  - [Train] Batch Forward Time=0.66313ms
  - [Train] Batch Backward Time=2.59527ms
  - [Test] Loss=nan
  - [Test] Accuracy=1.58306%

Epoch 1:
  - [Train] Loss=3.18527
  - [Train] Accuracy=0.76122%
  - [Train] Total Forward Time=77.36182ms
  - [Train] Total Backward Time=303.61555ms
  - [Train] Batch Forward Time=0.66121ms
  - [Train] Batch Backward Time=2.59500ms
  - [Test] Loss=nan
  - [Test] Accuracy=1.55222%

