mkdir -p logs
./build/CUDA-DNN-MNIST
=====================================
            Configuration
=====================================
 NumberOfEpochs: 2
 BatchSize: 512
 LearningRate: 1.000000e-06
=====================================

=====================================
         CUDA Configuration
=====================================
 Device name: GeForce GTX TITAN X
 Memory Clock Rate (KHz): 3505000
 Memory Bus Width (bits): 384
-------------------------------------
 Tensor2DAddBlockSize: 8
 Tensor2DSubtractBlockSize: 8
 Tensor2DScaleBlockSize: 8
 Tensor2DMultiplyBlockSize: 16
 Tensor2DMultiplyBlockNumber: 16
 Tensor2DMultiplySharedMemory: 1
 Tensor2DMeanBlockSize: 8
-------------------------------------
 ReLuBlockSize: 8
-------------------------------------
 CrossEntropyGetMetricBlockSize: 64
 CrossEntropyCalculateBlockSize: 64
=====================================

Epoch 0:
  - [Train] Loss=3.24603
  - [Train] Accuracy=0.90144%
  - [Train] Total Forward Time=77.60646ms
  - [Train] Total Backward Time=303.93139ms
  - [Train] Batch Forward Time=0.66330ms
  - [Train] Batch Backward Time=2.59770ms
  - [Test] Loss=nan
  - [Test] Accuracy=1.41859%

Epoch 1:
  - [Train] Loss=3.19523
  - [Train] Accuracy=0.82799%
  - [Train] Total Forward Time=77.32134ms
  - [Train] Total Backward Time=303.38432ms
  - [Train] Batch Forward Time=0.66087ms
  - [Train] Batch Backward Time=2.59303ms
  - [Test] Loss=nan
  - [Test] Accuracy=1.44942%

