mkdir -p logs
./build/CUDA-DNN-MNIST
=====================================
            Configuration
=====================================
 NumberOfEpochs: 2
 BatchSize: 512
 LearningRate: 1.000000e-06
=====================================

=====================================
         CUDA Configuration
=====================================
 Device name: GeForce GTX TITAN X
 Memory Clock Rate (KHz): 3505000
 Memory Bus Width (bits): 384
-------------------------------------
 Tensor2DAddBlockSize: 8
 Tensor2DSubtractBlockSize: 8
 Tensor2DScaleBlockSize: 8
 Tensor2DMultiplyBlockSize: 32
 Tensor2DMultiplyBlockNumber: 16
 Tensor2DMultiplySharedMemory: 1
 Tensor2DMeanBlockSize: 8
-------------------------------------
 ReLuBlockSize: 8
-------------------------------------
 CrossEntropyGetMetricBlockSize: 64
 CrossEntropyCalculateBlockSize: 64
=====================================

Epoch 0:
  - [Train] Loss=3.27046
  - [Train] Accuracy=0.66607%
  - [Train] Total Forward Time=76.67757ms
  - [Train] Total Backward Time=885.49872ms
  - [Train] Batch Forward Time=0.65536ms
  - [Train] Batch Backward Time=7.56837ms
  - [Test] Loss=nan
  - [Test] Accuracy=1.21299%

Epoch 1:
  - [Train] Loss=3.24209
  - [Train] Accuracy=0.61932%
  - [Train] Total Forward Time=76.62774ms
  - [Train] Total Backward Time=886.48560ms
  - [Train] Batch Forward Time=0.65494ms
  - [Train] Batch Backward Time=7.57680ms
  - [Test] Loss=nan
  - [Test] Accuracy=1.13076%

