mkdir -p logs
./build/CUDA-DNN-MNIST
=====================================
            Configuration
=====================================
 NumberOfEpochs: 2
 BatchSize: 512
 LearningRate: 1.000000e-06
=====================================

=====================================
         CUDA Configuration
=====================================
 Device name: GeForce GTX TITAN X
 Memory Clock Rate (KHz): 3505000
 Memory Bus Width (bits): 384
-------------------------------------
 Tensor2DAddBlockSize: 8
 Tensor2DSubtractBlockSize: 8
 Tensor2DScaleBlockSize: 8
 Tensor2DMultiplyBlockSize: 16
 Tensor2DMultiplyBlockNumber: -1
 Tensor2DMultiplySharedMemory: 0
 Tensor2DMeanBlockSize: 8
-------------------------------------
 ReLuBlockSize: 8
-------------------------------------
 CrossEntropyGetMetricBlockSize: 64
 CrossEntropyCalculateBlockSize: 64
=====================================

Epoch 0:
  - [Train] Loss=3.27156
  - [Train] Accuracy=1.56751%
  - [Train] Total Forward Time=321.12787ms
  - [Train] Total Backward Time=871.34986ms
  - [Train] Batch Forward Time=2.74468ms
  - [Train] Batch Backward Time=7.44743ms
  - [Test] Loss=nan
  - [Test] Accuracy=3.09416%

Epoch 1:
  - [Train] Loss=3.18743
  - [Train] Accuracy=1.53412%
  - [Train] Total Forward Time=318.48583ms
  - [Train] Total Backward Time=872.25469ms
  - [Train] Batch Forward Time=2.72210ms
  - [Train] Batch Backward Time=7.45517ms
  - [Test] Loss=nan
  - [Test] Accuracy=3.41283%

