mkdir -p logs
./build/CUDA-DNN-MNIST
=====================================
            Configuration
=====================================
 NumberOfEpochs: 2
 BatchSize: 128
 LearningRate: 1.000000e-06
=====================================

=====================================
         CUDA Configuration
=====================================
 Device name: GeForce GTX TITAN X
 Memory Clock Rate (KHz): 3505000
 Memory Bus Width (bits): 384
-------------------------------------
 Tensor2DAddBlockSize: 8
 Tensor2DSubtractBlockSize: 8
 Tensor2DScaleBlockSize: 8
 Tensor2DMultiplyBlockSize: 16
 Tensor2DMultiplyBlockNumber: 8
 Tensor2DMultiplySharedMemory: 0
 Tensor2DMeanBlockSize: 8
-------------------------------------
 ReLuBlockSize: 8
-------------------------------------
 CrossEntropyGetMetricBlockSize: 64
 CrossEntropyCalculateBlockSize: 64
=====================================

Epoch 0:
  - [Train] Loss=3.27351
  - [Train] Accuracy=1.41226%
  - [Train] Total Forward Time=735.56323ms
  - [Train] Total Backward Time=1060.21750ms
  - [Train] Batch Forward Time=1.57172ms
  - [Train] Batch Backward Time=2.26542ms
  - [Test] Loss=nan
  - [Test] Accuracy=2.45393%

Epoch 1:
  - [Train] Loss=3.19152
  - [Train] Accuracy=1.36886%
  - [Train] Total Forward Time=735.35971ms
  - [Train] Total Backward Time=1059.85453ms
  - [Train] Batch Forward Time=1.57128ms
  - [Train] Batch Backward Time=2.26465ms
  - [Test] Loss=nan
  - [Test] Accuracy=2.43389%

