mkdir -p logs
./build/CUDA-DNN-MNIST
=====================================
            Configuration
=====================================
 NumberOfEpochs: 2
 BatchSize: 256
 LearningRate: 1.000000e-06
=====================================

=====================================
         CUDA Configuration
=====================================
 Device name: GeForce GTX TITAN X
 Memory Clock Rate (KHz): 3505000
 Memory Bus Width (bits): 384
-------------------------------------
 Tensor2DAddBlockSize: 8
 Tensor2DSubtractBlockSize: 8
 Tensor2DScaleBlockSize: 8
 Tensor2DMultiplyBlockSize: 16
 Tensor2DMultiplyBlockNumber: 16
 Tensor2DMultiplySharedMemory: 0
 Tensor2DMeanBlockSize: 8
-------------------------------------
 ReLuBlockSize: 8
-------------------------------------
 CrossEntropyGetMetricBlockSize: 64
 CrossEntropyCalculateBlockSize: 64
=====================================

Epoch 0:
  - [Train] Loss=3.23369
  - [Train] Accuracy=1.99820%
  - [Train] Total Forward Time=414.02950ms
  - [Train] Total Backward Time=1365.69680ms
  - [Train] Batch Forward Time=1.76936ms
  - [Train] Batch Backward Time=5.83631ms
  - [Test] Loss=nan
  - [Test] Accuracy=2.61418%

Epoch 1:
  - [Train] Loss=3.14719
  - [Train] Accuracy=1.92141%
  - [Train] Total Forward Time=413.85299ms
  - [Train] Total Backward Time=1364.25670ms
  - [Train] Batch Forward Time=1.76860ms
  - [Train] Batch Backward Time=5.83016ms
  - [Test] Loss=nan
  - [Test] Accuracy=2.57412%

