mkdir -p logs
./build/CUDA-DNN-MNIST
=====================================
            Configuration
=====================================
 NumberOfEpochs: 2
 BatchSize: 16
 LearningRate: 1.000000e-06
=====================================

=====================================
         CUDA Configuration
=====================================
 Device name: GeForce GTX TITAN X
 Memory Clock Rate (KHz): 3505000
 Memory Bus Width (bits): 384
-------------------------------------
 Tensor2DAddBlockSize: 8
 Tensor2DSubtractBlockSize: 8
 Tensor2DScaleBlockSize: 8
 Tensor2DMultiplyBlockSize: 16
 Tensor2DMultiplyBlockNumber: -1
 Tensor2DMultiplySharedMemory: 1
 Tensor2DMeanBlockSize: 8
-------------------------------------
 ReLuBlockSize: 8
-------------------------------------
 CrossEntropyGetMetricBlockSize: 64
 CrossEntropyCalculateBlockSize: 64
=====================================

Epoch 0:
  - [Train] Loss=3.25984
  - [Train] Accuracy=1.30833%
  - [Train] Total Forward Time=412.40083ms
  - [Train] Total Backward Time=820.65718ms
  - [Train] Batch Forward Time=0.10997ms
  - [Train] Batch Backward Time=0.21884ms
  - [Test] Loss=nan
  - [Test] Accuracy=2.17000%

Epoch 1:
  - [Train] Loss=3.20482
  - [Train] Accuracy=1.07667%
  - [Train] Total Forward Time=414.61210ms
  - [Train] Total Backward Time=821.49530ms
  - [Train] Batch Forward Time=0.11056ms
  - [Train] Batch Backward Time=0.21907ms
  - [Test] Loss=nan
  - [Test] Accuracy=1.97000%

