mkdir -p logs
./build/CUDA-DNN-MNIST
=====================================
            Configuration
=====================================
 NumberOfEpochs: 2
 BatchSize: 1
 LearningRate: 1.000000e-06
=====================================

=====================================
         CUDA Configuration
=====================================
 Device name: GeForce GTX TITAN X
 Memory Clock Rate (KHz): 3505000
 Memory Bus Width (bits): 384
-------------------------------------
 Tensor2DAddBlockSize: 8
 Tensor2DSubtractBlockSize: 8
 Tensor2DScaleBlockSize: 8
 Tensor2DMultiplyBlockSize: 16
 Tensor2DMultiplyBlockNumber: -1
 Tensor2DMultiplySharedMemory: 1
 Tensor2DMeanBlockSize: 8
-------------------------------------
 ReLuBlockSize: 8
-------------------------------------
 CrossEntropyGetMetricBlockSize: 64
 CrossEntropyCalculateBlockSize: 64
=====================================

Epoch 0:
  - [Train] Loss=3.25287
  - [Train] Accuracy=0.00000%
  - [Train] Total Forward Time=5895.87573ms
  - [Train] Total Backward Time=8570.02684ms
  - [Train] Batch Forward Time=0.09826ms
  - [Train] Batch Backward Time=0.14283ms
  - [Test] Loss=3.29486
  - [Test] Accuracy=0.26000%

Epoch 1:
  - [Train] Loss=3.25254
  - [Train] Accuracy=0.00000%
  - [Train] Total Forward Time=5862.50843ms
  - [Train] Total Backward Time=8529.80454ms
  - [Train] Batch Forward Time=0.09771ms
  - [Train] Batch Backward Time=0.14216ms
  - [Test] Loss=3.29553
  - [Test] Accuracy=0.26000%

