mkdir -p logs
./build/CUDA-DNN-MNIST
=====================================
            Configuration
=====================================
 NumberOfEpochs: 2
 BatchSize: 512
 LearningRate: 1.000000e-06
=====================================

=====================================
         CUDA Configuration
=====================================
 Device name: GeForce GTX TITAN X
 Memory Clock Rate (KHz): 3505000
 Memory Bus Width (bits): 384
-------------------------------------
 Tensor2DAddBlockSize: 8
 Tensor2DSubtractBlockSize: 8
 Tensor2DScaleBlockSize: 8
 Tensor2DMultiplyBlockSize: 32
 Tensor2DMultiplyBlockNumber: 32
 Tensor2DMultiplySharedMemory: 1
 Tensor2DMeanBlockSize: 8
-------------------------------------
 ReLuBlockSize: 8
-------------------------------------
 CrossEntropyGetMetricBlockSize: 64
 CrossEntropyCalculateBlockSize: 64
=====================================

Epoch 0:
  - [Train] Loss=3.24285
  - [Train] Accuracy=0.76289%
  - [Train] Total Forward Time=77.85286ms
  - [Train] Total Backward Time=887.63239ms
  - [Train] Batch Forward Time=0.66541ms
  - [Train] Batch Backward Time=7.58660ms
  - [Test] Loss=nan
  - [Test] Accuracy=1.36719%

Epoch 1:
  - [Train] Loss=3.21663
  - [Train] Accuracy=0.72950%
  - [Train] Total Forward Time=76.55766ms
  - [Train] Total Backward Time=885.58035ms
  - [Train] Batch Forward Time=0.65434ms
  - [Train] Batch Backward Time=7.56906ms
  - [Test] Loss=nan
  - [Test] Accuracy=1.31579%

