mkdir -p logs
./build/CUDA-DNN-MNIST
=====================================
            Configuration
=====================================
 NumberOfEpochs: 2
 BatchSize: 64
 LearningRate: 1.000000e-06
=====================================

=====================================
         CUDA Configuration
=====================================
 Device name: GeForce GTX TITAN X
 Memory Clock Rate (KHz): 3505000
 Memory Bus Width (bits): 384
-------------------------------------
 Tensor2DAddBlockSize: 8
 Tensor2DSubtractBlockSize: 8
 Tensor2DScaleBlockSize: 8
 Tensor2DMultiplyBlockSize: 16
 Tensor2DMultiplyBlockNumber: -1
 Tensor2DMultiplySharedMemory: 0
 Tensor2DMeanBlockSize: 8
-------------------------------------
 ReLuBlockSize: 8
-------------------------------------
 CrossEntropyGetMetricBlockSize: 64
 CrossEntropyCalculateBlockSize: 64
=====================================

Epoch 0:
  - [Train] Loss=3.26507
  - [Train] Accuracy=2.49633%
  - [Train] Total Forward Time=585.05488ms
  - [Train] Total Backward Time=1328.92966ms
  - [Train] Batch Forward Time=0.62439ms
  - [Train] Batch Backward Time=1.41828ms
  - [Test] Loss=nan
  - [Test] Accuracy=3.44551%

Epoch 1:
  - [Train] Loss=3.17347
  - [Train] Accuracy=2.12280%
  - [Train] Total Forward Time=584.90384ms
  - [Train] Total Backward Time=1327.88650ms
  - [Train] Batch Forward Time=0.62423ms
  - [Train] Batch Backward Time=1.41717ms
  - [Test] Loss=nan
  - [Test] Accuracy=3.15505%

