mkdir -p logs
./build/CUDA-DNN-MNIST
=====================================
            Configuration
=====================================
 NumberOfEpochs: 2
 BatchSize: 2
 LearningRate: 1.000000e-06
=====================================

=====================================
         CUDA Configuration
=====================================
 Device name: GeForce GTX TITAN X
 Memory Clock Rate (KHz): 3505000
 Memory Bus Width (bits): 384
-------------------------------------
 Tensor2DAddBlockSize: 8
 Tensor2DSubtractBlockSize: 8
 Tensor2DScaleBlockSize: 8
 Tensor2DMultiplyBlockSize: 16
 Tensor2DMultiplyBlockNumber: -1
 Tensor2DMultiplySharedMemory: 0
 Tensor2DMeanBlockSize: 8
-------------------------------------
 ReLuBlockSize: 8
-------------------------------------
 CrossEntropyGetMetricBlockSize: 64
 CrossEntropyCalculateBlockSize: 64
=====================================

Epoch 0:
  - [Train] Loss=3.27876
  - [Train] Accuracy=1.96500%
  - [Train] Total Forward Time=13851.87651ms
  - [Train] Total Backward Time=6793.69609ms
  - [Train] Batch Forward Time=0.46173ms
  - [Train] Batch Backward Time=0.22646ms
  - [Test] Loss=nan
  - [Test] Accuracy=2.75000%

Epoch 1:
  - [Train] Loss=3.19026
  - [Train] Accuracy=1.82667%
  - [Train] Total Forward Time=13863.99363ms
  - [Train] Total Backward Time=6794.65667ms
  - [Train] Batch Forward Time=0.46213ms
  - [Train] Batch Backward Time=0.22649ms
  - [Test] Loss=nan
  - [Test] Accuracy=2.94000%

