mkdir -p logs
./build/CUDA-DNN-MNIST
=====================================
            Configuration
=====================================
 NumberOfEpochs: 2
 BatchSize: 128
 LearningRate: 1.000000e-06
=====================================

=====================================
         CUDA Configuration
=====================================
 Device name: GeForce GTX TITAN X
 Memory Clock Rate (KHz): 3505000
 Memory Bus Width (bits): 384
-------------------------------------
 Tensor2DAddBlockSize: 8
 Tensor2DSubtractBlockSize: 8
 Tensor2DScaleBlockSize: 8
 Tensor2DMultiplyBlockSize: 16
 Tensor2DMultiplyBlockNumber: 32
 Tensor2DMultiplySharedMemory: 1
 Tensor2DMeanBlockSize: 8
-------------------------------------
 ReLuBlockSize: 8
-------------------------------------
 CrossEntropyGetMetricBlockSize: 64
 CrossEntropyCalculateBlockSize: 64
=====================================

Epoch 0:
  - [Train] Loss=3.26407
  - [Train] Accuracy=1.62427%
  - [Train] Total Forward Time=106.80944ms
  - [Train] Total Backward Time=353.96208ms
  - [Train] Batch Forward Time=0.22823ms
  - [Train] Batch Backward Time=0.75633ms
  - [Test] Loss=nan
  - [Test] Accuracy=2.40385%

Epoch 1:
  - [Train] Loss=3.20420
  - [Train] Accuracy=1.43897%
  - [Train] Total Forward Time=106.70710ms
  - [Train] Total Backward Time=353.82570ms
  - [Train] Batch Forward Time=0.22801ms
  - [Train] Batch Backward Time=0.75604ms
  - [Test] Loss=nan
  - [Test] Accuracy=2.36378%

