mkdir -p logs
./build/CUDA-DNN-MNIST
=====================================
            Configuration
=====================================
 NumberOfEpochs: 2
 BatchSize: 128
 LearningRate: 1.000000e-06
=====================================

=====================================
         CUDA Configuration
=====================================
 Device name: GeForce GTX TITAN X
 Memory Clock Rate (KHz): 3505000
 Memory Bus Width (bits): 384
-------------------------------------
 Tensor2DAddBlockSize: 8
 Tensor2DSubtractBlockSize: 8
 Tensor2DScaleBlockSize: 8
 Tensor2DMultiplyBlockSize: 32
 Tensor2DMultiplyBlockNumber: 32
 Tensor2DMultiplySharedMemory: 1
 Tensor2DMeanBlockSize: 8
-------------------------------------
 ReLuBlockSize: 8
-------------------------------------
 CrossEntropyGetMetricBlockSize: 64
 CrossEntropyCalculateBlockSize: 64
=====================================

Epoch 0:
  - [Train] Loss=3.25682
  - [Train] Accuracy=0.76289%
  - [Train] Total Forward Time=120.58029ms
  - [Train] Total Backward Time=1072.30563ms
  - [Train] Batch Forward Time=0.25765ms
  - [Train] Batch Backward Time=2.29125ms
  - [Test] Loss=3.27714
  - [Test] Accuracy=1.22196%

Epoch 1:
  - [Train] Loss=3.23022
  - [Train] Accuracy=0.76623%
  - [Train] Total Forward Time=120.64800ms
  - [Train] Total Backward Time=1073.97779ms
  - [Train] Batch Forward Time=0.25779ms
  - [Train] Batch Backward Time=2.29482ms
  - [Test] Loss=3.24999
  - [Test] Accuracy=1.23197%

