mkdir -p logs
./build/CUDA-DNN-MNIST
=====================================
            Configuration
=====================================
 NumberOfEpochs: 2
 BatchSize: 64
 LearningRate: 1.000000e-06
=====================================

=====================================
         CUDA Configuration
=====================================
 Device name: GeForce GTX TITAN X
 Memory Clock Rate (KHz): 3505000
 Memory Bus Width (bits): 384
-------------------------------------
 Tensor2DAddBlockSize: 8
 Tensor2DSubtractBlockSize: 8
 Tensor2DScaleBlockSize: 8
 Tensor2DMultiplyBlockSize: 16
 Tensor2DMultiplyBlockNumber: -1
 Tensor2DMultiplySharedMemory: 1
 Tensor2DMeanBlockSize: 8
-------------------------------------
 ReLuBlockSize: 8
-------------------------------------
 CrossEntropyGetMetricBlockSize: 64
 CrossEntropyCalculateBlockSize: 64
=====================================

Epoch 0:
  - [Train] Loss=3.23859
  - [Train] Accuracy=0.63701%
  - [Train] Total Forward Time=136.93190ms
  - [Train] Total Backward Time=426.06554ms
  - [Train] Batch Forward Time=0.14614ms
  - [Train] Batch Backward Time=0.45471ms
  - [Test] Loss=nan
  - [Test] Accuracy=1.14183%

Epoch 1:
  - [Train] Loss=3.18576
  - [Train] Accuracy=0.57197%
  - [Train] Total Forward Time=136.98141ms
  - [Train] Total Backward Time=425.98266ms
  - [Train] Batch Forward Time=0.14619ms
  - [Train] Batch Backward Time=0.45462ms
  - [Test] Loss=nan
  - [Test] Accuracy=1.10176%

