mkdir -p logs
./build/CUDA-DNN-MNIST
=====================================
            Configuration
=====================================
 NumberOfEpochs: 2
 BatchSize: 128
 LearningRate: 1.000000e-06
=====================================

=====================================
         CUDA Configuration
=====================================
 Device name: GeForce GTX TITAN X
 Memory Clock Rate (KHz): 3505000
 Memory Bus Width (bits): 384
-------------------------------------
 Tensor2DAddBlockSize: 8
 Tensor2DSubtractBlockSize: 8
 Tensor2DScaleBlockSize: 8
 Tensor2DMultiplyBlockSize: 32
 Tensor2DMultiplyBlockNumber: -1
 Tensor2DMultiplySharedMemory: 0
 Tensor2DMeanBlockSize: 8
-------------------------------------
 ReLuBlockSize: 8
-------------------------------------
 CrossEntropyGetMetricBlockSize: 64
 CrossEntropyCalculateBlockSize: 64
=====================================

Epoch 0:
  - [Train] Loss=3.24712
  - [Train] Accuracy=2.53906%
  - [Train] Total Forward Time=534.01187ms
  - [Train] Total Backward Time=1478.27395ms
  - [Train] Batch Forward Time=1.14105ms
  - [Train] Batch Backward Time=3.15871ms
  - [Test] Loss=nan
  - [Test] Accuracy=4.48718%

Epoch 1:
  - [Train] Loss=3.16072
  - [Train] Accuracy=2.79447%
  - [Train] Total Forward Time=534.33798ms
  - [Train] Total Backward Time=1478.37808ms
  - [Train] Batch Forward Time=1.14175ms
  - [Train] Batch Backward Time=3.15893ms
  - [Test] Loss=nan
  - [Test] Accuracy=5.48878%

