mkdir -p logs
./build/CUDA-DNN-MNIST
=====================================
            Configuration
=====================================
 NumberOfEpochs: 2
 BatchSize: 128
 LearningRate: 1.000000e-06
=====================================

=====================================
         CUDA Configuration
=====================================
 Device name: GeForce GTX TITAN X
 Memory Clock Rate (KHz): 3505000
 Memory Bus Width (bits): 384
-------------------------------------
 Tensor2DAddBlockSize: 8
 Tensor2DSubtractBlockSize: 8
 Tensor2DScaleBlockSize: 8
 Tensor2DMultiplyBlockSize: 16
 Tensor2DMultiplyBlockNumber: 1
 Tensor2DMultiplySharedMemory: 0
 Tensor2DMeanBlockSize: 8
-------------------------------------
 ReLuBlockSize: 8
-------------------------------------
 CrossEntropyGetMetricBlockSize: 64
 CrossEntropyCalculateBlockSize: 64
=====================================

Epoch 0:
  - [Train] Loss=3.25820
  - [Train] Accuracy=1.37386%
  - [Train] Total Forward Time=16124.89474ms
  - [Train] Total Backward Time=20618.93636ms
  - [Train] Batch Forward Time=34.45490ms
  - [Train] Batch Backward Time=44.05756ms
  - [Test] Loss=nan
  - [Test] Accuracy=2.52404%

Epoch 1:
  - [Train] Loss=3.17973
  - [Train] Accuracy=1.34549%
  - [Train] Total Forward Time=15963.65841ms
  - [Train] Total Backward Time=20426.97087ms
  - [Train] Batch Forward Time=34.11038ms
  - [Train] Batch Backward Time=43.64737ms
  - [Test] Loss=nan
  - [Test] Accuracy=2.62420%

