mkdir -p logs
./build/CUDA-DNN-MNIST
=====================================
            Configuration
=====================================
 NumberOfEpochs: 2
 BatchSize: 1
 LearningRate: 1.000000e-06
=====================================

=====================================
         CUDA Configuration
=====================================
 Device name: GeForce GTX TITAN X
 Memory Clock Rate (KHz): 3505000
 Memory Bus Width (bits): 384
-------------------------------------
 Tensor2DAddBlockSize: 8
 Tensor2DSubtractBlockSize: 8
 Tensor2DScaleBlockSize: 8
 Tensor2DMultiplyBlockSize: 16
 Tensor2DMultiplyBlockNumber: -1
 Tensor2DMultiplySharedMemory: 0
 Tensor2DMeanBlockSize: 8
-------------------------------------
 ReLuBlockSize: 8
-------------------------------------
 CrossEntropyGetMetricBlockSize: 64
 CrossEntropyCalculateBlockSize: 64
=====================================

Epoch 0:
  - [Train] Loss=3.24092
  - [Train] Accuracy=1.73000%
  - [Train] Total Forward Time=27346.06842ms
  - [Train] Total Backward Time=12050.80528ms
  - [Train] Batch Forward Time=0.45577ms
  - [Train] Batch Backward Time=0.20085ms
  - [Test] Loss=nan
  - [Test] Accuracy=2.99000%

Epoch 1:
  - [Train] Loss=3.16086
  - [Train] Accuracy=1.69833%
  - [Train] Total Forward Time=27533.73203ms
  - [Train] Total Backward Time=12149.91536ms
  - [Train] Batch Forward Time=0.45890ms
  - [Train] Batch Backward Time=0.20250ms
  - [Test] Loss=nan
  - [Test] Accuracy=3.47000%

