mkdir -p logs
./build/CUDA-DNN-MNIST
=====================================
            Configuration
=====================================
 NumberOfEpochs: 2
 BatchSize: 32
 LearningRate: 1.000000e-06
=====================================

=====================================
         CUDA Configuration
=====================================
 Device name: GeForce GTX TITAN X
 Memory Clock Rate (KHz): 3505000
 Memory Bus Width (bits): 384
-------------------------------------
 Tensor2DAddBlockSize: 8
 Tensor2DSubtractBlockSize: 8
 Tensor2DScaleBlockSize: 8
 Tensor2DMultiplyBlockSize: 16
 Tensor2DMultiplyBlockNumber: -1
 Tensor2DMultiplySharedMemory: 1
 Tensor2DMeanBlockSize: 8
-------------------------------------
 ReLuBlockSize: 8
-------------------------------------
 CrossEntropyGetMetricBlockSize: 64
 CrossEntropyCalculateBlockSize: 64
=====================================

Epoch 0:
  - [Train] Loss=3.24427
  - [Train] Accuracy=0.71333%
  - [Train] Total Forward Time=226.42077ms
  - [Train] Total Backward Time=554.48192ms
  - [Train] Batch Forward Time=0.12076ms
  - [Train] Batch Backward Time=0.29572ms
  - [Test] Loss=nan
  - [Test] Accuracy=1.68269%

Epoch 1:
  - [Train] Loss=3.19263
  - [Train] Accuracy=0.59833%
  - [Train] Total Forward Time=227.10611ms
  - [Train] Total Backward Time=554.35574ms
  - [Train] Batch Forward Time=0.12112ms
  - [Train] Batch Backward Time=0.29566ms
  - [Test] Loss=nan
  - [Test] Accuracy=1.64263%

