mkdir -p logs
./build/CUDA-DNN-MNIST
=====================================
            Configuration
=====================================
 NumberOfEpochs: 2
 BatchSize: 128
 LearningRate: 1.000000e-06
=====================================

=====================================
         CUDA Configuration
=====================================
 Device name: GeForce GTX TITAN X
 Memory Clock Rate (KHz): 3505000
 Memory Bus Width (bits): 384
-------------------------------------
 Tensor2DAddBlockSize: 8
 Tensor2DSubtractBlockSize: 8
 Tensor2DScaleBlockSize: 8
 Tensor2DMultiplyBlockSize: 16
 Tensor2DMultiplyBlockNumber: 128
 Tensor2DMultiplySharedMemory: 0
 Tensor2DMeanBlockSize: 8
-------------------------------------
 ReLuBlockSize: 8
-------------------------------------
 CrossEntropyGetMetricBlockSize: 64
 CrossEntropyCalculateBlockSize: 64
=====================================

Epoch 0:
  - [Train] Loss=3.24582
  - [Train] Accuracy=1.82792%
  - [Train] Total Forward Time=418.78406ms
  - [Train] Total Backward Time=1320.77277ms
  - [Train] Batch Forward Time=0.89484ms
  - [Train] Batch Backward Time=2.82216ms
  - [Test] Loss=nan
  - [Test] Accuracy=2.99479%

Epoch 1:
  - [Train] Loss=3.16428
  - [Train] Accuracy=1.88468%
  - [Train] Total Forward Time=464.29958ms
  - [Train] Total Backward Time=1468.34493ms
  - [Train] Batch Forward Time=0.99209ms
  - [Train] Batch Backward Time=3.13749ms
  - [Test] Loss=nan
  - [Test] Accuracy=3.35537%

