mkdir -p logs
./build/CUDA-DNN-MNIST
=====================================
            Configuration
=====================================
 NumberOfEpochs: 2
 BatchSize: 128
 LearningRate: 1.000000e-06
=====================================

=====================================
         CUDA Configuration
=====================================
 Device name: GeForce GTX TITAN X
 Memory Clock Rate (KHz): 3505000
 Memory Bus Width (bits): 384
-------------------------------------
 Tensor2DAddBlockSize: 8
 Tensor2DSubtractBlockSize: 8
 Tensor2DScaleBlockSize: 8
 Tensor2DMultiplyBlockSize: 32
 Tensor2DMultiplyBlockNumber: 16
 Tensor2DMultiplySharedMemory: 1
 Tensor2DMeanBlockSize: 8
-------------------------------------
 ReLuBlockSize: 8
-------------------------------------
 CrossEntropyGetMetricBlockSize: 64
 CrossEntropyCalculateBlockSize: 64
=====================================

Epoch 0:
  - [Train] Loss=3.26732
  - [Train] Accuracy=0.87306%
  - [Train] Total Forward Time=120.06858ms
  - [Train] Total Backward Time=1072.25648ms
  - [Train] Batch Forward Time=0.25656ms
  - [Train] Batch Backward Time=2.29115ms
  - [Test] Loss=nan
  - [Test] Accuracy=1.53245%

Epoch 1:
  - [Train] Loss=3.23998
  - [Train] Accuracy=0.78960%
  - [Train] Total Forward Time=120.08259ms
  - [Train] Total Backward Time=1073.34314ms
  - [Train] Batch Forward Time=0.25659ms
  - [Train] Batch Backward Time=2.29347ms
  - [Test] Loss=nan
  - [Test] Accuracy=1.51242%

