mkdir -p logs
./build/CUDA-DNN-MNIST
=====================================
            Configuration
=====================================
 NumberOfEpochs: 2
 BatchSize: 128
 LearningRate: 1.000000e-06
=====================================

=====================================
         CUDA Configuration
=====================================
 Device name: GeForce GTX TITAN X
 Memory Clock Rate (KHz): 3505000
 Memory Bus Width (bits): 384
-------------------------------------
 Tensor2DAddBlockSize: 8
 Tensor2DSubtractBlockSize: 8
 Tensor2DScaleBlockSize: 8
 Tensor2DMultiplyBlockSize: 16
 Tensor2DMultiplyBlockNumber: 512
 Tensor2DMultiplySharedMemory: 0
 Tensor2DMeanBlockSize: 8
-------------------------------------
 ReLuBlockSize: 8
-------------------------------------
 CrossEntropyGetMetricBlockSize: 64
 CrossEntropyCalculateBlockSize: 64
=====================================

Epoch 0:
  - [Train] Loss=3.21792
  - [Train] Accuracy=0.67441%
  - [Train] Total Forward Time=3147.04378ms
  - [Train] Total Backward Time=7574.02864ms
  - [Train] Batch Forward Time=6.72445ms
  - [Train] Batch Backward Time=16.18382ms
  - [Test] Loss=nan
  - [Test] Accuracy=1.10176%

Epoch 1:
  - [Train] Loss=3.13583
  - [Train] Accuracy=0.56090%
  - [Train] Total Forward Time=3145.49501ms
  - [Train] Total Backward Time=7576.24820ms
  - [Train] Batch Forward Time=6.72114ms
  - [Train] Batch Backward Time=16.18856ms
  - [Test] Loss=nan
  - [Test] Accuracy=1.11178%

