mkdir -p logs
./build/CUDA-DNN-MNIST
=====================================
            Configuration
=====================================
 NumberOfEpochs: 2
 BatchSize: 4
 LearningRate: 1.000000e-06
=====================================

=====================================
         CUDA Configuration
=====================================
 Device name: GeForce GTX TITAN X
 Memory Clock Rate (KHz): 3505000
 Memory Bus Width (bits): 384
-------------------------------------
 Tensor2DAddBlockSize: 8
 Tensor2DSubtractBlockSize: 8
 Tensor2DScaleBlockSize: 8
 Tensor2DMultiplyBlockSize: 16
 Tensor2DMultiplyBlockNumber: -1
 Tensor2DMultiplySharedMemory: 0
 Tensor2DMeanBlockSize: 8
-------------------------------------
 ReLuBlockSize: 8
-------------------------------------
 CrossEntropyGetMetricBlockSize: 64
 CrossEntropyCalculateBlockSize: 64
=====================================

Epoch 0:
  - [Train] Loss=3.22431
  - [Train] Accuracy=0.49167%
  - [Train] Total Forward Time=6958.27085ms
  - [Train] Total Backward Time=3419.69053ms
  - [Train] Batch Forward Time=0.46388ms
  - [Train] Batch Backward Time=0.22798ms
  - [Test] Loss=nan
  - [Test] Accuracy=0.93000%

Epoch 1:
  - [Train] Loss=3.14598
  - [Train] Accuracy=0.52000%
  - [Train] Total Forward Time=6962.50192ms
  - [Train] Total Backward Time=3420.72890ms
  - [Train] Batch Forward Time=0.46417ms
  - [Train] Batch Backward Time=0.22805ms
  - [Test] Loss=nan
  - [Test] Accuracy=1.05000%

