mkdir -p logs
./build/CUDA-DNN-MNIST
=====================================
            Configuration
=====================================
 NumberOfEpochs: 2
 BatchSize: 512
 LearningRate: 1.000000e-06
=====================================

=====================================
         CUDA Configuration
=====================================
 Device name: GeForce GTX TITAN X
 Memory Clock Rate (KHz): 3505000
 Memory Bus Width (bits): 384
-------------------------------------
 Tensor2DAddBlockSize: 8
 Tensor2DSubtractBlockSize: 8
 Tensor2DScaleBlockSize: 8
 Tensor2DMultiplyBlockSize: 16
 Tensor2DMultiplyBlockNumber: 16
 Tensor2DMultiplySharedMemory: 0
 Tensor2DMeanBlockSize: 8
-------------------------------------
 ReLuBlockSize: 8
-------------------------------------
 CrossEntropyGetMetricBlockSize: 64
 CrossEntropyCalculateBlockSize: 64
=====================================

Epoch 0:
  - [Train] Loss=3.22958
  - [Train] Accuracy=1.54915%
  - [Train] Total Forward Time=427.87101ms
  - [Train] Total Backward Time=1260.04650ms
  - [Train] Batch Forward Time=3.65702ms
  - [Train] Batch Backward Time=10.76963ms
  - [Test] Loss=inf
  - [Test] Accuracy=2.51850%

Epoch 1:
  - [Train] Loss=3.15201
  - [Train] Accuracy=1.57419%
  - [Train] Total Forward Time=428.34570ms
  - [Train] Total Backward Time=1259.13059ms
  - [Train] Batch Forward Time=3.66107ms
  - [Train] Batch Backward Time=10.76180ms
  - [Test] Loss=nan
  - [Test] Accuracy=2.66242%

