mkdir -p logs
./build/CUDA-DNN-MNIST
=====================================
            Configuration
=====================================
 NumberOfEpochs: 2
 BatchSize: 128
 LearningRate: 1.000000e-06
=====================================

=====================================
         CUDA Configuration
=====================================
 Device name: GeForce GTX TITAN X
 Memory Clock Rate (KHz): 3505000
 Memory Bus Width (bits): 384
-------------------------------------
 Tensor2DAddBlockSize: 8
 Tensor2DSubtractBlockSize: 8
 Tensor2DScaleBlockSize: 8
 Tensor2DMultiplyBlockSize: 16
 Tensor2DMultiplyBlockNumber: 16
 Tensor2DMultiplySharedMemory: 0
 Tensor2DMeanBlockSize: 8
-------------------------------------
 ReLuBlockSize: 8
-------------------------------------
 CrossEntropyGetMetricBlockSize: 64
 CrossEntropyCalculateBlockSize: 64
=====================================

Epoch 0:
  - [Train] Loss=3.21208
  - [Train] Accuracy=1.25868%
  - [Train] Total Forward Time=445.37546ms
  - [Train] Total Backward Time=1493.80557ms
  - [Train] Batch Forward Time=0.95166ms
  - [Train] Batch Backward Time=3.19189ms
  - [Test] Loss=nan
  - [Test] Accuracy=1.94311%

Epoch 1:
  - [Train] Loss=3.12799
  - [Train] Accuracy=1.21361%
  - [Train] Total Forward Time=438.73072ms
  - [Train] Total Backward Time=1474.33853ms
  - [Train] Batch Forward Time=0.93746ms
  - [Train] Batch Backward Time=3.15030ms
  - [Test] Loss=nan
  - [Test] Accuracy=1.83293%

