mkdir -p logs
./build/CUDA-DNN-MNIST
=====================================
            Configuration
=====================================
 NumberOfEpochs: 2
 BatchSize: 256
 LearningRate: 1.000000e-06
=====================================

=====================================
         CUDA Configuration
=====================================
 Device name: GeForce GTX TITAN X
 Memory Clock Rate (KHz): 3505000
 Memory Bus Width (bits): 384
-------------------------------------
 Tensor2DAddBlockSize: 8
 Tensor2DSubtractBlockSize: 8
 Tensor2DScaleBlockSize: 8
 Tensor2DMultiplyBlockSize: 16
 Tensor2DMultiplyBlockNumber: 32
 Tensor2DMultiplySharedMemory: 1
 Tensor2DMeanBlockSize: 8
-------------------------------------
 ReLuBlockSize: 8
-------------------------------------
 CrossEntropyGetMetricBlockSize: 64
 CrossEntropyCalculateBlockSize: 64
=====================================

Epoch 0:
  - [Train] Loss=3.22123
  - [Train] Accuracy=1.22196%
  - [Train] Total Forward Time=87.55366ms
  - [Train] Total Backward Time=322.99939ms
  - [Train] Batch Forward Time=0.37416ms
  - [Train] Batch Backward Time=1.38034ms
  - [Test] Loss=nan
  - [Test] Accuracy=1.86298%

Epoch 1:
  - [Train] Loss=3.16888
  - [Train] Accuracy=1.26035%
  - [Train] Total Forward Time=87.47270ms
  - [Train] Total Backward Time=322.89040ms
  - [Train] Batch Forward Time=0.37381ms
  - [Train] Batch Backward Time=1.37987ms
  - [Test] Loss=nan
  - [Test] Accuracy=1.97316%

