mkdir -p logs
./build/CUDA-DNN-MNIST
=====================================
            Configuration
=====================================
 NumberOfEpochs: 2
 BatchSize: 256
 LearningRate: 1.000000e-06
=====================================

=====================================
         CUDA Configuration
=====================================
 Device name: GeForce GTX 780 Ti
 Memory Clock Rate (KHz): 3500000
 Memory Bus Width (bits): 384
-------------------------------------
 Tensor2DAddBlockSize: 8
 Tensor2DSubtractBlockSize: 8
 Tensor2DScaleBlockSize: 8
 Tensor2DMultiplyBlockSize: 16
 Tensor2DMultiplyBlockNumber: -1
 Tensor2DMultiplySharedMemory: 0
 Tensor2DMeanBlockSize: 8
-------------------------------------
 ReLuBlockSize: 8
-------------------------------------
 CrossEntropyGetMetricBlockSize: 64
 CrossEntropyCalculateBlockSize: 64
=====================================

Epoch 0:
  - [Train] Loss=3.29475
  - [Train] Accuracy=2.20853%
  - [Train] Total Forward Time=534.83990ms
  - [Train] Total Backward Time=497.32608ms
  - [Train] Batch Forward Time=2.28564ms
  - [Train] Batch Backward Time=2.12533ms
  - [Test] Loss=nan
  - [Test] Accuracy=3.22516%

Epoch 1:
  - [Train] Loss=3.22819
  - [Train] Accuracy=2.07833%
  - [Train] Total Forward Time=534.80838ms
  - [Train] Total Backward Time=498.60797ms
  - [Train] Batch Forward Time=2.28551ms
  - [Train] Batch Backward Time=2.13080ms
  - [Test] Loss=nan
  - [Test] Accuracy=3.18510%

