mkdir -p logs
./build/CUDA-DNN-MNIST
=====================================
            Configuration
=====================================
 NumberOfEpochs: 2
 BatchSize: 1024
 LearningRate: 1.000000e-06
=====================================

=====================================
         CUDA Configuration
=====================================
 Device name: GeForce GTX 780 Ti
 Memory Clock Rate (KHz): 3500000
 Memory Bus Width (bits): 384
-------------------------------------
 Tensor2DAddBlockSize: 8
 Tensor2DSubtractBlockSize: 8
 Tensor2DScaleBlockSize: 8
 Tensor2DMultiplyBlockSize: 16
 Tensor2DMultiplyBlockNumber: -1
 Tensor2DMultiplySharedMemory: 0
 Tensor2DMeanBlockSize: 8
-------------------------------------
 ReLuBlockSize: 8
-------------------------------------
 CrossEntropyGetMetricBlockSize: 64
 CrossEntropyCalculateBlockSize: 64
=====================================

Epoch 0:
  - [Train] Loss=3.31873
  - [Train] Accuracy=4.38443%
  - [Train] Total Forward Time=271.92822ms
  - [Train] Total Backward Time=454.00186ms
  - [Train] Batch Forward Time=4.68842ms
  - [Train] Batch Backward Time=7.82762ms
  - [Test] Loss=nan
  - [Test] Accuracy=4.68750%

Epoch 1:
  - [Train] Loss=3.24796
  - [Train] Accuracy=3.40450%
  - [Train] Total Forward Time=272.03850ms
  - [Train] Total Backward Time=454.07776ms
  - [Train] Batch Forward Time=4.69032ms
  - [Train] Batch Backward Time=7.82893ms
  - [Test] Loss=nan
  - [Test] Accuracy=4.28602%

