mkdir -p logs
./build/CUDA-DNN-MNIST
=====================================
            Configuration
=====================================
 NumberOfEpochs: 2
 BatchSize: 128
 LearningRate: 1.000000e-06
=====================================

=====================================
         CUDA Configuration
=====================================
 Device name: GeForce GTX 780 Ti
 Memory Clock Rate (KHz): 3500000
 Memory Bus Width (bits): 384
-------------------------------------
 Tensor2DAddBlockSize: 8
 Tensor2DSubtractBlockSize: 8
 Tensor2DScaleBlockSize: 8
 Tensor2DMultiplyBlockSize: 16
 Tensor2DMultiplyBlockNumber: 2
 Tensor2DMultiplySharedMemory: 0
 Tensor2DMeanBlockSize: 8
-------------------------------------
 ReLuBlockSize: 8
-------------------------------------
 CrossEntropyGetMetricBlockSize: 64
 CrossEntropyCalculateBlockSize: 64
=====================================

Epoch 0:
  - [Train] Loss=3.22031
  - [Train] Accuracy=1.18356%
  - [Train] Total Forward Time=7066.11183ms
  - [Train] Total Backward Time=2654.21331ms
  - [Train] Batch Forward Time=15.09853ms
  - [Train] Batch Backward Time=5.67140ms
  - [Test] Loss=nan
  - [Test] Accuracy=2.02324%

Epoch 1:
  - [Train] Loss=3.16163
  - [Train] Accuracy=1.15685%
  - [Train] Total Forward Time=7065.95750ms
  - [Train] Total Backward Time=2653.96585ms
  - [Train] Batch Forward Time=15.09820ms
  - [Train] Batch Backward Time=5.67087ms
  - [Test] Loss=nan
  - [Test] Accuracy=2.06330%

