mkdir -p logs
./build/CUDA-DNN-MNIST
=====================================
            Configuration
=====================================
 NumberOfEpochs: 2
 BatchSize: 128
 LearningRate: 1.000000e-06
=====================================

=====================================
         CUDA Configuration
=====================================
 Device name: GeForce GTX 780 Ti
 Memory Clock Rate (KHz): 3500000
 Memory Bus Width (bits): 384
-------------------------------------
 Tensor2DAddBlockSize: 8
 Tensor2DSubtractBlockSize: 8
 Tensor2DScaleBlockSize: 8
 Tensor2DMultiplyBlockSize: 16
 Tensor2DMultiplyBlockNumber: 128
 Tensor2DMultiplySharedMemory: 0
 Tensor2DMeanBlockSize: 8
-------------------------------------
 ReLuBlockSize: 8
-------------------------------------
 CrossEntropyGetMetricBlockSize: 64
 CrossEntropyCalculateBlockSize: 64
=====================================

Epoch 0:
  - [Train] Loss=3.28651
  - [Train] Accuracy=1.22029%
  - [Train] Total Forward Time=320.58851ms
  - [Train] Total Backward Time=1332.40512ms
  - [Train] Batch Forward Time=0.68502ms
  - [Train] Batch Backward Time=2.84702ms
  - [Test] Loss=nan
  - [Test] Accuracy=1.71274%

Epoch 1:
  - [Train] Loss=3.22747
  - [Train] Accuracy=1.13181%
  - [Train] Total Forward Time=333.08656ms
  - [Train] Total Backward Time=1389.97821ms
  - [Train] Batch Forward Time=0.71172ms
  - [Train] Batch Backward Time=2.97004ms
  - [Test] Loss=nan
  - [Test] Accuracy=1.67268%

