mkdir -p logs
./build/CUDA-DNN-MNIST
=====================================
            Configuration
=====================================
 NumberOfEpochs: 2
 BatchSize: 32
 LearningRate: 1.000000e-06
=====================================

=====================================
         CUDA Configuration
=====================================
 Device name: GeForce GTX 780 Ti
 Memory Clock Rate (KHz): 3500000
 Memory Bus Width (bits): 384
-------------------------------------
 Tensor2DAddBlockSize: 8
 Tensor2DSubtractBlockSize: 8
 Tensor2DScaleBlockSize: 8
 Tensor2DMultiplyBlockSize: 16
 Tensor2DMultiplyBlockNumber: -1
 Tensor2DMultiplySharedMemory: 0
 Tensor2DMeanBlockSize: 8
-------------------------------------
 ReLuBlockSize: 8
-------------------------------------
 CrossEntropyGetMetricBlockSize: 64
 CrossEntropyCalculateBlockSize: 64
=====================================

Epoch 0:
  - [Train] Loss=3.24473
  - [Train] Accuracy=2.96167%
  - [Train] Total Forward Time=2082.73645ms
  - [Train] Total Backward Time=710.06717ms
  - [Train] Batch Forward Time=1.11079ms
  - [Train] Batch Backward Time=0.37870ms
  - [Test] Loss=nan
  - [Test] Accuracy=3.54567%

Epoch 1:
  - [Train] Loss=3.18081
  - [Train] Accuracy=2.65667%
  - [Train] Total Forward Time=2082.07309ms
  - [Train] Total Backward Time=711.37930ms
  - [Train] Batch Forward Time=1.11044ms
  - [Train] Batch Backward Time=0.37940ms
  - [Test] Loss=nan
  - [Test] Accuracy=3.68590%

