mkdir -p logs
./build/CUDA-DNN-MNIST
=====================================
            Configuration
=====================================
 NumberOfEpochs: 2
 BatchSize: 128
 LearningRate: 1.000000e-06
=====================================

=====================================
         CUDA Configuration
=====================================
 Device name: GeForce GTX 780 Ti
 Memory Clock Rate (KHz): 3500000
 Memory Bus Width (bits): 384
-------------------------------------
 Tensor2DAddBlockSize: 8
 Tensor2DSubtractBlockSize: 8
 Tensor2DScaleBlockSize: 8
 Tensor2DMultiplyBlockSize: 16
 Tensor2DMultiplyBlockNumber: 16
 Tensor2DMultiplySharedMemory: 0
 Tensor2DMeanBlockSize: 8
-------------------------------------
 ReLuBlockSize: 8
-------------------------------------
 CrossEntropyGetMetricBlockSize: 64
 CrossEntropyCalculateBlockSize: 64
=====================================

Epoch 0:
  - [Train] Loss=3.23788
  - [Train] Accuracy=1.86131%
  - [Train] Total Forward Time=300.32051ms
  - [Train] Total Backward Time=667.32755ms
  - [Train] Batch Forward Time=0.64171ms
  - [Train] Batch Backward Time=1.42591ms
  - [Test] Loss=nan
  - [Test] Accuracy=2.89463%

Epoch 1:
  - [Train] Loss=3.17787
  - [Train] Accuracy=1.66266%
  - [Train] Total Forward Time=292.28211ms
  - [Train] Total Backward Time=646.74810ms
  - [Train] Batch Forward Time=0.62453ms
  - [Train] Batch Backward Time=1.38194ms
  - [Test] Loss=nan
  - [Test] Accuracy=3.04487%

