mkdir -p logs
./build/CUDA-DNN-MNIST
=====================================
            Configuration
=====================================
 NumberOfEpochs: 2
 BatchSize: 16
 LearningRate: 1.000000e-06
=====================================

=====================================
         CUDA Configuration
=====================================
 Device name: GeForce GTX 780 Ti
 Memory Clock Rate (KHz): 3500000
 Memory Bus Width (bits): 384
-------------------------------------
 Tensor2DAddBlockSize: 8
 Tensor2DSubtractBlockSize: 8
 Tensor2DScaleBlockSize: 8
 Tensor2DMultiplyBlockSize: 16
 Tensor2DMultiplyBlockNumber: -1
 Tensor2DMultiplySharedMemory: 1
 Tensor2DMeanBlockSize: 8
-------------------------------------
 ReLuBlockSize: 8
-------------------------------------
 CrossEntropyGetMetricBlockSize: 64
 CrossEntropyCalculateBlockSize: 64
=====================================

Epoch 0:
  - [Train] Loss=3.27229
  - [Train] Accuracy=1.38000%
  - [Train] Total Forward Time=378.52957ms
  - [Train] Total Backward Time=521.93286ms
  - [Train] Batch Forward Time=0.10094ms
  - [Train] Batch Backward Time=0.13918ms
  - [Test] Loss=nan
  - [Test] Accuracy=2.02000%

Epoch 1:
  - [Train] Loss=3.23191
  - [Train] Accuracy=1.25500%
  - [Train] Total Forward Time=377.71818ms
  - [Train] Total Backward Time=521.42925ms
  - [Train] Batch Forward Time=0.10072ms
  - [Train] Batch Backward Time=0.13905ms
  - [Test] Loss=nan
  - [Test] Accuracy=1.97000%

