mkdir -p logs
./build/CUDA-DNN-MNIST
=====================================
            Configuration
=====================================
 NumberOfEpochs: 2
 BatchSize: 128
 LearningRate: 1.000000e-06
=====================================

=====================================
         CUDA Configuration
=====================================
 Device name: GeForce GTX 780 Ti
 Memory Clock Rate (KHz): 3500000
 Memory Bus Width (bits): 384
-------------------------------------
 Tensor2DAddBlockSize: 8
 Tensor2DSubtractBlockSize: 8
 Tensor2DScaleBlockSize: 8
 Tensor2DMultiplyBlockSize: 16
 Tensor2DMultiplyBlockNumber: 16
 Tensor2DMultiplySharedMemory: 1
 Tensor2DMeanBlockSize: 8
-------------------------------------
 ReLuBlockSize: 8
-------------------------------------
 CrossEntropyGetMetricBlockSize: 64
 CrossEntropyCalculateBlockSize: 64
=====================================

Epoch 0:
  - [Train] Loss=3.25351
  - [Train] Accuracy=1.01997%
  - [Train] Total Forward Time=65.67981ms
  - [Train] Total Backward Time=164.31958ms
  - [Train] Batch Forward Time=0.14034ms
  - [Train] Batch Backward Time=0.35111ms
  - [Test] Loss=nan
  - [Test] Accuracy=2.21354%

Epoch 1:
  - [Train] Loss=3.21650
  - [Train] Accuracy=0.98992%
  - [Train] Total Forward Time=65.71907ms
  - [Train] Total Backward Time=164.77027ms
  - [Train] Batch Forward Time=0.14043ms
  - [Train] Batch Backward Time=0.35207ms
  - [Test] Loss=nan
  - [Test] Accuracy=2.24359%

