mkdir -p logs
./build/CUDA-DNN-MNIST
=====================================
            Configuration
=====================================
 NumberOfEpochs: 2
 BatchSize: 2
 LearningRate: 1.000000e-06
=====================================

=====================================
         CUDA Configuration
=====================================
 Device name: GeForce GTX 780 Ti
 Memory Clock Rate (KHz): 3500000
 Memory Bus Width (bits): 384
-------------------------------------
 Tensor2DAddBlockSize: 8
 Tensor2DSubtractBlockSize: 8
 Tensor2DScaleBlockSize: 8
 Tensor2DMultiplyBlockSize: 16
 Tensor2DMultiplyBlockNumber: -1
 Tensor2DMultiplySharedMemory: 1
 Tensor2DMeanBlockSize: 8
-------------------------------------
 ReLuBlockSize: 8
-------------------------------------
 CrossEntropyGetMetricBlockSize: 64
 CrossEntropyCalculateBlockSize: 64
=====================================

Epoch 0:
  - [Train] Loss=3.24729
  - [Train] Accuracy=0.00000%
  - [Train] Total Forward Time=3036.81840ms
  - [Train] Total Backward Time=3555.61267ms
  - [Train] Batch Forward Time=0.10123ms
  - [Train] Batch Backward Time=0.11852ms
  - [Test] Loss=3.32362
  - [Test] Accuracy=0.33000%

Epoch 1:
  - [Train] Loss=3.24639
  - [Train] Accuracy=0.00000%
  - [Train] Total Forward Time=3031.69207ms
  - [Train] Total Backward Time=3548.04317ms
  - [Train] Batch Forward Time=0.10106ms
  - [Train] Batch Backward Time=0.11827ms
  - [Test] Loss=3.32268
  - [Test] Accuracy=0.33000%

