mkdir -p logs
./build/CUDA-DNN-MNIST
=====================================
            Configuration
=====================================
 NumberOfEpochs: 2
 BatchSize: 128
 LearningRate: 1.000000e-06
=====================================

=====================================
         CUDA Configuration
=====================================
 Device name: GeForce GTX 780 Ti
 Memory Clock Rate (KHz): 3500000
 Memory Bus Width (bits): 384
-------------------------------------
 Tensor2DAddBlockSize: 8
 Tensor2DSubtractBlockSize: 8
 Tensor2DScaleBlockSize: 8
 Tensor2DMultiplyBlockSize: 16
 Tensor2DMultiplyBlockNumber: 32
 Tensor2DMultiplySharedMemory: 1
 Tensor2DMeanBlockSize: 8
-------------------------------------
 ReLuBlockSize: 8
-------------------------------------
 CrossEntropyGetMetricBlockSize: 64
 CrossEntropyCalculateBlockSize: 64
=====================================

Epoch 0:
  - [Train] Loss=3.25410
  - [Train] Accuracy=1.29708%
  - [Train] Total Forward Time=65.02266ms
  - [Train] Total Backward Time=162.90560ms
  - [Train] Batch Forward Time=0.13894ms
  - [Train] Batch Backward Time=0.34809ms
  - [Test] Loss=nan
  - [Test] Accuracy=1.82292%

Epoch 1:
  - [Train] Loss=3.22147
  - [Train] Accuracy=1.22863%
  - [Train] Total Forward Time=65.32666ms
  - [Train] Total Backward Time=164.76742ms
  - [Train] Batch Forward Time=0.13959ms
  - [Train] Batch Backward Time=0.35207ms
  - [Test] Loss=nan
  - [Test] Accuracy=1.80288%

