mkdir -p logs
./build/CUDA-DNN-MNIST
=====================================
            Configuration
=====================================
 NumberOfEpochs: 2
 BatchSize: 8
 LearningRate: 1.000000e-06
=====================================

=====================================
         CUDA Configuration
=====================================
 Device name: GeForce GTX 780 Ti
 Memory Clock Rate (KHz): 3500000
 Memory Bus Width (bits): 384
-------------------------------------
 Tensor2DAddBlockSize: 8
 Tensor2DSubtractBlockSize: 8
 Tensor2DScaleBlockSize: 8
 Tensor2DMultiplyBlockSize: 16
 Tensor2DMultiplyBlockNumber: -1
 Tensor2DMultiplySharedMemory: 0
 Tensor2DMeanBlockSize: 8
-------------------------------------
 ReLuBlockSize: 8
-------------------------------------
 CrossEntropyGetMetricBlockSize: 64
 CrossEntropyCalculateBlockSize: 64
=====================================

Epoch 0:
  - [Train] Loss=3.25324
  - [Train] Accuracy=1.61667%
  - [Train] Total Forward Time=8055.78444ms
  - [Train] Total Backward Time=1246.97696ms
  - [Train] Batch Forward Time=1.07410ms
  - [Train] Batch Backward Time=0.16626ms
  - [Test] Loss=nan
  - [Test] Accuracy=2.31000%

Epoch 1:
  - [Train] Loss=3.18981
  - [Train] Accuracy=1.56333%
  - [Train] Total Forward Time=8056.36889ms
  - [Train] Total Backward Time=1247.28528ms
  - [Train] Batch Forward Time=1.07418ms
  - [Train] Batch Backward Time=0.16630ms
  - [Test] Loss=inf
  - [Test] Accuracy=2.31000%

