mkdir -p logs
./build/CUDA-DNN-MNIST
=====================================
            Configuration
=====================================
 NumberOfEpochs: 2
 BatchSize: 256
 LearningRate: 1.000000e-06
=====================================

=====================================
         CUDA Configuration
=====================================
 Device name: GeForce GTX 780 Ti
 Memory Clock Rate (KHz): 3500000
 Memory Bus Width (bits): 384
-------------------------------------
 Tensor2DAddBlockSize: 8
 Tensor2DSubtractBlockSize: 8
 Tensor2DScaleBlockSize: 8
 Tensor2DMultiplyBlockSize: 16
 Tensor2DMultiplyBlockNumber: 16
 Tensor2DMultiplySharedMemory: 1
 Tensor2DMeanBlockSize: 8
-------------------------------------
 ReLuBlockSize: 8
-------------------------------------
 CrossEntropyGetMetricBlockSize: 64
 CrossEntropyCalculateBlockSize: 64
=====================================

Epoch 0:
  - [Train] Loss=3.24634
  - [Train] Accuracy=1.11178%
  - [Train] Total Forward Time=51.92282ms
  - [Train] Total Backward Time=139.27766ms
  - [Train] Batch Forward Time=0.22189ms
  - [Train] Batch Backward Time=0.59520ms
  - [Test] Loss=3.26666
  - [Test] Accuracy=2.33373%

Epoch 1:
  - [Train] Loss=3.21216
  - [Train] Accuracy=1.05836%
  - [Train] Total Forward Time=51.69213ms
  - [Train] Total Backward Time=139.52282ms
  - [Train] Batch Forward Time=0.22091ms
  - [Train] Batch Backward Time=0.59625ms
  - [Test] Loss=3.23545
  - [Test] Accuracy=2.34375%

