mkdir -p logs
./build/CUDA-DNN-MNIST
=====================================
            Configuration
=====================================
 NumberOfEpochs: 2
 BatchSize: 256
 LearningRate: 1.000000e-06
=====================================

=====================================
         CUDA Configuration
=====================================
 Device name: GeForce GTX 780 Ti
 Memory Clock Rate (KHz): 3500000
 Memory Bus Width (bits): 384
-------------------------------------
 Tensor2DAddBlockSize: 8
 Tensor2DSubtractBlockSize: 8
 Tensor2DScaleBlockSize: 8
 Tensor2DMultiplyBlockSize: 16
 Tensor2DMultiplyBlockNumber: -1
 Tensor2DMultiplySharedMemory: 1
 Tensor2DMeanBlockSize: 8
-------------------------------------
 ReLuBlockSize: 8
-------------------------------------
 CrossEntropyGetMetricBlockSize: 64
 CrossEntropyCalculateBlockSize: 64
=====================================

Epoch 0:
  - [Train] Loss=3.24961
  - [Train] Accuracy=0.96655%
  - [Train] Total Forward Time=51.86189ms
  - [Train] Total Backward Time=139.34432ms
  - [Train] Batch Forward Time=0.22163ms
  - [Train] Batch Backward Time=0.59549ms
  - [Test] Loss=nan
  - [Test] Accuracy=1.58253%

Epoch 1:
  - [Train] Loss=3.21344
  - [Train] Accuracy=0.91480%
  - [Train] Total Forward Time=51.72368ms
  - [Train] Total Backward Time=139.17354ms
  - [Train] Batch Forward Time=0.22104ms
  - [Train] Batch Backward Time=0.59476ms
  - [Test] Loss=nan
  - [Test] Accuracy=1.62260%

