mkdir -p logs
./build/CUDA-DNN-MNIST
=====================================
            Configuration
=====================================
 NumberOfEpochs: 2
 BatchSize: 256
 LearningRate: 1.000000e-06
=====================================

=====================================
         CUDA Configuration
=====================================
 Device name: GeForce GTX 780 Ti
 Memory Clock Rate (KHz): 3500000
 Memory Bus Width (bits): 384
-------------------------------------
 Tensor2DAddBlockSize: 8
 Tensor2DSubtractBlockSize: 8
 Tensor2DScaleBlockSize: 8
 Tensor2DMultiplyBlockSize: 16
 Tensor2DMultiplyBlockNumber: 32
 Tensor2DMultiplySharedMemory: 1
 Tensor2DMeanBlockSize: 8
-------------------------------------
 ReLuBlockSize: 8
-------------------------------------
 CrossEntropyGetMetricBlockSize: 64
 CrossEntropyCalculateBlockSize: 64
=====================================

Epoch 0:
  - [Train] Loss=3.25473
  - [Train] Accuracy=1.60590%
  - [Train] Total Forward Time=52.15379ms
  - [Train] Total Backward Time=139.91152ms
  - [Train] Batch Forward Time=0.22288ms
  - [Train] Batch Backward Time=0.59791ms
  - [Test] Loss=nan
  - [Test] Accuracy=1.78285%

Epoch 1:
  - [Train] Loss=3.21779
  - [Train] Accuracy=1.44231%
  - [Train] Total Forward Time=51.96074ms
  - [Train] Total Backward Time=140.26451ms
  - [Train] Batch Forward Time=0.22205ms
  - [Train] Batch Backward Time=0.59942ms
  - [Test] Loss=nan
  - [Test] Accuracy=1.79287%

