mkdir -p logs
./build/CUDA-DNN-MNIST
=====================================
            Configuration
=====================================
 NumberOfEpochs: 2
 BatchSize: 64
 LearningRate: 1.000000e-06
=====================================

=====================================
         CUDA Configuration
=====================================
 Device name: GeForce GTX 780 Ti
 Memory Clock Rate (KHz): 3500000
 Memory Bus Width (bits): 384
-------------------------------------
 Tensor2DAddBlockSize: 8
 Tensor2DSubtractBlockSize: 8
 Tensor2DScaleBlockSize: 8
 Tensor2DMultiplyBlockSize: 16
 Tensor2DMultiplyBlockNumber: -1
 Tensor2DMultiplySharedMemory: 1
 Tensor2DMeanBlockSize: 8
-------------------------------------
 ReLuBlockSize: 8
-------------------------------------
 CrossEntropyGetMetricBlockSize: 64
 CrossEntropyCalculateBlockSize: 64
=====================================

Epoch 0:
  - [Train] Loss=3.24959
  - [Train] Accuracy=0.85712%
  - [Train] Total Forward Time=105.20682ms
  - [Train] Total Backward Time=217.11674ms
  - [Train] Batch Forward Time=0.11228ms
  - [Train] Batch Backward Time=0.23171ms
  - [Test] Loss=nan
  - [Test] Accuracy=1.43229%

Epoch 1:
  - [Train] Loss=3.21762
  - [Train] Accuracy=0.82377%
  - [Train] Total Forward Time=104.93850ms
  - [Train] Total Backward Time=217.25411ms
  - [Train] Batch Forward Time=0.11199ms
  - [Train] Batch Backward Time=0.23186ms
  - [Test] Loss=nan
  - [Test] Accuracy=1.42228%

