mkdir -p logs
./build/CUDA-DNN-MNIST
=====================================
            Configuration
=====================================
 NumberOfEpochs: 2
 BatchSize: 256
 LearningRate: 1.000000e-06
=====================================

=====================================
         CUDA Configuration
=====================================
 Device name: GeForce GTX 780 Ti
 Memory Clock Rate (KHz): 3500000
 Memory Bus Width (bits): 384
-------------------------------------
 Tensor2DAddBlockSize: 8
 Tensor2DSubtractBlockSize: 8
 Tensor2DScaleBlockSize: 8
 Tensor2DMultiplyBlockSize: 16
 Tensor2DMultiplyBlockNumber: 16
 Tensor2DMultiplySharedMemory: 0
 Tensor2DMeanBlockSize: 8
-------------------------------------
 ReLuBlockSize: 8
-------------------------------------
 CrossEntropyGetMetricBlockSize: 64
 CrossEntropyCalculateBlockSize: 64
=====================================

Epoch 0:
  - [Train] Loss=3.19604
  - [Train] Accuracy=3.15839%
  - [Train] Total Forward Time=279.97917ms
  - [Train] Total Backward Time=569.99398ms
  - [Train] Batch Forward Time=1.19649ms
  - [Train] Batch Backward Time=2.43587ms
  - [Test] Loss=nan
  - [Test] Accuracy=4.63742%

Epoch 1:
  - [Train] Loss=3.13878
  - [Train] Accuracy=3.10330%
  - [Train] Total Forward Time=281.53882ms
  - [Train] Total Backward Time=570.39130ms
  - [Train] Batch Forward Time=1.20316ms
  - [Train] Batch Backward Time=2.43757ms
  - [Test] Loss=nan
  - [Test] Accuracy=4.96795%

