mkdir -p logs
./build/CUDA-DNN-MNIST
=====================================
            Configuration
=====================================
 NumberOfEpochs: 2
 BatchSize: 512
 LearningRate: 1.000000e-06
=====================================

=====================================
         CUDA Configuration
=====================================
 Device name: GeForce GTX 780 Ti
 Memory Clock Rate (KHz): 3500000
 Memory Bus Width (bits): 384
-------------------------------------
 Tensor2DAddBlockSize: 8
 Tensor2DSubtractBlockSize: 8
 Tensor2DScaleBlockSize: 8
 Tensor2DMultiplyBlockSize: 16
 Tensor2DMultiplyBlockNumber: 32
 Tensor2DMultiplySharedMemory: 1
 Tensor2DMeanBlockSize: 8
-------------------------------------
 ReLuBlockSize: 8
-------------------------------------
 CrossEntropyGetMetricBlockSize: 64
 CrossEntropyCalculateBlockSize: 64
=====================================

Epoch 0:
  - [Train] Loss=3.29374
  - [Train] Accuracy=1.79287%
  - [Train] Total Forward Time=47.57779ms
  - [Train] Total Backward Time=126.05357ms
  - [Train] Batch Forward Time=0.40665ms
  - [Train] Batch Backward Time=1.07738ms
  - [Test] Loss=nan
  - [Test] Accuracy=2.79605%

Epoch 1:
  - [Train] Loss=3.25548
  - [Train] Accuracy=1.63261%
  - [Train] Total Forward Time=47.34122ms
  - [Train] Total Backward Time=126.19898ms
  - [Train] Batch Forward Time=0.40463ms
  - [Train] Batch Backward Time=1.07862ms
  - [Test] Loss=nan
  - [Test] Accuracy=2.69326%

