mkdir -p logs
./build/CUDA-DNN-MNIST
=====================================
            Configuration
=====================================
 NumberOfEpochs: 2
 BatchSize: 2
 LearningRate: 1.000000e-06
=====================================

=====================================
         CUDA Configuration
=====================================
 Device name: GeForce GTX 780 Ti
 Memory Clock Rate (KHz): 3500000
 Memory Bus Width (bits): 384
-------------------------------------
 Tensor2DAddBlockSize: 8
 Tensor2DSubtractBlockSize: 8
 Tensor2DScaleBlockSize: 8
 Tensor2DMultiplyBlockSize: 16
 Tensor2DMultiplyBlockNumber: -1
 Tensor2DMultiplySharedMemory: 0
 Tensor2DMeanBlockSize: 8
-------------------------------------
 ReLuBlockSize: 8
-------------------------------------
 CrossEntropyGetMetricBlockSize: 64
 CrossEntropyCalculateBlockSize: 64
=====================================

Epoch 0:
  - [Train] Loss=3.28955
  - [Train] Accuracy=2.79167%
  - [Train] Total Forward Time=32062.88997ms
  - [Train] Total Backward Time=4022.17242ms
  - [Train] Batch Forward Time=1.06876ms
  - [Train] Batch Backward Time=0.13407ms
  - [Test] Loss=nan
  - [Test] Accuracy=5.25000%

Epoch 1:
  - [Train] Loss=3.22635
  - [Train] Accuracy=2.70000%
  - [Train] Total Forward Time=32063.65837ms
  - [Train] Total Backward Time=4024.39069ms
  - [Train] Batch Forward Time=1.06879ms
  - [Train] Batch Backward Time=0.13415ms
  - [Test] Loss=nan
  - [Test] Accuracy=5.22000%

