mkdir -p logs
./build/CUDA-DNN-MNIST
=====================================
            Configuration
=====================================
 NumberOfEpochs: 2
 BatchSize: 4
 LearningRate: 1.000000e-06
=====================================

=====================================
         CUDA Configuration
=====================================
 Device name: GeForce GTX 780 Ti
 Memory Clock Rate (KHz): 3500000
 Memory Bus Width (bits): 384
-------------------------------------
 Tensor2DAddBlockSize: 8
 Tensor2DSubtractBlockSize: 8
 Tensor2DScaleBlockSize: 8
 Tensor2DMultiplyBlockSize: 16
 Tensor2DMultiplyBlockNumber: -1
 Tensor2DMultiplySharedMemory: 1
 Tensor2DMeanBlockSize: 8
-------------------------------------
 ReLuBlockSize: 8
-------------------------------------
 CrossEntropyGetMetricBlockSize: 64
 CrossEntropyCalculateBlockSize: 64
=====================================

Epoch 0:
  - [Train] Loss=3.25472
  - [Train] Accuracy=0.10667%
  - [Train] Total Forward Time=1533.63750ms
  - [Train] Total Backward Time=1798.27066ms
  - [Train] Batch Forward Time=0.10224ms
  - [Train] Batch Backward Time=0.11988ms
  - [Test] Loss=inf
  - [Test] Accuracy=0.51000%

Epoch 1:
  - [Train] Loss=3.25090
  - [Train] Accuracy=0.10667%
  - [Train] Total Forward Time=1531.90218ms
  - [Train] Total Backward Time=1793.79933ms
  - [Train] Batch Forward Time=0.10213ms
  - [Train] Batch Backward Time=0.11959ms
  - [Test] Loss=inf
  - [Test] Accuracy=0.51000%

