mkdir -p logs
./build/CUDA-DNN-MNIST
=====================================
            Configuration
=====================================
 NumberOfEpochs: 2
 BatchSize: 1
 LearningRate: 1.000000e-06
=====================================

=====================================
         CUDA Configuration
=====================================
 Device name: GeForce GTX 780 Ti
 Memory Clock Rate (KHz): 3500000
 Memory Bus Width (bits): 384
-------------------------------------
 Tensor2DAddBlockSize: 8
 Tensor2DSubtractBlockSize: 8
 Tensor2DScaleBlockSize: 8
 Tensor2DMultiplyBlockSize: 16
 Tensor2DMultiplyBlockNumber: -1
 Tensor2DMultiplySharedMemory: 0
 Tensor2DMeanBlockSize: 8
-------------------------------------
 ReLuBlockSize: 8
-------------------------------------
 CrossEntropyGetMetricBlockSize: 64
 CrossEntropyCalculateBlockSize: 64
=====================================

Epoch 0:
  - [Train] Loss=3.24294
  - [Train] Accuracy=1.56833%
  - [Train] Total Forward Time=61053.87121ms
  - [Train] Total Backward Time=7648.92576ms
  - [Train] Batch Forward Time=1.01756ms
  - [Train] Batch Backward Time=0.12748ms
  - [Test] Loss=nan
  - [Test] Accuracy=1.90000%

Epoch 1:
  - [Train] Loss=3.18457
  - [Train] Accuracy=1.46333%
  - [Train] Total Forward Time=61038.96833ms
  - [Train] Total Backward Time=7663.61293ms
  - [Train] Batch Forward Time=1.01732ms
  - [Train] Batch Backward Time=0.12773ms
  - [Test] Loss=nan
  - [Test] Accuracy=1.94000%

