mkdir -p logs
./build/CUDA-DNN-MNIST
=====================================
            Configuration
=====================================
 NumberOfEpochs: 2
 BatchSize: 128
 LearningRate: 1.000000e-06
=====================================

=====================================
         CUDA Configuration
=====================================
 Device name: GeForce GTX 780 Ti
 Memory Clock Rate (KHz): 3500000
 Memory Bus Width (bits): 384
-------------------------------------
 Tensor2DAddBlockSize: 8
 Tensor2DSubtractBlockSize: 8
 Tensor2DScaleBlockSize: 8
 Tensor2DMultiplyBlockSize: 16
 Tensor2DMultiplyBlockNumber: 64
 Tensor2DMultiplySharedMemory: 0
 Tensor2DMeanBlockSize: 8
-------------------------------------
 ReLuBlockSize: 8
-------------------------------------
 CrossEntropyGetMetricBlockSize: 64
 CrossEntropyCalculateBlockSize: 64
=====================================

Epoch 0:
  - [Train] Loss=3.24995
  - [Train] Accuracy=1.67601%
  - [Train] Total Forward Time=180.84778ms
  - [Train] Total Backward Time=888.73830ms
  - [Train] Batch Forward Time=0.38643ms
  - [Train] Batch Backward Time=1.89901ms
  - [Test] Loss=nan
  - [Test] Accuracy=2.37380%

Epoch 1:
  - [Train] Loss=3.18548
  - [Train] Accuracy=1.60757%
  - [Train] Total Forward Time=180.32074ms
  - [Train] Total Backward Time=888.75114ms
  - [Train] Batch Forward Time=0.38530ms
  - [Train] Batch Backward Time=1.89904ms
  - [Test] Loss=nan
  - [Test] Accuracy=2.25361%

