mkdir -p logs
./build/CUDA-DNN-MNIST
=====================================
            Configuration
=====================================
 NumberOfEpochs: 2
 BatchSize: 512
 LearningRate: 1.000000e-06
=====================================

=====================================
         CUDA Configuration
=====================================
 Device name: GeForce GTX 780 Ti
 Memory Clock Rate (KHz): 3500000
 Memory Bus Width (bits): 384
-------------------------------------
 Tensor2DAddBlockSize: 8
 Tensor2DSubtractBlockSize: 8
 Tensor2DScaleBlockSize: 8
 Tensor2DMultiplyBlockSize: 32
 Tensor2DMultiplyBlockNumber: 32
 Tensor2DMultiplySharedMemory: 0
 Tensor2DMeanBlockSize: 8
-------------------------------------
 ReLuBlockSize: 8
-------------------------------------
 CrossEntropyGetMetricBlockSize: 64
 CrossEntropyCalculateBlockSize: 64
=====================================

Epoch 0:
  - [Train] Loss=3.24834
  - [Train] Accuracy=2.74105%
  - [Train] Total Forward Time=101.14234ms
  - [Train] Total Backward Time=1053.63190ms
  - [Train] Batch Forward Time=0.86446ms
  - [Train] Batch Backward Time=9.00540ms
  - [Test] Loss=nan
  - [Test] Accuracy=4.43051%

Epoch 1:
  - [Train] Loss=3.19098
  - [Train] Accuracy=2.56911%
  - [Train] Total Forward Time=101.19251ms
  - [Train] Total Backward Time=1053.92617ms
  - [Train] Batch Forward Time=0.86489ms
  - [Train] Batch Backward Time=9.00792ms
  - [Test] Loss=nan
  - [Test] Accuracy=4.46135%

