mkdir -p logs
./build/CUDA-DNN-MNIST
=====================================
            Configuration
=====================================
 NumberOfEpochs: 2
 BatchSize: 128
 LearningRate: 1.000000e-06
=====================================

=====================================
         CUDA Configuration
=====================================
 Device name: GeForce GTX 780 Ti
 Memory Clock Rate (KHz): 3500000
 Memory Bus Width (bits): 384
-------------------------------------
 Tensor2DAddBlockSize: 8
 Tensor2DSubtractBlockSize: 8
 Tensor2DScaleBlockSize: 8
 Tensor2DMultiplyBlockSize: 16
 Tensor2DMultiplyBlockNumber: 512
 Tensor2DMultiplySharedMemory: 0
 Tensor2DMeanBlockSize: 8
-------------------------------------
 ReLuBlockSize: 8
-------------------------------------
 CrossEntropyGetMetricBlockSize: 64
 CrossEntropyCalculateBlockSize: 64
=====================================

Epoch 0:
  - [Train] Loss=3.23125
  - [Train] Accuracy=1.90471%
  - [Train] Total Forward Time=2353.77171ms
  - [Train] Total Backward Time=4320.64698ms
  - [Train] Batch Forward Time=5.02943ms
  - [Train] Batch Backward Time=9.23215ms
  - [Test] Loss=nan
  - [Test] Accuracy=2.79447%

Epoch 1:
  - [Train] Loss=3.17343
  - [Train] Accuracy=1.78619%
  - [Train] Total Forward Time=2403.89581ms
  - [Train] Total Backward Time=4414.90119ms
  - [Train] Batch Forward Time=5.13653ms
  - [Train] Batch Backward Time=9.43355ms
  - [Test] Loss=nan
  - [Test] Accuracy=2.73438%

