mkdir -p logs
./build/CUDA-DNN-MNIST
=====================================
            Configuration
=====================================
 NumberOfEpochs: 2
 BatchSize: 128
 LearningRate: 1.000000e-06
=====================================

=====================================
         CUDA Configuration
=====================================
 Device name: GeForce GTX 780 Ti
 Memory Clock Rate (KHz): 3500000
 Memory Bus Width (bits): 384
-------------------------------------
 Tensor2DAddBlockSize: 8
 Tensor2DSubtractBlockSize: 8
 Tensor2DScaleBlockSize: 8
 Tensor2DMultiplyBlockSize: 16
 Tensor2DMultiplyBlockNumber: 4
 Tensor2DMultiplySharedMemory: 0
 Tensor2DMeanBlockSize: 8
-------------------------------------
 ReLuBlockSize: 8
-------------------------------------
 CrossEntropyGetMetricBlockSize: 64
 CrossEntropyCalculateBlockSize: 64
=====================================

Epoch 0:
  - [Train] Loss=3.29567
  - [Train] Accuracy=1.46234%
  - [Train] Total Forward Time=2274.90093ms
  - [Train] Total Backward Time=1168.79306ms
  - [Train] Batch Forward Time=4.86090ms
  - [Train] Batch Backward Time=2.49742ms
  - [Test] Loss=nan
  - [Test] Accuracy=2.27364%

Epoch 1:
  - [Train] Loss=3.23504
  - [Train] Accuracy=1.36886%
  - [Train] Total Forward Time=2274.75818ms
  - [Train] Total Backward Time=1168.86035ms
  - [Train] Batch Forward Time=4.86059ms
  - [Train] Batch Backward Time=2.49756ms
  - [Test] Loss=nan
  - [Test] Accuracy=2.18349%

