mkdir -p logs
./build/CUDA-DNN-MNIST
=====================================
            Configuration
=====================================
 NumberOfEpochs: 2
 BatchSize: 512
 LearningRate: 1.000000e-06
=====================================

=====================================
         CUDA Configuration
=====================================
 Device name: GeForce GTX 780 Ti
 Memory Clock Rate (KHz): 3500000
 Memory Bus Width (bits): 384
-------------------------------------
 Tensor2DAddBlockSize: 8
 Tensor2DSubtractBlockSize: 8
 Tensor2DScaleBlockSize: 8
 Tensor2DMultiplyBlockSize: 32
 Tensor2DMultiplyBlockNumber: 32
 Tensor2DMultiplySharedMemory: 1
 Tensor2DMeanBlockSize: 8
-------------------------------------
 ReLuBlockSize: 8
-------------------------------------
 CrossEntropyGetMetricBlockSize: 64
 CrossEntropyCalculateBlockSize: 64
=====================================

Epoch 0:
  - [Train] Loss=3.27839
  - [Train] Accuracy=0.77791%
  - [Train] Total Forward Time=51.48134ms
  - [Train] Total Backward Time=273.91379ms
  - [Train] Batch Forward Time=0.44001ms
  - [Train] Batch Backward Time=2.34114ms
  - [Test] Loss=nan
  - [Test] Accuracy=1.64474%

Epoch 1:
  - [Train] Loss=3.26026
  - [Train] Accuracy=0.73284%
  - [Train] Total Forward Time=51.40320ms
  - [Train] Total Backward Time=273.99926ms
  - [Train] Batch Forward Time=0.43934ms
  - [Train] Batch Backward Time=2.34187ms
  - [Test] Loss=nan
  - [Test] Accuracy=1.65502%

