mkdir -p logs
./build/CUDA-DNN-MNIST
=====================================
            Configuration
=====================================
 NumberOfEpochs: 2
 BatchSize: 512
 LearningRate: 1.000000e-06
=====================================

=====================================
         CUDA Configuration
=====================================
 Device name: GeForce GTX 780 Ti
 Memory Clock Rate (KHz): 3500000
 Memory Bus Width (bits): 384
-------------------------------------
 Tensor2DAddBlockSize: 8
 Tensor2DSubtractBlockSize: 8
 Tensor2DScaleBlockSize: 8
 Tensor2DMultiplyBlockSize: 16
 Tensor2DMultiplyBlockNumber: 16
 Tensor2DMultiplySharedMemory: 1
 Tensor2DMeanBlockSize: 8
-------------------------------------
 ReLuBlockSize: 8
-------------------------------------
 CrossEntropyGetMetricBlockSize: 64
 CrossEntropyCalculateBlockSize: 64
=====================================

Epoch 0:
  - [Train] Loss=3.23322
  - [Train] Accuracy=0.71782%
  - [Train] Total Forward Time=47.42240ms
  - [Train] Total Backward Time=126.18710ms
  - [Train] Batch Forward Time=0.40532ms
  - [Train] Batch Backward Time=1.07852ms
  - [Test] Loss=nan
  - [Test] Accuracy=1.13076%

Epoch 1:
  - [Train] Loss=3.19821
  - [Train] Accuracy=0.72449%
  - [Train] Total Forward Time=47.43280ms
  - [Train] Total Backward Time=126.13747ms
  - [Train] Batch Forward Time=0.40541ms
  - [Train] Batch Backward Time=1.07810ms
  - [Test] Loss=nan
  - [Test] Accuracy=1.15132%

