mkdir -p logs
./build/CUDA-DNN-MNIST
=====================================
            Configuration
=====================================
 NumberOfEpochs: 2
 BatchSize: 512
 LearningRate: 1.000000e-06
=====================================

=====================================
         CUDA Configuration
=====================================
 Device name: GeForce GTX 780 Ti
 Memory Clock Rate (KHz): 3500000
 Memory Bus Width (bits): 384
-------------------------------------
 Tensor2DAddBlockSize: 8
 Tensor2DSubtractBlockSize: 8
 Tensor2DScaleBlockSize: 8
 Tensor2DMultiplyBlockSize: 16
 Tensor2DMultiplyBlockNumber: -1
 Tensor2DMultiplySharedMemory: 1
 Tensor2DMeanBlockSize: 8
-------------------------------------
 ReLuBlockSize: 8
-------------------------------------
 CrossEntropyGetMetricBlockSize: 64
 CrossEntropyCalculateBlockSize: 64
=====================================

Epoch 0:
  - [Train] Loss=3.26834
  - [Train] Accuracy=1.15852%
  - [Train] Total Forward Time=47.53050ms
  - [Train] Total Backward Time=126.06006ms
  - [Train] Batch Forward Time=0.40624ms
  - [Train] Batch Backward Time=1.07744ms
  - [Test] Loss=nan
  - [Test] Accuracy=2.07648%

Epoch 1:
  - [Train] Loss=3.23327
  - [Train] Accuracy=1.12513%
  - [Train] Total Forward Time=47.56419ms
  - [Train] Total Backward Time=125.96752ms
  - [Train] Batch Forward Time=0.40653ms
  - [Train] Batch Backward Time=1.07665ms
  - [Test] Loss=nan
  - [Test] Accuracy=2.12788%

