mkdir -p logs
./build/CUDA-DNN-MNIST
=====================================
            Configuration
=====================================
 NumberOfEpochs: 2
 BatchSize: 128
 LearningRate: 1.000000e-06
=====================================

=====================================
         CUDA Configuration
=====================================
 Device name: GeForce GTX 780 Ti
 Memory Clock Rate (KHz): 3500000
 Memory Bus Width (bits): 384
-------------------------------------
 Tensor2DAddBlockSize: 8
 Tensor2DSubtractBlockSize: 8
 Tensor2DScaleBlockSize: 8
 Tensor2DMultiplyBlockSize: 16
 Tensor2DMultiplyBlockNumber: 8
 Tensor2DMultiplySharedMemory: 0
 Tensor2DMeanBlockSize: 8
-------------------------------------
 ReLuBlockSize: 8
-------------------------------------
 CrossEntropyGetMetricBlockSize: 64
 CrossEntropyCalculateBlockSize: 64
=====================================

Epoch 0:
  - [Train] Loss=3.23157
  - [Train] Accuracy=1.11178%
  - [Train] Total Forward Time=839.57136ms
  - [Train] Total Backward Time=564.43840ms
  - [Train] Batch Forward Time=1.79396ms
  - [Train] Batch Backward Time=1.20606ms
  - [Test] Loss=nan
  - [Test] Accuracy=2.23357%

Epoch 1:
  - [Train] Loss=3.17475
  - [Train] Accuracy=1.09175%
  - [Train] Total Forward Time=839.55792ms
  - [Train] Total Backward Time=564.51664ms
  - [Train] Batch Forward Time=1.79393ms
  - [Train] Batch Backward Time=1.20623ms
  - [Test] Loss=nan
  - [Test] Accuracy=2.25361%

