mkdir -p logs
./build/CUDA-DNN-MNIST
=====================================
            Configuration
=====================================
 NumberOfEpochs: 2
 BatchSize: 32
 LearningRate: 1.000000e-06
=====================================

=====================================
         CUDA Configuration
=====================================
 Device name: GeForce GTX 780 Ti
 Memory Clock Rate (KHz): 3500000
 Memory Bus Width (bits): 384
-------------------------------------
 Tensor2DAddBlockSize: 8
 Tensor2DSubtractBlockSize: 8
 Tensor2DScaleBlockSize: 8
 Tensor2DMultiplyBlockSize: 16
 Tensor2DMultiplyBlockNumber: -1
 Tensor2DMultiplySharedMemory: 1
 Tensor2DMeanBlockSize: 8
-------------------------------------
 ReLuBlockSize: 8
-------------------------------------
 CrossEntropyGetMetricBlockSize: 64
 CrossEntropyCalculateBlockSize: 64
=====================================

Epoch 0:
  - [Train] Loss=3.25743
  - [Train] Accuracy=1.52000%
  - [Train] Total Forward Time=190.89069ms
  - [Train] Total Backward Time=315.07987ms
  - [Train] Batch Forward Time=0.10181ms
  - [Train] Batch Backward Time=0.16804ms
  - [Test] Loss=nan
  - [Test] Accuracy=1.95312%

Epoch 1:
  - [Train] Loss=3.22180
  - [Train] Accuracy=1.40167%
  - [Train] Total Forward Time=190.97280ms
  - [Train] Total Backward Time=315.15456ms
  - [Train] Batch Forward Time=0.10185ms
  - [Train] Batch Backward Time=0.16808ms
  - [Test] Loss=nan
  - [Test] Accuracy=1.95312%

