mkdir -p logs
./build/CUDA-DNN-MNIST
=====================================
            Configuration
=====================================
 NumberOfEpochs: 2
 BatchSize: 256
 LearningRate: 1.000000e-06
=====================================

=====================================
         CUDA Configuration
=====================================
 Device name: GeForce GTX 780 Ti
 Memory Clock Rate (KHz): 3500000
 Memory Bus Width (bits): 384
-------------------------------------
 Tensor2DAddBlockSize: 8
 Tensor2DSubtractBlockSize: 8
 Tensor2DScaleBlockSize: 8
 Tensor2DMultiplyBlockSize: 16
 Tensor2DMultiplyBlockNumber: 32
 Tensor2DMultiplySharedMemory: 0
 Tensor2DMeanBlockSize: 8
-------------------------------------
 ReLuBlockSize: 8
-------------------------------------
 CrossEntropyGetMetricBlockSize: 64
 CrossEntropyCalculateBlockSize: 64
=====================================

Epoch 0:
  - [Train] Loss=3.26283
  - [Train] Accuracy=0.87807%
  - [Train] Total Forward Time=158.78579ms
  - [Train] Total Backward Time=599.81533ms
  - [Train] Batch Forward Time=0.67857ms
  - [Train] Batch Backward Time=2.56331ms
  - [Test] Loss=nan
  - [Test] Accuracy=1.69271%

Epoch 1:
  - [Train] Loss=3.20355
  - [Train] Accuracy=0.90311%
  - [Train] Total Forward Time=158.12925ms
  - [Train] Total Backward Time=599.69085ms
  - [Train] Batch Forward Time=0.67577ms
  - [Train] Batch Backward Time=2.56278ms
  - [Test] Loss=nan
  - [Test] Accuracy=1.77284%

