mkdir -p logs
./build/CUDA-DNN-MNIST
=====================================
            Configuration
=====================================
 NumberOfEpochs: 2
 BatchSize: 1024
 LearningRate: 1.000000e-06
=====================================

=====================================
         CUDA Configuration
=====================================
 Device name: GeForce GTX 780 Ti
 Memory Clock Rate (KHz): 3500000
 Memory Bus Width (bits): 384
-------------------------------------
 Tensor2DAddBlockSize: 8
 Tensor2DSubtractBlockSize: 8
 Tensor2DScaleBlockSize: 8
 Tensor2DMultiplyBlockSize: 16
 Tensor2DMultiplyBlockNumber: -1
 Tensor2DMultiplySharedMemory: 1
 Tensor2DMeanBlockSize: 8
-------------------------------------
 ReLuBlockSize: 8
-------------------------------------
 CrossEntropyGetMetricBlockSize: 64
 CrossEntropyCalculateBlockSize: 64
=====================================

Epoch 0:
  - [Train] Loss=3.28124
  - [Train] Accuracy=1.56250%
  - [Train] Total Forward Time=42.62192ms
  - [Train] Total Backward Time=117.34794ms
  - [Train] Batch Forward Time=0.73486ms
  - [Train] Batch Backward Time=2.02324ms
  - [Test] Loss=nan
  - [Test] Accuracy=2.26780%

Epoch 1:
  - [Train] Loss=3.24251
  - [Train] Accuracy=1.45979%
  - [Train] Total Forward Time=42.73379ms
  - [Train] Total Backward Time=117.18864ms
  - [Train] Batch Forward Time=0.73679ms
  - [Train] Batch Backward Time=2.02049ms
  - [Test] Loss=nan
  - [Test] Accuracy=2.18099%

