mkdir -p logs
./build/CUDA-DNN-MNIST
=====================================
            Configuration
=====================================
 NumberOfEpochs: 2
 BatchSize: 128
 LearningRate: 1.000000e-06
=====================================

=====================================
         CUDA Configuration
=====================================
 Device name: GeForce GTX 780 Ti
 Memory Clock Rate (KHz): 3500000
 Memory Bus Width (bits): 384
-------------------------------------
 Tensor2DAddBlockSize: 8
 Tensor2DSubtractBlockSize: 8
 Tensor2DScaleBlockSize: 8
 Tensor2DMultiplyBlockSize: 16
 Tensor2DMultiplyBlockNumber: 32
 Tensor2DMultiplySharedMemory: 0
 Tensor2DMeanBlockSize: 8
-------------------------------------
 ReLuBlockSize: 8
-------------------------------------
 CrossEntropyGetMetricBlockSize: 64
 CrossEntropyCalculateBlockSize: 64
=====================================

Epoch 0:
  - [Train] Loss=3.29448
  - [Train] Accuracy=1.73444%
  - [Train] Total Forward Time=207.37030ms
  - [Train] Total Backward Time=659.53242ms
  - [Train] Batch Forward Time=0.44310ms
  - [Train] Batch Backward Time=1.40926ms
  - [Test] Loss=nan
  - [Test] Accuracy=2.28365%

Epoch 1:
  - [Train] Loss=3.23482
  - [Train] Accuracy=1.62260%
  - [Train] Total Forward Time=207.39674ms
  - [Train] Total Backward Time=659.36298ms
  - [Train] Batch Forward Time=0.44316ms
  - [Train] Batch Backward Time=1.40890ms
  - [Test] Loss=nan
  - [Test] Accuracy=2.30369%

