mkdir -p logs
./build/CUDA-DNN-MNIST
=====================================
            Configuration
=====================================
 NumberOfEpochs: 2
 BatchSize: 128
 LearningRate: 1.000000e-06
=====================================

=====================================
         CUDA Configuration
=====================================
 Device name: GeForce GTX 780 Ti
 Memory Clock Rate (KHz): 3500000
 Memory Bus Width (bits): 384
-------------------------------------
 Tensor2DAddBlockSize: 8
 Tensor2DSubtractBlockSize: 8
 Tensor2DScaleBlockSize: 8
 Tensor2DMultiplyBlockSize: 16
 Tensor2DMultiplyBlockNumber: 256
 Tensor2DMultiplySharedMemory: 0
 Tensor2DMeanBlockSize: 8
-------------------------------------
 ReLuBlockSize: 8
-------------------------------------
 CrossEntropyGetMetricBlockSize: 64
 CrossEntropyCalculateBlockSize: 64
=====================================

Epoch 0:
  - [Train] Loss=3.29523
  - [Train] Accuracy=2.48564%
  - [Train] Total Forward Time=920.49194ms
  - [Train] Total Backward Time=2136.16135ms
  - [Train] Batch Forward Time=1.96686ms
  - [Train] Batch Backward Time=4.56445ms
  - [Test] Loss=inf
  - [Test] Accuracy=3.37540%

Epoch 1:
  - [Train] Loss=3.23272
  - [Train] Accuracy=2.39884%
  - [Train] Total Forward Time=945.98973ms
  - [Train] Total Backward Time=2196.03348ms
  - [Train] Batch Forward Time=2.02135ms
  - [Train] Batch Backward Time=4.69238ms
  - [Test] Loss=inf
  - [Test] Accuracy=3.41546%

