mkdir -p logs
./build/CUDA-DNN-MNIST
=====================================
            Configuration
=====================================
 NumberOfEpochs: 2
 BatchSize: 512
 LearningRate: 1.000000e-06
=====================================

=====================================
         CUDA Configuration
=====================================
 Device name: GeForce GTX 780 Ti
 Memory Clock Rate (KHz): 3500000
 Memory Bus Width (bits): 384
-------------------------------------
 Tensor2DAddBlockSize: 8
 Tensor2DSubtractBlockSize: 8
 Tensor2DScaleBlockSize: 8
 Tensor2DMultiplyBlockSize: 16
 Tensor2DMultiplyBlockNumber: 32
 Tensor2DMultiplySharedMemory: 0
 Tensor2DMeanBlockSize: 8
-------------------------------------
 ReLuBlockSize: 8
-------------------------------------
 CrossEntropyGetMetricBlockSize: 64
 CrossEntropyCalculateBlockSize: 64
=====================================

Epoch 0:
  - [Train] Loss=3.26542
  - [Train] Accuracy=2.85958%
  - [Train] Total Forward Time=145.36621ms
  - [Train] Total Backward Time=583.42669ms
  - [Train] Batch Forward Time=1.24245ms
  - [Train] Batch Backward Time=4.98655ms
  - [Test] Loss=nan
  - [Test] Accuracy=3.39227%

Epoch 1:
  - [Train] Loss=3.20580
  - [Train] Accuracy=2.61418%
  - [Train] Total Forward Time=145.07046ms
  - [Train] Total Backward Time=583.32390ms
  - [Train] Batch Forward Time=1.23992ms
  - [Train] Batch Backward Time=4.98567ms
  - [Test] Loss=nan
  - [Test] Accuracy=3.40255%

