mkdir -p logs
./build/CUDA-DNN-MNIST
=====================================
            Configuration
=====================================
 NumberOfEpochs: 2
 BatchSize: 128
 LearningRate: 1.000000e-06
=====================================

=====================================
         CUDA Configuration
=====================================
 Device name: GeForce GTX 780 Ti
 Memory Clock Rate (KHz): 3500000
 Memory Bus Width (bits): 384
-------------------------------------
 Tensor2DAddBlockSize: 8
 Tensor2DSubtractBlockSize: 8
 Tensor2DScaleBlockSize: 8
 Tensor2DMultiplyBlockSize: 16
 Tensor2DMultiplyBlockNumber: 1
 Tensor2DMultiplySharedMemory: 0
 Tensor2DMeanBlockSize: 8
-------------------------------------
 ReLuBlockSize: 8
-------------------------------------
 CrossEntropyGetMetricBlockSize: 64
 CrossEntropyCalculateBlockSize: 64
=====================================

Epoch 0:
  - [Train] Loss=3.22274
  - [Train] Accuracy=2.00487%
  - [Train] Total Forward Time=23961.66812ms
  - [Train] Total Backward Time=9540.64243ms
  - [Train] Batch Forward Time=51.20015ms
  - [Train] Batch Backward Time=20.38599ms
  - [Test] Loss=nan
  - [Test] Accuracy=3.10497%

Epoch 1:
  - [Train] Loss=3.16787
  - [Train] Accuracy=1.89971%
  - [Train] Total Forward Time=23944.46739ms
  - [Train] Total Backward Time=9535.57593ms
  - [Train] Batch Forward Time=51.16339ms
  - [Train] Batch Backward Time=20.37516ms
  - [Test] Loss=nan
  - [Test] Accuracy=3.06490%

