mkdir -p logs
./build/CUDA-DNN-MNIST
=====================================
            Configuration
=====================================
 NumberOfEpochs: 2
 BatchSize: 8
 LearningRate: 1.000000e-06
=====================================

=====================================
         CUDA Configuration
=====================================
 Device name: GeForce GTX 780 Ti
 Memory Clock Rate (KHz): 3500000
 Memory Bus Width (bits): 384
-------------------------------------
 Tensor2DAddBlockSize: 8
 Tensor2DSubtractBlockSize: 8
 Tensor2DScaleBlockSize: 8
 Tensor2DMultiplyBlockSize: 16
 Tensor2DMultiplyBlockNumber: -1
 Tensor2DMultiplySharedMemory: 1
 Tensor2DMeanBlockSize: 8
-------------------------------------
 ReLuBlockSize: 8
-------------------------------------
 CrossEntropyGetMetricBlockSize: 64
 CrossEntropyCalculateBlockSize: 64
=====================================

Epoch 0:
  - [Train] Loss=3.25498
  - [Train] Accuracy=0.43167%
  - [Train] Total Forward Time=735.12503ms
  - [Train] Total Backward Time=896.60182ms
  - [Train] Batch Forward Time=0.09802ms
  - [Train] Batch Backward Time=0.11955ms
  - [Test] Loss=nan
  - [Test] Accuracy=0.63000%

Epoch 1:
  - [Train] Loss=3.24065
  - [Train] Accuracy=0.42167%
  - [Train] Total Forward Time=732.20483ms
  - [Train] Total Backward Time=892.77232ms
  - [Train] Batch Forward Time=0.09763ms
  - [Train] Batch Backward Time=0.11904ms
  - [Test] Loss=nan
  - [Test] Accuracy=0.64000%

