mkdir -p logs
./build/CUDA-DNN-MNIST
=====================================
            Configuration
=====================================
 NumberOfEpochs: 2
 BatchSize: 16
 LearningRate: 1.000000e-06
=====================================

=====================================
         CUDA Configuration
=====================================
 Device name: GeForce GTX 780 Ti
 Memory Clock Rate (KHz): 3500000
 Memory Bus Width (bits): 384
-------------------------------------
 Tensor2DAddBlockSize: 8
 Tensor2DSubtractBlockSize: 8
 Tensor2DScaleBlockSize: 8
 Tensor2DMultiplyBlockSize: 16
 Tensor2DMultiplyBlockNumber: -1
 Tensor2DMultiplySharedMemory: 0
 Tensor2DMeanBlockSize: 8
-------------------------------------
 ReLuBlockSize: 8
-------------------------------------
 CrossEntropyGetMetricBlockSize: 64
 CrossEntropyCalculateBlockSize: 64
=====================================

Epoch 0:
  - [Train] Loss=3.27839
  - [Train] Accuracy=1.64167%
  - [Train] Total Forward Time=4152.92685ms
  - [Train] Total Backward Time=882.88304ms
  - [Train] Batch Forward Time=1.10745ms
  - [Train] Batch Backward Time=0.23544ms
  - [Test] Loss=nan
  - [Test] Accuracy=2.24000%

Epoch 1:
  - [Train] Loss=3.22321
  - [Train] Accuracy=1.58500%
  - [Train] Total Forward Time=4152.75741ms
  - [Train] Total Backward Time=882.56554ms
  - [Train] Batch Forward Time=1.10740ms
  - [Train] Batch Backward Time=0.23535ms
  - [Test] Loss=nan
  - [Test] Accuracy=2.24000%

