mkdir -p logs
./build/CUDA-DNN-MNIST
=====================================
            Configuration
=====================================
 NumberOfEpochs: 2
 BatchSize: 128
 LearningRate: 1.000000e-06
=====================================

=====================================
         CUDA Configuration
=====================================
 Device name: GeForce GTX 780 Ti
 Memory Clock Rate (KHz): 3500000
 Memory Bus Width (bits): 384
-------------------------------------
 Tensor2DAddBlockSize: 8
 Tensor2DSubtractBlockSize: 8
 Tensor2DScaleBlockSize: 8
 Tensor2DMultiplyBlockSize: 2
 Tensor2DMultiplyBlockNumber: -1
 Tensor2DMultiplySharedMemory: 0
 Tensor2DMeanBlockSize: 8
-------------------------------------
 ReLuBlockSize: 8
-------------------------------------
 CrossEntropyGetMetricBlockSize: 64
 CrossEntropyCalculateBlockSize: 64
=====================================

Epoch 0:
  - [Train] Loss=3.26993
  - [Train] Accuracy=2.33040%
  - [Train] Total Forward Time=2025.22208ms
  - [Train] Total Backward Time=5076.16860ms
  - [Train] Batch Forward Time=4.32740ms
  - [Train] Batch Backward Time=10.84651ms
  - [Test] Loss=nan
  - [Test] Accuracy=3.51562%

Epoch 1:
  - [Train] Loss=3.21020
  - [Train] Accuracy=2.10337%
  - [Train] Total Forward Time=2062.30816ms
  - [Train] Total Backward Time=5158.65129ms
  - [Train] Batch Forward Time=4.40664ms
  - [Train] Batch Backward Time=11.02276ms
  - [Test] Loss=nan
  - [Test] Accuracy=3.61579%

