mkdir -p logs
./build/CUDA-DNN-MNIST
=====================================
            Configuration
=====================================
 NumberOfEpochs: 2
 BatchSize: 128
 LearningRate: 1.000000e-06
=====================================

=====================================
         CUDA Configuration
=====================================
 Device name: GeForce GTX 780 Ti
 Memory Clock Rate (KHz): 3500000
 Memory Bus Width (bits): 384
-------------------------------------
 Tensor2DAddBlockSize: 8
 Tensor2DSubtractBlockSize: 8
 Tensor2DScaleBlockSize: 8
 Tensor2DMultiplyBlockSize: 16
 Tensor2DMultiplyBlockNumber: -1
 Tensor2DMultiplySharedMemory: 0
 Tensor2DMeanBlockSize: 8
-------------------------------------
 ReLuBlockSize: 8
-------------------------------------
 CrossEntropyGetMetricBlockSize: 64
 CrossEntropyCalculateBlockSize: 64
=====================================

Epoch 0:
  - [Train] Loss=3.26140
  - [Train] Accuracy=1.21695%
  - [Train] Total Forward Time=547.02672ms
  - [Train] Total Backward Time=525.22534ms
  - [Train] Batch Forward Time=1.16886ms
  - [Train] Batch Backward Time=1.12228ms
  - [Test] Loss=nan
  - [Test] Accuracy=1.93309%

Epoch 1:
  - [Train] Loss=3.20267
  - [Train] Accuracy=1.15351%
  - [Train] Total Forward Time=581.98880ms
  - [Train] Total Backward Time=558.47878ms
  - [Train] Batch Forward Time=1.24357ms
  - [Train] Batch Backward Time=1.19333ms
  - [Test] Loss=nan
  - [Test] Accuracy=1.94311%

