mkdir -p logs
./build/CUDA-DNN-MNIST
=====================================
            Configuration
=====================================
 NumberOfEpochs: 2
 BatchSize: 128
 LearningRate: 1.000000e-06
=====================================

=====================================
         CUDA Configuration
=====================================
 Device name: GeForce GTX 780 Ti
 Memory Clock Rate (KHz): 3500000
 Memory Bus Width (bits): 384
-------------------------------------
 Tensor2DAddBlockSize: 8
 Tensor2DSubtractBlockSize: 8
 Tensor2DScaleBlockSize: 8
 Tensor2DMultiplyBlockSize: 32
 Tensor2DMultiplyBlockNumber: 32
 Tensor2DMultiplySharedMemory: 1
 Tensor2DMeanBlockSize: 8
-------------------------------------
 ReLuBlockSize: 8
-------------------------------------
 CrossEntropyGetMetricBlockSize: 64
 CrossEntropyCalculateBlockSize: 64
=====================================

Epoch 0:
  - [Train] Loss=3.27081
  - [Train] Accuracy=0.82632%
  - [Train] Total Forward Time=86.97782ms
  - [Train] Total Backward Time=336.91581ms
  - [Train] Batch Forward Time=0.18585ms
  - [Train] Batch Backward Time=0.71991ms
  - [Test] Loss=nan
  - [Test] Accuracy=1.38221%

Epoch 1:
  - [Train] Loss=3.25140
  - [Train] Accuracy=0.79627%
  - [Train] Total Forward Time=87.16198ms
  - [Train] Total Backward Time=337.41811ms
  - [Train] Batch Forward Time=0.18624ms
  - [Train] Batch Backward Time=0.72098ms
  - [Test] Loss=nan
  - [Test] Accuracy=1.38221%

