mkdir -p logs
./build/CUDA-DNN-MNIST
=====================================
            Configuration
=====================================
 NumberOfEpochs: 2
 BatchSize: 256
 LearningRate: 1.000000e-06
=====================================

=====================================
         CUDA Configuration
=====================================
 Device name: GeForce GTX 780 Ti
 Memory Clock Rate (KHz): 3500000
 Memory Bus Width (bits): 384
-------------------------------------
 Tensor2DAddBlockSize: 8
 Tensor2DSubtractBlockSize: 8
 Tensor2DScaleBlockSize: 8
 Tensor2DMultiplyBlockSize: 32
 Tensor2DMultiplyBlockNumber: 32
 Tensor2DMultiplySharedMemory: 0
 Tensor2DMeanBlockSize: 8
-------------------------------------
 ReLuBlockSize: 8
-------------------------------------
 CrossEntropyGetMetricBlockSize: 64
 CrossEntropyCalculateBlockSize: 64
=====================================

Epoch 0:
  - [Train] Loss=3.25074
  - [Train] Accuracy=1.41560%
  - [Train] Total Forward Time=137.15635ms
  - [Train] Total Backward Time=1070.73539ms
  - [Train] Batch Forward Time=0.58614ms
  - [Train] Batch Backward Time=4.57579ms
  - [Test] Loss=nan
  - [Test] Accuracy=2.00321%

Epoch 1:
  - [Train] Loss=3.19537
  - [Train] Accuracy=1.40391%
  - [Train] Total Forward Time=138.73059ms
  - [Train] Total Backward Time=1077.83901ms
  - [Train] Batch Forward Time=0.59287ms
  - [Train] Batch Backward Time=4.60615ms
  - [Test] Loss=nan
  - [Test] Accuracy=1.99319%

