mkdir -p logs
./build/CUDA-DNN-MNIST
=====================================
            Configuration
=====================================
 NumberOfEpochs: 2
 BatchSize: 1
 LearningRate: 1.000000e-06
=====================================

=====================================
         CUDA Configuration
=====================================
 Device name: GeForce GTX 780 Ti
 Memory Clock Rate (KHz): 3500000
 Memory Bus Width (bits): 384
-------------------------------------
 Tensor2DAddBlockSize: 8
 Tensor2DSubtractBlockSize: 8
 Tensor2DScaleBlockSize: 8
 Tensor2DMultiplyBlockSize: 16
 Tensor2DMultiplyBlockNumber: -1
 Tensor2DMultiplySharedMemory: 1
 Tensor2DMeanBlockSize: 8
-------------------------------------
 ReLuBlockSize: 8
-------------------------------------
 CrossEntropyGetMetricBlockSize: 64
 CrossEntropyCalculateBlockSize: 64
=====================================

Epoch 0:
  - [Train] Loss=3.24995
  - [Train] Accuracy=0.00000%
  - [Train] Total Forward Time=5824.82915ms
  - [Train] Total Backward Time=7065.35709ms
  - [Train] Batch Forward Time=0.09708ms
  - [Train] Batch Backward Time=0.11776ms
  - [Test] Loss=3.31843
  - [Test] Accuracy=0.26000%

Epoch 1:
  - [Train] Loss=3.24974
  - [Train] Accuracy=0.00000%
  - [Train] Total Forward Time=5823.01219ms
  - [Train] Total Backward Time=7058.58221ms
  - [Train] Batch Forward Time=0.09705ms
  - [Train] Batch Backward Time=0.11764ms
  - [Test] Loss=3.31826
  - [Test] Accuracy=0.26000%

