mkdir -p logs
./build/CUDA-DNN-MNIST
=====================================
            Configuration
=====================================
 NumberOfEpochs: 2
 BatchSize: 128
 LearningRate: 1.000000e-06
=====================================

=====================================
         CUDA Configuration
=====================================
 Device name: GeForce GTX 780 Ti
 Memory Clock Rate (KHz): 3500000
 Memory Bus Width (bits): 384
-------------------------------------
 Tensor2DAddBlockSize: 8
 Tensor2DSubtractBlockSize: 8
 Tensor2DScaleBlockSize: 8
 Tensor2DMultiplyBlockSize: 32
 Tensor2DMultiplyBlockNumber: 16
 Tensor2DMultiplySharedMemory: 1
 Tensor2DMeanBlockSize: 8
-------------------------------------
 ReLuBlockSize: 8
-------------------------------------
 CrossEntropyGetMetricBlockSize: 64
 CrossEntropyCalculateBlockSize: 64
=====================================

Epoch 0:
  - [Train] Loss=3.24930
  - [Train] Accuracy=0.53920%
  - [Train] Total Forward Time=86.50160ms
  - [Train] Total Backward Time=335.68189ms
  - [Train] Batch Forward Time=0.18483ms
  - [Train] Batch Backward Time=0.71727ms
  - [Test] Loss=nan
  - [Test] Accuracy=0.77123%

Epoch 1:
  - [Train] Loss=3.23344
  - [Train] Accuracy=0.52250%
  - [Train] Total Forward Time=87.13706ms
  - [Train] Total Backward Time=337.51478ms
  - [Train] Batch Forward Time=0.18619ms
  - [Train] Batch Backward Time=0.72119ms
  - [Test] Loss=nan
  - [Test] Accuracy=0.77123%

