mkdir -p logs
./build/CUDA-DNN-MNIST
=====================================
            Configuration
=====================================
 NumberOfEpochs: 2
 BatchSize: 512
 LearningRate: 1.000000e-06
=====================================

=====================================
         CUDA Configuration
=====================================
 Device name: GeForce GTX 780 Ti
 Memory Clock Rate (KHz): 3500000
 Memory Bus Width (bits): 384
-------------------------------------
 Tensor2DAddBlockSize: 8
 Tensor2DSubtractBlockSize: 8
 Tensor2DScaleBlockSize: 8
 Tensor2DMultiplyBlockSize: 32
 Tensor2DMultiplyBlockNumber: 16
 Tensor2DMultiplySharedMemory: 1
 Tensor2DMeanBlockSize: 8
-------------------------------------
 ReLuBlockSize: 8
-------------------------------------
 CrossEntropyGetMetricBlockSize: 64
 CrossEntropyCalculateBlockSize: 64
=====================================

Epoch 0:
  - [Train] Loss=3.24039
  - [Train] Accuracy=0.63435%
  - [Train] Total Forward Time=51.50752ms
  - [Train] Total Backward Time=273.85206ms
  - [Train] Batch Forward Time=0.44024ms
  - [Train] Batch Backward Time=2.34062ms
  - [Test] Loss=nan
  - [Test] Accuracy=1.52138%

Epoch 1:
  - [Train] Loss=3.22151
  - [Train] Accuracy=0.60430%
  - [Train] Total Forward Time=51.64176ms
  - [Train] Total Backward Time=274.20307ms
  - [Train] Batch Forward Time=0.44138ms
  - [Train] Batch Backward Time=2.34362ms
  - [Test] Loss=nan
  - [Test] Accuracy=1.58306%

