mkdir -p logs
./build/CUDA-DNN-MNIST
=====================================
            Configuration
=====================================
 NumberOfEpochs: 2
 BatchSize: 128
 LearningRate: 1.000000e-06
=====================================

=====================================
         CUDA Configuration
=====================================
 Device name: GeForce GTX 780 Ti
 Memory Clock Rate (KHz): 3500000
 Memory Bus Width (bits): 384
-------------------------------------
 Tensor2DAddBlockSize: 8
 Tensor2DSubtractBlockSize: 8
 Tensor2DScaleBlockSize: 8
 Tensor2DMultiplyBlockSize: 32
 Tensor2DMultiplyBlockNumber: 16
 Tensor2DMultiplySharedMemory: 0
 Tensor2DMeanBlockSize: 8
-------------------------------------
 ReLuBlockSize: 8
-------------------------------------
 CrossEntropyGetMetricBlockSize: 64
 CrossEntropyCalculateBlockSize: 64
=====================================

Epoch 0:
  - [Train] Loss=3.25639
  - [Train] Accuracy=1.40391%
  - [Train] Total Forward Time=152.20957ms
  - [Train] Total Backward Time=985.63981ms
  - [Train] Batch Forward Time=0.32523ms
  - [Train] Batch Backward Time=2.10607ms
  - [Test] Loss=nan
  - [Test] Accuracy=2.32372%

Epoch 1:
  - [Train] Loss=3.20051
  - [Train] Accuracy=1.42061%
  - [Train] Total Forward Time=151.75875ms
  - [Train] Total Backward Time=985.83232ms
  - [Train] Batch Forward Time=0.32427ms
  - [Train] Batch Backward Time=2.10648ms
  - [Test] Loss=nan
  - [Test] Accuracy=2.44391%

