mkdir -p logs
./build/CUDA-DNN-MNIST
=====================================
            Configuration
=====================================
 NumberOfEpochs: 2
 BatchSize: 128
 LearningRate: 1.000000e-06
=====================================

=====================================
         CUDA Configuration
=====================================
 Device name: GeForce GTX 780 Ti
 Memory Clock Rate (KHz): 3500000
 Memory Bus Width (bits): 384
-------------------------------------
 Tensor2DAddBlockSize: 8
 Tensor2DSubtractBlockSize: 8
 Tensor2DScaleBlockSize: 8
 Tensor2DMultiplyBlockSize: 1
 Tensor2DMultiplyBlockNumber: -1
 Tensor2DMultiplySharedMemory: 0
 Tensor2DMeanBlockSize: 8
-------------------------------------
 ReLuBlockSize: 8
-------------------------------------
 CrossEntropyGetMetricBlockSize: 64
 CrossEntropyCalculateBlockSize: 64
=====================================

Epoch 0:
  - [Train] Loss=3.29566
  - [Train] Accuracy=2.32873%
  - [Train] Total Forward Time=2681.09101ms
  - [Train] Total Backward Time=4892.30752ms
  - [Train] Batch Forward Time=5.72883ms
  - [Train] Batch Backward Time=10.45365ms
  - [Test] Loss=nan
  - [Test] Accuracy=3.14503%

Epoch 1:
  - [Train] Loss=3.23000
  - [Train] Accuracy=2.04995%
  - [Train] Total Forward Time=2798.88179ms
  - [Train] Total Backward Time=5109.06560ms
  - [Train] Batch Forward Time=5.98052ms
  - [Train] Batch Backward Time=10.91681ms
  - [Test] Loss=nan
  - [Test] Accuracy=3.05489%

