mkdir -p logs
./build/CUDA-DNN-MNIST
=====================================
            Configuration
=====================================
 NumberOfEpochs: 2
 BatchSize: 512
 LearningRate: 1.000000e-06
=====================================

=====================================
         CUDA Configuration
=====================================
 Device name: GeForce GTX 780 Ti
 Memory Clock Rate (KHz): 3500000
 Memory Bus Width (bits): 384
-------------------------------------
 Tensor2DAddBlockSize: 8
 Tensor2DSubtractBlockSize: 8
 Tensor2DScaleBlockSize: 8
 Tensor2DMultiplyBlockSize: 32
 Tensor2DMultiplyBlockNumber: 16
 Tensor2DMultiplySharedMemory: 0
 Tensor2DMeanBlockSize: 8
-------------------------------------
 ReLuBlockSize: 8
-------------------------------------
 CrossEntropyGetMetricBlockSize: 64
 CrossEntropyCalculateBlockSize: 64
=====================================

Epoch 0:
  - [Train] Loss=3.28948
  - [Train] Accuracy=2.10003%
  - [Train] Total Forward Time=153.38336ms
  - [Train] Total Backward Time=903.59751ms
  - [Train] Batch Forward Time=1.31097ms
  - [Train] Batch Backward Time=7.72306ms
  - [Test] Loss=nan
  - [Test] Accuracy=3.21752%

Epoch 1:
  - [Train] Loss=3.22690
  - [Train] Accuracy=2.09669%
  - [Train] Total Forward Time=153.67498ms
  - [Train] Total Backward Time=903.81552ms
  - [Train] Batch Forward Time=1.31346ms
  - [Train] Batch Backward Time=7.72492ms
  - [Test] Loss=nan
  - [Test] Accuracy=3.28947%

