mkdir -p logs
./build/CUDA-DNN-MNIST
=====================================
            Configuration
=====================================
 NumberOfEpochs: 2
 BatchSize: 256
 LearningRate: 1.000000e-06
=====================================

=====================================
         CUDA Configuration
=====================================
 Device name: GeForce GTX 1060 6GB
 Memory Clock Rate (KHz): 4004000
 Memory Bus Width (bits): 192
-------------------------------------
 Tensor2DAddBlockSize: 8
 Tensor2DSubtractBlockSize: 8
 Tensor2DScaleBlockSize: 8
 Tensor2DMultiplyBlockSize: 16
 Tensor2DMultiplyBlockNumber: 16
 Tensor2DMultiplySharedMemory: 1
 Tensor2DMeanBlockSize: 8
-------------------------------------
 ReLuBlockSize: 8
-------------------------------------
 CrossEntropyGetMetricBlockSize: 64
 CrossEntropyCalculateBlockSize: 64
=====================================

Epoch 0:
  - [Train] Loss=3.25752
  - [Train] Accuracy=1.45232%
  - [Train] Total Forward Time=95.69702ms
  - [Train] Total Backward Time=423.14224ms
  - [Train] Batch Forward Time=0.40896ms
  - [Train] Batch Backward Time=1.80830ms
  - [Test] Loss=nan
  - [Test] Accuracy=2.23357%

Epoch 1:
  - [Train] Loss=3.20900
  - [Train] Accuracy=1.35383%
  - [Train] Total Forward Time=95.49862ms
  - [Train] Total Backward Time=423.08656ms
  - [Train] Batch Forward Time=0.40811ms
  - [Train] Batch Backward Time=1.80806ms
  - [Test] Loss=nan
  - [Test] Accuracy=2.23357%

