mkdir -p logs
./build/CUDA-DNN-MNIST
=====================================
            Configuration
=====================================
 NumberOfEpochs: 2
 BatchSize: 64
 LearningRate: 1.000000e-06
=====================================

=====================================
         CUDA Configuration
=====================================
 Device name: GeForce GTX 1060 6GB
 Memory Clock Rate (KHz): 4004000
 Memory Bus Width (bits): 192
-------------------------------------
 Tensor2DAddBlockSize: 8
 Tensor2DSubtractBlockSize: 8
 Tensor2DScaleBlockSize: 8
 Tensor2DMultiplyBlockSize: 16
 Tensor2DMultiplyBlockNumber: -1
 Tensor2DMultiplySharedMemory: 0
 Tensor2DMeanBlockSize: 8
-------------------------------------
 ReLuBlockSize: 8
-------------------------------------
 CrossEntropyGetMetricBlockSize: 64
 CrossEntropyCalculateBlockSize: 64
=====================================

Epoch 0:
  - [Train] Loss=3.26810
  - [Train] Accuracy=1.57251%
  - [Train] Total Forward Time=356.65690ms
  - [Train] Total Backward Time=1098.03370ms
  - [Train] Batch Forward Time=0.38064ms
  - [Train] Batch Backward Time=1.17186ms
  - [Test] Loss=nan
  - [Test] Accuracy=2.10337%

Epoch 1:
  - [Train] Loss=3.17972
  - [Train] Accuracy=1.35572%
  - [Train] Total Forward Time=356.72253ms
  - [Train] Total Backward Time=1098.20899ms
  - [Train] Batch Forward Time=0.38071ms
  - [Train] Batch Backward Time=1.17205ms
  - [Test] Loss=nan
  - [Test] Accuracy=2.11338%

