mkdir -p logs
./build/CUDA-DNN-MNIST
=====================================
            Configuration
=====================================
 NumberOfEpochs: 2
 BatchSize: 128
 LearningRate: 1.000000e-06
=====================================

=====================================
         CUDA Configuration
=====================================
 Device name: GeForce GTX 1060 6GB
 Memory Clock Rate (KHz): 4004000
 Memory Bus Width (bits): 192
-------------------------------------
 Tensor2DAddBlockSize: 8
 Tensor2DSubtractBlockSize: 8
 Tensor2DScaleBlockSize: 8
 Tensor2DMultiplyBlockSize: 4
 Tensor2DMultiplyBlockNumber: -1
 Tensor2DMultiplySharedMemory: 0
 Tensor2DMeanBlockSize: 8
-------------------------------------
 ReLuBlockSize: 8
-------------------------------------
 CrossEntropyGetMetricBlockSize: 64
 CrossEntropyCalculateBlockSize: 64
=====================================

Epoch 0:
  - [Train] Loss=3.20799
  - [Train] Accuracy=1.03666%
  - [Train] Total Forward Time=970.53955ms
  - [Train] Total Backward Time=2530.16557ms
  - [Train] Batch Forward Time=2.07380ms
  - [Train] Batch Backward Time=5.40634ms
  - [Test] Loss=nan
  - [Test] Accuracy=1.94311%

Epoch 1:
  - [Train] Loss=3.12506
  - [Train] Accuracy=1.00327%
  - [Train] Total Forward Time=970.89584ms
  - [Train] Total Backward Time=2529.66861ms
  - [Train] Batch Forward Time=2.07456ms
  - [Train] Batch Backward Time=5.40527ms
  - [Test] Loss=nan
  - [Test] Accuracy=2.18349%

