mkdir -p logs
./build/CUDA-DNN-MNIST
=====================================
            Configuration
=====================================
 NumberOfEpochs: 2
 BatchSize: 512
 LearningRate: 1.000000e-06
=====================================

=====================================
         CUDA Configuration
=====================================
 Device name: GeForce GTX 1060 6GB
 Memory Clock Rate (KHz): 4004000
 Memory Bus Width (bits): 192
-------------------------------------
 Tensor2DAddBlockSize: 8
 Tensor2DSubtractBlockSize: 8
 Tensor2DScaleBlockSize: 8
 Tensor2DMultiplyBlockSize: 16
 Tensor2DMultiplyBlockNumber: 32
 Tensor2DMultiplySharedMemory: 1
 Tensor2DMeanBlockSize: 8
-------------------------------------
 ReLuBlockSize: 8
-------------------------------------
 CrossEntropyGetMetricBlockSize: 64
 CrossEntropyCalculateBlockSize: 64
=====================================

Epoch 0:
  - [Train] Loss=3.24565
  - [Train] Accuracy=1.33046%
  - [Train] Total Forward Time=91.70013ms
  - [Train] Total Backward Time=408.14038ms
  - [Train] Batch Forward Time=0.78376ms
  - [Train] Batch Backward Time=3.48838ms
  - [Test] Loss=nan
  - [Test] Accuracy=1.71669%

Epoch 1:
  - [Train] Loss=3.19335
  - [Train] Accuracy=1.15685%
  - [Train] Total Forward Time=91.72685ms
  - [Train] Total Backward Time=407.91735ms
  - [Train] Batch Forward Time=0.78399ms
  - [Train] Batch Backward Time=3.48647ms
  - [Test] Loss=nan
  - [Test] Accuracy=1.54194%

