mkdir -p logs
./build/CUDA-DNN-MNIST
=====================================
            Configuration
=====================================
 NumberOfEpochs: 2
 BatchSize: 256
 LearningRate: 1.000000e-06
=====================================

=====================================
         CUDA Configuration
=====================================
 Device name: GeForce GTX 1060 6GB
 Memory Clock Rate (KHz): 4004000
 Memory Bus Width (bits): 192
-------------------------------------
 Tensor2DAddBlockSize: 8
 Tensor2DSubtractBlockSize: 8
 Tensor2DScaleBlockSize: 8
 Tensor2DMultiplyBlockSize: 16
 Tensor2DMultiplyBlockNumber: 16
 Tensor2DMultiplySharedMemory: 0
 Tensor2DMeanBlockSize: 8
-------------------------------------
 ReLuBlockSize: 8
-------------------------------------
 CrossEntropyGetMetricBlockSize: 64
 CrossEntropyCalculateBlockSize: 64
=====================================

Epoch 0:
  - [Train] Loss=3.24055
  - [Train] Accuracy=2.55409%
  - [Train] Total Forward Time=499.88992ms
  - [Train] Total Backward Time=979.39337ms
  - [Train] Batch Forward Time=2.13628ms
  - [Train] Batch Backward Time=4.18544ms
  - [Test] Loss=nan
  - [Test] Accuracy=2.71434%

Epoch 1:
  - [Train] Loss=3.15287
  - [Train] Accuracy=2.25361%
  - [Train] Total Forward Time=501.92048ms
  - [Train] Total Backward Time=984.54685ms
  - [Train] Batch Forward Time=2.14496ms
  - [Train] Batch Backward Time=4.20747ms
  - [Test] Loss=nan
  - [Test] Accuracy=2.57412%

