mkdir -p logs
./build/CUDA-DNN-MNIST
=====================================
            Configuration
=====================================
 NumberOfEpochs: 2
 BatchSize: 2
 LearningRate: 1.000000e-06
=====================================

=====================================
         CUDA Configuration
=====================================
 Device name: GeForce GTX 1060 6GB
 Memory Clock Rate (KHz): 4004000
 Memory Bus Width (bits): 192
-------------------------------------
 Tensor2DAddBlockSize: 8
 Tensor2DSubtractBlockSize: 8
 Tensor2DScaleBlockSize: 8
 Tensor2DMultiplyBlockSize: 16
 Tensor2DMultiplyBlockNumber: -1
 Tensor2DMultiplySharedMemory: 0
 Tensor2DMeanBlockSize: 8
-------------------------------------
 ReLuBlockSize: 8
-------------------------------------
 CrossEntropyGetMetricBlockSize: 64
 CrossEntropyCalculateBlockSize: 64
=====================================

Epoch 0:
  - [Train] Loss=3.32585
  - [Train] Accuracy=2.58000%
  - [Train] Total Forward Time=6561.36700ms
  - [Train] Total Backward Time=4551.44148ms
  - [Train] Batch Forward Time=0.21871ms
  - [Train] Batch Backward Time=0.15171ms
  - [Test] Loss=nan
  - [Test] Accuracy=2.78000%

Epoch 1:
  - [Train] Loss=3.23053
  - [Train] Accuracy=2.02667%
  - [Train] Total Forward Time=6567.39952ms
  - [Train] Total Backward Time=4552.80687ms
  - [Train] Batch Forward Time=0.21891ms
  - [Train] Batch Backward Time=0.15176ms
  - [Test] Loss=nan
  - [Test] Accuracy=2.48000%

