mkdir -p logs
./build/CUDA-DNN-MNIST
=====================================
            Configuration
=====================================
 NumberOfEpochs: 2
 BatchSize: 4
 LearningRate: 1.000000e-06
=====================================

=====================================
         CUDA Configuration
=====================================
 Device name: GeForce GTX 1060 6GB
 Memory Clock Rate (KHz): 4004000
 Memory Bus Width (bits): 192
-------------------------------------
 Tensor2DAddBlockSize: 8
 Tensor2DSubtractBlockSize: 8
 Tensor2DScaleBlockSize: 8
 Tensor2DMultiplyBlockSize: 16
 Tensor2DMultiplyBlockNumber: -1
 Tensor2DMultiplySharedMemory: 1
 Tensor2DMeanBlockSize: 8
-------------------------------------
 ReLuBlockSize: 8
-------------------------------------
 CrossEntropyGetMetricBlockSize: 64
 CrossEntropyCalculateBlockSize: 64
=====================================

Epoch 0:
  - [Train] Loss=3.25975
  - [Train] Accuracy=0.08167%
  - [Train] Total Forward Time=725.71726ms
  - [Train] Total Backward Time=2121.16510ms
  - [Train] Batch Forward Time=0.04838ms
  - [Train] Batch Backward Time=0.14141ms
  - [Test] Loss=3.30717
  - [Test] Accuracy=0.42000%

Epoch 1:
  - [Train] Loss=3.25436
  - [Train] Accuracy=0.08000%
  - [Train] Total Forward Time=725.72795ms
  - [Train] Total Backward Time=2121.03186ms
  - [Train] Batch Forward Time=0.04838ms
  - [Train] Batch Backward Time=0.14140ms
  - [Test] Loss=3.29732
  - [Test] Accuracy=0.42000%

