mkdir -p logs
./build/CUDA-DNN-MNIST
=====================================
            Configuration
=====================================
 NumberOfEpochs: 2
 BatchSize: 128
 LearningRate: 1.000000e-06
=====================================

=====================================
         CUDA Configuration
=====================================
 Device name: GeForce GTX 1060 6GB
 Memory Clock Rate (KHz): 4004000
 Memory Bus Width (bits): 192
-------------------------------------
 Tensor2DAddBlockSize: 8
 Tensor2DSubtractBlockSize: 8
 Tensor2DScaleBlockSize: 8
 Tensor2DMultiplyBlockSize: 16
 Tensor2DMultiplyBlockNumber: 64
 Tensor2DMultiplySharedMemory: 0
 Tensor2DMeanBlockSize: 8
-------------------------------------
 ReLuBlockSize: 8
-------------------------------------
 CrossEntropyGetMetricBlockSize: 64
 CrossEntropyCalculateBlockSize: 64
=====================================

Epoch 0:
  - [Train] Loss=inf
  - [Train] Accuracy=1.95146%
  - [Train] Total Forward Time=258.19261ms
  - [Train] Total Backward Time=1137.14963ms
  - [Train] Batch Forward Time=0.55169ms
  - [Train] Batch Backward Time=2.42981ms
  - [Test] Loss=nan
  - [Test] Accuracy=2.73438%

Epoch 1:
  - [Train] Loss=3.17149
  - [Train] Accuracy=1.74613%
  - [Train] Total Forward Time=258.21705ms
  - [Train] Total Backward Time=1136.69305ms
  - [Train] Batch Forward Time=0.55175ms
  - [Train] Batch Backward Time=2.42883ms
  - [Test] Loss=nan
  - [Test] Accuracy=2.77444%

