mkdir -p logs
./build/CUDA-DNN-MNIST
=====================================
            Configuration
=====================================
 NumberOfEpochs: 2
 BatchSize: 128
 LearningRate: 1.000000e-06
=====================================

=====================================
         CUDA Configuration
=====================================
 Device name: GeForce GTX 1060 6GB
 Memory Clock Rate (KHz): 4004000
 Memory Bus Width (bits): 192
-------------------------------------
 Tensor2DAddBlockSize: 8
 Tensor2DSubtractBlockSize: 8
 Tensor2DScaleBlockSize: 8
 Tensor2DMultiplyBlockSize: 16
 Tensor2DMultiplyBlockNumber: -1
 Tensor2DMultiplySharedMemory: 1
 Tensor2DMeanBlockSize: 8
-------------------------------------
 ReLuBlockSize: 8
-------------------------------------
 CrossEntropyGetMetricBlockSize: 64
 CrossEntropyCalculateBlockSize: 64
=====================================

Epoch 0:
  - [Train] Loss=3.25661
  - [Train] Accuracy=0.99326%
  - [Train] Total Forward Time=105.04323ms
  - [Train] Total Backward Time=456.30221ms
  - [Train] Batch Forward Time=0.22445ms
  - [Train] Batch Backward Time=0.97500ms
  - [Test] Loss=nan
  - [Test] Accuracy=1.88301%

Epoch 1:
  - [Train] Loss=3.20559
  - [Train] Accuracy=0.94318%
  - [Train] Total Forward Time=105.05226ms
  - [Train] Total Backward Time=456.17558ms
  - [Train] Batch Forward Time=0.22447ms
  - [Train] Batch Backward Time=0.97473ms
  - [Test] Loss=nan
  - [Test] Accuracy=1.80288%

