mkdir -p logs
./build/CUDA-DNN-MNIST
=====================================
            Configuration
=====================================
 NumberOfEpochs: 2
 BatchSize: 512
 LearningRate: 1.000000e-06
=====================================

=====================================
         CUDA Configuration
=====================================
 Device name: GeForce GTX 1060 6GB
 Memory Clock Rate (KHz): 4004000
 Memory Bus Width (bits): 192
-------------------------------------
 Tensor2DAddBlockSize: 8
 Tensor2DSubtractBlockSize: 8
 Tensor2DScaleBlockSize: 8
 Tensor2DMultiplyBlockSize: 16
 Tensor2DMultiplyBlockNumber: -1
 Tensor2DMultiplySharedMemory: 0
 Tensor2DMeanBlockSize: 8
-------------------------------------
 ReLuBlockSize: 8
-------------------------------------
 CrossEntropyGetMetricBlockSize: 64
 CrossEntropyCalculateBlockSize: 64
=====================================

Epoch 0:
  - [Train] Loss=3.25015
  - [Train] Accuracy=1.70106%
  - [Train] Total Forward Time=232.05274ms
  - [Train] Total Backward Time=968.66202ms
  - [Train] Batch Forward Time=1.98336ms
  - [Train] Batch Backward Time=8.27916ms
  - [Test] Loss=nan
  - [Test] Accuracy=2.71382%

Epoch 1:
  - [Train] Loss=3.16921
  - [Train] Accuracy=1.60924%
  - [Train] Total Forward Time=232.25184ms
  - [Train] Total Backward Time=968.96298ms
  - [Train] Batch Forward Time=1.98506ms
  - [Train] Batch Backward Time=8.28173ms
  - [Test] Loss=nan
  - [Test] Accuracy=3.00164%

