mkdir -p logs
./build/CUDA-DNN-MNIST
=====================================
            Configuration
=====================================
 NumberOfEpochs: 2
 BatchSize: 128
 LearningRate: 1.000000e-06
=====================================

=====================================
         CUDA Configuration
=====================================
 Device name: GeForce GTX 1060 6GB
 Memory Clock Rate (KHz): 4004000
 Memory Bus Width (bits): 192
-------------------------------------
 Tensor2DAddBlockSize: 8
 Tensor2DSubtractBlockSize: 8
 Tensor2DScaleBlockSize: 8
 Tensor2DMultiplyBlockSize: 8
 Tensor2DMultiplyBlockNumber: -1
 Tensor2DMultiplySharedMemory: 0
 Tensor2DMeanBlockSize: 8
-------------------------------------
 ReLuBlockSize: 8
-------------------------------------
 CrossEntropyGetMetricBlockSize: 64
 CrossEntropyCalculateBlockSize: 64
=====================================

Epoch 0:
  - [Train] Loss=3.24317
  - [Train] Accuracy=1.24199%
  - [Train] Total Forward Time=615.47888ms
  - [Train] Total Backward Time=997.24733ms
  - [Train] Batch Forward Time=1.31513ms
  - [Train] Batch Backward Time=2.13087ms
  - [Test] Loss=nan
  - [Test] Accuracy=2.10337%

Epoch 1:
  - [Train] Loss=3.16231
  - [Train] Accuracy=1.17688%
  - [Train] Total Forward Time=616.94966ms
  - [Train] Total Backward Time=997.09075ms
  - [Train] Batch Forward Time=1.31827ms
  - [Train] Batch Backward Time=2.13054ms
  - [Test] Loss=nan
  - [Test] Accuracy=2.04327%

