mkdir -p logs
./build/CUDA-DNN-MNIST
=====================================
            Configuration
=====================================
 NumberOfEpochs: 2
 BatchSize: 16
 LearningRate: 1.000000e-06
=====================================

=====================================
         CUDA Configuration
=====================================
 Device name: GeForce GTX 1060 6GB
 Memory Clock Rate (KHz): 4004000
 Memory Bus Width (bits): 192
-------------------------------------
 Tensor2DAddBlockSize: 8
 Tensor2DSubtractBlockSize: 8
 Tensor2DScaleBlockSize: 8
 Tensor2DMultiplyBlockSize: 16
 Tensor2DMultiplyBlockNumber: -1
 Tensor2DMultiplySharedMemory: 0
 Tensor2DMeanBlockSize: 8
-------------------------------------
 ReLuBlockSize: 8
-------------------------------------
 CrossEntropyGetMetricBlockSize: 64
 CrossEntropyCalculateBlockSize: 64
=====================================

Epoch 0:
  - [Train] Loss=3.23446
  - [Train] Accuracy=1.75833%
  - [Train] Total Forward Time=882.36579ms
  - [Train] Total Backward Time=1714.91328ms
  - [Train] Batch Forward Time=0.23530ms
  - [Train] Batch Backward Time=0.45731ms
  - [Test] Loss=nan
  - [Test] Accuracy=2.75000%

Epoch 1:
  - [Train] Loss=3.15418
  - [Train] Accuracy=1.91000%
  - [Train] Total Forward Time=881.99587ms
  - [Train] Total Backward Time=1716.30122ms
  - [Train] Batch Forward Time=0.23520ms
  - [Train] Batch Backward Time=0.45768ms
  - [Test] Loss=nan
  - [Test] Accuracy=2.89000%

