mkdir -p logs
./build/CUDA-DNN-MNIST
=====================================
            Configuration
=====================================
 NumberOfEpochs: 2
 BatchSize: 8
 LearningRate: 1.000000e-06
=====================================

=====================================
         CUDA Configuration
=====================================
 Device name: GeForce GTX 1060 6GB
 Memory Clock Rate (KHz): 4004000
 Memory Bus Width (bits): 192
-------------------------------------
 Tensor2DAddBlockSize: 8
 Tensor2DSubtractBlockSize: 8
 Tensor2DScaleBlockSize: 8
 Tensor2DMultiplyBlockSize: 16
 Tensor2DMultiplyBlockNumber: -1
 Tensor2DMultiplySharedMemory: 1
 Tensor2DMeanBlockSize: 8
-------------------------------------
 ReLuBlockSize: 8
-------------------------------------
 CrossEntropyGetMetricBlockSize: 64
 CrossEntropyCalculateBlockSize: 64
=====================================

Epoch 0:
  - [Train] Loss=3.25194
  - [Train] Accuracy=0.28167%
  - [Train] Total Forward Time=382.44927ms
  - [Train] Total Backward Time=1185.22189ms
  - [Train] Batch Forward Time=0.05099ms
  - [Train] Batch Backward Time=0.15803ms
  - [Test] Loss=nan
  - [Test] Accuracy=0.76000%

Epoch 1:
  - [Train] Loss=3.23116
  - [Train] Accuracy=0.28333%
  - [Train] Total Forward Time=383.00934ms
  - [Train] Total Backward Time=1185.93575ms
  - [Train] Batch Forward Time=0.05107ms
  - [Train] Batch Backward Time=0.15812ms
  - [Test] Loss=nan
  - [Test] Accuracy=0.76000%

