mkdir -p logs
./build/CUDA-DNN-MNIST
=====================================
            Configuration
=====================================
 NumberOfEpochs: 2
 BatchSize: 512
 LearningRate: 1.000000e-06
=====================================

=====================================
         CUDA Configuration
=====================================
 Device name: GeForce GTX 1060 6GB
 Memory Clock Rate (KHz): 4004000
 Memory Bus Width (bits): 192
-------------------------------------
 Tensor2DAddBlockSize: 8
 Tensor2DSubtractBlockSize: 8
 Tensor2DScaleBlockSize: 8
 Tensor2DMultiplyBlockSize: 16
 Tensor2DMultiplyBlockNumber: 32
 Tensor2DMultiplySharedMemory: 0
 Tensor2DMeanBlockSize: 8
-------------------------------------
 ReLuBlockSize: 8
-------------------------------------
 CrossEntropyGetMetricBlockSize: 64
 CrossEntropyCalculateBlockSize: 64
=====================================

Epoch 0:
  - [Train] Loss=3.24966
  - [Train] Accuracy=1.46902%
  - [Train] Total Forward Time=226.89690ms
  - [Train] Total Backward Time=849.63232ms
  - [Train] Batch Forward Time=1.93929ms
  - [Train] Batch Backward Time=7.26181ms
  - [Test] Loss=nan
  - [Test] Accuracy=2.43627%

Epoch 1:
  - [Train] Loss=3.16684
  - [Train] Accuracy=1.52411%
  - [Train] Total Forward Time=228.02022ms
  - [Train] Total Backward Time=855.04035ms
  - [Train] Batch Forward Time=1.94889ms
  - [Train] Batch Backward Time=7.30804ms
  - [Test] Loss=nan
  - [Test] Accuracy=2.75493%

