mkdir -p logs
./build/CUDA-DNN-MNIST
=====================================
            Configuration
=====================================
 NumberOfEpochs: 2
 BatchSize: 128
 LearningRate: 1.000000e-06
=====================================

=====================================
         CUDA Configuration
=====================================
 Device name: GeForce GTX 1060 6GB
 Memory Clock Rate (KHz): 4004000
 Memory Bus Width (bits): 192
-------------------------------------
 Tensor2DAddBlockSize: 8
 Tensor2DSubtractBlockSize: 8
 Tensor2DScaleBlockSize: 8
 Tensor2DMultiplyBlockSize: 16
 Tensor2DMultiplyBlockNumber: 16
 Tensor2DMultiplySharedMemory: 1
 Tensor2DMeanBlockSize: 8
-------------------------------------
 ReLuBlockSize: 8
-------------------------------------
 CrossEntropyGetMetricBlockSize: 64
 CrossEntropyCalculateBlockSize: 64
=====================================

Epoch 0:
  - [Train] Loss=3.25365
  - [Train] Accuracy=1.16854%
  - [Train] Total Forward Time=105.12451ms
  - [Train] Total Backward Time=454.82259ms
  - [Train] Batch Forward Time=0.22463ms
  - [Train] Batch Backward Time=0.97184ms
  - [Test] Loss=nan
  - [Test] Accuracy=1.57252%

Epoch 1:
  - [Train] Loss=3.19846
  - [Train] Accuracy=1.01997%
  - [Train] Total Forward Time=104.96848ms
  - [Train] Total Backward Time=454.13347ms
  - [Train] Batch Forward Time=0.22429ms
  - [Train] Batch Backward Time=0.97037ms
  - [Test] Loss=nan
  - [Test] Accuracy=1.38221%

