mkdir -p logs
./build/CUDA-DNN-MNIST
=====================================
            Configuration
=====================================
 NumberOfEpochs: 2
 BatchSize: 128
 LearningRate: 1.000000e-06
=====================================

=====================================
         CUDA Configuration
=====================================
 Device name: GeForce GTX 1060 6GB
 Memory Clock Rate (KHz): 4004000
 Memory Bus Width (bits): 192
-------------------------------------
 Tensor2DAddBlockSize: 8
 Tensor2DSubtractBlockSize: 8
 Tensor2DScaleBlockSize: 8
 Tensor2DMultiplyBlockSize: 16
 Tensor2DMultiplyBlockNumber: 512
 Tensor2DMultiplySharedMemory: 0
 Tensor2DMeanBlockSize: 8
-------------------------------------
 ReLuBlockSize: 8
-------------------------------------
 CrossEntropyGetMetricBlockSize: 64
 CrossEntropyCalculateBlockSize: 64
=====================================

Epoch 0:
  - [Train] Loss=3.26225
  - [Train] Accuracy=2.46060%
  - [Train] Total Forward Time=2774.64045ms
  - [Train] Total Backward Time=6033.20865ms
  - [Train] Batch Forward Time=5.92872ms
  - [Train] Batch Backward Time=12.89147ms
  - [Test] Loss=nan
  - [Test] Accuracy=2.75441%

Epoch 1:
  - [Train] Loss=3.17248
  - [Train] Accuracy=2.11672%
  - [Train] Total Forward Time=2768.76099ms
  - [Train] Total Backward Time=6033.73553ms
  - [Train] Batch Forward Time=5.91616ms
  - [Train] Batch Backward Time=12.89260ms
  - [Test] Loss=nan
  - [Test] Accuracy=2.89463%

