mkdir -p logs
./build/CUDA-DNN-MNIST
=====================================
            Configuration
=====================================
 NumberOfEpochs: 2
 BatchSize: 32
 LearningRate: 1.000000e-06
=====================================

=====================================
         CUDA Configuration
=====================================
 Device name: GeForce GTX 1060 6GB
 Memory Clock Rate (KHz): 4004000
 Memory Bus Width (bits): 192
-------------------------------------
 Tensor2DAddBlockSize: 8
 Tensor2DSubtractBlockSize: 8
 Tensor2DScaleBlockSize: 8
 Tensor2DMultiplyBlockSize: 16
 Tensor2DMultiplyBlockNumber: -1
 Tensor2DMultiplySharedMemory: 1
 Tensor2DMeanBlockSize: 8
-------------------------------------
 ReLuBlockSize: 8
-------------------------------------
 CrossEntropyGetMetricBlockSize: 64
 CrossEntropyCalculateBlockSize: 64
=====================================

Epoch 0:
  - [Train] Loss=3.22175
  - [Train] Accuracy=0.92333%
  - [Train] Total Forward Time=155.49494ms
  - [Train] Total Backward Time=632.79037ms
  - [Train] Batch Forward Time=0.08293ms
  - [Train] Batch Backward Time=0.33749ms
  - [Test] Loss=nan
  - [Test] Accuracy=1.50240%

Epoch 1:
  - [Train] Loss=3.17025
  - [Train] Accuracy=0.84000%
  - [Train] Total Forward Time=155.26653ms
  - [Train] Total Backward Time=632.99920ms
  - [Train] Batch Forward Time=0.08281ms
  - [Train] Batch Backward Time=0.33760ms
  - [Test] Loss=nan
  - [Test] Accuracy=1.48237%

