mkdir -p logs
./build/CUDA-DNN-MNIST
=====================================
            Configuration
=====================================
 NumberOfEpochs: 2
 BatchSize: 512
 LearningRate: 1.000000e-06
=====================================

=====================================
         CUDA Configuration
=====================================
 Device name: GeForce GTX 1060 6GB
 Memory Clock Rate (KHz): 4004000
 Memory Bus Width (bits): 192
-------------------------------------
 Tensor2DAddBlockSize: 8
 Tensor2DSubtractBlockSize: 8
 Tensor2DScaleBlockSize: 8
 Tensor2DMultiplyBlockSize: 16
 Tensor2DMultiplyBlockNumber: 16
 Tensor2DMultiplySharedMemory: 0
 Tensor2DMeanBlockSize: 8
-------------------------------------
 ReLuBlockSize: 8
-------------------------------------
 CrossEntropyGetMetricBlockSize: 64
 CrossEntropyCalculateBlockSize: 64
=====================================

Epoch 0:
  - [Train] Loss=3.26027
  - [Train] Accuracy=1.61091%
  - [Train] Total Forward Time=458.98518ms
  - [Train] Total Backward Time=965.68317ms
  - [Train] Batch Forward Time=3.92295ms
  - [Train] Batch Backward Time=8.25370ms
  - [Test] Loss=nan
  - [Test] Accuracy=2.21012%

Epoch 1:
  - [Train] Loss=3.17805
  - [Train] Accuracy=1.56584%
  - [Train] Total Forward Time=459.81696ms
  - [Train] Total Backward Time=965.73856ms
  - [Train] Batch Forward Time=3.93006ms
  - [Train] Batch Backward Time=8.25418ms
  - [Test] Loss=nan
  - [Test] Accuracy=2.15872%

