mkdir -p logs
./build/CUDA-DNN-MNIST
=====================================
            Configuration
=====================================
 NumberOfEpochs: 2
 BatchSize: 512
 LearningRate: 1.000000e-06
=====================================

=====================================
         CUDA Configuration
=====================================
 Device name: GeForce GTX 1060 6GB
 Memory Clock Rate (KHz): 4004000
 Memory Bus Width (bits): 192
-------------------------------------
 Tensor2DAddBlockSize: 8
 Tensor2DSubtractBlockSize: 8
 Tensor2DScaleBlockSize: 8
 Tensor2DMultiplyBlockSize: 32
 Tensor2DMultiplyBlockNumber: 32
 Tensor2DMultiplySharedMemory: 1
 Tensor2DMeanBlockSize: 8
-------------------------------------
 ReLuBlockSize: 8
-------------------------------------
 CrossEntropyGetMetricBlockSize: 64
 CrossEntropyCalculateBlockSize: 64
=====================================

Epoch 0:
  - [Train] Loss=3.25740
  - [Train] Accuracy=0.63101%
  - [Train] Total Forward Time=96.81613ms
  - [Train] Total Backward Time=1240.00516ms
  - [Train] Batch Forward Time=0.82749ms
  - [Train] Batch Backward Time=10.59833ms
  - [Test] Loss=3.24801
  - [Test] Accuracy=1.33635%

Epoch 1:
  - [Train] Loss=3.22939
  - [Train] Accuracy=0.58761%
  - [Train] Total Forward Time=96.90726ms
  - [Train] Total Backward Time=1241.66468ms
  - [Train] Batch Forward Time=0.82827ms
  - [Train] Batch Backward Time=10.61252ms
  - [Test] Loss=3.21972
  - [Test] Accuracy=1.35691%

