mkdir -p logs
./build/CUDA-DNN-MNIST
=====================================
            Configuration
=====================================
 NumberOfEpochs: 2
 BatchSize: 1
 LearningRate: 1.000000e-06
=====================================

=====================================
         CUDA Configuration
=====================================
 Device name: GeForce GTX 1060 6GB
 Memory Clock Rate (KHz): 4004000
 Memory Bus Width (bits): 192
-------------------------------------
 Tensor2DAddBlockSize: 8
 Tensor2DSubtractBlockSize: 8
 Tensor2DScaleBlockSize: 8
 Tensor2DMultiplyBlockSize: 16
 Tensor2DMultiplyBlockNumber: -1
 Tensor2DMultiplySharedMemory: 0
 Tensor2DMeanBlockSize: 8
-------------------------------------
 ReLuBlockSize: 8
-------------------------------------
 CrossEntropyGetMetricBlockSize: 64
 CrossEntropyCalculateBlockSize: 64
=====================================

Epoch 0:
  - [Train] Loss=3.22071
  - [Train] Accuracy=2.95000%
  - [Train] Total Forward Time=13066.29546ms
  - [Train] Total Backward Time=8536.39058ms
  - [Train] Batch Forward Time=0.21777ms
  - [Train] Batch Backward Time=0.14227ms
  - [Test] Loss=nan
  - [Test] Accuracy=3.18000%

Epoch 1:
  - [Train] Loss=3.13527
  - [Train] Accuracy=2.87667%
  - [Train] Total Forward Time=13044.02852ms
  - [Train] Total Backward Time=8525.25985ms
  - [Train] Batch Forward Time=0.21740ms
  - [Train] Batch Backward Time=0.14209ms
  - [Test] Loss=nan
  - [Test] Accuracy=3.21000%

