mkdir -p logs
./build/CUDA-DNN-MNIST
=====================================
            Configuration
=====================================
 NumberOfEpochs: 2
 BatchSize: 128
 LearningRate: 1.000000e-06
=====================================

=====================================
         CUDA Configuration
=====================================
 Device name: GeForce GTX 1060 6GB
 Memory Clock Rate (KHz): 4004000
 Memory Bus Width (bits): 192
-------------------------------------
 Tensor2DAddBlockSize: 8
 Tensor2DSubtractBlockSize: 8
 Tensor2DScaleBlockSize: 8
 Tensor2DMultiplyBlockSize: 16
 Tensor2DMultiplyBlockNumber: 32
 Tensor2DMultiplySharedMemory: 1
 Tensor2DMeanBlockSize: 8
-------------------------------------
 ReLuBlockSize: 8
-------------------------------------
 CrossEntropyGetMetricBlockSize: 64
 CrossEntropyCalculateBlockSize: 64
=====================================

Epoch 0:
  - [Train] Loss=3.26529
  - [Train] Accuracy=1.21695%
  - [Train] Total Forward Time=104.79315ms
  - [Train] Total Backward Time=453.84294ms
  - [Train] Batch Forward Time=0.22392ms
  - [Train] Batch Backward Time=0.96975ms
  - [Test] Loss=nan
  - [Test] Accuracy=1.82292%

Epoch 1:
  - [Train] Loss=3.20923
  - [Train] Accuracy=1.16854%
  - [Train] Total Forward Time=104.72400ms
  - [Train] Total Backward Time=453.67350ms
  - [Train] Batch Forward Time=0.22377ms
  - [Train] Batch Backward Time=0.96939ms
  - [Test] Loss=nan
  - [Test] Accuracy=1.77284%

