mkdir -p logs
./build/CUDA-DNN-MNIST
=====================================
            Configuration
=====================================
 NumberOfEpochs: 2
 BatchSize: 4
 LearningRate: 1.000000e-06
=====================================

=====================================
         CUDA Configuration
=====================================
 Device name: GeForce GTX 1060 6GB
 Memory Clock Rate (KHz): 4004000
 Memory Bus Width (bits): 192
-------------------------------------
 Tensor2DAddBlockSize: 8
 Tensor2DSubtractBlockSize: 8
 Tensor2DScaleBlockSize: 8
 Tensor2DMultiplyBlockSize: 16
 Tensor2DMultiplyBlockNumber: -1
 Tensor2DMultiplySharedMemory: 0
 Tensor2DMeanBlockSize: 8
-------------------------------------
 ReLuBlockSize: 8
-------------------------------------
 CrossEntropyGetMetricBlockSize: 64
 CrossEntropyCalculateBlockSize: 64
=====================================

Epoch 0:
  - [Train] Loss=3.23127
  - [Train] Accuracy=2.45000%
  - [Train] Total Forward Time=3317.24852ms
  - [Train] Total Backward Time=2691.62509ms
  - [Train] Batch Forward Time=0.22115ms
  - [Train] Batch Backward Time=0.17944ms
  - [Test] Loss=nan
  - [Test] Accuracy=3.72000%

Epoch 1:
  - [Train] Loss=3.14914
  - [Train] Accuracy=2.49333%
  - [Train] Total Forward Time=3316.05191ms
  - [Train] Total Backward Time=2689.49738ms
  - [Train] Batch Forward Time=0.22107ms
  - [Train] Batch Backward Time=0.17930ms
  - [Test] Loss=nan
  - [Test] Accuracy=4.31000%

