mkdir -p logs
./build/CUDA-DNN-MNIST
=====================================
            Configuration
=====================================
 NumberOfEpochs: 2
 BatchSize: 128
 LearningRate: 1.000000e-06
=====================================

=====================================
         CUDA Configuration
=====================================
 Device name: GeForce GTX 1060 6GB
 Memory Clock Rate (KHz): 4004000
 Memory Bus Width (bits): 192
-------------------------------------
 Tensor2DAddBlockSize: 8
 Tensor2DSubtractBlockSize: 8
 Tensor2DScaleBlockSize: 8
 Tensor2DMultiplyBlockSize: 16
 Tensor2DMultiplyBlockNumber: 128
 Tensor2DMultiplySharedMemory: 0
 Tensor2DMeanBlockSize: 8
-------------------------------------
 ReLuBlockSize: 8
-------------------------------------
 CrossEntropyGetMetricBlockSize: 64
 CrossEntropyCalculateBlockSize: 64
=====================================

Epoch 0:
  - [Train] Loss=3.29394
  - [Train] Accuracy=2.46895%
  - [Train] Total Forward Time=450.51850ms
  - [Train] Total Backward Time=1460.08861ms
  - [Train] Batch Forward Time=0.96265ms
  - [Train] Batch Backward Time=3.11985ms
  - [Test] Loss=nan
  - [Test] Accuracy=3.07492%

Epoch 1:
  - [Train] Loss=3.19540
  - [Train] Accuracy=1.76950%
  - [Train] Total Forward Time=450.37840ms
  - [Train] Total Backward Time=1460.27875ms
  - [Train] Batch Forward Time=0.96235ms
  - [Train] Batch Backward Time=3.12025ms
  - [Test] Loss=nan
  - [Test] Accuracy=2.72436%

