mkdir -p logs
./build/CUDA-DNN-MNIST
=====================================
            Configuration
=====================================
 NumberOfEpochs: 2
 BatchSize: 512
 LearningRate: 1.000000e-06
=====================================

=====================================
         CUDA Configuration
=====================================
 Device name: GeForce GTX 1060 6GB
 Memory Clock Rate (KHz): 4004000
 Memory Bus Width (bits): 192
-------------------------------------
 Tensor2DAddBlockSize: 8
 Tensor2DSubtractBlockSize: 8
 Tensor2DScaleBlockSize: 8
 Tensor2DMultiplyBlockSize: 32
 Tensor2DMultiplyBlockNumber: 16
 Tensor2DMultiplySharedMemory: 1
 Tensor2DMeanBlockSize: 8
-------------------------------------
 ReLuBlockSize: 8
-------------------------------------
 CrossEntropyGetMetricBlockSize: 64
 CrossEntropyCalculateBlockSize: 64
=====================================

Epoch 0:
  - [Train] Loss=3.23871
  - [Train] Accuracy=0.52250%
  - [Train] Total Forward Time=96.84566ms
  - [Train] Total Backward Time=1240.40067ms
  - [Train] Batch Forward Time=0.82774ms
  - [Train] Batch Backward Time=10.60172ms
  - [Test] Loss=inf
  - [Test] Accuracy=0.85321%

Epoch 1:
  - [Train] Loss=3.21340
  - [Train] Accuracy=0.50581%
  - [Train] Total Forward Time=96.81920ms
  - [Train] Total Backward Time=1240.65772ms
  - [Train] Batch Forward Time=0.82751ms
  - [Train] Batch Backward Time=10.60391ms
  - [Test] Loss=nan
  - [Test] Accuracy=0.87377%

