mkdir -p logs
./build/CUDA-DNN-MNIST
=====================================
            Configuration
=====================================
 NumberOfEpochs: 2
 BatchSize: 128
 LearningRate: 1.000000e-06
=====================================

=====================================
         CUDA Configuration
=====================================
 Device name: GeForce GTX 1060 6GB
 Memory Clock Rate (KHz): 4004000
 Memory Bus Width (bits): 192
-------------------------------------
 Tensor2DAddBlockSize: 8
 Tensor2DSubtractBlockSize: 8
 Tensor2DScaleBlockSize: 8
 Tensor2DMultiplyBlockSize: 16
 Tensor2DMultiplyBlockNumber: 8
 Tensor2DMultiplySharedMemory: 0
 Tensor2DMeanBlockSize: 8
-------------------------------------
 ReLuBlockSize: 8
-------------------------------------
 CrossEntropyGetMetricBlockSize: 64
 CrossEntropyCalculateBlockSize: 64
=====================================

Epoch 0:
  - [Train] Loss=3.23078
  - [Train] Accuracy=1.68436%
  - [Train] Total Forward Time=522.84342ms
  - [Train] Total Backward Time=1125.58774ms
  - [Train] Batch Forward Time=1.11719ms
  - [Train] Batch Backward Time=2.40510ms
  - [Test] Loss=nan
  - [Test] Accuracy=2.04327%

Epoch 1:
  - [Train] Loss=3.14452
  - [Train] Accuracy=1.74112%
  - [Train] Total Forward Time=522.78528ms
  - [Train] Total Backward Time=1125.63651ms
  - [Train] Batch Forward Time=1.11706ms
  - [Train] Batch Backward Time=2.40521ms
  - [Test] Loss=nan
  - [Test] Accuracy=2.10337%

