mkdir -p logs
./build/CUDA-DNN-MNIST
=====================================
            Configuration
=====================================
 NumberOfEpochs: 2
 BatchSize: 32
 LearningRate: 1.000000e-06
=====================================

=====================================
         CUDA Configuration
=====================================
 Device name: GeForce GTX 1060 6GB
 Memory Clock Rate (KHz): 4004000
 Memory Bus Width (bits): 192
-------------------------------------
 Tensor2DAddBlockSize: 8
 Tensor2DSubtractBlockSize: 8
 Tensor2DScaleBlockSize: 8
 Tensor2DMultiplyBlockSize: 16
 Tensor2DMultiplyBlockNumber: -1
 Tensor2DMultiplySharedMemory: 0
 Tensor2DMeanBlockSize: 8
-------------------------------------
 ReLuBlockSize: 8
-------------------------------------
 CrossEntropyGetMetricBlockSize: 64
 CrossEntropyCalculateBlockSize: 64
=====================================

Epoch 0:
  - [Train] Loss=inf
  - [Train] Accuracy=1.75500%
  - [Train] Total Forward Time=511.33641ms
  - [Train] Total Backward Time=1280.23603ms
  - [Train] Batch Forward Time=0.27271ms
  - [Train] Batch Backward Time=0.68279ms
  - [Test] Loss=nan
  - [Test] Accuracy=3.38542%

Epoch 1:
  - [Train] Loss=3.15803
  - [Train] Accuracy=1.70167%
  - [Train] Total Forward Time=510.43260ms
  - [Train] Total Backward Time=1278.75939ms
  - [Train] Batch Forward Time=0.27223ms
  - [Train] Batch Backward Time=0.68201ms
  - [Test] Loss=nan
  - [Test] Accuracy=3.51562%

