mkdir -p logs
./build/CUDA-DNN-MNIST
=====================================
            Configuration
=====================================
 NumberOfEpochs: 2
 BatchSize: 128
 LearningRate: 1.000000e-06
=====================================

=====================================
         CUDA Configuration
=====================================
 Device name: GeForce GTX 1060 6GB
 Memory Clock Rate (KHz): 4004000
 Memory Bus Width (bits): 192
-------------------------------------
 Tensor2DAddBlockSize: 8
 Tensor2DSubtractBlockSize: 8
 Tensor2DScaleBlockSize: 8
 Tensor2DMultiplyBlockSize: 32
 Tensor2DMultiplyBlockNumber: 32
 Tensor2DMultiplySharedMemory: 0
 Tensor2DMeanBlockSize: 8
-------------------------------------
 ReLuBlockSize: 8
-------------------------------------
 CrossEntropyGetMetricBlockSize: 64
 CrossEntropyCalculateBlockSize: 64
=====================================

Epoch 0:
  - [Train] Loss=3.24003
  - [Train] Accuracy=1.70272%
  - [Train] Total Forward Time=352.88995ms
  - [Train] Total Backward Time=1486.27817ms
  - [Train] Batch Forward Time=0.75404ms
  - [Train] Batch Backward Time=3.17581ms
  - [Test] Loss=nan
  - [Test] Accuracy=2.36378%

Epoch 1:
  - [Train] Loss=3.15610
  - [Train] Accuracy=1.67268%
  - [Train] Total Forward Time=352.76752ms
  - [Train] Total Backward Time=1486.63190ms
  - [Train] Batch Forward Time=0.75378ms
  - [Train] Batch Backward Time=3.17656ms
  - [Test] Loss=nan
  - [Test] Accuracy=2.76442%

