mkdir -p logs
./build/CUDA-DNN-MNIST
=====================================
            Configuration
=====================================
 NumberOfEpochs: 2
 BatchSize: 512
 LearningRate: 1.000000e-06
=====================================

=====================================
         CUDA Configuration
=====================================
 Device name: GeForce GTX 1060 6GB
 Memory Clock Rate (KHz): 4004000
 Memory Bus Width (bits): 192
-------------------------------------
 Tensor2DAddBlockSize: 8
 Tensor2DSubtractBlockSize: 8
 Tensor2DScaleBlockSize: 8
 Tensor2DMultiplyBlockSize: 32
 Tensor2DMultiplyBlockNumber: 32
 Tensor2DMultiplySharedMemory: 0
 Tensor2DMeanBlockSize: 8
-------------------------------------
 ReLuBlockSize: 8
-------------------------------------
 CrossEntropyGetMetricBlockSize: 64
 CrossEntropyCalculateBlockSize: 64
=====================================

Epoch 0:
  - [Train] Loss=3.26068
  - [Train] Accuracy=1.55582%
  - [Train] Total Forward Time=196.72160ms
  - [Train] Total Backward Time=1447.72205ms
  - [Train] Batch Forward Time=1.68138ms
  - [Train] Batch Backward Time=12.37369ms
  - [Test] Loss=nan
  - [Test] Accuracy=2.32319%

Epoch 1:
  - [Train] Loss=3.17135
  - [Train] Accuracy=1.30208%
  - [Train] Total Forward Time=197.02787ms
  - [Train] Total Backward Time=1450.17635ms
  - [Train] Batch Forward Time=1.68400ms
  - [Train] Batch Backward Time=12.39467ms
  - [Test] Loss=nan
  - [Test] Accuracy=2.18956%

