mkdir -p logs
./build/CUDA-DNN-MNIST
=====================================
            Configuration
=====================================
 NumberOfEpochs: 2
 BatchSize: 128
 LearningRate: 1.000000e-06
=====================================

=====================================
         CUDA Configuration
=====================================
 Device name: GeForce GTX 1060 6GB
 Memory Clock Rate (KHz): 4004000
 Memory Bus Width (bits): 192
-------------------------------------
 Tensor2DAddBlockSize: 8
 Tensor2DSubtractBlockSize: 8
 Tensor2DScaleBlockSize: 8
 Tensor2DMultiplyBlockSize: 16
 Tensor2DMultiplyBlockNumber: 16
 Tensor2DMultiplySharedMemory: 0
 Tensor2DMeanBlockSize: 8
-------------------------------------
 ReLuBlockSize: 8
-------------------------------------
 CrossEntropyGetMetricBlockSize: 64
 CrossEntropyCalculateBlockSize: 64
=====================================

Epoch 0:
  - [Train] Loss=3.29487
  - [Train] Accuracy=2.15678%
  - [Train] Total Forward Time=480.75363ms
  - [Train] Total Backward Time=1034.19891ms
  - [Train] Batch Forward Time=1.02725ms
  - [Train] Batch Backward Time=2.20983ms
  - [Test] Loss=nan
  - [Test] Accuracy=2.21354%

Epoch 1:
  - [Train] Loss=3.20580
  - [Train] Accuracy=1.77618%
  - [Train] Total Forward Time=476.41344ms
  - [Train] Total Backward Time=1025.18506ms
  - [Train] Batch Forward Time=1.01798ms
  - [Train] Batch Backward Time=2.19057ms
  - [Test] Loss=nan
  - [Test] Accuracy=2.24359%

