mkdir -p logs
./build/CUDA-DNN-MNIST
=====================================
            Configuration
=====================================
 NumberOfEpochs: 2
 BatchSize: 256
 LearningRate: 1.000000e-06
=====================================

=====================================
         CUDA Configuration
=====================================
 Device name: GeForce GTX 1060 6GB
 Memory Clock Rate (KHz): 4004000
 Memory Bus Width (bits): 192
-------------------------------------
 Tensor2DAddBlockSize: 8
 Tensor2DSubtractBlockSize: 8
 Tensor2DScaleBlockSize: 8
 Tensor2DMultiplyBlockSize: 16
 Tensor2DMultiplyBlockNumber: -1
 Tensor2DMultiplySharedMemory: 0
 Tensor2DMeanBlockSize: 8
-------------------------------------
 ReLuBlockSize: 8
-------------------------------------
 CrossEntropyGetMetricBlockSize: 64
 CrossEntropyCalculateBlockSize: 64
=====================================

Epoch 0:
  - [Train] Loss=3.23499
  - [Train] Accuracy=1.18189%
  - [Train] Total Forward Time=276.43674ms
  - [Train] Total Backward Time=990.60972ms
  - [Train] Batch Forward Time=1.18135ms
  - [Train] Batch Backward Time=4.23337ms
  - [Test] Loss=nan
  - [Test] Accuracy=2.01322%

Epoch 1:
  - [Train] Loss=3.15500
  - [Train] Accuracy=1.14517%
  - [Train] Total Forward Time=276.88998ms
  - [Train] Total Backward Time=990.78909ms
  - [Train] Batch Forward Time=1.18329ms
  - [Train] Batch Backward Time=4.23414ms
  - [Test] Loss=nan
  - [Test] Accuracy=2.09335%

