mkdir -p logs
./build/CUDA-DNN-MNIST
=====================================
            Configuration
=====================================
 NumberOfEpochs: 2
 BatchSize: 128
 LearningRate: 1.000000e-06
=====================================

=====================================
         CUDA Configuration
=====================================
 Device name: GeForce GTX 1060 6GB
 Memory Clock Rate (KHz): 4004000
 Memory Bus Width (bits): 192
-------------------------------------
 Tensor2DAddBlockSize: 8
 Tensor2DSubtractBlockSize: 8
 Tensor2DScaleBlockSize: 8
 Tensor2DMultiplyBlockSize: 16
 Tensor2DMultiplyBlockNumber: 32
 Tensor2DMultiplySharedMemory: 0
 Tensor2DMeanBlockSize: 8
-------------------------------------
 ReLuBlockSize: 8
-------------------------------------
 CrossEntropyGetMetricBlockSize: 64
 CrossEntropyCalculateBlockSize: 64
=====================================

Epoch 0:
  - [Train] Loss=3.26128
  - [Train] Accuracy=1.72943%
  - [Train] Total Forward Time=260.12445ms
  - [Train] Total Backward Time=980.05177ms
  - [Train] Batch Forward Time=0.55582ms
  - [Train] Batch Backward Time=2.09413ms
  - [Test] Loss=nan
  - [Test] Accuracy=2.45393%

Epoch 1:
  - [Train] Loss=3.17066
  - [Train] Accuracy=1.52911%
  - [Train] Total Forward Time=260.16381ms
  - [Train] Total Backward Time=982.36256ms
  - [Train] Batch Forward Time=0.55591ms
  - [Train] Batch Backward Time=2.09907ms
  - [Test] Loss=nan
  - [Test] Accuracy=2.48397%

