mkdir -p logs
./build/CUDA-DNN-MNIST
=====================================
            Configuration
=====================================
 NumberOfEpochs: 2
 BatchSize: 128
 LearningRate: 1.000000e-06
=====================================

=====================================
         CUDA Configuration
=====================================
 Device name: GeForce GTX 1060 6GB
 Memory Clock Rate (KHz): 4004000
 Memory Bus Width (bits): 192
-------------------------------------
 Tensor2DAddBlockSize: 8
 Tensor2DSubtractBlockSize: 8
 Tensor2DScaleBlockSize: 8
 Tensor2DMultiplyBlockSize: 2
 Tensor2DMultiplyBlockNumber: -1
 Tensor2DMultiplySharedMemory: 0
 Tensor2DMeanBlockSize: 8
-------------------------------------
 ReLuBlockSize: 8
-------------------------------------
 CrossEntropyGetMetricBlockSize: 64
 CrossEntropyCalculateBlockSize: 64
=====================================

Epoch 0:
  - [Train] Loss=3.25759
  - [Train] Accuracy=1.39056%
  - [Train] Total Forward Time=3235.43462ms
  - [Train] Total Backward Time=8465.33879ms
  - [Train] Batch Forward Time=6.91332ms
  - [Train] Batch Backward Time=18.08833ms
  - [Test] Loss=nan
  - [Test] Accuracy=2.39383%

Epoch 1:
  - [Train] Loss=3.17876
  - [Train] Accuracy=1.41894%
  - [Train] Total Forward Time=3258.90608ms
  - [Train] Total Backward Time=8525.51200ms
  - [Train] Batch Forward Time=6.96347ms
  - [Train] Batch Backward Time=18.21691ms
  - [Test] Loss=nan
  - [Test] Accuracy=2.39383%

