mkdir -p logs
./build/CUDA-DNN-MNIST
=====================================
            Configuration
=====================================
 NumberOfEpochs: 2
 BatchSize: 128
 LearningRate: 1.000000e-06
=====================================

=====================================
         CUDA Configuration
=====================================
 Device name: GeForce GTX 1060 6GB
 Memory Clock Rate (KHz): 4004000
 Memory Bus Width (bits): 192
-------------------------------------
 Tensor2DAddBlockSize: 8
 Tensor2DSubtractBlockSize: 8
 Tensor2DScaleBlockSize: 8
 Tensor2DMultiplyBlockSize: 16
 Tensor2DMultiplyBlockNumber: 256
 Tensor2DMultiplySharedMemory: 0
 Tensor2DMeanBlockSize: 8
-------------------------------------
 ReLuBlockSize: 8
-------------------------------------
 CrossEntropyGetMetricBlockSize: 64
 CrossEntropyCalculateBlockSize: 64
=====================================

Epoch 0:
  - [Train] Loss=3.25403
  - [Train] Accuracy=1.45232%
  - [Train] Total Forward Time=1231.05216ms
  - [Train] Total Backward Time=3064.21910ms
  - [Train] Batch Forward Time=2.63045ms
  - [Train] Batch Backward Time=6.54748ms
  - [Test] Loss=nan
  - [Test] Accuracy=3.17508%

Epoch 1:
  - [Train] Loss=3.17601
  - [Train] Accuracy=1.31544%
  - [Train] Total Forward Time=1231.04589ms
  - [Train] Total Backward Time=3064.98301ms
  - [Train] Batch Forward Time=2.63044ms
  - [Train] Batch Backward Time=6.54911ms
  - [Test] Loss=nan
  - [Test] Accuracy=3.02484%

