mkdir -p logs
./build/CUDA-DNN-MNIST
=====================================
            Configuration
=====================================
 NumberOfEpochs: 2
 BatchSize: 512
 LearningRate: 1.000000e-06
=====================================

=====================================
         CUDA Configuration
=====================================
 Device name: GeForce GTX 1060 6GB
 Memory Clock Rate (KHz): 4004000
 Memory Bus Width (bits): 192
-------------------------------------
 Tensor2DAddBlockSize: 8
 Tensor2DSubtractBlockSize: 8
 Tensor2DScaleBlockSize: 8
 Tensor2DMultiplyBlockSize: 16
 Tensor2DMultiplyBlockNumber: -1
 Tensor2DMultiplySharedMemory: 1
 Tensor2DMeanBlockSize: 8
-------------------------------------
 ReLuBlockSize: 8
-------------------------------------
 CrossEntropyGetMetricBlockSize: 64
 CrossEntropyCalculateBlockSize: 64
=====================================

Epoch 0:
  - [Train] Loss=3.24628
  - [Train] Accuracy=1.24199%
  - [Train] Total Forward Time=92.02797ms
  - [Train] Total Backward Time=410.43862ms
  - [Train] Batch Forward Time=0.78656ms
  - [Train] Batch Backward Time=3.50802ms
  - [Test] Loss=nan
  - [Test] Accuracy=2.06620%

Epoch 1:
  - [Train] Loss=3.19534
  - [Train] Accuracy=1.22529%
  - [Train] Total Forward Time=91.92550ms
  - [Train] Total Backward Time=410.43901ms
  - [Train] Batch Forward Time=0.78569ms
  - [Train] Batch Backward Time=3.50803ms
  - [Test] Loss=nan
  - [Test] Accuracy=2.06620%

