mkdir -p logs
./build/CUDA-DNN-MNIST
=====================================
            Configuration
=====================================
 NumberOfEpochs: 2
 BatchSize: 8
 LearningRate: 1.000000e-06
=====================================

=====================================
         CUDA Configuration
=====================================
 Device name: GeForce GTX 1060 6GB
 Memory Clock Rate (KHz): 4004000
 Memory Bus Width (bits): 192
-------------------------------------
 Tensor2DAddBlockSize: 8
 Tensor2DSubtractBlockSize: 8
 Tensor2DScaleBlockSize: 8
 Tensor2DMultiplyBlockSize: 16
 Tensor2DMultiplyBlockNumber: -1
 Tensor2DMultiplySharedMemory: 0
 Tensor2DMeanBlockSize: 8
-------------------------------------
 ReLuBlockSize: 8
-------------------------------------
 CrossEntropyGetMetricBlockSize: 64
 CrossEntropyCalculateBlockSize: 64
=====================================

Epoch 0:
  - [Train] Loss=3.25483
  - [Train] Accuracy=1.90167%
  - [Train] Total Forward Time=1678.72931ms
  - [Train] Total Backward Time=1799.25615ms
  - [Train] Batch Forward Time=0.22383ms
  - [Train] Batch Backward Time=0.23990ms
  - [Test] Loss=nan
  - [Test] Accuracy=2.81000%

Epoch 1:
  - [Train] Loss=3.17336
  - [Train] Accuracy=1.86000%
  - [Train] Total Forward Time=1678.92435ms
  - [Train] Total Backward Time=1799.42835ms
  - [Train] Batch Forward Time=0.22386ms
  - [Train] Batch Backward Time=0.23992ms
  - [Test] Loss=nan
  - [Test] Accuracy=3.01000%

