mkdir -p logs
./build/CUDA-DNN-MNIST
=====================================
            Configuration
=====================================
 NumberOfEpochs: 2
 BatchSize: 128
 LearningRate: 1.000000e-06
=====================================

=====================================
         CUDA Configuration
=====================================
 Device name: GeForce GTX 1060 6GB
 Memory Clock Rate (KHz): 4004000
 Memory Bus Width (bits): 192
-------------------------------------
 Tensor2DAddBlockSize: 8
 Tensor2DSubtractBlockSize: 8
 Tensor2DScaleBlockSize: 8
 Tensor2DMultiplyBlockSize: 32
 Tensor2DMultiplyBlockNumber: 16
 Tensor2DMultiplySharedMemory: 0
 Tensor2DMeanBlockSize: 8
-------------------------------------
 ReLuBlockSize: 8
-------------------------------------
 CrossEntropyGetMetricBlockSize: 64
 CrossEntropyCalculateBlockSize: 64
=====================================

Epoch 0:
  - [Train] Loss=3.24972
  - [Train] Accuracy=2.03659%
  - [Train] Total Forward Time=286.02064ms
  - [Train] Total Backward Time=1372.84327ms
  - [Train] Batch Forward Time=0.61116ms
  - [Train] Batch Backward Time=2.93343ms
  - [Test] Loss=nan
  - [Test] Accuracy=3.41546%

Epoch 1:
  - [Train] Loss=3.16413
  - [Train] Accuracy=2.00487%
  - [Train] Total Forward Time=285.82618ms
  - [Train] Total Backward Time=1373.90109ms
  - [Train] Batch Forward Time=0.61074ms
  - [Train] Batch Backward Time=2.93569ms
  - [Test] Loss=nan
  - [Test] Accuracy=3.34535%

