mkdir -p logs
./build/CUDA-DNN-MNIST
=====================================
            Configuration
=====================================
 NumberOfEpochs: 2
 BatchSize: 128
 LearningRate: 1.000000e-06
=====================================

=====================================
         CUDA Configuration
=====================================
 Device name: GeForce GTX 1060 6GB
 Memory Clock Rate (KHz): 4004000
 Memory Bus Width (bits): 192
-------------------------------------
 Tensor2DAddBlockSize: 8
 Tensor2DSubtractBlockSize: 8
 Tensor2DScaleBlockSize: 8
 Tensor2DMultiplyBlockSize: 16
 Tensor2DMultiplyBlockNumber: 4
 Tensor2DMultiplySharedMemory: 0
 Tensor2DMeanBlockSize: 8
-------------------------------------
 ReLuBlockSize: 8
-------------------------------------
 CrossEntropyGetMetricBlockSize: 64
 CrossEntropyCalculateBlockSize: 64
=====================================

Epoch 0:
  - [Train] Loss=3.27413
  - [Train] Accuracy=2.34709%
  - [Train] Total Forward Time=1035.86832ms
  - [Train] Total Backward Time=1367.37872ms
  - [Train] Batch Forward Time=2.21339ms
  - [Train] Batch Backward Time=2.92175ms
  - [Test] Loss=nan
  - [Test] Accuracy=3.27524%

Epoch 1:
  - [Train] Loss=3.18515
  - [Train] Accuracy=1.98985%
  - [Train] Total Forward Time=1035.87652ms
  - [Train] Total Backward Time=1366.70768ms
  - [Train] Batch Forward Time=2.21341ms
  - [Train] Batch Backward Time=2.92032ms
  - [Test] Loss=nan
  - [Test] Accuracy=3.29527%

