mkdir -p logs
./build/CUDA-DNN-MNIST
=====================================
            Configuration
=====================================
 NumberOfEpochs: 2
 BatchSize: 256
 LearningRate: 1.000000e-06
=====================================

=====================================
         CUDA Configuration
=====================================
 Device name: GeForce GTX 1060 6GB
 Memory Clock Rate (KHz): 4004000
 Memory Bus Width (bits): 192
-------------------------------------
 Tensor2DAddBlockSize: 8
 Tensor2DSubtractBlockSize: 8
 Tensor2DScaleBlockSize: 8
 Tensor2DMultiplyBlockSize: 16
 Tensor2DMultiplyBlockNumber: -1
 Tensor2DMultiplySharedMemory: 1
 Tensor2DMeanBlockSize: 8
-------------------------------------
 ReLuBlockSize: 8
-------------------------------------
 CrossEntropyGetMetricBlockSize: 64
 CrossEntropyCalculateBlockSize: 64
=====================================

Epoch 0:
  - [Train] Loss=3.26895
  - [Train] Accuracy=1.05502%
  - [Train] Total Forward Time=96.04790ms
  - [Train] Total Backward Time=425.53264ms
  - [Train] Batch Forward Time=0.41046ms
  - [Train] Batch Backward Time=1.81852ms
  - [Test] Loss=nan
  - [Test] Accuracy=1.50240%

Epoch 1:
  - [Train] Loss=3.21807
  - [Train] Accuracy=1.09509%
  - [Train] Total Forward Time=95.87917ms
  - [Train] Total Backward Time=425.45133ms
  - [Train] Batch Forward Time=0.40974ms
  - [Train] Batch Backward Time=1.81817ms
  - [Test] Loss=nan
  - [Test] Accuracy=1.57252%

