mkdir -p logs
./build/CUDA-DNN-MNIST
=====================================
            Configuration
=====================================
 NumberOfEpochs: 2
 BatchSize: 64
 LearningRate: 1.000000e-06
=====================================

=====================================
         CUDA Configuration
=====================================
 Device name: GeForce GTX 1060 6GB
 Memory Clock Rate (KHz): 4004000
 Memory Bus Width (bits): 192
-------------------------------------
 Tensor2DAddBlockSize: 8
 Tensor2DSubtractBlockSize: 8
 Tensor2DScaleBlockSize: 8
 Tensor2DMultiplyBlockSize: 16
 Tensor2DMultiplyBlockNumber: -1
 Tensor2DMultiplySharedMemory: 1
 Tensor2DMeanBlockSize: 8
-------------------------------------
 ReLuBlockSize: 8
-------------------------------------
 CrossEntropyGetMetricBlockSize: 64
 CrossEntropyCalculateBlockSize: 64
=====================================

Epoch 0:
  - [Train] Loss=3.27488
  - [Train] Accuracy=0.99386%
  - [Train] Total Forward Time=127.21590ms
  - [Train] Total Backward Time=521.66022ms
  - [Train] Batch Forward Time=0.13577ms
  - [Train] Batch Backward Time=0.55673ms
  - [Test] Loss=3.31943
  - [Test] Accuracy=1.21194%

Epoch 1:
  - [Train] Loss=3.22235
  - [Train] Accuracy=0.84712%
  - [Train] Total Forward Time=127.13389ms
  - [Train] Total Backward Time=521.54157ms
  - [Train] Batch Forward Time=0.13568ms
  - [Train] Batch Backward Time=0.55661ms
  - [Test] Loss=nan
  - [Test] Accuracy=1.18189%

