mkdir -p logs
./build/CUDA-DNN-MNIST
=====================================
            Configuration
=====================================
 NumberOfEpochs: 2
 BatchSize: 128
 LearningRate: 1.000000e-06
=====================================

=====================================
         CUDA Configuration
=====================================
 Device name: GeForce GTX 1060 6GB
 Memory Clock Rate (KHz): 4004000
 Memory Bus Width (bits): 192
-------------------------------------
 Tensor2DAddBlockSize: 8
 Tensor2DSubtractBlockSize: 8
 Tensor2DScaleBlockSize: 8
 Tensor2DMultiplyBlockSize: 32
 Tensor2DMultiplyBlockNumber: 16
 Tensor2DMultiplySharedMemory: 1
 Tensor2DMeanBlockSize: 8
-------------------------------------
 ReLuBlockSize: 8
-------------------------------------
 CrossEntropyGetMetricBlockSize: 64
 CrossEntropyCalculateBlockSize: 64
=====================================

Epoch 0:
  - [Train] Loss=3.23673
  - [Train] Accuracy=0.55923%
  - [Train] Total Forward Time=119.55434ms
  - [Train] Total Backward Time=1302.98749ms
  - [Train] Batch Forward Time=0.25546ms
  - [Train] Batch Backward Time=2.78416ms
  - [Test] Loss=3.23058
  - [Test] Accuracy=1.24199%

Epoch 1:
  - [Train] Loss=3.20965
  - [Train] Accuracy=0.51416%
  - [Train] Total Forward Time=119.37875ms
  - [Train] Total Backward Time=1303.11226ms
  - [Train] Batch Forward Time=0.25508ms
  - [Train] Batch Backward Time=2.78443ms
  - [Test] Loss=3.20338
  - [Test] Accuracy=1.21194%

