mkdir -p logs
./build/CUDA-DNN-MNIST
=====================================
            Configuration
=====================================
 NumberOfEpochs: 2
 BatchSize: 256
 LearningRate: 1.000000e-06
=====================================

=====================================
         CUDA Configuration
=====================================
 Device name: GeForce GTX 1060 6GB
 Memory Clock Rate (KHz): 4004000
 Memory Bus Width (bits): 192
-------------------------------------
 Tensor2DAddBlockSize: 8
 Tensor2DSubtractBlockSize: 8
 Tensor2DScaleBlockSize: 8
 Tensor2DMultiplyBlockSize: 32
 Tensor2DMultiplyBlockNumber: 16
 Tensor2DMultiplySharedMemory: 1
 Tensor2DMeanBlockSize: 8
-------------------------------------
 ReLuBlockSize: 8
-------------------------------------
 CrossEntropyGetMetricBlockSize: 64
 CrossEntropyCalculateBlockSize: 64
=====================================

Epoch 0:
  - [Train] Loss=3.25953
  - [Train] Accuracy=0.58427%
  - [Train] Total Forward Time=103.46883ms
  - [Train] Total Backward Time=1294.32134ms
  - [Train] Batch Forward Time=0.44217ms
  - [Train] Batch Backward Time=5.53129ms
  - [Test] Loss=inf
  - [Test] Accuracy=1.26202%

Epoch 1:
  - [Train] Loss=3.23104
  - [Train] Accuracy=0.57926%
  - [Train] Total Forward Time=103.36198ms
  - [Train] Total Backward Time=1294.36010ms
  - [Train] Batch Forward Time=0.44172ms
  - [Train] Batch Backward Time=5.53145ms
  - [Test] Loss=inf
  - [Test] Accuracy=1.26202%

