mkdir -p logs
./build/CUDA-DNN-MNIST
=====================================
            Configuration
=====================================
 NumberOfEpochs: 2
 BatchSize: 2
 LearningRate: 1.000000e-06
=====================================

=====================================
         CUDA Configuration
=====================================
 Device name: GeForce GTX 1060 6GB
 Memory Clock Rate (KHz): 4004000
 Memory Bus Width (bits): 192
-------------------------------------
 Tensor2DAddBlockSize: 8
 Tensor2DSubtractBlockSize: 8
 Tensor2DScaleBlockSize: 8
 Tensor2DMultiplyBlockSize: 16
 Tensor2DMultiplyBlockNumber: -1
 Tensor2DMultiplySharedMemory: 1
 Tensor2DMeanBlockSize: 8
-------------------------------------
 ReLuBlockSize: 8
-------------------------------------
 CrossEntropyGetMetricBlockSize: 64
 CrossEntropyCalculateBlockSize: 64
=====================================

Epoch 0:
  - [Train] Loss=3.25159
  - [Train] Accuracy=0.00000%
  - [Train] Total Forward Time=1361.11271ms
  - [Train] Total Backward Time=3840.64003ms
  - [Train] Batch Forward Time=0.04537ms
  - [Train] Batch Backward Time=0.12802ms
  - [Test] Loss=nan
  - [Test] Accuracy=0.26000%

Epoch 1:
  - [Train] Loss=3.25035
  - [Train] Accuracy=0.00000%
  - [Train] Total Forward Time=1360.66673ms
  - [Train] Total Backward Time=3840.63143ms
  - [Train] Batch Forward Time=0.04536ms
  - [Train] Batch Backward Time=0.12802ms
  - [Test] Loss=nan
  - [Test] Accuracy=0.26000%

