mkdir -p logs
./build/CUDA-DNN-MNIST
=====================================
            Configuration
=====================================
 NumberOfEpochs: 2
 BatchSize: 128
 LearningRate: 1.000000e-06
=====================================

=====================================
         CUDA Configuration
=====================================
 Device name: GeForce GTX 1060 6GB
 Memory Clock Rate (KHz): 4004000
 Memory Bus Width (bits): 192
-------------------------------------
 Tensor2DAddBlockSize: 8
 Tensor2DSubtractBlockSize: 8
 Tensor2DScaleBlockSize: 8
 Tensor2DMultiplyBlockSize: 1
 Tensor2DMultiplyBlockNumber: -1
 Tensor2DMultiplySharedMemory: 0
 Tensor2DMeanBlockSize: 8
-------------------------------------
 ReLuBlockSize: 8
-------------------------------------
 CrossEntropyGetMetricBlockSize: 64
 CrossEntropyCalculateBlockSize: 64
=====================================

Epoch 0:
  - [Train] Loss=3.25755
  - [Train] Accuracy=1.72943%
  - [Train] Total Forward Time=4192.22351ms
  - [Train] Total Backward Time=8995.10065ms
  - [Train] Batch Forward Time=8.95774ms
  - [Train] Batch Backward Time=19.22030ms
  - [Test] Loss=nan
  - [Test] Accuracy=2.57412%

Epoch 1:
  - [Train] Loss=3.17027
  - [Train] Accuracy=1.69438%
  - [Train] Total Forward Time=4192.04424ms
  - [Train] Total Backward Time=8995.40047ms
  - [Train] Batch Forward Time=8.95736ms
  - [Train] Batch Backward Time=19.22094ms
  - [Test] Loss=nan
  - [Test] Accuracy=2.78446%

