mkdir -p logs
./build/CUDA-DNN-MNIST
=====================================
            Configuration
=====================================
 NumberOfEpochs: 2
 BatchSize: 128
 LearningRate: 1.000000e-06
=====================================

=====================================
         CUDA Configuration
=====================================
 Device name: GeForce GTX 1060 6GB
 Memory Clock Rate (KHz): 4004000
 Memory Bus Width (bits): 192
-------------------------------------
 Tensor2DAddBlockSize: 8
 Tensor2DSubtractBlockSize: 8
 Tensor2DScaleBlockSize: 8
 Tensor2DMultiplyBlockSize: 32
 Tensor2DMultiplyBlockNumber: 32
 Tensor2DMultiplySharedMemory: 1
 Tensor2DMeanBlockSize: 8
-------------------------------------
 ReLuBlockSize: 8
-------------------------------------
 CrossEntropyGetMetricBlockSize: 64
 CrossEntropyCalculateBlockSize: 64
=====================================

Epoch 0:
  - [Train] Loss=3.25588
  - [Train] Accuracy=0.74452%
  - [Train] Total Forward Time=119.33843ms
  - [Train] Total Backward Time=1303.11523ms
  - [Train] Batch Forward Time=0.25500ms
  - [Train] Batch Backward Time=2.78443ms
  - [Test] Loss=nan
  - [Test] Accuracy=1.75280%

Epoch 1:
  - [Train] Loss=3.22837
  - [Train] Accuracy=0.68610%
  - [Train] Total Forward Time=119.23846ms
  - [Train] Total Backward Time=1303.16797ms
  - [Train] Batch Forward Time=0.25478ms
  - [Train] Batch Backward Time=2.78455ms
  - [Test] Loss=nan
  - [Test] Accuracy=1.72276%

