mkdir -p logs
./build/CUDA-DNN-MNIST
=====================================
            Configuration
=====================================
 NumberOfEpochs: 2
 BatchSize: 512
 LearningRate: 1.000000e-06
=====================================

=====================================
         CUDA Configuration
=====================================
 Device name: GeForce GTX 1060 6GB
 Memory Clock Rate (KHz): 4004000
 Memory Bus Width (bits): 192
-------------------------------------
 Tensor2DAddBlockSize: 8
 Tensor2DSubtractBlockSize: 8
 Tensor2DScaleBlockSize: 8
 Tensor2DMultiplyBlockSize: 32
 Tensor2DMultiplyBlockNumber: 16
 Tensor2DMultiplySharedMemory: 0
 Tensor2DMeanBlockSize: 8
-------------------------------------
 ReLuBlockSize: 8
-------------------------------------
 CrossEntropyGetMetricBlockSize: 64
 CrossEntropyCalculateBlockSize: 64
=====================================

Epoch 0:
  - [Train] Loss=3.24040
  - [Train] Accuracy=1.65765%
  - [Train] Total Forward Time=244.91213ms
  - [Train] Total Backward Time=1321.18202ms
  - [Train] Batch Forward Time=2.09327ms
  - [Train] Batch Backward Time=11.29215ms
  - [Test] Loss=nan
  - [Test] Accuracy=2.34375%

Epoch 1:
  - [Train] Loss=3.15579
  - [Train] Accuracy=1.61091%
  - [Train] Total Forward Time=245.86445ms
  - [Train] Total Backward Time=1324.74640ms
  - [Train] Batch Forward Time=2.10141ms
  - [Train] Batch Backward Time=11.32262ms
  - [Test] Loss=nan
  - [Test] Accuracy=2.32319%

