mkdir -p logs
./build/CUDA-DNN-MNIST
=====================================
            Configuration
=====================================
 NumberOfEpochs: 2
 BatchSize: 256
 LearningRate: 1.000000e-06
=====================================

=====================================
         CUDA Configuration
=====================================
 Device name: GeForce GTX 1060 6GB
 Memory Clock Rate (KHz): 4004000
 Memory Bus Width (bits): 192
-------------------------------------
 Tensor2DAddBlockSize: 8
 Tensor2DSubtractBlockSize: 8
 Tensor2DScaleBlockSize: 8
 Tensor2DMultiplyBlockSize: 16
 Tensor2DMultiplyBlockNumber: 32
 Tensor2DMultiplySharedMemory: 1
 Tensor2DMeanBlockSize: 8
-------------------------------------
 ReLuBlockSize: 8
-------------------------------------
 CrossEntropyGetMetricBlockSize: 64
 CrossEntropyCalculateBlockSize: 64
=====================================

Epoch 0:
  - [Train] Loss=3.24838
  - [Train] Accuracy=1.55081%
  - [Train] Total Forward Time=95.76099ms
  - [Train] Total Backward Time=422.97565ms
  - [Train] Batch Forward Time=0.40924ms
  - [Train] Batch Backward Time=1.80759ms
  - [Test] Loss=nan
  - [Test] Accuracy=2.05329%

Epoch 1:
  - [Train] Loss=3.19427
  - [Train] Accuracy=1.39890%
  - [Train] Total Forward Time=95.62909ms
  - [Train] Total Backward Time=423.02579ms
  - [Train] Batch Forward Time=0.40867ms
  - [Train] Batch Backward Time=1.80780ms
  - [Test] Loss=nan
  - [Test] Accuracy=1.98317%

