mkdir -p logs
./build/CUDA-DNN-MNIST
=====================================
            Configuration
=====================================
 NumberOfEpochs: 2
 BatchSize: 512
 LearningRate: 1.000000e-06
=====================================

=====================================
         CUDA Configuration
=====================================
 Device name: GeForce GTX 1060 6GB
 Memory Clock Rate (KHz): 4004000
 Memory Bus Width (bits): 192
-------------------------------------
 Tensor2DAddBlockSize: 8
 Tensor2DSubtractBlockSize: 8
 Tensor2DScaleBlockSize: 8
 Tensor2DMultiplyBlockSize: 16
 Tensor2DMultiplyBlockNumber: 16
 Tensor2DMultiplySharedMemory: 1
 Tensor2DMeanBlockSize: 8
-------------------------------------
 ReLuBlockSize: 8
-------------------------------------
 CrossEntropyGetMetricBlockSize: 64
 CrossEntropyCalculateBlockSize: 64
=====================================

Epoch 0:
  - [Train] Loss=3.25069
  - [Train] Accuracy=1.37887%
  - [Train] Total Forward Time=91.69901ms
  - [Train] Total Backward Time=408.03507ms
  - [Train] Batch Forward Time=0.78375ms
  - [Train] Batch Backward Time=3.48748ms
  - [Test] Loss=nan
  - [Test] Accuracy=2.15872%

Epoch 1:
  - [Train] Loss=3.19798
  - [Train] Accuracy=1.39056%
  - [Train] Total Forward Time=91.75757ms
  - [Train] Total Backward Time=408.00480ms
  - [Train] Batch Forward Time=0.78425ms
  - [Train] Batch Backward Time=3.48722ms
  - [Test] Loss=nan
  - [Test] Accuracy=2.23067%

